{"context": " More than 1 year has passed since last update.Jenkins\u3067Gradle Wrapper\u3067\u306e\u30d3\u30eb\u30c9\u6642\u306b\u4ee5\u4e0b\u306e\u3088\u3046\u306a\u30a8\u30e9\u30fc\u304c\u51fa\u305f\u3002\n\u30b0\u30b0\u3063\u305f\u3068\u3053\u308d\u3001Java\u306ekeytool\u3067\u8a3c\u660e\u66f8\u3084\u3089\u306a\u306b\u3084\u3089\u3084\u308c\u3068\u304b\u51fa\u3066\u304d\u3066\u8272\u3005\u3084\u3063\u3066\u307f\u305f\u304c\u3001\u7d50\u5c40Jenkins\u30b5\u30fc\u30d0\u306eJava\u3092Java8\u306b\u3057\u3066\u3001 Jenkins\u306e\u7ba1\u7406 \uff1e \u30b7\u30b9\u30c6\u30e0\u306e\u8a2d\u5b9a \u306eJDK\u3082Java8\u306b\u3057\u305f\u3089\u89e3\u6d88\u3057\u305f\u3002\n.\n.\n.\n[Gradle] - Launching build.\n[foo] $ /var/lib/jenkins/workspace/foo/gradlew -DbranchName=bar clean build\nDownloading https://services.gradle.org/distributions/gradle-2.4-bin.zip\n\nException in thread \"main\" javax.net.ssl.SSLHandshakeException: sun.security.validator.ValidatorException: PKIX path building failed: sun.security.provider.certpath.SunCertPathBuilderException: unable to find valid certification path to requested target\n    at sun.security.ssl.Alerts.getSSLException(Alerts.java:192)\n    at sun.security.ssl.SSLSocketImpl.fatal(SSLSocketImpl.java:1884)\n    at sun.security.ssl.Handshaker.fatalSE(Handshaker.java:276)\n    at sun.security.ssl.Handshaker.fatalSE(Handshaker.java:270)\n    at sun.security.ssl.ClientHandshaker.serverCertificate(ClientHandshaker.java:1341)\n    at sun.security.ssl.ClientHandshaker.processMessage(ClientHandshaker.java:153)\n    at sun.security.ssl.Handshaker.processLoop(Handshaker.java:868)\n    at sun.security.ssl.Handshaker.process_record(Handshaker.java:804)\n    at sun.security.ssl.SSLSocketImpl.readRecord(SSLSocketImpl.java:1016)\n    at sun.security.ssl.SSLSocketImpl.performInitialHandshake(SSLSocketImpl.java:1312)\n    at sun.security.ssl.SSLSocketImpl.startHandshake(SSLSocketImpl.java:1339)\n    at sun.security.ssl.SSLSocketImpl.startHandshake(SSLSocketImpl.java:1323)\n    at sun.net.www.protocol.https.HttpsClient.afterConnect(HttpsClient.java:563)\n    at sun.net.www.protocol.https.AbstractDelegateHttpsURLConnection.connect(AbstractDelegateHttpsURLConnection.java:185)\n    at sun.net.www.protocol.http.HttpURLConnection.getInputStream(HttpURLConnection.java:1300)\n    at sun.net.www.protocol.https.HttpsURLConnectionImpl.getInputStream(HttpsURLConnectionImpl.java:254)\n    at org.gradle.wrapper.Download.downloadInternal(Download.java:58)\n    at org.gradle.wrapper.Download.download(Download.java:44)\n    at org.gradle.wrapper.Install$1.call(Install.java:59)\n    at org.gradle.wrapper.Install$1.call(Install.java:46)\n    at org.gradle.wrapper.ExclusiveFileAccessManager.access(ExclusiveFileAccessManager.java:65)\n    at org.gradle.wrapper.Install.createDist(Install.java:46)\n    at org.gradle.wrapper.WrapperExecutor.execute(WrapperExecutor.java:126)\n    at org.gradle.wrapper.GradleWrapperMain.main(GradleWrapperMain.java:61)\nCaused by: sun.security.validator.ValidatorException: PKIX path building failed: sun.security.provider.certpath.SunCertPathBuilderException: unable to find valid certification path to requested target\n    at sun.security.validator.PKIXValidator.doBuild(PKIXValidator.java:385)\n    at sun.security.validator.PKIXValidator.engineValidate(PKIXValidator.java:292)\n    at sun.security.validator.Validator.validate(Validator.java:260)\n    at sun.security.ssl.X509TrustManagerImpl.validate(X509TrustManagerImpl.java:326)\n    at sun.security.ssl.X509TrustManagerImpl.checkTrusted(X509TrustManagerImpl.java:231)\n    at sun.security.ssl.X509TrustManagerImpl.checkServerTrusted(X509TrustManagerImpl.java:126)\n    at sun.security.ssl.ClientHandshaker.serverCertificate(ClientHandshaker.java:1323)\n    ... 19 more\nCaused by: sun.security.provider.certpath.SunCertPathBuilderException: unable to find valid certification path to requested target\n    at sun.security.provider.certpath.SunCertPathBuilder.engineBuild(SunCertPathBuilder.java:196)\n    at java.security.cert.CertPathBuilder.build(CertPathBuilder.java:268)\n    at sun.security.validator.PKIXValidator.doBuild(PKIXValidator.java:380)\n    ... 25 more\nBuild step 'Invoke Gradle script' changed build result to FAILURE\nBuild step 'Invoke Gradle script' marked build as failure\nFinished: FAILURE\n\nJenkins\u3067Gradle Wrapper\u3067\u306e\u30d3\u30eb\u30c9\u6642\u306b\u4ee5\u4e0b\u306e\u3088\u3046\u306a\u30a8\u30e9\u30fc\u304c\u51fa\u305f\u3002\n\u30b0\u30b0\u3063\u305f\u3068\u3053\u308d\u3001Java\u306ekeytool\u3067\u8a3c\u660e\u66f8\u3084\u3089\u306a\u306b\u3084\u3089\u3084\u308c\u3068\u304b\u51fa\u3066\u304d\u3066\u8272\u3005\u3084\u3063\u3066\u307f\u305f\u304c\u3001\u7d50\u5c40Jenkins\u30b5\u30fc\u30d0\u306eJava\u3092Java8\u306b\u3057\u3066\u3001 Jenkins\u306e\u7ba1\u7406 \uff1e \u30b7\u30b9\u30c6\u30e0\u306e\u8a2d\u5b9a \u306eJDK\u3082Java8\u306b\u3057\u305f\u3089\u89e3\u6d88\u3057\u305f\u3002\n\n```java\n.\n.\n.\n[Gradle] - Launching build.\n[foo] $ /var/lib/jenkins/workspace/foo/gradlew -DbranchName=bar clean build\nDownloading https://services.gradle.org/distributions/gradle-2.4-bin.zip\n\nException in thread \"main\" javax.net.ssl.SSLHandshakeException: sun.security.validator.ValidatorException: PKIX path building failed: sun.security.provider.certpath.SunCertPathBuilderException: unable to find valid certification path to requested target\n\tat sun.security.ssl.Alerts.getSSLException(Alerts.java:192)\n\tat sun.security.ssl.SSLSocketImpl.fatal(SSLSocketImpl.java:1884)\n\tat sun.security.ssl.Handshaker.fatalSE(Handshaker.java:276)\n\tat sun.security.ssl.Handshaker.fatalSE(Handshaker.java:270)\n\tat sun.security.ssl.ClientHandshaker.serverCertificate(ClientHandshaker.java:1341)\n\tat sun.security.ssl.ClientHandshaker.processMessage(ClientHandshaker.java:153)\n\tat sun.security.ssl.Handshaker.processLoop(Handshaker.java:868)\n\tat sun.security.ssl.Handshaker.process_record(Handshaker.java:804)\n\tat sun.security.ssl.SSLSocketImpl.readRecord(SSLSocketImpl.java:1016)\n\tat sun.security.ssl.SSLSocketImpl.performInitialHandshake(SSLSocketImpl.java:1312)\n\tat sun.security.ssl.SSLSocketImpl.startHandshake(SSLSocketImpl.java:1339)\n\tat sun.security.ssl.SSLSocketImpl.startHandshake(SSLSocketImpl.java:1323)\n\tat sun.net.www.protocol.https.HttpsClient.afterConnect(HttpsClient.java:563)\n\tat sun.net.www.protocol.https.AbstractDelegateHttpsURLConnection.connect(AbstractDelegateHttpsURLConnection.java:185)\n\tat sun.net.www.protocol.http.HttpURLConnection.getInputStream(HttpURLConnection.java:1300)\n\tat sun.net.www.protocol.https.HttpsURLConnectionImpl.getInputStream(HttpsURLConnectionImpl.java:254)\n\tat org.gradle.wrapper.Download.downloadInternal(Download.java:58)\n\tat org.gradle.wrapper.Download.download(Download.java:44)\n\tat org.gradle.wrapper.Install$1.call(Install.java:59)\n\tat org.gradle.wrapper.Install$1.call(Install.java:46)\n\tat org.gradle.wrapper.ExclusiveFileAccessManager.access(ExclusiveFileAccessManager.java:65)\n\tat org.gradle.wrapper.Install.createDist(Install.java:46)\n\tat org.gradle.wrapper.WrapperExecutor.execute(WrapperExecutor.java:126)\n\tat org.gradle.wrapper.GradleWrapperMain.main(GradleWrapperMain.java:61)\nCaused by: sun.security.validator.ValidatorException: PKIX path building failed: sun.security.provider.certpath.SunCertPathBuilderException: unable to find valid certification path to requested target\n\tat sun.security.validator.PKIXValidator.doBuild(PKIXValidator.java:385)\n\tat sun.security.validator.PKIXValidator.engineValidate(PKIXValidator.java:292)\n\tat sun.security.validator.Validator.validate(Validator.java:260)\n\tat sun.security.ssl.X509TrustManagerImpl.validate(X509TrustManagerImpl.java:326)\n\tat sun.security.ssl.X509TrustManagerImpl.checkTrusted(X509TrustManagerImpl.java:231)\n\tat sun.security.ssl.X509TrustManagerImpl.checkServerTrusted(X509TrustManagerImpl.java:126)\n\tat sun.security.ssl.ClientHandshaker.serverCertificate(ClientHandshaker.java:1323)\n\t... 19 more\nCaused by: sun.security.provider.certpath.SunCertPathBuilderException: unable to find valid certification path to requested target\n\tat sun.security.provider.certpath.SunCertPathBuilder.engineBuild(SunCertPathBuilder.java:196)\n\tat java.security.cert.CertPathBuilder.build(CertPathBuilder.java:268)\n\tat sun.security.validator.PKIXValidator.doBuild(PKIXValidator.java:380)\n\t... 25 more\nBuild step 'Invoke Gradle script' changed build result to FAILURE\nBuild step 'Invoke Gradle script' marked build as failure\nFinished: FAILURE\n```\n", "tags": ["Jenkins1.615", "gradle"]}