{"context": "\n\n\u554f\u984c\n$ meteor add accounts-password\n\n\u3092\u5b9f\u884c\u3057\u305f\u3089\u30a8\u30e9\u30fc\u304c\u51fa\u3066\u3001npm\u5165\u308c\u306a\u304a\u3057\u305f\u308apython\u3092\u6700\u65b0\u7248\u306b\u3057\u305f\u308a\nmeteor add npm-bcrypt\u3060\u304b\u3084\u3063\u3066\u307f\u305f\u308a\u8272\u3005\u8a66\u3057\u305f\u304c\u3067\u304d\u305a\u306a\u3093\u3058\u3083\u3053\u308a\u3083\u3063\u3066\u306a\u3063\u305f\u3051\u3069\u3001\u7d50\u679c\u7684\u306b\u521d\u6b69\u7684\u306a\u30df\u30b9\u304c\u539f\u56e0\u3060\u3063\u305f\u4ef6\u3002\nStack Overflow\u306b\u3082\u5225\u4ef6\u3067\u985e\u4f3c\u306e\u30a8\u30e9\u30fc\u304c\u51fa\u3066\u305f\u304b\u3089\u3001\u591a\u5206\u4f3c\u305f\u3088\u3046\u306a\u72b6\u6cc1\u306f\u591a\u3044\u3093\u3060\u3068\u601d\u3046\u3002\n\n\u74b0\u5883\nMac OS X El Capitan 10.11.6\nnode 4.5.0\nnode-gyp 3.4.0\nPython 2.7.12\n\n\u7d50\u8ad6\uff08\u307c\u304f\u306e\u30b1\u30fc\u30b9\u306e\u3070\u3042\u3044\uff09\n$ sudo chown -R [\u81ea\u5206\u306e\u30e6\u30fc\u30b6\u30fc\u540d]:staff /Users/[\u81ea\u5206\u306e\u30e6\u30fc\u30b6\u30fc\u540d]/[Meteor\u30d7\u30ed\u30b8\u30a7\u30af\u30c8\u304c\u3042\u308b\u5834\u6240]/.meteor/local/\n\n\u30aa\u30fc\u30ca\u30fc\u6a29\u9650\u3067\u4e00\u90e8root\u306b\u306a\u3063\u3066\u305f\u306e\u3067\u3001\u81ea\u5206\u306e\u30e6\u30fc\u30b6\u30fc\u3092\u6240\u6709\u8005\u306b\u3057\u305f\u3089\u306a\u304a\u3063\u305f\u3002\n/Users/nobu/Documents/programs/microscope/.meteor/local//plugin-cache/accounts-password/1.0.1\n/Users/nobu/Documents/programs/microscope/.meteor/local//plugin-cache/accounts-password\n/Users/nobu/Documents/programs/microscope/.meteor/local//plugin-cache/email/1.0.16\n/Users/nobu/Documents/programs/microscope/.meteor/local//plugin-cache/email\n/Users/nobu/Documents/programs/microscope/.meteor/local//plugin-cache/npm-bcrypt/0.7.7\n/Users/nobu/Documents/programs/microscope/.meteor/local//plugin-cache/npm-bcrypt\n/Users/nobu/Documents/programs/microscope/.meteor/local//plugin-cache/sha/1.0.8\n/Users/nobu/Documents/programs/microscope/.meteor/local//plugin-cache/sha\n/Users/nobu/Documents/programs/microscope/.meteor/local//plugin-cache/srp/1.0.9\n/Users/nobu/Documents/programs/microscope/.meteor/local//plugin-cache/srp\n\n\u3053\u3044\u3064\u3089\u306e\u6a29\u9650\u304croot:staff\u306b\u306a\u3063\u3066\u305f\u3002\n\u591a\u5206\u8ffd\u52a0\u3059\u308b\u3068\u304d\u306bsudo\u3057\u3061\u3083\u3063\u305f\u3093\u3060\u3068\u304a\u3082\u308f\u308c\u307e\u3059\u3002\n\n\u30a8\u30e9\u30fc\u5185\u5bb9\n\n\u30b3\u30f3\u30bd\u30fc\u30eb\u51fa\u529b\nShirahama-no-MacBook-Pro:microscope nobu$ meteor add accounts-password\n => Errors while adding packages:\n\nWhile loading package npm-bcrypt@0.7.7:\nerror: Command failed:\n/Users/nobu/.meteor/packages/meteor-tool/.1.4.1_1.1h0re2h++os.osx.x86_64+web.browser+web.cordova/mt-os.osx.x86_64/dev_bundle/bin/npm\nrebuild --no-bin-links --update-binary\n../src/bcrypt_node.cc:118:18: error: no member named 'Dispose' in 'v8::Persistent<v8::Function,\nv8::NonCopyablePersistentTraits<v8::Function> >'\ncallback.Dispose();\n~~~~~~~~ ^\n../src/bcrypt_node.cc:202:19: error: unknown type name 'uv_work_t'\nvoid GenSaltAsync(uv_work_t* req) {\n^\n../src/bcrypt_node.cc:219:24: error: unknown type name 'uv_work_t'\nvoid GenSaltAsyncAfter(uv_work_t* req) {\n^\n../src/bcrypt_node.cc:220:17: error: calling a protected constructor of class 'v8::HandleScope'\nHandleScope scope;\n^\n/Users/nobu/.node-gyp/4.5.0/include/node/v8.h:885:13: note: declared protected here\nV8_INLINE HandleScope() {}\n^\n../src/bcrypt_node.cc:228:44: error: no member named 'New' in 'v8::String'\nargv[0] = Exception::Error(String::New(baton->error.c_str()));\n~~~~~~~~^\n../src/bcrypt_node.cc:229:19: error: no matching function for call to 'Undefined'\nargv[1] = Undefined();\n^~~~~~~~~\n/Users/nobu/.node-gyp/4.5.0/include/node/v8.h:315:27: note: candidate function not viable: requires\nsingle argument 'isolate', but no arguments were provided\nfriend Local<Primitive> Undefined(Isolate* isolate);\n^\n../src/bcrypt_node.cc:232:19: error: no matching function for call to 'Undefined'\nargv[0] = Undefined();\n^~~~~~~~~\n/Users/nobu/.node-gyp/4.5.0/include/node/v8.h:315:27: note: candidate function not viable: requires\nsingle argument 'isolate', but no arguments were provided\nfriend Local<Primitive> Undefined(Isolate* isolate);\n^\n../src/bcrypt_node.cc:233:19: warning: 'Encode' is deprecated: Use Encode(isolate, ...)\n[-Wdeprecated-declarations]\nargv[1] = Encode(baton->salt.c_str(), baton->salt.size(), BINARY);\n^\n/Users/nobu/.node-gyp/4.5.0/include/node/node.h:300:45: note: 'Encode' has been explicitly marked\ndeprecated here\ninline v8::Local<v8::Value> Encode(\n^\n../src/bcrypt_node.cc:238:20: error: member reference type 'v8::Persistent<v8::Function>' is not a\npointer; did you mean to use '.'?\nbaton->callback->Call(Context::GetCurrent()->Global(), 2, argv);\n~~~~~~~~~~~~~~~^~\n.\n../src/bcrypt_node.cc:238:22: error: no member named 'Call' in 'v8::Persistent<v8::Function,\nv8::NonCopyablePersistentTraits<v8::Function> >'\nbaton->callback->Call(Context::GetCurrent()->Global(), 2, argv);\n~~~~~~~~~~~~~~~  ^\n../src/bcrypt_node.cc:238:36: error: no member named 'GetCurrent' in 'v8::Context'\nbaton->callback->Call(Context::GetCurrent()->Global(), 2, argv);\n~~~~~~~~~^\n../src/bcrypt_node.cc:241:9: warning: 'FatalException' is deprecated: Use FatalException(isolate, ...)\n[-Wdeprecated-declarations]\nFatalException(try_catch);\n^\n/Users/nobu/.node-gyp/4.5.0/include/node/node.h:284:29: note: 'FatalException' has been explicitly\nmarked deprecated here\ninline void FatalException(const v8::TryCatch& try_catch) {\n^\n../src/bcrypt_node.cc:246:34: error: unknown type name 'Arguments'; did you mean\n'v8::internal::Arguments'?\nHandle<Value> GenerateSalt(const Arguments &args) {\n^~~~~~~~~\nv8::internal::Arguments\n/Users/nobu/.node-gyp/4.5.0/include/node/v8.h:139:7: note: 'v8::internal::Arguments' declared here\nclass Arguments;\n^\n../src/bcrypt_node.cc:247:17: error: calling a protected constructor of class 'v8::HandleScope'\nHandleScope scope;\n^\n/Users/nobu/.node-gyp/4.5.0/include/node/v8.h:885:13: note: declared protected here\nV8_INLINE HandleScope() {}\n^\n../src/bcrypt_node.cc:249:32: error: type 'const v8::internal::Arguments' does not provide a subscript\noperator\nconst ssize_t rounds = args[0]->Int32Value();\n~~~~^~\n../src/bcrypt_node.cc:250:30: error: type 'const v8::internal::Arguments' does not provide a subscript\noperator\nconst int rand_len = args[1]->Int32Value();\n~~~~^~\n../src/bcrypt_node.cc:251:58: error: type 'const v8::internal::Arguments' does not provide a subscript\noperator\nLocal<Function> callback =\nLocal<Function>::Cast(args[2]);\n~~~~^~\n../src/bcrypt_node.cc:255:45: error: 'New' is a private member of\n'v8::PersistentBase<v8::Function>'\nbaton->callback = Persistent<Function>::New(callback);\n^\n/Users/nobu/.node-gyp/4.5.0/include/node/v8.h:639:23: note: declared private here\nV8_INLINE static T* New(Isolate* isolate, T* that);\n^\n../src/bcrypt_node.cc:255:57: error: too few arguments to function call, expected 2, have 1\nbaton->callback = Persistent<Function>::New(callback);\n~~~~~~~~~~~~~~~~~~~~~~~~~         ^\n/Users/nobu/.node-gyp/4.5.0/include/node/v8.h:639:3: note: 'New' declared here\nV8_INLINE static T* New(Isolate* isolate, T* that);\n^\n/Users/nobu/.node-gyp/4.5.0/include/node/v8config.h:301:20: note: expanded from macro 'V8_INLINE'\n# define V8_INLINE inline __attribute__((always_inline))\n^\n../src/bcrypt_node.cc:259:5: error: unknown type name 'uv_work_t'\nuv_work_t* req = new uv_work_t;\n^\n../src/bcrypt_node.cc:259:26: error: unknown type name 'uv_work_t'\nuv_work_t* req = new uv_work_t;\n^\nfatal error: too many errors emitted, stopping now [-ferror-limit=]\n2 warnings and 20 errors generated.\nmake: *** [Release/obj.target/bcrypt_lib/src/bcrypt_node.o] Error 1\ngyp ERR! build error\ngyp ERR! stack Error: `make` failed with exit code: 2\ngyp ERR! stack     at ChildProcess.onExit\n(/Users/nobu/.meteor/packages/meteor-tool/.1.4.1_1.1h0re2h++os.osx.x86_64+web.browser+web.cordova/mt-os.osx.x86_64/dev_bundle/lib/node_modules/node-gyp/lib/build.js:276:23)\ngyp ERR! stack     at emitTwo (events.js:87:13)\ngyp ERR! stack     at ChildProcess.emit (events.js:172:7)\ngyp ERR! stack     at Process.ChildProcess._handle.onexit (internal/child_process.js:200:12)\ngyp ERR! System Darwin 15.6.0\ngyp ERR! command\n\"/Users/nobu/.meteor/packages/meteor-tool/.1.4.1_1.1h0re2h++os.osx.x86_64+web.browser+web.cordova/mt-os.osx.x86_64/dev_bundle/bin/node\"\n\"/Users/nobu/.meteor/packages/meteor-tool/.1.4.1_1.1h0re2h++os.osx.x86_64+web.browser+web.cordova/mt-os.osx.x86_64/dev_bundle/lib/node_modules/npm/node_modules/node-gyp/bin/node-gyp.js\"\n\"rebuild\"\ngyp ERR! cwd\n/Users/nobu/.meteor/packages/npm-bcrypt/.0.7.7.f9cvr9++os.osx.x86_64+web.browser+web.cordova/npm/node_modules/.temp-1h94ra8/node_modules/bcrypt\ngyp ERR! node -v v4.5.0\ngyp ERR! node-gyp -v v3.4.0\ngyp ERR! not ok\n\nnpm ERR! Darwin 15.6.0\nnpm ERR! argv\n\"/Users/nobu/.meteor/packages/meteor-tool/.1.4.1_1.1h0re2h++os.osx.x86_64+web.browser+web.cordova/mt-os.osx.x86_64/dev_bundle/bin/node\"\n\"/Users/nobu/.meteor/packages/meteor-tool/.1.4.1_1.1h0re2h++os.osx.x86_64+web.browser+web.cordova/mt-os.osx.x86_64/dev_bundle/bin/npm\"\n\"rebuild\" \"--no-bin-links\" \"--update-binary\"\nnpm ERR! node v4.5.0\nnpm ERR! npm  v3.10.6\nnpm ERR! code ELIFECYCLE\nnpm ERR! bcrypt@0.7.7 install: `node-gyp rebuild`\nnpm ERR! Exit status 1\nnpm ERR!\nnpm ERR! Failed at the bcrypt@0.7.7 install script 'node-gyp rebuild'.\nnpm ERR! Make sure you have the latest version of node.js and npm installed.\nnpm ERR! If you do, this is most likely a problem with the bcrypt package,\nnpm ERR! not with npm itself.\nnpm ERR! Tell the author that this fails on your system:\nnpm ERR!     node-gyp rebuild\nnpm ERR! You can get information on how to open an issue for this project with:\nnpm ERR!     npm bugs bcrypt\nnpm ERR! Or if that isn't available, you can get their info via:\nnpm ERR!     npm owner ls bcrypt\nnpm ERR! There is likely additional logging output above.\n\nnpm ERR! Please include the following file with any support request:\nnpm ERR!\n/Users/nobu/.meteor/packages/npm-bcrypt/.0.7.7.f9cvr9++os.osx.x86_64+web.browser+web.cordova/npm/node_modules/.temp-1h94ra8/npm-debug.log\n../src/bcrypt_node.cc:118:18: error: no member named 'Dispose' in 'v8::Persistent<v8::Function,\nv8::NonCopyablePersistentTraits<v8::Function> >'\ncallback.Dispose();\n~~~~~~~~ ^\n../src/bcrypt_node.cc:202:19: error: unknown type name 'uv_work_t'\nvoid GenSaltAsync(uv_work_t* req) {\n^\n../src/bcrypt_node.cc:219:24: error: unknown type name 'uv_work_t'\nvoid GenSaltAsyncAfter(uv_work_t* req) {\n^\n../src/bcrypt_node.cc:220:17: error: calling a protected constructor of class 'v8::HandleScope'\nHandleScope scope;\n^\n/Users/nobu/.node-gyp/4.5.0/include/node/v8.h:885:13: note: declared protected here\nV8_INLINE HandleScope() {}\n^\n../src/bcrypt_node.cc:228:44: error: no member named 'New' in 'v8::String'\nargv[0] = Exception::Error(String::New(baton->error.c_str()));\n~~~~~~~~^\n../src/bcrypt_node.cc:229:19: error: no matching function for call to 'Undefined'\nargv[1] = Undefined();\n^~~~~~~~~\n/Users/nobu/.node-gyp/4.5.0/include/node/v8.h:315:27: note: candidate function not viable: requires\nsingle argument 'isolate', but no arguments were provided\nfriend Local<Primitive> Undefined(Isolate* isolate);\n^\n../src/bcrypt_node.cc:232:19: error: no matching function for call to 'Undefined'\nargv[0] = Undefined();\n^~~~~~~~~\n/Users/nobu/.node-gyp/4.5.0/include/node/v8.h:315:27: note: candidate function not viable: requires\nsingle argument 'isolate', but no arguments were provided\nfriend Local<Primitive> Undefined(Isolate* isolate);\n^\n../src/bcrypt_node.cc:233:19: warning: 'Encode' is deprecated: Use Encode(isolate, ...)\n[-Wdeprecated-declarations]\nargv[1] = Encode(baton->salt.c_str(), baton->salt.size(), BINARY);\n^\n/Users/nobu/.node-gyp/4.5.0/include/node/node.h:300:45: note: 'Encode' has been explicitly marked\ndeprecated here\ninline v8::Local<v8::Value> Encode(\n^\n../src/bcrypt_node.cc:238:20: error: member reference type 'v8::Persistent<v8::Function>' is not a\npointer; did you mean to use '.'?\nbaton->callback->Call(Context::GetCurrent()->Global(), 2, argv);\n~~~~~~~~~~~~~~~^~\n.\n../src/bcrypt_node.cc:238:22: error: no member named 'Call' in 'v8::Persistent<v8::Function,\nv8::NonCopyablePersistentTraits<v8::Function> >'\nbaton->callback->Call(Context::GetCurrent()->Global(), 2, argv);\n~~~~~~~~~~~~~~~  ^\n../src/bcrypt_node.cc:238:36: error: no member named 'GetCurrent' in 'v8::Context'\nbaton->callback->Call(Context::GetCurrent()->Global(), 2, argv);\n~~~~~~~~~^\n../src/bcrypt_node.cc:241:9: warning: 'FatalException' is deprecated: Use FatalException(isolate, ...)\n[-Wdeprecated-declarations]\nFatalException(try_catch);\n^\n/Users/nobu/.node-gyp/4.5.0/include/node/node.h:284:29: note: 'FatalException' has been explicitly\nmarked deprecated here\ninline void FatalException(const v8::TryCatch& try_catch) {\n^\n../src/bcrypt_node.cc:246:34: error: unknown type name 'Arguments'; did you mean\n'v8::internal::Arguments'?\nHandle<Value> GenerateSalt(const Arguments &args) {\n^~~~~~~~~\nv8::internal::Arguments\n/Users/nobu/.node-gyp/4.5.0/include/node/v8.h:139:7: note: 'v8::internal::Arguments' declared here\nclass Arguments;\n^\n../src/bcrypt_node.cc:247:17: error: calling a protected constructor of class 'v8::HandleScope'\nHandleScope scope;\n^\n/Users/nobu/.node-gyp/4.5.0/include/node/v8.h:885:13: note: declared protected here\nV8_INLINE HandleScope() {}\n^\n../src/bcrypt_node.cc:249:32: error: type 'const v8::internal::Arguments' does not provide a subscript\noperator\nconst ssize_t rounds = args[0]->Int32Value();\n~~~~^~\n../src/bcrypt_node.cc:250:30: error: type 'const v8::internal::Arguments' does not provide a subscript\noperator\nconst int rand_len = args[1]->Int32Value();\n~~~~^~\n../src/bcrypt_node.cc:251:58: error: type 'const v8::internal::Arguments' does not provide a subscript\noperator\nLocal<Function> callback =\nLocal<Function>::Cast(args[2]);\n~~~~^~\n../src/bcrypt_node.cc:255:45: error: 'New' is a private member of\n'v8::PersistentBase<v8::Function>'\nbaton->callback = Persistent<Function>::New(callback);\n^\n/Users/nobu/.node-gyp/4.5.0/include/node/v8.h:639:23: note: declared private here\nV8_INLINE static T* New(Isolate* isolate, T* that);\n^\n../src/bcrypt_node.cc:255:57: error: too few arguments to function call, expected 2, have 1\nbaton->callback = Persistent<Function>::New(callback);\n~~~~~~~~~~~~~~~~~~~~~~~~~         ^\n/Users/nobu/.node-gyp/4.5.0/include/node/v8.h:639:3: note: 'New' declared here\nV8_INLINE static T* New(Isolate* isolate, T* that);\n^\n/Users/nobu/.node-gyp/4.5.0/include/node/v8config.h:301:20: note: expanded from macro 'V8_INLINE'\n# define V8_INLINE inline __attribute__((always_inline))\n^\n../src/bcrypt_node.cc:259:5: error: unknown type name 'uv_work_t'\nuv_work_t* req = new uv_work_t;\n^\n../src/bcrypt_node.cc:259:26: error: unknown type name 'uv_work_t'\nuv_work_t* req = new uv_work_t;\n^\nfatal error: too many errors emitted, stopping now [-ferror-limit=]\n2 warnings and 20 errors generated.\nmake: *** [Release/obj.target/bcrypt_lib/src/bcrypt_node.o] Error 1\ngyp ERR! build error\ngyp ERR! stack Error: `make` failed with exit code: 2\ngyp ERR! stack     at ChildProcess.onExit\n(/Users/nobu/.meteor/packages/meteor-tool/.1.4.1_1.1h0re2h++os.osx.x86_64+web.browser+web.cordova/mt-os.osx.x86_64/dev_bundle/lib/node_modules/node-gyp/lib/build.js:276:23)\ngyp ERR! stack     at emitTwo (events.js:87:13)\ngyp ERR! stack     at ChildProcess.emit (events.js:172:7)\ngyp ERR! stack     at Process.ChildProcess._handle.onexit (internal/child_process.js:200:12)\ngyp ERR! System Darwin 15.6.0\ngyp ERR! command\n\"/Users/nobu/.meteor/packages/meteor-tool/.1.4.1_1.1h0re2h++os.osx.x86_64+web.browser+web.cordova/mt-os.osx.x86_64/dev_bundle/bin/node\"\n\"/Users/nobu/.meteor/packages/meteor-tool/.1.4.1_1.1h0re2h++os.osx.x86_64+web.browser+web.cordova/mt-os.osx.x86_64/dev_bundle/lib/node_modules/npm/node_modules/node-gyp/bin/node-gyp.js\"\n\"rebuild\"\ngyp ERR! cwd\n/Users/nobu/.meteor/packages/npm-bcrypt/.0.7.7.f9cvr9++os.osx.x86_64+web.browser+web.cordova/npm/node_modules/.temp-1h94ra8/node_modules/bcrypt\ngyp ERR! node -v v4.5.0\ngyp ERR! node-gyp -v v3.4.0\ngyp ERR! not ok\n\nnpm ERR! Darwin 15.6.0\nnpm ERR! argv\n\"/Users/nobu/.meteor/packages/meteor-tool/.1.4.1_1.1h0re2h++os.osx.x86_64+web.browser+web.cordova/mt-os.osx.x86_64/dev_bundle/bin/node\"\n\"/Users/nobu/.meteor/packages/meteor-tool/.1.4.1_1.1h0re2h++os.osx.x86_64+web.browser+web.cordova/mt-os.osx.x86_64/dev_bundle/bin/npm\"\n\"rebuild\" \"--no-bin-links\" \"--update-binary\"\nnpm ERR! node v4.5.0\nnpm ERR! npm  v3.10.6\nnpm ERR! code ELIFECYCLE\nnpm ERR! bcrypt@0.7.7 install: `node-gyp rebuild`\nnpm ERR! Exit status 1\nnpm ERR!\nnpm ERR! Failed at the bcrypt@0.7.7 install script 'node-gyp rebuild'.\nnpm ERR! Make sure you have the latest version of node.js and npm installed.\nnpm ERR! If you do, this is most likely a problem with the bcrypt package,\nnpm ERR! not with npm itself.\nnpm ERR! Tell the author that this fails on your system:\nnpm ERR!     node-gyp rebuild\nnpm ERR! You can get information on how to open an issue for this project with:\nnpm ERR!     npm bugs bcrypt\nnpm ERR! Or if that isn't available, you can get their info via:\nnpm ERR!     npm owner ls bcrypt\nnpm ERR! There is likely additional logging output above.\n\nnpm ERR! Please include the following file with any support request:\nnpm ERR!\n/Users/nobu/.meteor/packages/npm-bcrypt/.0.7.7.f9cvr9++os.osx.x86_64+web.browser+web.cordova/npm/node_modules/.temp-1h94ra8/npm-debug.log\n\n\n\n\nShirahama-no-MacBook-Pro:microscope nobu$ node-gyp rebuild\ngyp info it worked if it ends with ok\ngyp info using node-gyp@3.4.0\ngyp info using node@4.5.0 | darwin | x64\ngyp info spawn /usr/bin/python\ngyp info spawn args [ '/usr/local/lib/node_modules/node-gyp/gyp/gyp_main.py',\ngyp info spawn args   'binding.gyp',\ngyp info spawn args   '-f',\ngyp info spawn args   'make',\ngyp info spawn args   '-I',\ngyp info spawn args   '/Users/nobu/Documents/programs/microscope/build/config.gypi',\ngyp info spawn args   '-I',\ngyp info spawn args   '/usr/local/lib/node_modules/node-gyp/addon.gypi',\ngyp info spawn args   '-I',\ngyp info spawn args   '/Users/nobu/.node-gyp/4.5.0/include/node/common.gypi',\ngyp info spawn args   '-Dlibrary=shared_library',\ngyp info spawn args   '-Dvisibility=default',\ngyp info spawn args   '-Dnode_root_dir=/Users/nobu/.node-gyp/4.5.0',\ngyp info spawn args   '-Dnode_gyp_dir=/usr/local/lib/node_modules/node-gyp',\ngyp info spawn args   '-Dnode_lib_file=node.lib',\ngyp info spawn args   '-Dmodule_root_dir=/Users/nobu/Documents/programs/microscope',\ngyp info spawn args   '--depth=.',\ngyp info spawn args   '--no-parallel',\ngyp info spawn args   '--generator-output',\ngyp info spawn args   'build',\ngyp info spawn args   '-Goutput_dir=.' ]\ngyp: binding.gyp not found (cwd: /Users/nobu/Documents/programs/microscope) while trying to load binding.gyp\ngyp ERR! configure error\ngyp ERR! stack Error: `gyp` failed with exit code: 1\ngyp ERR! stack     at ChildProcess.onCpExit (/usr/local/lib/node_modules/node-gyp/lib/configure.js:305:16)\ngyp ERR! stack     at emitTwo (events.js:87:13)\ngyp ERR! stack     at ChildProcess.emit (events.js:172:7)\ngyp ERR! stack     at Process.ChildProcess._handle.onexit (internal/child_process.js:200:12)\ngyp ERR! System Darwin 15.6.0\ngyp ERR! command \"/Users/nobu/.nodebrew/node/v4.5.0/bin/node\" \"/usr/local/bin/node-gyp\" \"rebuild\"\ngyp ERR! cwd /Users/nobu/Documents/programs/microscope\ngyp ERR! node -v v4.5.0\ngyp ERR! node-gyp -v v3.4.0\ngyp ERR! not ok\n\n\n#\u554f\u984c\n```\n$ meteor add accounts-password\n```\n\u3092\u5b9f\u884c\u3057\u305f\u3089\u30a8\u30e9\u30fc\u304c\u51fa\u3066\u3001npm\u5165\u308c\u306a\u304a\u3057\u305f\u308apython\u3092\u6700\u65b0\u7248\u306b\u3057\u305f\u308a\nmeteor add npm-bcrypt\u3060\u304b\u3084\u3063\u3066\u307f\u305f\u308a\u8272\u3005\u8a66\u3057\u305f\u304c\u3067\u304d\u305a\u306a\u3093\u3058\u3083\u3053\u308a\u3083\u3063\u3066\u306a\u3063\u305f\u3051\u3069\u3001\u7d50\u679c\u7684\u306b\u521d\u6b69\u7684\u306a\u30df\u30b9\u304c\u539f\u56e0\u3060\u3063\u305f\u4ef6\u3002\nStack Overflow\u306b\u3082\u5225\u4ef6\u3067\u985e\u4f3c\u306e\u30a8\u30e9\u30fc\u304c\u51fa\u3066\u305f\u304b\u3089\u3001\u591a\u5206\u4f3c\u305f\u3088\u3046\u306a\u72b6\u6cc1\u306f\u591a\u3044\u3093\u3060\u3068\u601d\u3046\u3002\n\n#\u74b0\u5883\nMac OS X El Capitan 10.11.6\nnode 4.5.0\nnode-gyp 3.4.0\nPython 2.7.12\n\n#\u7d50\u8ad6\uff08\u307c\u304f\u306e\u30b1\u30fc\u30b9\u306e\u3070\u3042\u3044\uff09\n```\n$ sudo chown -R [\u81ea\u5206\u306e\u30e6\u30fc\u30b6\u30fc\u540d]:staff /Users/[\u81ea\u5206\u306e\u30e6\u30fc\u30b6\u30fc\u540d]/[Meteor\u30d7\u30ed\u30b8\u30a7\u30af\u30c8\u304c\u3042\u308b\u5834\u6240]/.meteor/local/\n```\n\u30aa\u30fc\u30ca\u30fc\u6a29\u9650\u3067\u4e00\u90e8root\u306b\u306a\u3063\u3066\u305f\u306e\u3067\u3001\u81ea\u5206\u306e\u30e6\u30fc\u30b6\u30fc\u3092\u6240\u6709\u8005\u306b\u3057\u305f\u3089\u306a\u304a\u3063\u305f\u3002\n\n```\n/Users/nobu/Documents/programs/microscope/.meteor/local//plugin-cache/accounts-password/1.0.1\n/Users/nobu/Documents/programs/microscope/.meteor/local//plugin-cache/accounts-password\n/Users/nobu/Documents/programs/microscope/.meteor/local//plugin-cache/email/1.0.16\n/Users/nobu/Documents/programs/microscope/.meteor/local//plugin-cache/email\n/Users/nobu/Documents/programs/microscope/.meteor/local//plugin-cache/npm-bcrypt/0.7.7\n/Users/nobu/Documents/programs/microscope/.meteor/local//plugin-cache/npm-bcrypt\n/Users/nobu/Documents/programs/microscope/.meteor/local//plugin-cache/sha/1.0.8\n/Users/nobu/Documents/programs/microscope/.meteor/local//plugin-cache/sha\n/Users/nobu/Documents/programs/microscope/.meteor/local//plugin-cache/srp/1.0.9\n/Users/nobu/Documents/programs/microscope/.meteor/local//plugin-cache/srp\n```\n\u3053\u3044\u3064\u3089\u306e\u6a29\u9650\u304croot:staff\u306b\u306a\u3063\u3066\u305f\u3002\n\u591a\u5206\u8ffd\u52a0\u3059\u308b\u3068\u304d\u306bsudo\u3057\u3061\u3083\u3063\u305f\u3093\u3060\u3068\u304a\u3082\u308f\u308c\u307e\u3059\u3002\n\n\n#\u30a8\u30e9\u30fc\u5185\u5bb9\n```bash:\u30b3\u30f3\u30bd\u30fc\u30eb\u51fa\u529b\nShirahama-no-MacBook-Pro:microscope nobu$ meteor add accounts-password\n => Errors while adding packages:\n\nWhile loading package npm-bcrypt@0.7.7:\nerror: Command failed:\n/Users/nobu/.meteor/packages/meteor-tool/.1.4.1_1.1h0re2h++os.osx.x86_64+web.browser+web.cordova/mt-os.osx.x86_64/dev_bundle/bin/npm\nrebuild --no-bin-links --update-binary\n../src/bcrypt_node.cc:118:18: error: no member named 'Dispose' in 'v8::Persistent<v8::Function,\nv8::NonCopyablePersistentTraits<v8::Function> >'\ncallback.Dispose();\n~~~~~~~~ ^\n../src/bcrypt_node.cc:202:19: error: unknown type name 'uv_work_t'\nvoid GenSaltAsync(uv_work_t* req) {\n^\n../src/bcrypt_node.cc:219:24: error: unknown type name 'uv_work_t'\nvoid GenSaltAsyncAfter(uv_work_t* req) {\n^\n../src/bcrypt_node.cc:220:17: error: calling a protected constructor of class 'v8::HandleScope'\nHandleScope scope;\n^\n/Users/nobu/.node-gyp/4.5.0/include/node/v8.h:885:13: note: declared protected here\nV8_INLINE HandleScope() {}\n^\n../src/bcrypt_node.cc:228:44: error: no member named 'New' in 'v8::String'\nargv[0] = Exception::Error(String::New(baton->error.c_str()));\n~~~~~~~~^\n../src/bcrypt_node.cc:229:19: error: no matching function for call to 'Undefined'\nargv[1] = Undefined();\n^~~~~~~~~\n/Users/nobu/.node-gyp/4.5.0/include/node/v8.h:315:27: note: candidate function not viable: requires\nsingle argument 'isolate', but no arguments were provided\nfriend Local<Primitive> Undefined(Isolate* isolate);\n^\n../src/bcrypt_node.cc:232:19: error: no matching function for call to 'Undefined'\nargv[0] = Undefined();\n^~~~~~~~~\n/Users/nobu/.node-gyp/4.5.0/include/node/v8.h:315:27: note: candidate function not viable: requires\nsingle argument 'isolate', but no arguments were provided\nfriend Local<Primitive> Undefined(Isolate* isolate);\n^\n../src/bcrypt_node.cc:233:19: warning: 'Encode' is deprecated: Use Encode(isolate, ...)\n[-Wdeprecated-declarations]\nargv[1] = Encode(baton->salt.c_str(), baton->salt.size(), BINARY);\n^\n/Users/nobu/.node-gyp/4.5.0/include/node/node.h:300:45: note: 'Encode' has been explicitly marked\ndeprecated here\ninline v8::Local<v8::Value> Encode(\n^\n../src/bcrypt_node.cc:238:20: error: member reference type 'v8::Persistent<v8::Function>' is not a\npointer; did you mean to use '.'?\nbaton->callback->Call(Context::GetCurrent()->Global(), 2, argv);\n~~~~~~~~~~~~~~~^~\n.\n../src/bcrypt_node.cc:238:22: error: no member named 'Call' in 'v8::Persistent<v8::Function,\nv8::NonCopyablePersistentTraits<v8::Function> >'\nbaton->callback->Call(Context::GetCurrent()->Global(), 2, argv);\n~~~~~~~~~~~~~~~  ^\n../src/bcrypt_node.cc:238:36: error: no member named 'GetCurrent' in 'v8::Context'\nbaton->callback->Call(Context::GetCurrent()->Global(), 2, argv);\n~~~~~~~~~^\n../src/bcrypt_node.cc:241:9: warning: 'FatalException' is deprecated: Use FatalException(isolate, ...)\n[-Wdeprecated-declarations]\nFatalException(try_catch);\n^\n/Users/nobu/.node-gyp/4.5.0/include/node/node.h:284:29: note: 'FatalException' has been explicitly\nmarked deprecated here\ninline void FatalException(const v8::TryCatch& try_catch) {\n^\n../src/bcrypt_node.cc:246:34: error: unknown type name 'Arguments'; did you mean\n'v8::internal::Arguments'?\nHandle<Value> GenerateSalt(const Arguments &args) {\n^~~~~~~~~\nv8::internal::Arguments\n/Users/nobu/.node-gyp/4.5.0/include/node/v8.h:139:7: note: 'v8::internal::Arguments' declared here\nclass Arguments;\n^\n../src/bcrypt_node.cc:247:17: error: calling a protected constructor of class 'v8::HandleScope'\nHandleScope scope;\n^\n/Users/nobu/.node-gyp/4.5.0/include/node/v8.h:885:13: note: declared protected here\nV8_INLINE HandleScope() {}\n^\n../src/bcrypt_node.cc:249:32: error: type 'const v8::internal::Arguments' does not provide a subscript\noperator\nconst ssize_t rounds = args[0]->Int32Value();\n~~~~^~\n../src/bcrypt_node.cc:250:30: error: type 'const v8::internal::Arguments' does not provide a subscript\noperator\nconst int rand_len = args[1]->Int32Value();\n~~~~^~\n../src/bcrypt_node.cc:251:58: error: type 'const v8::internal::Arguments' does not provide a subscript\noperator\nLocal<Function> callback =\nLocal<Function>::Cast(args[2]);\n~~~~^~\n../src/bcrypt_node.cc:255:45: error: 'New' is a private member of\n'v8::PersistentBase<v8::Function>'\nbaton->callback = Persistent<Function>::New(callback);\n^\n/Users/nobu/.node-gyp/4.5.0/include/node/v8.h:639:23: note: declared private here\nV8_INLINE static T* New(Isolate* isolate, T* that);\n^\n../src/bcrypt_node.cc:255:57: error: too few arguments to function call, expected 2, have 1\nbaton->callback = Persistent<Function>::New(callback);\n~~~~~~~~~~~~~~~~~~~~~~~~~         ^\n/Users/nobu/.node-gyp/4.5.0/include/node/v8.h:639:3: note: 'New' declared here\nV8_INLINE static T* New(Isolate* isolate, T* that);\n^\n/Users/nobu/.node-gyp/4.5.0/include/node/v8config.h:301:20: note: expanded from macro 'V8_INLINE'\n# define V8_INLINE inline __attribute__((always_inline))\n^\n../src/bcrypt_node.cc:259:5: error: unknown type name 'uv_work_t'\nuv_work_t* req = new uv_work_t;\n^\n../src/bcrypt_node.cc:259:26: error: unknown type name 'uv_work_t'\nuv_work_t* req = new uv_work_t;\n^\nfatal error: too many errors emitted, stopping now [-ferror-limit=]\n2 warnings and 20 errors generated.\nmake: *** [Release/obj.target/bcrypt_lib/src/bcrypt_node.o] Error 1\ngyp ERR! build error\ngyp ERR! stack Error: `make` failed with exit code: 2\ngyp ERR! stack     at ChildProcess.onExit\n(/Users/nobu/.meteor/packages/meteor-tool/.1.4.1_1.1h0re2h++os.osx.x86_64+web.browser+web.cordova/mt-os.osx.x86_64/dev_bundle/lib/node_modules/node-gyp/lib/build.js:276:23)\ngyp ERR! stack     at emitTwo (events.js:87:13)\ngyp ERR! stack     at ChildProcess.emit (events.js:172:7)\ngyp ERR! stack     at Process.ChildProcess._handle.onexit (internal/child_process.js:200:12)\ngyp ERR! System Darwin 15.6.0\ngyp ERR! command\n\"/Users/nobu/.meteor/packages/meteor-tool/.1.4.1_1.1h0re2h++os.osx.x86_64+web.browser+web.cordova/mt-os.osx.x86_64/dev_bundle/bin/node\"\n\"/Users/nobu/.meteor/packages/meteor-tool/.1.4.1_1.1h0re2h++os.osx.x86_64+web.browser+web.cordova/mt-os.osx.x86_64/dev_bundle/lib/node_modules/npm/node_modules/node-gyp/bin/node-gyp.js\"\n\"rebuild\"\ngyp ERR! cwd\n/Users/nobu/.meteor/packages/npm-bcrypt/.0.7.7.f9cvr9++os.osx.x86_64+web.browser+web.cordova/npm/node_modules/.temp-1h94ra8/node_modules/bcrypt\ngyp ERR! node -v v4.5.0\ngyp ERR! node-gyp -v v3.4.0\ngyp ERR! not ok\n\nnpm ERR! Darwin 15.6.0\nnpm ERR! argv\n\"/Users/nobu/.meteor/packages/meteor-tool/.1.4.1_1.1h0re2h++os.osx.x86_64+web.browser+web.cordova/mt-os.osx.x86_64/dev_bundle/bin/node\"\n\"/Users/nobu/.meteor/packages/meteor-tool/.1.4.1_1.1h0re2h++os.osx.x86_64+web.browser+web.cordova/mt-os.osx.x86_64/dev_bundle/bin/npm\"\n\"rebuild\" \"--no-bin-links\" \"--update-binary\"\nnpm ERR! node v4.5.0\nnpm ERR! npm  v3.10.6\nnpm ERR! code ELIFECYCLE\nnpm ERR! bcrypt@0.7.7 install: `node-gyp rebuild`\nnpm ERR! Exit status 1\nnpm ERR!\nnpm ERR! Failed at the bcrypt@0.7.7 install script 'node-gyp rebuild'.\nnpm ERR! Make sure you have the latest version of node.js and npm installed.\nnpm ERR! If you do, this is most likely a problem with the bcrypt package,\nnpm ERR! not with npm itself.\nnpm ERR! Tell the author that this fails on your system:\nnpm ERR!     node-gyp rebuild\nnpm ERR! You can get information on how to open an issue for this project with:\nnpm ERR!     npm bugs bcrypt\nnpm ERR! Or if that isn't available, you can get their info via:\nnpm ERR!     npm owner ls bcrypt\nnpm ERR! There is likely additional logging output above.\n\nnpm ERR! Please include the following file with any support request:\nnpm ERR!\n/Users/nobu/.meteor/packages/npm-bcrypt/.0.7.7.f9cvr9++os.osx.x86_64+web.browser+web.cordova/npm/node_modules/.temp-1h94ra8/npm-debug.log\n../src/bcrypt_node.cc:118:18: error: no member named 'Dispose' in 'v8::Persistent<v8::Function,\nv8::NonCopyablePersistentTraits<v8::Function> >'\ncallback.Dispose();\n~~~~~~~~ ^\n../src/bcrypt_node.cc:202:19: error: unknown type name 'uv_work_t'\nvoid GenSaltAsync(uv_work_t* req) {\n^\n../src/bcrypt_node.cc:219:24: error: unknown type name 'uv_work_t'\nvoid GenSaltAsyncAfter(uv_work_t* req) {\n^\n../src/bcrypt_node.cc:220:17: error: calling a protected constructor of class 'v8::HandleScope'\nHandleScope scope;\n^\n/Users/nobu/.node-gyp/4.5.0/include/node/v8.h:885:13: note: declared protected here\nV8_INLINE HandleScope() {}\n^\n../src/bcrypt_node.cc:228:44: error: no member named 'New' in 'v8::String'\nargv[0] = Exception::Error(String::New(baton->error.c_str()));\n~~~~~~~~^\n../src/bcrypt_node.cc:229:19: error: no matching function for call to 'Undefined'\nargv[1] = Undefined();\n^~~~~~~~~\n/Users/nobu/.node-gyp/4.5.0/include/node/v8.h:315:27: note: candidate function not viable: requires\nsingle argument 'isolate', but no arguments were provided\nfriend Local<Primitive> Undefined(Isolate* isolate);\n^\n../src/bcrypt_node.cc:232:19: error: no matching function for call to 'Undefined'\nargv[0] = Undefined();\n^~~~~~~~~\n/Users/nobu/.node-gyp/4.5.0/include/node/v8.h:315:27: note: candidate function not viable: requires\nsingle argument 'isolate', but no arguments were provided\nfriend Local<Primitive> Undefined(Isolate* isolate);\n^\n../src/bcrypt_node.cc:233:19: warning: 'Encode' is deprecated: Use Encode(isolate, ...)\n[-Wdeprecated-declarations]\nargv[1] = Encode(baton->salt.c_str(), baton->salt.size(), BINARY);\n^\n/Users/nobu/.node-gyp/4.5.0/include/node/node.h:300:45: note: 'Encode' has been explicitly marked\ndeprecated here\ninline v8::Local<v8::Value> Encode(\n^\n../src/bcrypt_node.cc:238:20: error: member reference type 'v8::Persistent<v8::Function>' is not a\npointer; did you mean to use '.'?\nbaton->callback->Call(Context::GetCurrent()->Global(), 2, argv);\n~~~~~~~~~~~~~~~^~\n.\n../src/bcrypt_node.cc:238:22: error: no member named 'Call' in 'v8::Persistent<v8::Function,\nv8::NonCopyablePersistentTraits<v8::Function> >'\nbaton->callback->Call(Context::GetCurrent()->Global(), 2, argv);\n~~~~~~~~~~~~~~~  ^\n../src/bcrypt_node.cc:238:36: error: no member named 'GetCurrent' in 'v8::Context'\nbaton->callback->Call(Context::GetCurrent()->Global(), 2, argv);\n~~~~~~~~~^\n../src/bcrypt_node.cc:241:9: warning: 'FatalException' is deprecated: Use FatalException(isolate, ...)\n[-Wdeprecated-declarations]\nFatalException(try_catch);\n^\n/Users/nobu/.node-gyp/4.5.0/include/node/node.h:284:29: note: 'FatalException' has been explicitly\nmarked deprecated here\ninline void FatalException(const v8::TryCatch& try_catch) {\n^\n../src/bcrypt_node.cc:246:34: error: unknown type name 'Arguments'; did you mean\n'v8::internal::Arguments'?\nHandle<Value> GenerateSalt(const Arguments &args) {\n^~~~~~~~~\nv8::internal::Arguments\n/Users/nobu/.node-gyp/4.5.0/include/node/v8.h:139:7: note: 'v8::internal::Arguments' declared here\nclass Arguments;\n^\n../src/bcrypt_node.cc:247:17: error: calling a protected constructor of class 'v8::HandleScope'\nHandleScope scope;\n^\n/Users/nobu/.node-gyp/4.5.0/include/node/v8.h:885:13: note: declared protected here\nV8_INLINE HandleScope() {}\n^\n../src/bcrypt_node.cc:249:32: error: type 'const v8::internal::Arguments' does not provide a subscript\noperator\nconst ssize_t rounds = args[0]->Int32Value();\n~~~~^~\n../src/bcrypt_node.cc:250:30: error: type 'const v8::internal::Arguments' does not provide a subscript\noperator\nconst int rand_len = args[1]->Int32Value();\n~~~~^~\n../src/bcrypt_node.cc:251:58: error: type 'const v8::internal::Arguments' does not provide a subscript\noperator\nLocal<Function> callback =\nLocal<Function>::Cast(args[2]);\n~~~~^~\n../src/bcrypt_node.cc:255:45: error: 'New' is a private member of\n'v8::PersistentBase<v8::Function>'\nbaton->callback = Persistent<Function>::New(callback);\n^\n/Users/nobu/.node-gyp/4.5.0/include/node/v8.h:639:23: note: declared private here\nV8_INLINE static T* New(Isolate* isolate, T* that);\n^\n../src/bcrypt_node.cc:255:57: error: too few arguments to function call, expected 2, have 1\nbaton->callback = Persistent<Function>::New(callback);\n~~~~~~~~~~~~~~~~~~~~~~~~~         ^\n/Users/nobu/.node-gyp/4.5.0/include/node/v8.h:639:3: note: 'New' declared here\nV8_INLINE static T* New(Isolate* isolate, T* that);\n^\n/Users/nobu/.node-gyp/4.5.0/include/node/v8config.h:301:20: note: expanded from macro 'V8_INLINE'\n# define V8_INLINE inline __attribute__((always_inline))\n^\n../src/bcrypt_node.cc:259:5: error: unknown type name 'uv_work_t'\nuv_work_t* req = new uv_work_t;\n^\n../src/bcrypt_node.cc:259:26: error: unknown type name 'uv_work_t'\nuv_work_t* req = new uv_work_t;\n^\nfatal error: too many errors emitted, stopping now [-ferror-limit=]\n2 warnings and 20 errors generated.\nmake: *** [Release/obj.target/bcrypt_lib/src/bcrypt_node.o] Error 1\ngyp ERR! build error\ngyp ERR! stack Error: `make` failed with exit code: 2\ngyp ERR! stack     at ChildProcess.onExit\n(/Users/nobu/.meteor/packages/meteor-tool/.1.4.1_1.1h0re2h++os.osx.x86_64+web.browser+web.cordova/mt-os.osx.x86_64/dev_bundle/lib/node_modules/node-gyp/lib/build.js:276:23)\ngyp ERR! stack     at emitTwo (events.js:87:13)\ngyp ERR! stack     at ChildProcess.emit (events.js:172:7)\ngyp ERR! stack     at Process.ChildProcess._handle.onexit (internal/child_process.js:200:12)\ngyp ERR! System Darwin 15.6.0\ngyp ERR! command\n\"/Users/nobu/.meteor/packages/meteor-tool/.1.4.1_1.1h0re2h++os.osx.x86_64+web.browser+web.cordova/mt-os.osx.x86_64/dev_bundle/bin/node\"\n\"/Users/nobu/.meteor/packages/meteor-tool/.1.4.1_1.1h0re2h++os.osx.x86_64+web.browser+web.cordova/mt-os.osx.x86_64/dev_bundle/lib/node_modules/npm/node_modules/node-gyp/bin/node-gyp.js\"\n\"rebuild\"\ngyp ERR! cwd\n/Users/nobu/.meteor/packages/npm-bcrypt/.0.7.7.f9cvr9++os.osx.x86_64+web.browser+web.cordova/npm/node_modules/.temp-1h94ra8/node_modules/bcrypt\ngyp ERR! node -v v4.5.0\ngyp ERR! node-gyp -v v3.4.0\ngyp ERR! not ok\n\nnpm ERR! Darwin 15.6.0\nnpm ERR! argv\n\"/Users/nobu/.meteor/packages/meteor-tool/.1.4.1_1.1h0re2h++os.osx.x86_64+web.browser+web.cordova/mt-os.osx.x86_64/dev_bundle/bin/node\"\n\"/Users/nobu/.meteor/packages/meteor-tool/.1.4.1_1.1h0re2h++os.osx.x86_64+web.browser+web.cordova/mt-os.osx.x86_64/dev_bundle/bin/npm\"\n\"rebuild\" \"--no-bin-links\" \"--update-binary\"\nnpm ERR! node v4.5.0\nnpm ERR! npm  v3.10.6\nnpm ERR! code ELIFECYCLE\nnpm ERR! bcrypt@0.7.7 install: `node-gyp rebuild`\nnpm ERR! Exit status 1\nnpm ERR!\nnpm ERR! Failed at the bcrypt@0.7.7 install script 'node-gyp rebuild'.\nnpm ERR! Make sure you have the latest version of node.js and npm installed.\nnpm ERR! If you do, this is most likely a problem with the bcrypt package,\nnpm ERR! not with npm itself.\nnpm ERR! Tell the author that this fails on your system:\nnpm ERR!     node-gyp rebuild\nnpm ERR! You can get information on how to open an issue for this project with:\nnpm ERR!     npm bugs bcrypt\nnpm ERR! Or if that isn't available, you can get their info via:\nnpm ERR!     npm owner ls bcrypt\nnpm ERR! There is likely additional logging output above.\n\nnpm ERR! Please include the following file with any support request:\nnpm ERR!\n/Users/nobu/.meteor/packages/npm-bcrypt/.0.7.7.f9cvr9++os.osx.x86_64+web.browser+web.cordova/npm/node_modules/.temp-1h94ra8/npm-debug.log\n\n\n\n\nShirahama-no-MacBook-Pro:microscope nobu$ node-gyp rebuild\ngyp info it worked if it ends with ok\ngyp info using node-gyp@3.4.0\ngyp info using node@4.5.0 | darwin | x64\ngyp info spawn /usr/bin/python\ngyp info spawn args [ '/usr/local/lib/node_modules/node-gyp/gyp/gyp_main.py',\ngyp info spawn args   'binding.gyp',\ngyp info spawn args   '-f',\ngyp info spawn args   'make',\ngyp info spawn args   '-I',\ngyp info spawn args   '/Users/nobu/Documents/programs/microscope/build/config.gypi',\ngyp info spawn args   '-I',\ngyp info spawn args   '/usr/local/lib/node_modules/node-gyp/addon.gypi',\ngyp info spawn args   '-I',\ngyp info spawn args   '/Users/nobu/.node-gyp/4.5.0/include/node/common.gypi',\ngyp info spawn args   '-Dlibrary=shared_library',\ngyp info spawn args   '-Dvisibility=default',\ngyp info spawn args   '-Dnode_root_dir=/Users/nobu/.node-gyp/4.5.0',\ngyp info spawn args   '-Dnode_gyp_dir=/usr/local/lib/node_modules/node-gyp',\ngyp info spawn args   '-Dnode_lib_file=node.lib',\ngyp info spawn args   '-Dmodule_root_dir=/Users/nobu/Documents/programs/microscope',\ngyp info spawn args   '--depth=.',\ngyp info spawn args   '--no-parallel',\ngyp info spawn args   '--generator-output',\ngyp info spawn args   'build',\ngyp info spawn args   '-Goutput_dir=.' ]\ngyp: binding.gyp not found (cwd: /Users/nobu/Documents/programs/microscope) while trying to load binding.gyp\ngyp ERR! configure error\ngyp ERR! stack Error: `gyp` failed with exit code: 1\ngyp ERR! stack     at ChildProcess.onCpExit (/usr/local/lib/node_modules/node-gyp/lib/configure.js:305:16)\ngyp ERR! stack     at emitTwo (events.js:87:13)\ngyp ERR! stack     at ChildProcess.emit (events.js:172:7)\ngyp ERR! stack     at Process.ChildProcess._handle.onexit (internal/child_process.js:200:12)\ngyp ERR! System Darwin 15.6.0\ngyp ERR! command \"/Users/nobu/.nodebrew/node/v4.5.0/bin/node\" \"/usr/local/bin/node-gyp\" \"rebuild\"\ngyp ERR! cwd /Users/nobu/Documents/programs/microscope\ngyp ERR! node -v v4.5.0\ngyp ERR! node-gyp -v v3.4.0\ngyp ERR! not ok\n```\n", "tags": ["Meteor", "Node.js", "npm", "node-gyp", "Python"]}