{"context": " More than 1 year has passed since last update.\n\n\u524d\u63d0\n\n\n\n\u9805\u76ee\n\u8aac\u660e\n\n\n\n\nOS\nMacOSX 10.11.2\n\n\nRust\n1.5.0\n\n\n\u691c\u8a3c\u65e5\u6642\n2016.01.04\n\n\n\n\u30a8\u30e9\u30fc\u306e\u5185\u5bb9\u3068\u3057\u3066\u306f\u4ee5\u4e0b\u306e\u3088\u3046\u306a\u3082\u306e\u3002\n$ cargo build\n         :\n   Compiling openssl v0.7.4\n   Compiling openssl-sys-extras v0.7.4\n   Compiling uuid v0.1.18\n   Compiling num v0.1.29\nBuild failed, waiting for other jobs to finish...\nfailed to run custom build command for `openssl v0.7.4`\nProcess didn't exit successfully: `/Users/hattori/work/rust-snippets/access-http/target/debug/build/openssl-bade188098f75a08/build-script-build` (exit code: 101)\n--- stdout\nTARGET = Some(\"x86_64-apple-darwin\")\nOPT_LEVEL = Some(\"0\")\nPROFILE = Some(\"debug\")\nTARGET = Some(\"x86_64-apple-darwin\")\ndebug=true opt-level=0\nHOST = Some(\"x86_64-apple-darwin\")\nTARGET = Some(\"x86_64-apple-darwin\")\nTARGET = Some(\"x86_64-apple-darwin\")\nHOST = Some(\"x86_64-apple-darwin\")\nCC_x86_64-apple-darwin = None\nCC_x86_64_apple_darwin = None\nHOST_CC = None\nCC = None\nHOST = Some(\"x86_64-apple-darwin\")\nTARGET = Some(\"x86_64-apple-darwin\")\nHOST = Some(\"x86_64-apple-darwin\")\nCFLAGS_x86_64-apple-darwin = None\nCFLAGS_x86_64_apple_darwin = None\nHOST_CFLAGS = None\nCFLAGS = None\nrunning: \"cc\" \"-O0\" \"-ffunction-sections\" \"-fdata-sections\" \"-g\" \"-m64\" \"-fPIC\" \"-o\" \"/Users/hattori/work/rust-snippets/access-http/target/debug/build/openssl-bade188098f75a08/out/src/c_helpers.o\" \"-c\" \"src/c_helpers.c\"\nExitStatus(Code(1))\n\n\ncommand did not execute successfully, got: exit code: 1\n\n\n\n--- stderr\nsrc/c_helpers.c:1:10: fatal error: 'openssl/ssl.h' file not found\n#include <openssl/ssl.h>\n         ^\n1 error generated.\n\n\n\u5bfe\u51e6\u65b9\u6cd5\n\u4ee5\u4e0b\u3092\u5b9f\u884c\u5f8c\u306bcargo build\u3059\u308b\u3002\n$ export OPENSSL_INCLUDE_DIR=/usr/local/opt/openssl/include\n$ export DEP_OPENSSL_INCLUDE=/usr/local/opt/openssl/include\n\n## \u524d\u63d0\n| \u9805\u76ee | \u8aac\u660e |\n|----|-------------------------|\n| OS | MacOSX 10.11.2 |\n| Rust | 1.5.0 |\n| \u691c\u8a3c\u65e5\u6642 | 2016.01.04              |\n\n\u30a8\u30e9\u30fc\u306e\u5185\u5bb9\u3068\u3057\u3066\u306f\u4ee5\u4e0b\u306e\u3088\u3046\u306a\u3082\u306e\u3002\n\n```\n$ cargo build\n         :\n   Compiling openssl v0.7.4\n   Compiling openssl-sys-extras v0.7.4\n   Compiling uuid v0.1.18\n   Compiling num v0.1.29\nBuild failed, waiting for other jobs to finish...\nfailed to run custom build command for `openssl v0.7.4`\nProcess didn't exit successfully: `/Users/hattori/work/rust-snippets/access-http/target/debug/build/openssl-bade188098f75a08/build-script-build` (exit code: 101)\n--- stdout\nTARGET = Some(\"x86_64-apple-darwin\")\nOPT_LEVEL = Some(\"0\")\nPROFILE = Some(\"debug\")\nTARGET = Some(\"x86_64-apple-darwin\")\ndebug=true opt-level=0\nHOST = Some(\"x86_64-apple-darwin\")\nTARGET = Some(\"x86_64-apple-darwin\")\nTARGET = Some(\"x86_64-apple-darwin\")\nHOST = Some(\"x86_64-apple-darwin\")\nCC_x86_64-apple-darwin = None\nCC_x86_64_apple_darwin = None\nHOST_CC = None\nCC = None\nHOST = Some(\"x86_64-apple-darwin\")\nTARGET = Some(\"x86_64-apple-darwin\")\nHOST = Some(\"x86_64-apple-darwin\")\nCFLAGS_x86_64-apple-darwin = None\nCFLAGS_x86_64_apple_darwin = None\nHOST_CFLAGS = None\nCFLAGS = None\nrunning: \"cc\" \"-O0\" \"-ffunction-sections\" \"-fdata-sections\" \"-g\" \"-m64\" \"-fPIC\" \"-o\" \"/Users/hattori/work/rust-snippets/access-http/target/debug/build/openssl-bade188098f75a08/out/src/c_helpers.o\" \"-c\" \"src/c_helpers.c\"\nExitStatus(Code(1))\n\n\ncommand did not execute successfully, got: exit code: 1\n\n\n\n--- stderr\nsrc/c_helpers.c:1:10: fatal error: 'openssl/ssl.h' file not found\n#include <openssl/ssl.h>\n         ^\n1 error generated.\n```\n\n## \u5bfe\u51e6\u65b9\u6cd5\n\u4ee5\u4e0b\u3092\u5b9f\u884c\u5f8c\u306b`cargo build`\u3059\u308b\u3002\n\n```\n$ export OPENSSL_INCLUDE_DIR=/usr/local/opt/openssl/include\n$ export DEP_OPENSSL_INCLUDE=/usr/local/opt/openssl/include\n```\n\n", "tags": ["rust"]}