{"context": "\n\ncsv\u30d5\u30a1\u30a4\u30eb \u306e \u4e2d\u8eab\n\nDate,Name,Dept,Age,Location\n2015/02/03,'Ken Rodgers','Marketing',52,'Mexico'\n2015/05/02,'Tommy Tomioka','Accounting','Brazil'\n2015/04/01,'Shinguji Sakura','Teikoku Kagekidan', 'Tokyo'\n\n\n\nindex_col \u3092 \u6307\u5b9a\u3057\u306a\u3044 \u3067\u3000\u8aad\u307f\u8fbc\u3093\u3060\u5834\u5408\n\n\u884c\u30e9\u30d9\u30eb\u3068\u3057\u3066\u3001\u300c0, 1, 2, 3, 4, \u300d\u3068\u81ea\u7136\u6570 \u304c \u52dd\u624b\u306b\u3064\u3051\u3089\u308c\u308b\u3002\n\nPython 3.5.2\n>>> import pandas as pd\n>>> \n>>> sample_df = pd.read_csv(\"sample.csv\", sep=\",\")\n>>> sample_df\n         Date               Name                 Dept  Age  Location\n0  2015/02/03      'Ken Rodgers'          'Marketing'   52  'Mexico'\n1  2015/05/02    'Tommy Tomioka'         'Accounting'   29  'Brazil'\n2  2015/04/01  'Shinguji Sakura'  'Teikoku Kagekidan'   17   'Tokyo'\n>>> \n>>> sample_df.columns\nIndex(['Date', 'Name', 'Dept', 'Age', 'Location'], dtype='object')\n>>> \n>>> list(sample_df.columns)\n['Date', 'Name', 'Dept', 'Age', 'Location']\n>>> \n\n\n\n\u884c\u30e9\u30d9\u30eb\u3068\u3057\u3066\u3001\u300c0, 1, 2, 3, 4, \u300d\u3068\u81ea\u7136\u6570 \u304c \u52dd\u624b\u306b\u3064\u3051\u3089\u308c\u308b\u3002\n\n\nPython 3.5.2\n>>> sample_df.index\nRangeIndex(start=0, stop=3, step=1)\n>>> \n>>> list(sample_df.index)\n[0, 1, 2]\n>>> \n\n\n\nindex_col = '\u5217\u540d' \u3092 \u6307\u5b9a\u3057\u305f \u5834\u5408\n\n\nPython 3.5.2\n>>> sample_df_2 = pd.read_csv(\"sample.csv\", sep=\",\", index_col='Date')\n>>> sample_df_2\n                         Name                 Dept  Age  Location\nDate                                                             \n2015/02/03      'Ken Rodgers'          'Marketing'   52  'Mexico'\n2015/05/02    'Tommy Tomioka'         'Accounting'   29  'Brazil'\n2015/04/01  'Shinguji Sakura'  'Teikoku Kagekidan'   17   'Tokyo'\n>>>\n\n\n\n\u884c\u30e9\u30d9\u30eb\u306b\u6307\u5b9a\u3057\u305f\u5217\u306f\u3001\u5217\u540d \u3068\u306f \u8a8d\u8b58\u3055\u308c\u306a\u3044\n\n\nPython 3.5.2\n>>> sample_df_2.columns\nIndex(['Name', 'Dept', 'Age', 'Location'], dtype='object')\n>>> \n>>> list(sample_df_2.columns)\n['Name', 'Dept', 'Age', 'Location']\n>>>\n\n\n\n\u884c\u30e9\u30d9\u30eb\u306b\u6307\u5b9a\u3057\u305f\u5217 \u304c\u3001\u884c\u30e9\u30d9\u30eb\uff08index\uff09 \u3068\u3057\u3066 \u8a8d\u8b58\u3055\u308c\u3066\u3044\u308b\u3002\n\n\nPython 3.5.2\n>>> sample_df_2.index\nIndex(['2015/02/03', '2015/05/02', '2015/04/01'], dtype='object', name='Date')\n>>> \n>>> list(sample_df_2.index)\n['2015/02/03', '2015/05/02', '2015/04/01']\n>>> \n\n\n\nindex\u30e9\u30d9\u30eb \u3092 \u6307\u5b9a\u3057\u3066 \u30a2\u30af\u30bb\u30b9\n\n\nPython 3.5.2\n>>> sample_df_2.loc['2015/02/03']\nName        'Ken Rodgers'\nDept          'Marketing'\nAge                    52\nLocation         'Mexico'\nName: 2015/02/03, dtype: object\n>>> \n\n\n\nindex\u30e9\u30d9\u30eb \u3068 \u5217\u540d \u3092 \u6307\u5b9a\u3057\u3066 \u30a2\u30af\u30bb\u30b9\n\n\nPython 3.5.2\n>>> sample_df_2.loc[['2015/02/03', '2015/04/01']]\n                         Name                 Dept  Age  Location\nDate                                                             \n2015/02/03      'Ken Rodgers'          'Marketing'   52  'Mexico'\n2015/04/01  'Shinguji Sakura'  'Teikoku Kagekidan'   17   'Tokyo'\n>>>\n\n\n\nPython 3.5.2\n>>> sample_df_2.loc[['2015/02/03', '2015/04/01'], :]\n                         Name                 Dept  Age  Location\nDate                                                             \n2015/02/03      'Ken Rodgers'          'Marketing'   52  'Mexico'\n2015/04/01  'Shinguji Sakura'  'Teikoku Kagekidan'   17   'Tokyo'\n>>>\n\n\n\nPython 3.5.2\n>>> sample_df_2.loc[['2015/02/03', '2015/04/01'], ['Name', 'Age']]\n                         Name  Age\nDate                              \n2015/02/03      'Ken Rodgers'   52\n2015/04/01  'Shinguji Sakura'   17\n>>>  \n\n\n\nindex_col = \u5217\u756a\u5730\u756a\u53f7 \u3067\u3082 \u6307\u5b9a \u3067\u304d\u308b\n\n\nPython 3.5.2\n>>> sample_df_3 = pd.read_csv(\"sample.csv\", sep=\",\", index_col=0)\n>>> sample_df_3\n                         Name                 Dept  Age  Location\nDate                                                             \n2015/02/03      'Ken Rodgers'          'Marketing'   52  'Mexico'\n2015/05/02    'Tommy Tomioka'         'Accounting'   29  'Brazil'\n2015/04/01  'Shinguji Sakura'  'Teikoku Kagekidan'   17   'Tokyo'\n>>> \n>>> sample_df_3.columns\nIndex(['Name', 'Dept', 'Age', 'Location'], dtype='object')\n>>> \n>>> list(sample_df_3.columns)\n['Name', 'Dept', 'Age', 'Location']\n>>> \n>>> sample_df_3.index\nIndex(['2015/02/03', '2015/05/02', '2015/04/01'], dtype='object', name='Date')\n>>> \n>>> list(sample_df_3.index)\n['2015/02/03', '2015/05/02', '2015/04/01']\n>>> \n\n\n\n\u4efb\u610f\u306e\u5217\u756a\u5730 \u3092 \u884c\u30e9\u30d9\u30eb \u306b \u6307\u5b9a \u3067\u304d\u308b\n\n\nPython 3.5.2\n>>> sample_df_4 = pd.read_csv(\"sample.csv\", sep=\",\", index_col=4)\n>>> sample_df_4\n                Date               Name                 Dept  Age\nLocation                                                         \n'Mexico'  2015/02/03      'Ken Rodgers'          'Marketing'   52\n'Brazil'  2015/05/02    'Tommy Tomioka'         'Accounting'   29\n'Tokyo'   2015/04/01  'Shinguji Sakura'  'Teikoku Kagekidan'   17\n>>> \n>>> sample_df_4.columns\nIndex(['Date', 'Name', 'Dept', 'Age'], dtype='object')\n>>> \n>>> list(sample_df_4.columns)\n['Date', 'Name', 'Dept', 'Age']\n>>> \n>>> sample_df_4.index\nIndex([''Mexico'', ''Brazil'', ''Tokyo''], dtype='object', name='Location')\n>>> \n>>> list(sample_df_4.index)\n[\"'Mexico'\", \"'Brazil'\", \"'Tokyo'\"]\n>>> \n\n\n\n\u884c\u30e9\u30d9\u30eb\u540d \u3068\u3057\u3066 \u4f7f\u3046 \u5217 \u3092 \u5217\u540d \u3067 \u6307\u5b9a\u3059\u308b \u3068\u304d\u3082\u3001\u4efb\u610f\u306e\u5217\u540d \u3092 \u6307\u5b9a\u3067\u304d\u308b\n\n\nPython 3.5.2\n>>> sample_df_5 = pd.read_csv(\"sample.csv\", sep=\",\", index_col='Location')\n>>> sample_df_5\n                Date               Name                 Dept  Age\nLocation                                                         \n'Mexico'  2015/02/03      'Ken Rodgers'          'Marketing'   52\n'Brazil'  2015/05/02    'Tommy Tomioka'         'Accounting'   29\n'Tokyo'   2015/04/01  'Shinguji Sakura'  'Teikoku Kagekidan'   17\n>>> \n>>> sample_df_5.columns\nIndex(['Date', 'Name', 'Dept', 'Age'], dtype='object')\n>>> \n>>> list(sample_df_5.columns)\n['Date', 'Name', 'Dept', 'Age']\n>>> \n>>> sample_df_5.index\nIndex([''Mexico'', ''Brazil'', ''Tokyo''], dtype='object', name='Location')\n>>> \n>>> list(sample_df_5.index)\n[\"'Mexico'\", \"'Brazil'\", \"'Tokyo'\"]\n>>> \n\n\n\n\u884c\u30e9\u30d9\u30eb\uff08index\uff09 \u306b \u6307\u5b9a\u3059\u308b \u5217\u306f\u3001\u5024\u304c\u4e00\u610f \u3067 \u306a\u304f\u3066\u3082\uff08\u91cd\u8907\u3057\u3066\u51fa\u73fe\u3059\u308b\u5024\u304c\u3042\u308b\u5217\u3067\u3082\uff09\u69cb\u308f\u306a\u3044\n\n\nMacBook Terminal\nHirofumiYashima-no-MacBook:Desktop hirofumiyashima$ cp sample.csv sample_2.csv\nHirofumiYashima-no-MacBook:Desktop hirofumiyashima$ emacs sample_2.csv\nHirofumiYashima-no-MacBook:Desktop hirofumiyashima$ \n\n\n\n'Location'\u5217 \u306b\u306f\u3001'Tokyo' \u304c 2\u56de\u3001\u51fa\u73fe\u3059\u308b\n\n\n\uff08 \u884c\u30e9\u30d9\u30eb\uff08index\uff09 \u306b \u3059\u308b \u5217 \u3092 \u5217\u540d \u3067 \u6307\u5b9a\uff09\n\nPython 3.5.2\n>>> sample_df_6 = pd.read_csv(\"sample_2.csv\", sep=\",\", index_col='Location')\n>>> sample_df_6\n                Date               Name                 Dept  Age\nLocation                                                         \n'Mexico'  2015/02/03      'Ken Rodgers'          'Marketing'   52\n'Tokyo'   2015/05/02    'Tommy Tomioka'         'Accounting'   29\n'Tokyo'   2015/04/01  'Shinguji Sakura'  'Teikoku Kagekidan'   17\n>>> \n>>> sample_df_6.columns\nIndex(['Date', 'Name', 'Dept', 'Age'], dtype='object')\n>>> \n>>> list(sample_df_6.columns)\n['Date', 'Name', 'Dept', 'Age']\n>>> \n>>> sample_df_6.index\nIndex([''Mexico'', ''Tokyo'', ''Tokyo''], dtype='object', name='Location')\n>>> \n>>> list(sample_df_6.index)\n[\"'Mexico'\", \"'Tokyo'\", \"'Tokyo'\"]\n>>>\n\n\n\n\u305f\u3060\u3057\u3001index\u30e9\u30d9\u30eb \u3092 \u6307\u5b9a\u3057\u3066 \u30a2\u30af\u30bb\u30b9\u3067\u304d\u306a\u3044\u3002\n\n\n\u4ee5\u4e0b \u3067\u306f\u3001\u30a2\u30af\u30bb\u30b9\u3067\u304d\u305f\u3002\n\nHirofumiYashima Qiita\u8a18\u4e8b \u300cPython Pandas Tips \u301c \u91cd\u8907\u3059\u308b\u5024\u3092\u8907\u6570 \u6301\u3064 \u300c\u4e00\u610f\u3067\u306a\u3044\u300d\u5217 \u3082\u3001\u884c\u30e9\u30d9\u30eb\uff08 Index \uff09\u306b \u8a2d\u5b9a\u3059\u308b\u3053\u3068 \u304c \u3067\u304d\u308b\u300d\n\n\n\nPython 3.5.2\n>>> sample_df_6.loc['Mexico']\nTraceback (most recent call last):\n  File \"/Users/hirofumiyashima/.pyenv/versions/3.5.2/lib/python3.5/site-packages/pandas/core/indexing.py\", line 1395, in _has_valid_type\n    error()\n  File \"/Users/hirofumiyashima/.pyenv/versions/3.5.2/lib/python3.5/site-packages/pandas/core/indexing.py\", line 1390, in error\n    (key, self.obj._get_axis_name(axis)))\nKeyError: 'the label [Mexico] is not in the [index]'\n\nDuring handling of the above exception, another exception occurred:\n\nTraceback (most recent call last):\n  File \"<stdin>\", line 1, in <module>\n  File \"/Users/hirofumiyashima/.pyenv/versions/3.5.2/lib/python3.5/site-packages/pandas/core/indexing.py\", line 1296, in __getitem__\n    return self._getitem_axis(key, axis=0)\n  File \"/Users/hirofumiyashima/.pyenv/versions/3.5.2/lib/python3.5/site-packages/pandas/core/indexing.py\", line 1466, in _getitem_axis\n    self._has_valid_type(key, axis)\n  File \"/Users/hirofumiyashima/.pyenv/versions/3.5.2/lib/python3.5/site-packages/pandas/core/indexing.py\", line 1403, in _has_valid_type\n    error()\n  File \"/Users/hirofumiyashima/.pyenv/versions/3.5.2/lib/python3.5/site-packages/pandas/core/indexing.py\", line 1390, in error\n    (key, self.obj._get_axis_name(axis)))\nKeyError: 'the label [Mexico] is not in the [index]'\n>>> \n\n\n\nPython 3.5.2\n>>> sample_df_6.loc['Tokyo']\nTraceback (most recent call last):\n  File \"/Users/hirofumiyashima/.pyenv/versions/3.5.2/lib/python3.5/site-packages/pandas/core/indexing.py\", line 1395, in _has_valid_type\n    error()\n  File \"/Users/hirofumiyashima/.pyenv/versions/3.5.2/lib/python3.5/site-packages/pandas/core/indexing.py\", line 1390, in error\n    (key, self.obj._get_axis_name(axis)))\nKeyError: 'the label [Tokyo] is not in the [index]'\n\nDuring handling of the above exception, another exception occurred:\n\nTraceback (most recent call last):\n  File \"<stdin>\", line 1, in <module>\n  File \"/Users/hirofumiyashima/.pyenv/versions/3.5.2/lib/python3.5/site-packages/pandas/core/indexing.py\", line 1296, in __getitem__\n    return self._getitem_axis(key, axis=0)\n  File \"/Users/hirofumiyashima/.pyenv/versions/3.5.2/lib/python3.5/site-packages/pandas/core/indexing.py\", line 1466, in _getitem_axis\n    self._has_valid_type(key, axis)\n  File \"/Users/hirofumiyashima/.pyenv/versions/3.5.2/lib/python3.5/site-packages/pandas/core/indexing.py\", line 1403, in _has_valid_type\n    error()\n  File \"/Users/hirofumiyashima/.pyenv/versions/3.5.2/lib/python3.5/site-packages/pandas/core/indexing.py\", line 1390, in error\n    (key, self.obj._get_axis_name(axis)))\nKeyError: 'the label [Tokyo] is not in the [index]'\n>>> \n\n\n\nPython 3.5.2\n>>> sample_df_6.index\nIndex([''Mexico'', ''Tokyo'', ''Tokyo''], dtype='object', name='Location')\n>>> \n>>> sample_df_6.loc[''Mexico'']\n  File \"<stdin>\", line 1\n    sample_df_6.loc[''Mexico'']\n                           ^\nSyntaxError: invalid syntax\n>>> \n>>> sample_df_6.loc[''Tokyo'']\n  File \"<stdin>\", line 1\n    sample_df_6.loc[''Tokyo'']\n                          ^\nSyntaxError: invalid syntax\n>>> \n\n\n\nix\u306a\u3089\u3001\u884c\u756a\u53f7\u6307\u5b9a\u3067\u304d\u308b\uff08\u884c\u30e9\u30d9\u30eb \u306f \u3067\u304d\u306a\u3044\uff09\n\n\nix\u306a\u3089\u3001\u884c\u756a\u53f7\u6307\u5b9a\u3067\u304d\u308b\n\n\nPython 3.5.2\n>>> sample_df.ix[1, 2:3]\nLocation    'Brazil'\nName: ('Tommy Tomioka', 'Accounting'), dtype: object\n>>> \n\n\n\nix \u3067\u3082\u3001\u884c\u30e9\u30d9\u30eb \u306f \u30a8\u30e9\u30fc\n\n\nPython 3.5.2\n>>> sample_df.ix['Tokyo',:]\nTraceback (most recent call last):\n  File \"/Users/hirofumiyashima/.pyenv/versions/3.5.2/lib/python3.5/site-packages/pandas/indexes/base.py\", line 1945, in get_loc\n    return self._engine.get_loc(key)\n  File \"pandas/index.pyx\", line 137, in pandas.index.IndexEngine.get_loc (pandas/index.c:4154)\n  File \"pandas/index.pyx\", line 159, in pandas.index.IndexEngine.get_loc (pandas/index.c:4018)\n  File \"pandas/hashtable.pyx\", line 675, in pandas.hashtable.PyObjectHashTable.get_item (pandas/hashtable.c:12368)\n  File \"pandas/hashtable.pyx\", line 683, in pandas.hashtable.PyObjectHashTable.get_item (pandas/hashtable.c:12322)\nKeyError: 'Tokyo'\n\nDuring handling of the above exception, another exception occurred:\n\nTraceback (most recent call last):\n  File \"<stdin>\", line 1, in <module>\n  File \"/Users/hirofumiyashima/.pyenv/versions/3.5.2/lib/python3.5/site-packages/pandas/core/indexing.py\", line 75, in __getitem__\n    return self._getitem_tuple(key)\n  File \"/Users/hirofumiyashima/.pyenv/versions/3.5.2/lib/python3.5/site-packages/pandas/core/indexing.py\", line 784, in _getitem_tuple\n    return self._getitem_lowerdim(tup)\n  File \"/Users/hirofumiyashima/.pyenv/versions/3.5.2/lib/python3.5/site-packages/pandas/core/indexing.py\", line 891, in _getitem_lowerdim\n    return self._getitem_nested_tuple(tup)\n  File \"/Users/hirofumiyashima/.pyenv/versions/3.5.2/lib/python3.5/site-packages/pandas/core/indexing.py\", line 964, in _getitem_nested_tuple\n    obj = getattr(obj, self.name)._getitem_axis(key, axis=axis)\n  File \"/Users/hirofumiyashima/.pyenv/versions/3.5.2/lib/python3.5/site-packages/pandas/core/indexing.py\", line 1018, in _getitem_axis\n    return self._get_label(key, axis=axis)\n  File \"/Users/hirofumiyashima/.pyenv/versions/3.5.2/lib/python3.5/site-packages/pandas/core/indexing.py\", line 93, in _get_label\n    return self.obj._xs(label, axis=axis)\n  File \"/Users/hirofumiyashima/.pyenv/versions/3.5.2/lib/python3.5/site-packages/pandas/core/generic.py\", line 1747, in xs\n    drop_level=drop_level)\n  File \"/Users/hirofumiyashima/.pyenv/versions/3.5.2/lib/python3.5/site-packages/pandas/indexes/multi.py\", line 1731, in get_loc_level\n    indexer = self._get_level_indexer(key, level=level)\n  File \"/Users/hirofumiyashima/.pyenv/versions/3.5.2/lib/python3.5/site-packages/pandas/indexes/multi.py\", line 1810, in _get_level_indexer\n    loc = level_index.get_loc(key)\n  File \"/Users/hirofumiyashima/.pyenv/versions/3.5.2/lib/python3.5/site-packages/pandas/indexes/base.py\", line 1947, in get_loc\n    return self._engine.get_loc(self._maybe_cast_indexer(key))\n  File \"pandas/index.pyx\", line 137, in pandas.index.IndexEngine.get_loc (pandas/index.c:4154)\n  File \"pandas/index.pyx\", line 159, in pandas.index.IndexEngine.get_loc (pandas/index.c:4018)\n  File \"pandas/hashtable.pyx\", line 675, in pandas.hashtable.PyObjectHashTable.get_item (pandas/hashtable.c:12368)\n  File \"pandas/hashtable.pyx\", line 683, in pandas.hashtable.PyObjectHashTable.get_item (pandas/hashtable.c:12322)\nKeyError: 'Tokyo'\n>>> \n\n\n\n\uff08 \u884c\u30e9\u30d9\u30eb\uff08index\uff09 \u306b \u3059\u308b \u5217 \u3092 \u5217\u756a\u5730 \u3067 \u6307\u5b9a\uff09\n\nPython 3.5.2\n>>> sample_df_7 = pd.read_csv(\"sample_2.csv\", sep=\",\", index_col=4)\n>>> sample_df_7\n                Date               Name                 Dept  Age\nLocation                                                         \n'Mexico'  2015/02/03      'Ken Rodgers'          'Marketing'   52\n'Tokyo'   2015/05/02    'Tommy Tomioka'         'Accounting'   29\n'Tokyo'   2015/04/01  'Shinguji Sakura'  'Teikoku Kagekidan'   17\n>>> \n>>> sample_df_7.columns\nIndex(['Date', 'Name', 'Dept', 'Age'], dtype='object')\n>>> \n>>> list(sample_df_7.columns)\n['Date', 'Name', 'Dept', 'Age']\n>>> \n>>> sample_df_7.index\nIndex([''Mexico'', ''Tokyo'', ''Tokyo''], dtype='object', name='Location')\n>>> \n>>> list(sample_df_7.index)\n[\"'Mexico'\", \"'Tokyo'\", \"'Tokyo'\"]\n>>>  \n\n\n\n\u5217\u540d\u30e9\u30d9\u30eb\u304c\u672a\u5b9a\u7fa9 \u306e csv \u3092 \u8aad\u307f\u8fbc\u3093\u3060\u5834\u5408\n\n\uff08 \u65e5\u4ed8\u5217\u306e\u307f\u3001\u30e9\u30d9\u30eb\u304c\u6b20\u843d\u3057\u3066\u3044\u308b\u3002 \uff09\n,Name,Dept,Age,Location\n2015/02/03,'Ken Rodgers','Marketing',52,'Mexico'\n2015/05/02,'Tommy Tomioka','Accounting',29,'Tokyo'\n2015/04/01,'Shinguji Sakura','Teikoku Kagekidan',17,'Tokyo'\n\n\n\nPython 3.5.2\nHirofumiYashima-no-MacBook:Desktop hirofumiyashima$ cp sample_2.csv sample_3.csv\nHirofumiYashima-no-MacBook:Desktop hirofumiyashima$ emacs sample_3.csv\n\n\n\n\u5217\u540d\u304c\u3001\"Unnamed: 0\" \u3068 \u52dd\u624b\u306b\u3064\u3051\u3089\u308c\u308b\n\n\nPython 3.5.2\n>>> import pandas as pd\n>>> \n>>> sample_df_8 = pd.read_csv(\"sample_3.csv\", sep=\",\")\n>>> sample_df_8\n   Unnamed: 0               Name                 Dept  Age  Location\n0  2015/02/03      'Ken Rodgers'          'Marketing'   52  'Mexico'\n1  2015/05/02    'Tommy Tomioka'         'Accounting'   29   'Tokyo'\n2  2015/04/01  'Shinguji Sakura'  'Teikoku Kagekidan'   17   'Tokyo'\n>>>\n\n\n\n\u8aad\u307f\u8fbc\u307f\u524d\u306f\u3001csv \u306b \u5217\u540d \"Unnamed: 0\" \u306f\u307e\u3060\u306a\u3044\u306f\u305a\u3060\u304c\u3001index_col \u306b \u6307\u5b9a\u3067\u304d\u308b\u3002\n\n\nPython 3.5.2\n>>> sample_df_9 = pd.read_csv(\"sample_3.csv\", sep=\",\", index_col='Unnamed: 0')\n>>> sample_df_9\n                         Name                 Dept  Age  Location\n2015/02/03      'Ken Rodgers'          'Marketing'   52  'Mexico'\n2015/05/02    'Tommy Tomioka'         'Accounting'   29   'Tokyo'\n2015/04/01  'Shinguji Sakura'  'Teikoku Kagekidan'   17   'Tokyo'\n>>> \n>>> sample_df_9.columns\nIndex(['Name', 'Dept', 'Age', 'Location'], dtype='object')\n>>> \n>>> sample_df_9.index\nIndex(['2015/02/03', '2015/05/02', '2015/04/01'], dtype='object')\n>>> \n>>> list(sample_df_9.index)\n['2015/02/03', '2015/05/02', '2015/04/01']\n>>> \n\n\n\n\u3082\u3061\u308d\u3093\u3001\u5217\u756a\u5730 \u3067\u3082 \u6307\u5b9a\u3067\u304d\u308b\u3002\n\n\nPython 3.5.2\n>>> sample_df_10 = pd.read_csv(\"sample_3.csv\", sep=\",\", index_col=0)\n>>> sample_df_10\n                         Name                 Dept  Age  Location\n2015/02/03      'Ken Rodgers'          'Marketing'   52  'Mexico'\n2015/05/02    'Tommy Tomioka'         'Accounting'   29   'Tokyo'\n2015/04/01  'Shinguji Sakura'  'Teikoku Kagekidan'   17   'Tokyo'\n>>> \n>>> sample_df_10.columns\nIndex(['Name', 'Dept', 'Age', 'Location'], dtype='object')\n>>> \n>>> sample_df_10.index\nIndex(['2015/02/03', '2015/05/02', '2015/04/01'], dtype='object')\n>>> \n\n\n\ncsv \u306b \u5217\u540d\u66f8\u304d\u6f0f\u308c \u304c \u8907\u6570\u3042\u308b\u3068\u304d\n\n\nPython 3.5.2\nHirofumiYashima-no-MacBook:Desktop hirofumiyashima$ cp sample_3.csv sample_4.csv\nHirofumiYashima-no-MacBook:Desktop hirofumiyashima$ emacs sample_4.csv\n\n\n,,Dept,,\n2015/02/03,'Ken Rodgers','Marketing',52,'Mexico'\n2015/05/02,'Tommy Tomioka','Accounting',29,'Tokyo'\n2015/04/01,'Shinguji Sakura','Teikoku Kagekidan',17,'Tokyo'\n\n\n\u629c\u3051\u3066\u3044\u308b\u5217\u540d\u306b\u3001\u5168\u3066 \"Unnamed: \u81ea\u7136\u6570\u306e\u9023\u756a\" \u304c \u5272\u308a\u632f\u3089\u308c\u308b\u3002\n\nPython 3.5.2\n>>> sample_df_11 = pd.read_csv(\"sample_4.csv\", sep=\",\")\n>>> \n>>> sample_df_11\n   Unnamed: 0         Unnamed: 1                 Dept  Unnamed: 3 Unnamed: 4\n0  2015/02/03      'Ken Rodgers'          'Marketing'          52   'Mexico'\n1  2015/05/02    'Tommy Tomioka'         'Accounting'          29    'Tokyo'\n2  2015/04/01  'Shinguji Sakura'  'Teikoku Kagekidan'          17    'Tokyo'\n>>> \n>>> sample_f_11.columns\nIndex(['Unnamed: 0', 'Unnamed: 1', 'Dept', 'Unnamed: 3', 'Unnamed: 4'], dtype='object')\n>>> \n>>> list(sample_f_11.columns)\n['Unnamed: 0', 'Unnamed: 1', 'Dept', 'Unnamed: 3', 'Unnamed: 4']\n>>> \n>>> sample_df_11.index\nRangeIndex(start=0, stop=3, step=1)\n>>> \n>>> list(sample_df_11.index)\n[0, 1, 2]\n>>> \n\n\n\nPython 3.5.2\n>>> sample_df_12 = pd.read_csv(\"sample_4.csv\", sep=\",\", index_col='Unnamed: 3')\n>>> sample_df_12\n    Unnamed: 0         Unnamed: 1                 Dept Unnamed: 4\n52  2015/02/03      'Ken Rodgers'          'Marketing'   'Mexico'\n29  2015/05/02    'Tommy Tomioka'         'Accounting'    'Tokyo'\n17  2015/04/01  'Shinguji Sakura'  'Teikoku Kagekidan'    'Tokyo'\n>>> \n>>> sample_df_12.index\nInt64Index([52, 29, 17], dtype='int64')\n>>> \n>>> list(sample_df_12.index)\n[52, 29, 17]\n>>> \n>>> sample_df_12.columns\nIndex(['Unnamed: 0', 'Unnamed: 1', 'Dept', 'Unnamed: 4'], dtype='object')\n>>> \n>>> list(sample_df_12.columns)\n['Unnamed: 0', 'Unnamed: 1', 'Dept', 'Unnamed: 4']\n>>> \n\n\n\n.loc \u306b \u884c\u30e9\u30d9\u30eb\u540d \u3068 \u5217\u540d \u3092 \u6307\u5b9a\u3057\u3066 \u30a2\u30af\u30bb\u30b9\u3067\u304d\u308b\n\n\nPython 3.5.2\n>>> sample_df_12.loc[52]\nUnnamed: 0       2015/02/03\nUnnamed: 1    'Ken Rodgers'\nDept            'Marketing'\nUnnamed: 4         'Mexico'\nName: 52, dtype: object\n>>>\n\n\n{python:Python 3.5.2}\n\n\n\nsample_df_12.loc[29]\nUnnamed: 0         2015/05/02\nUnnamed: 1    'Tommy Tomioka'\nDept             'Accounting'\nUnnamed: 4            'Tokyo'\nName: 29, dtype: object\n\n\n\n\n\nPython 3.5.2\n>>> sample_df_12.loc[29, 'Dept']              \n\"'Accounting'\"\n>>> \n\n\n\n\u5217\u540d \u3092 \u8907\u6570\u6307\u5b9a\n\n\nPython 3.5.2\n>>> sample_df_12.loc[29, ['Dept', 'Unnamed: 4']]\nDept          'Accounting'\nUnnamed: 4         'Tokyo'\nName: 29, dtype: object\n>>> \n\n\n\n\u884c\u30e9\u30d9\u30eb \u3092 \u8907\u6570\u6307\u5b9a\n\n\nPython 3.5.2\n>>> sample_df_12.loc[[52, 17]]\n    Unnamed: 0         Unnamed: 1                 Dept Unnamed: 4\n52  2015/02/03      'Ken Rodgers'          'Marketing'   'Mexico'\n17  2015/04/01  'Shinguji Sakura'  'Teikoku Kagekidan'    'Tokyo'\n>>> \n\n\n\n\u884c\u30e9\u30d9\u30eb \u3068 \u5217\u30e9\u30d9\u30eb \u3092 \u8907\u6570\u6307\u5b9a\n\n\nPython 3.5.2\n>>> sample_df_12.loc[[52, 17], ['Dept', 'Unnamed: 1', 'Unnamed: 4']] \n                   Dept         Unnamed: 1 Unnamed: 4\n52          'Marketing'      'Ken Rodgers'   'Mexico'\n17  'Teikoku Kagekidan'  'Shinguji Sakura'    'Tokyo'\n>>> \n\n\n\n\u5b58\u5728\u3057\u306a\u3044\u884c\u30e9\u30d9\u30eb \u3092 \u6307\u5b9a\u3059\u308b \u3068 NaN \u304c \u8fd4\u308b\u3002\n\n\nPython 3.5.2\n>>> sample_df_12.loc[[52, 19]]\n    Unnamed: 0     Unnamed: 1         Dept Unnamed: 4\n52  2015/02/03  'Ken Rodgers'  'Marketing'   'Mexico'\n19         NaN            NaN          NaN        NaN\n>>> \n\n\n\n\u5b58\u5728\u3057\u306a\u3044\u5217\u30e9\u30d9\u30eb \u3092 \u6307\u5b9a\u3059\u308b \u3068 NaN \u304c \u8fd4\u308b\u3002\n\n\nPython 3.5.2\n>>> sample_df_12.loc[29, ['Dept', 'Company']]\nDept       'Accounting'\nCompany             NaN\nName: 29, dtype: object\n>>> \n\n\n\nindex\u884c\u30e9\u30d9\u30eb\u540d \u3092 \u5217\u756a\u5730 \u3067 \u6307\u5b9a\n\n\nPython 3.5.2\n>>> sample_df_13 = pd.read_csv(\"sample_4.csv\", sep=\",\", index_col=3)\n>>> sample_df_13\n    Unnamed: 0         Unnamed: 1                 Dept Unnamed: 4\n52  2015/02/03      'Ken Rodgers'          'Marketing'   'Mexico'\n29  2015/05/02    'Tommy Tomioka'         'Accounting'    'Tokyo'\n17  2015/04/01  'Shinguji Sakura'  'Teikoku Kagekidan'    'Tokyo'\n>>> \n>>> sample_df_13.index\nInt64Index([52, 29, 17], dtype='int64')\n>>> \n>>> list(sample_df_13.index)\n[52, 29, 17]\n>>> \n>>> sample_df_13.columns\nIndex(['Unnamed: 0', 'Unnamed: 1', 'Dept', 'Unnamed: 4'], dtype='object')\n>>> \n>>> list(sample_df_13.columns)\n['Unnamed: 0', 'Unnamed: 1', 'Dept', 'Unnamed: 4']\n>>>  \n\n\n####__csv\u30d5\u30a1\u30a4\u30eb \u306e \u4e2d\u8eab__\n\n```\nDate,Name,Dept,Age,Location\n2015/02/03,'Ken Rodgers','Marketing',52,'Mexico'\n2015/05/02,'Tommy Tomioka','Accounting','Brazil'\n2015/04/01,'Shinguji Sakura','Teikoku Kagekidan', 'Tokyo'\n```\n\n<img width=\"896\" alt=\"\u30b9\u30af\u30ea\u30fc\u30f3\u30b7\u30e7\u30c3\u30c8 2017-02-13 19.27.21.png\" src=\"https://qiita-image-store.s3.amazonaws.com/0/43487/5f2becc7-24c6-03c4-3ada-ceb79e0054fa.png\">\n\n\n####__index_col \u3092 \u6307\u5b9a\u3057\u306a\u3044 \u3067\u3000\u8aad\u307f\u8fbc\u3093\u3060\u5834\u5408__\n\n__\u884c\u30e9\u30d9\u30eb\u3068\u3057\u3066\u3001\u300c0, 1, 2, 3, 4, \u300d\u3068\u81ea\u7136\u6570 \u304c \u52dd\u624b\u306b\u3064\u3051\u3089\u308c\u308b\u3002__\n\n```{python:Python 3.5.2}\n>>> import pandas as pd\n>>> \n>>> sample_df = pd.read_csv(\"sample.csv\", sep=\",\")\n>>> sample_df\n         Date               Name                 Dept  Age  Location\n0  2015/02/03      'Ken Rodgers'          'Marketing'   52  'Mexico'\n1  2015/05/02    'Tommy Tomioka'         'Accounting'   29  'Brazil'\n2  2015/04/01  'Shinguji Sakura'  'Teikoku Kagekidan'   17   'Tokyo'\n>>> \n>>> sample_df.columns\nIndex(['Date', 'Name', 'Dept', 'Age', 'Location'], dtype='object')\n>>> \n>>> list(sample_df.columns)\n['Date', 'Name', 'Dept', 'Age', 'Location']\n>>> \n```\n\n* __\u884c\u30e9\u30d9\u30eb\u3068\u3057\u3066\u3001\u300c0, 1, 2, 3, 4, \u300d\u3068\u81ea\u7136\u6570 \u304c \u52dd\u624b\u306b\u3064\u3051\u3089\u308c\u308b\u3002__\n\n```{python:Python 3.5.2} \n>>> sample_df.index\nRangeIndex(start=0, stop=3, step=1)\n>>> \n>>> list(sample_df.index)\n[0, 1, 2]\n>>> \n```\n\n\n####__index_col = '\u5217\u540d' \u3092 \u6307\u5b9a\u3057\u305f \u5834\u5408__\n\n```{python:Python 3.5.2}\n>>> sample_df_2 = pd.read_csv(\"sample.csv\", sep=\",\", index_col='Date')\n>>> sample_df_2\n                         Name                 Dept  Age  Location\nDate                                                             \n2015/02/03      'Ken Rodgers'          'Marketing'   52  'Mexico'\n2015/05/02    'Tommy Tomioka'         'Accounting'   29  'Brazil'\n2015/04/01  'Shinguji Sakura'  'Teikoku Kagekidan'   17   'Tokyo'\n>>>\n```\n\n* \u884c\u30e9\u30d9\u30eb\u306b\u6307\u5b9a\u3057\u305f\u5217\u306f\u3001\u5217\u540d \u3068\u306f \u8a8d\u8b58\u3055\u308c\u306a\u3044\n\n```{python:Python 3.5.2}\n>>> sample_df_2.columns\nIndex(['Name', 'Dept', 'Age', 'Location'], dtype='object')\n>>> \n>>> list(sample_df_2.columns)\n['Name', 'Dept', 'Age', 'Location']\n>>>\n```\n\n* \u884c\u30e9\u30d9\u30eb\u306b\u6307\u5b9a\u3057\u305f\u5217 \u304c\u3001\u884c\u30e9\u30d9\u30eb\uff08index\uff09 \u3068\u3057\u3066 \u8a8d\u8b58\u3055\u308c\u3066\u3044\u308b\u3002\n\n```{python:Python 3.5.2}\n>>> sample_df_2.index\nIndex(['2015/02/03', '2015/05/02', '2015/04/01'], dtype='object', name='Date')\n>>> \n>>> list(sample_df_2.index)\n['2015/02/03', '2015/05/02', '2015/04/01']\n>>> \n```\n\n####__index\u30e9\u30d9\u30eb \u3092 \u6307\u5b9a\u3057\u3066 \u30a2\u30af\u30bb\u30b9__\n\n```{python:Python 3.5.2}\n>>> sample_df_2.loc['2015/02/03']\nName        'Ken Rodgers'\nDept          'Marketing'\nAge                    52\nLocation         'Mexico'\nName: 2015/02/03, dtype: object\n>>> \n```\n\n####__index\u30e9\u30d9\u30eb \u3068 \u5217\u540d \u3092 \u6307\u5b9a\u3057\u3066 \u30a2\u30af\u30bb\u30b9__\n\n```{python:Python 3.5.2}\n>>> sample_df_2.loc[['2015/02/03', '2015/04/01']]\n                         Name                 Dept  Age  Location\nDate                                                             \n2015/02/03      'Ken Rodgers'          'Marketing'   52  'Mexico'\n2015/04/01  'Shinguji Sakura'  'Teikoku Kagekidan'   17   'Tokyo'\n>>>\n```\n\n```{python:Python 3.5.2}\n>>> sample_df_2.loc[['2015/02/03', '2015/04/01'], :]\n                         Name                 Dept  Age  Location\nDate                                                             \n2015/02/03      'Ken Rodgers'          'Marketing'   52  'Mexico'\n2015/04/01  'Shinguji Sakura'  'Teikoku Kagekidan'   17   'Tokyo'\n>>>\n```\n\n```{python:Python 3.5.2} \n>>> sample_df_2.loc[['2015/02/03', '2015/04/01'], ['Name', 'Age']]\n                         Name  Age\nDate                              \n2015/02/03      'Ken Rodgers'   52\n2015/04/01  'Shinguji Sakura'   17\n>>>  \n```\n\n\n####__index_col = \u5217\u756a\u5730\u756a\u53f7 \u3067\u3082 \u6307\u5b9a \u3067\u304d\u308b__\n\n```{python:Python 3.5.2}\n>>> sample_df_3 = pd.read_csv(\"sample.csv\", sep=\",\", index_col=0)\n>>> sample_df_3\n                         Name                 Dept  Age  Location\nDate                                                             \n2015/02/03      'Ken Rodgers'          'Marketing'   52  'Mexico'\n2015/05/02    'Tommy Tomioka'         'Accounting'   29  'Brazil'\n2015/04/01  'Shinguji Sakura'  'Teikoku Kagekidan'   17   'Tokyo'\n>>> \n>>> sample_df_3.columns\nIndex(['Name', 'Dept', 'Age', 'Location'], dtype='object')\n>>> \n>>> list(sample_df_3.columns)\n['Name', 'Dept', 'Age', 'Location']\n>>> \n>>> sample_df_3.index\nIndex(['2015/02/03', '2015/05/02', '2015/04/01'], dtype='object', name='Date')\n>>> \n>>> list(sample_df_3.index)\n['2015/02/03', '2015/05/02', '2015/04/01']\n>>> \n```\n \n####__\u4efb\u610f\u306e\u5217\u756a\u5730 \u3092 \u884c\u30e9\u30d9\u30eb \u306b \u6307\u5b9a \u3067\u304d\u308b__\n\n```{python:Python 3.5.2}\n>>> sample_df_4 = pd.read_csv(\"sample.csv\", sep=\",\", index_col=4)\n>>> sample_df_4\n                Date               Name                 Dept  Age\nLocation                                                         \n'Mexico'  2015/02/03      'Ken Rodgers'          'Marketing'   52\n'Brazil'  2015/05/02    'Tommy Tomioka'         'Accounting'   29\n'Tokyo'   2015/04/01  'Shinguji Sakura'  'Teikoku Kagekidan'   17\n>>> \n>>> sample_df_4.columns\nIndex(['Date', 'Name', 'Dept', 'Age'], dtype='object')\n>>> \n>>> list(sample_df_4.columns)\n['Date', 'Name', 'Dept', 'Age']\n>>> \n>>> sample_df_4.index\nIndex([''Mexico'', ''Brazil'', ''Tokyo''], dtype='object', name='Location')\n>>> \n>>> list(sample_df_4.index)\n[\"'Mexico'\", \"'Brazil'\", \"'Tokyo'\"]\n>>> \n```\n\n####__\u884c\u30e9\u30d9\u30eb\u540d \u3068\u3057\u3066 \u4f7f\u3046 \u5217 \u3092 \u5217\u540d \u3067 \u6307\u5b9a\u3059\u308b \u3068\u304d\u3082\u3001\u4efb\u610f\u306e\u5217\u540d \u3092 \u6307\u5b9a\u3067\u304d\u308b__\n\n```{python:Python 3.5.2}\n>>> sample_df_5 = pd.read_csv(\"sample.csv\", sep=\",\", index_col='Location')\n>>> sample_df_5\n                Date               Name                 Dept  Age\nLocation                                                         \n'Mexico'  2015/02/03      'Ken Rodgers'          'Marketing'   52\n'Brazil'  2015/05/02    'Tommy Tomioka'         'Accounting'   29\n'Tokyo'   2015/04/01  'Shinguji Sakura'  'Teikoku Kagekidan'   17\n>>> \n>>> sample_df_5.columns\nIndex(['Date', 'Name', 'Dept', 'Age'], dtype='object')\n>>> \n>>> list(sample_df_5.columns)\n['Date', 'Name', 'Dept', 'Age']\n>>> \n>>> sample_df_5.index\nIndex([''Mexico'', ''Brazil'', ''Tokyo''], dtype='object', name='Location')\n>>> \n>>> list(sample_df_5.index)\n[\"'Mexico'\", \"'Brazil'\", \"'Tokyo'\"]\n>>> \n```\n\n####__\u884c\u30e9\u30d9\u30eb\uff08index\uff09 \u306b \u6307\u5b9a\u3059\u308b \u5217\u306f\u3001\u5024\u304c\u4e00\u610f \u3067 \u306a\u304f\u3066\u3082\uff08\u91cd\u8907\u3057\u3066\u51fa\u73fe\u3059\u308b\u5024\u304c\u3042\u308b\u5217\u3067\u3082\uff09\u69cb\u308f\u306a\u3044__\n\n```{bash:MacBook Terminal}\nHirofumiYashima-no-MacBook:Desktop hirofumiyashima$ cp sample.csv sample_2.csv\nHirofumiYashima-no-MacBook:Desktop hirofumiyashima$ emacs sample_2.csv\nHirofumiYashima-no-MacBook:Desktop hirofumiyashima$ \n```\n\n* __'Location'\u5217 \u306b\u306f\u3001'Tokyo' \u304c 2\u56de\u3001\u51fa\u73fe\u3059\u308b__\n\n<img width=\"1002\" alt=\"\u30b9\u30af\u30ea\u30fc\u30f3\u30b7\u30e7\u30c3\u30c8 2017-02-13 19.50.35.png\" src=\"https://qiita-image-store.s3.amazonaws.com/0/43487/23b269e7-abac-c653-d595-800bc06bc836.png\">\n\n\n__\uff08 \u884c\u30e9\u30d9\u30eb\uff08index\uff09 \u306b \u3059\u308b \u5217 \u3092 \u5217\u540d \u3067 \u6307\u5b9a\uff09__\n\n```{python:Python 3.5.2}\n>>> sample_df_6 = pd.read_csv(\"sample_2.csv\", sep=\",\", index_col='Location')\n>>> sample_df_6\n                Date               Name                 Dept  Age\nLocation                                                         \n'Mexico'  2015/02/03      'Ken Rodgers'          'Marketing'   52\n'Tokyo'   2015/05/02    'Tommy Tomioka'         'Accounting'   29\n'Tokyo'   2015/04/01  'Shinguji Sakura'  'Teikoku Kagekidan'   17\n>>> \n>>> sample_df_6.columns\nIndex(['Date', 'Name', 'Dept', 'Age'], dtype='object')\n>>> \n>>> list(sample_df_6.columns)\n['Date', 'Name', 'Dept', 'Age']\n>>> \n>>> sample_df_6.index\nIndex([''Mexico'', ''Tokyo'', ''Tokyo''], dtype='object', name='Location')\n>>> \n>>> list(sample_df_6.index)\n[\"'Mexico'\", \"'Tokyo'\", \"'Tokyo'\"]\n>>>\n```\n\n####__\u305f\u3060\u3057\u3001index\u30e9\u30d9\u30eb \u3092 \u6307\u5b9a\u3057\u3066 \u30a2\u30af\u30bb\u30b9\u3067\u304d\u306a\u3044\u3002__\n\n___\n\n__\u4ee5\u4e0b \u3067\u306f\u3001\u30a2\u30af\u30bb\u30b9\u3067\u304d\u305f\u3002__\n\n* [HirofumiYashima Qiita\u8a18\u4e8b \u300cPython Pandas Tips \u301c \u91cd\u8907\u3059\u308b\u5024\u3092\u8907\u6570 \u6301\u3064 \u300c\u4e00\u610f\u3067\u306a\u3044\u300d\u5217 \u3082\u3001\u884c\u30e9\u30d9\u30eb\uff08 Index \uff09\u306b \u8a2d\u5b9a\u3059\u308b\u3053\u3068 \u304c \u3067\u304d\u308b\u300d](http://qiita.com/HirofumiYashima/items/705c79c511c715dfd885)\n\n___\n\n\n```{python:Python 3.5.2}\n>>> sample_df_6.loc['Mexico']\nTraceback (most recent call last):\n  File \"/Users/hirofumiyashima/.pyenv/versions/3.5.2/lib/python3.5/site-packages/pandas/core/indexing.py\", line 1395, in _has_valid_type\n    error()\n  File \"/Users/hirofumiyashima/.pyenv/versions/3.5.2/lib/python3.5/site-packages/pandas/core/indexing.py\", line 1390, in error\n    (key, self.obj._get_axis_name(axis)))\nKeyError: 'the label [Mexico] is not in the [index]'\n\nDuring handling of the above exception, another exception occurred:\n\nTraceback (most recent call last):\n  File \"<stdin>\", line 1, in <module>\n  File \"/Users/hirofumiyashima/.pyenv/versions/3.5.2/lib/python3.5/site-packages/pandas/core/indexing.py\", line 1296, in __getitem__\n    return self._getitem_axis(key, axis=0)\n  File \"/Users/hirofumiyashima/.pyenv/versions/3.5.2/lib/python3.5/site-packages/pandas/core/indexing.py\", line 1466, in _getitem_axis\n    self._has_valid_type(key, axis)\n  File \"/Users/hirofumiyashima/.pyenv/versions/3.5.2/lib/python3.5/site-packages/pandas/core/indexing.py\", line 1403, in _has_valid_type\n    error()\n  File \"/Users/hirofumiyashima/.pyenv/versions/3.5.2/lib/python3.5/site-packages/pandas/core/indexing.py\", line 1390, in error\n    (key, self.obj._get_axis_name(axis)))\nKeyError: 'the label [Mexico] is not in the [index]'\n>>> \n```\n\n\n```{python:Python 3.5.2}\n>>> sample_df_6.loc['Tokyo']\nTraceback (most recent call last):\n  File \"/Users/hirofumiyashima/.pyenv/versions/3.5.2/lib/python3.5/site-packages/pandas/core/indexing.py\", line 1395, in _has_valid_type\n    error()\n  File \"/Users/hirofumiyashima/.pyenv/versions/3.5.2/lib/python3.5/site-packages/pandas/core/indexing.py\", line 1390, in error\n    (key, self.obj._get_axis_name(axis)))\nKeyError: 'the label [Tokyo] is not in the [index]'\n\nDuring handling of the above exception, another exception occurred:\n\nTraceback (most recent call last):\n  File \"<stdin>\", line 1, in <module>\n  File \"/Users/hirofumiyashima/.pyenv/versions/3.5.2/lib/python3.5/site-packages/pandas/core/indexing.py\", line 1296, in __getitem__\n    return self._getitem_axis(key, axis=0)\n  File \"/Users/hirofumiyashima/.pyenv/versions/3.5.2/lib/python3.5/site-packages/pandas/core/indexing.py\", line 1466, in _getitem_axis\n    self._has_valid_type(key, axis)\n  File \"/Users/hirofumiyashima/.pyenv/versions/3.5.2/lib/python3.5/site-packages/pandas/core/indexing.py\", line 1403, in _has_valid_type\n    error()\n  File \"/Users/hirofumiyashima/.pyenv/versions/3.5.2/lib/python3.5/site-packages/pandas/core/indexing.py\", line 1390, in error\n    (key, self.obj._get_axis_name(axis)))\nKeyError: 'the label [Tokyo] is not in the [index]'\n>>> \n```\n\n```{python:Python 3.5.2}\n>>> sample_df_6.index\nIndex([''Mexico'', ''Tokyo'', ''Tokyo''], dtype='object', name='Location')\n>>> \n>>> sample_df_6.loc[''Mexico'']\n  File \"<stdin>\", line 1\n    sample_df_6.loc[''Mexico'']\n                           ^\nSyntaxError: invalid syntax\n>>> \n>>> sample_df_6.loc[''Tokyo'']\n  File \"<stdin>\", line 1\n    sample_df_6.loc[''Tokyo'']\n                          ^\nSyntaxError: invalid syntax\n>>> \n```\n\n####__ix\u306a\u3089\u3001\u884c\u756a\u53f7\u6307\u5b9a\u3067\u304d\u308b\uff08\u884c\u30e9\u30d9\u30eb \u306f \u3067\u304d\u306a\u3044\uff09__\n\n* ix\u306a\u3089\u3001\u884c\u756a\u53f7\u6307\u5b9a\u3067\u304d\u308b\n\n```{python:Python 3.5.2}\n>>> sample_df.ix[1, 2:3]\nLocation    'Brazil'\nName: ('Tommy Tomioka', 'Accounting'), dtype: object\n>>> \n```\n\n* ix \u3067\u3082\u3001\u884c\u30e9\u30d9\u30eb \u306f \u30a8\u30e9\u30fc\n\n```{python:Python 3.5.2}\n>>> sample_df.ix['Tokyo',:]\nTraceback (most recent call last):\n  File \"/Users/hirofumiyashima/.pyenv/versions/3.5.2/lib/python3.5/site-packages/pandas/indexes/base.py\", line 1945, in get_loc\n    return self._engine.get_loc(key)\n  File \"pandas/index.pyx\", line 137, in pandas.index.IndexEngine.get_loc (pandas/index.c:4154)\n  File \"pandas/index.pyx\", line 159, in pandas.index.IndexEngine.get_loc (pandas/index.c:4018)\n  File \"pandas/hashtable.pyx\", line 675, in pandas.hashtable.PyObjectHashTable.get_item (pandas/hashtable.c:12368)\n  File \"pandas/hashtable.pyx\", line 683, in pandas.hashtable.PyObjectHashTable.get_item (pandas/hashtable.c:12322)\nKeyError: 'Tokyo'\n\nDuring handling of the above exception, another exception occurred:\n\nTraceback (most recent call last):\n  File \"<stdin>\", line 1, in <module>\n  File \"/Users/hirofumiyashima/.pyenv/versions/3.5.2/lib/python3.5/site-packages/pandas/core/indexing.py\", line 75, in __getitem__\n    return self._getitem_tuple(key)\n  File \"/Users/hirofumiyashima/.pyenv/versions/3.5.2/lib/python3.5/site-packages/pandas/core/indexing.py\", line 784, in _getitem_tuple\n    return self._getitem_lowerdim(tup)\n  File \"/Users/hirofumiyashima/.pyenv/versions/3.5.2/lib/python3.5/site-packages/pandas/core/indexing.py\", line 891, in _getitem_lowerdim\n    return self._getitem_nested_tuple(tup)\n  File \"/Users/hirofumiyashima/.pyenv/versions/3.5.2/lib/python3.5/site-packages/pandas/core/indexing.py\", line 964, in _getitem_nested_tuple\n    obj = getattr(obj, self.name)._getitem_axis(key, axis=axis)\n  File \"/Users/hirofumiyashima/.pyenv/versions/3.5.2/lib/python3.5/site-packages/pandas/core/indexing.py\", line 1018, in _getitem_axis\n    return self._get_label(key, axis=axis)\n  File \"/Users/hirofumiyashima/.pyenv/versions/3.5.2/lib/python3.5/site-packages/pandas/core/indexing.py\", line 93, in _get_label\n    return self.obj._xs(label, axis=axis)\n  File \"/Users/hirofumiyashima/.pyenv/versions/3.5.2/lib/python3.5/site-packages/pandas/core/generic.py\", line 1747, in xs\n    drop_level=drop_level)\n  File \"/Users/hirofumiyashima/.pyenv/versions/3.5.2/lib/python3.5/site-packages/pandas/indexes/multi.py\", line 1731, in get_loc_level\n    indexer = self._get_level_indexer(key, level=level)\n  File \"/Users/hirofumiyashima/.pyenv/versions/3.5.2/lib/python3.5/site-packages/pandas/indexes/multi.py\", line 1810, in _get_level_indexer\n    loc = level_index.get_loc(key)\n  File \"/Users/hirofumiyashima/.pyenv/versions/3.5.2/lib/python3.5/site-packages/pandas/indexes/base.py\", line 1947, in get_loc\n    return self._engine.get_loc(self._maybe_cast_indexer(key))\n  File \"pandas/index.pyx\", line 137, in pandas.index.IndexEngine.get_loc (pandas/index.c:4154)\n  File \"pandas/index.pyx\", line 159, in pandas.index.IndexEngine.get_loc (pandas/index.c:4018)\n  File \"pandas/hashtable.pyx\", line 675, in pandas.hashtable.PyObjectHashTable.get_item (pandas/hashtable.c:12368)\n  File \"pandas/hashtable.pyx\", line 683, in pandas.hashtable.PyObjectHashTable.get_item (pandas/hashtable.c:12322)\nKeyError: 'Tokyo'\n>>> \n```\n\n\n___\n\n\n__\uff08 \u884c\u30e9\u30d9\u30eb\uff08index\uff09 \u306b \u3059\u308b \u5217 \u3092 \u5217\u756a\u5730 \u3067 \u6307\u5b9a\uff09__\n\n\n```{python:Python 3.5.2}\n>>> sample_df_7 = pd.read_csv(\"sample_2.csv\", sep=\",\", index_col=4)\n>>> sample_df_7\n                Date               Name                 Dept  Age\nLocation                                                         \n'Mexico'  2015/02/03      'Ken Rodgers'          'Marketing'   52\n'Tokyo'   2015/05/02    'Tommy Tomioka'         'Accounting'   29\n'Tokyo'   2015/04/01  'Shinguji Sakura'  'Teikoku Kagekidan'   17\n>>> \n>>> sample_df_7.columns\nIndex(['Date', 'Name', 'Dept', 'Age'], dtype='object')\n>>> \n>>> list(sample_df_7.columns)\n['Date', 'Name', 'Dept', 'Age']\n>>> \n>>> sample_df_7.index\nIndex([''Mexico'', ''Tokyo'', ''Tokyo''], dtype='object', name='Location')\n>>> \n>>> list(sample_df_7.index)\n[\"'Mexico'\", \"'Tokyo'\", \"'Tokyo'\"]\n>>>  \n```\n\n\n####__\u5217\u540d\u30e9\u30d9\u30eb\u304c\u672a\u5b9a\u7fa9 \u306e csv \u3092 \u8aad\u307f\u8fbc\u3093\u3060\u5834\u5408__\n\n__\uff08 \u65e5\u4ed8\u5217\u306e\u307f\u3001\u30e9\u30d9\u30eb\u304c\u6b20\u843d\u3057\u3066\u3044\u308b\u3002 \uff09__\n\n```\n,Name,Dept,Age,Location\n2015/02/03,'Ken Rodgers','Marketing',52,'Mexico'\n2015/05/02,'Tommy Tomioka','Accounting',29,'Tokyo'\n2015/04/01,'Shinguji Sakura','Teikoku Kagekidan',17,'Tokyo'\n```\n\n<img width=\"1069\" alt=\"\u30b9\u30af\u30ea\u30fc\u30f3\u30b7\u30e7\u30c3\u30c8 2017-02-13 19.58.07.png\" src=\"https://qiita-image-store.s3.amazonaws.com/0/43487/24226305-4133-54f1-9407-4d6d6350a1d3.png\">\n\n\n```{python:Python 3.5.2}\nHirofumiYashima-no-MacBook:Desktop hirofumiyashima$ cp sample_2.csv sample_3.csv\nHirofumiYashima-no-MacBook:Desktop hirofumiyashima$ emacs sample_3.csv\n```\n\n####__\u5217\u540d\u304c\u3001\"Unnamed: 0\" \u3068 \u52dd\u624b\u306b\u3064\u3051\u3089\u308c\u308b__\n\n```{python:Python 3.5.2}\n>>> import pandas as pd\n>>> \n>>> sample_df_8 = pd.read_csv(\"sample_3.csv\", sep=\",\")\n>>> sample_df_8\n   Unnamed: 0               Name                 Dept  Age  Location\n0  2015/02/03      'Ken Rodgers'          'Marketing'   52  'Mexico'\n1  2015/05/02    'Tommy Tomioka'         'Accounting'   29   'Tokyo'\n2  2015/04/01  'Shinguji Sakura'  'Teikoku Kagekidan'   17   'Tokyo'\n>>>\n``` \n\n#####__\u8aad\u307f\u8fbc\u307f\u524d\u306f\u3001csv \u306b \u5217\u540d \"Unnamed: 0\" \u306f\u307e\u3060\u306a\u3044\u306f\u305a\u3060\u304c\u3001index_col \u306b \u6307\u5b9a\u3067\u304d\u308b\u3002__\n\n```{python:Python 3.5.2}\n>>> sample_df_9 = pd.read_csv(\"sample_3.csv\", sep=\",\", index_col='Unnamed: 0')\n>>> sample_df_9\n                         Name                 Dept  Age  Location\n2015/02/03      'Ken Rodgers'          'Marketing'   52  'Mexico'\n2015/05/02    'Tommy Tomioka'         'Accounting'   29   'Tokyo'\n2015/04/01  'Shinguji Sakura'  'Teikoku Kagekidan'   17   'Tokyo'\n>>> \n>>> sample_df_9.columns\nIndex(['Name', 'Dept', 'Age', 'Location'], dtype='object')\n>>> \n>>> sample_df_9.index\nIndex(['2015/02/03', '2015/05/02', '2015/04/01'], dtype='object')\n>>> \n>>> list(sample_df_9.index)\n['2015/02/03', '2015/05/02', '2015/04/01']\n>>> \n```\n\n* __\u3082\u3061\u308d\u3093\u3001\u5217\u756a\u5730 \u3067\u3082 \u6307\u5b9a\u3067\u304d\u308b\u3002__\n \n```{python:Python 3.5.2}\n>>> sample_df_10 = pd.read_csv(\"sample_3.csv\", sep=\",\", index_col=0)\n>>> sample_df_10\n                         Name                 Dept  Age  Location\n2015/02/03      'Ken Rodgers'          'Marketing'   52  'Mexico'\n2015/05/02    'Tommy Tomioka'         'Accounting'   29   'Tokyo'\n2015/04/01  'Shinguji Sakura'  'Teikoku Kagekidan'   17   'Tokyo'\n>>> \n>>> sample_df_10.columns\nIndex(['Name', 'Dept', 'Age', 'Location'], dtype='object')\n>>> \n>>> sample_df_10.index\nIndex(['2015/02/03', '2015/05/02', '2015/04/01'], dtype='object')\n>>> \n```\n\n####__csv \u306b \u5217\u540d\u66f8\u304d\u6f0f\u308c \u304c \u8907\u6570\u3042\u308b\u3068\u304d__\n\n```{python:Python 3.5.2}\nHirofumiYashima-no-MacBook:Desktop hirofumiyashima$ cp sample_3.csv sample_4.csv\nHirofumiYashima-no-MacBook:Desktop hirofumiyashima$ emacs sample_4.csv\n```\n\n```\n,,Dept,,\n2015/02/03,'Ken Rodgers','Marketing',52,'Mexico'\n2015/05/02,'Tommy Tomioka','Accounting',29,'Tokyo'\n2015/04/01,'Shinguji Sakura','Teikoku Kagekidan',17,'Tokyo'\n```\n\n<img width=\"793\" alt=\"\u30b9\u30af\u30ea\u30fc\u30f3\u30b7\u30e7\u30c3\u30c8 2017-02-13 20.04.43.png\" src=\"https://qiita-image-store.s3.amazonaws.com/0/43487/38a048b1-aebf-3b5a-0f1b-b1b5f3a57df6.png\">\n\n__\u629c\u3051\u3066\u3044\u308b\u5217\u540d\u306b\u3001\u5168\u3066 \"Unnamed: \u81ea\u7136\u6570\u306e\u9023\u756a\" \u304c \u5272\u308a\u632f\u3089\u308c\u308b\u3002__\n\n```{python:Python 3.5.2}\n>>> sample_df_11 = pd.read_csv(\"sample_4.csv\", sep=\",\")\n>>> \n>>> sample_df_11\n   Unnamed: 0         Unnamed: 1                 Dept  Unnamed: 3 Unnamed: 4\n0  2015/02/03      'Ken Rodgers'          'Marketing'          52   'Mexico'\n1  2015/05/02    'Tommy Tomioka'         'Accounting'          29    'Tokyo'\n2  2015/04/01  'Shinguji Sakura'  'Teikoku Kagekidan'          17    'Tokyo'\n>>> \n>>> sample_f_11.columns\nIndex(['Unnamed: 0', 'Unnamed: 1', 'Dept', 'Unnamed: 3', 'Unnamed: 4'], dtype='object')\n>>> \n>>> list(sample_f_11.columns)\n['Unnamed: 0', 'Unnamed: 1', 'Dept', 'Unnamed: 3', 'Unnamed: 4']\n>>> \n>>> sample_df_11.index\nRangeIndex(start=0, stop=3, step=1)\n>>> \n>>> list(sample_df_11.index)\n[0, 1, 2]\n>>> \n```\n\n```{python:Python 3.5.2}\n>>> sample_df_12 = pd.read_csv(\"sample_4.csv\", sep=\",\", index_col='Unnamed: 3')\n>>> sample_df_12\n    Unnamed: 0         Unnamed: 1                 Dept Unnamed: 4\n52  2015/02/03      'Ken Rodgers'          'Marketing'   'Mexico'\n29  2015/05/02    'Tommy Tomioka'         'Accounting'    'Tokyo'\n17  2015/04/01  'Shinguji Sakura'  'Teikoku Kagekidan'    'Tokyo'\n>>> \n>>> sample_df_12.index\nInt64Index([52, 29, 17], dtype='int64')\n>>> \n>>> list(sample_df_12.index)\n[52, 29, 17]\n>>> \n>>> sample_df_12.columns\nIndex(['Unnamed: 0', 'Unnamed: 1', 'Dept', 'Unnamed: 4'], dtype='object')\n>>> \n>>> list(sample_df_12.columns)\n['Unnamed: 0', 'Unnamed: 1', 'Dept', 'Unnamed: 4']\n>>> \n```\n\n\n* __.loc \u306b \u884c\u30e9\u30d9\u30eb\u540d \u3068 \u5217\u540d \u3092 \u6307\u5b9a\u3057\u3066 \u30a2\u30af\u30bb\u30b9\u3067\u304d\u308b__\n\n```{python:Python 3.5.2}\n>>> sample_df_12.loc[52]\nUnnamed: 0       2015/02/03\nUnnamed: 1    'Ken Rodgers'\nDept            'Marketing'\nUnnamed: 4         'Mexico'\nName: 52, dtype: object\n>>>\n```\n\n{python:Python 3.5.2}\n>>> sample_df_12.loc[29]\nUnnamed: 0         2015/05/02\nUnnamed: 1    'Tommy Tomioka'\nDept             'Accounting'\nUnnamed: 4            'Tokyo'\nName: 29, dtype: object\n>>>\n```\n\n```{python:Python 3.5.2} \n>>> sample_df_12.loc[29, 'Dept']              \n\"'Accounting'\"\n>>> \n```\n\n* __\u5217\u540d \u3092 \u8907\u6570\u6307\u5b9a__\n\n```{python:Python 3.5.2} \n>>> sample_df_12.loc[29, ['Dept', 'Unnamed: 4']]\nDept          'Accounting'\nUnnamed: 4         'Tokyo'\nName: 29, dtype: object\n>>> \n```\n\n* __\u884c\u30e9\u30d9\u30eb \u3092 \u8907\u6570\u6307\u5b9a__\n\n```{python:Python 3.5.2} \n>>> sample_df_12.loc[[52, 17]]\n    Unnamed: 0         Unnamed: 1                 Dept Unnamed: 4\n52  2015/02/03      'Ken Rodgers'          'Marketing'   'Mexico'\n17  2015/04/01  'Shinguji Sakura'  'Teikoku Kagekidan'    'Tokyo'\n>>> \n```\n\n* __\u884c\u30e9\u30d9\u30eb \u3068 \u5217\u30e9\u30d9\u30eb \u3092 \u8907\u6570\u6307\u5b9a__\n\n```{python:Python 3.5.2}\n>>> sample_df_12.loc[[52, 17], ['Dept', 'Unnamed: 1', 'Unnamed: 4']] \n                   Dept         Unnamed: 1 Unnamed: 4\n52          'Marketing'      'Ken Rodgers'   'Mexico'\n17  'Teikoku Kagekidan'  'Shinguji Sakura'    'Tokyo'\n>>> \n```\n\n\n* __\u5b58\u5728\u3057\u306a\u3044\u884c\u30e9\u30d9\u30eb \u3092 \u6307\u5b9a\u3059\u308b \u3068 NaN \u304c \u8fd4\u308b\u3002__\n\n```{python:Python 3.5.2} \n>>> sample_df_12.loc[[52, 19]]\n    Unnamed: 0     Unnamed: 1         Dept Unnamed: 4\n52  2015/02/03  'Ken Rodgers'  'Marketing'   'Mexico'\n19         NaN            NaN          NaN        NaN\n>>> \n```\n\n* __\u5b58\u5728\u3057\u306a\u3044\u5217\u30e9\u30d9\u30eb \u3092 \u6307\u5b9a\u3059\u308b \u3068 NaN \u304c \u8fd4\u308b\u3002__\n\n```{python:Python 3.5.2} \n>>> sample_df_12.loc[29, ['Dept', 'Company']]\nDept       'Accounting'\nCompany             NaN\nName: 29, dtype: object\n>>> \n```\n\n####__index\u884c\u30e9\u30d9\u30eb\u540d \u3092 \u5217\u756a\u5730 \u3067 \u6307\u5b9a__\n\n```{python:Python 3.5.2}\n>>> sample_df_13 = pd.read_csv(\"sample_4.csv\", sep=\",\", index_col=3)\n>>> sample_df_13\n    Unnamed: 0         Unnamed: 1                 Dept Unnamed: 4\n52  2015/02/03      'Ken Rodgers'          'Marketing'   'Mexico'\n29  2015/05/02    'Tommy Tomioka'         'Accounting'    'Tokyo'\n17  2015/04/01  'Shinguji Sakura'  'Teikoku Kagekidan'    'Tokyo'\n>>> \n>>> sample_df_13.index\nInt64Index([52, 29, 17], dtype='int64')\n>>> \n>>> list(sample_df_13.index)\n[52, 29, 17]\n>>> \n>>> sample_df_13.columns\nIndex(['Unnamed: 0', 'Unnamed: 1', 'Dept', 'Unnamed: 4'], dtype='object')\n>>> \n>>> list(sample_df_13.columns)\n['Unnamed: 0', 'Unnamed: 1', 'Dept', 'Unnamed: 4']\n>>>  \n```\n", "tags": ["Python", "python3", "pandas", "DataFrame", "\u30c7\u30fc\u30bf\u5206\u6790"]}