{"context": "\n\n\u3010 \u53c2\u8003 \u3011\n\n\nHatena Blog \u306d\u3053\u3086\u304d\u306e\u30e1\u30e2  \u300c \u30ab\u30e9\u30e0\u3092\u30a4\u30f3\u30c7\u30c3\u30af\u30b9\u306b\u5f15\u304d\u5f53\u3066\u308b\u300d\nHatena Blog \u306d\u3053\u3086\u304d\u306e\u30e1\u30e2 \u300c \u30a4\u30f3\u30c7\u30c3\u30af\u30b9\u3092\u4ed8\u3051\u76f4\u3059\u300d\n\u30b3\u30fc\u30c9\uff17\u533a \u6a5f\u68b0\u5b66\u7fd2\u3068\u304bpython\u3068\u304b \u300cDataFrame \u306e\u30a4\u30f3\u30c7\u30c3\u30af\u30b9\u3092 reset_index \u3067\u632f\u308a\u76f4\u3059\uff0dpython\u300d\n\n\n\nPython 3.5\n>>> df = pd.DataFrame({\n...     'a':[1,2,3,4,5], \n...     'b':[0,0,1,1,1],\n...     'c':['a','b','c','c','d'],\n...     'd':['e','f','g','h','i']\n...     })\n>>> \n\n\n\nPython 3.5\n>>> df\n   a  b  c  d\n0  1  0  a  e\n1  2  0  b  f\n2  3  1  c  g\n3  4  1  c  h\n4  5  1  d  i\n>>> \n\n\n\n'a'\u5217 \u3092 \u884c\u30e9\u30d9\u30eb\uff08 index \uff09\u306b \u3057\u3066\u3001\u7d50\u679c \u3092 df_1 \u306b \u4ee3\u5165\uff08\u683c\u7d0d\uff09\n\n\nPython 3.5\n>>> df_1 = df.set_index('a')\n>>> df_1\n   b  c  d\na         \n1  0  a  e\n2  0  b  f\n3  1  c  g\n4  1  c  h\n5  1  d  i\n>>>\n\n\n\nPython 3.5\n>>> df_1.index\nInt64Index([1, 2, 3, 4, 5], dtype='int64', name='a')\n>>>\n\n\n\nPython 3.5\n>>> list(df_1.index)\n[1, 2, 3, 4, 5]\n>>>\n\n\n\nreset_index \u3067\u3001index \u3092 \u30af\u30ea\u30a2\u3059\u308b\n\n\nPython 3.5\n>>> df_1.reset_index(drop=True)\n   b  c  d\n0  0  a  e\n1  0  b  f\n2  1  c  g\n3  1  c  h\n4  1  d  i\n>>>\n\n\n\ndf_1 \u306f \u66f4\u65b0\u3055\u308c\u3066\u3044\u306a\u3044\n\n\nPython 3.5\n>>> df_1\n   b  c  d\na         \n1  0  a  e\n2  0  b  f\n3  1  c  g\n4  1  c  h\n5  1  d  i\n>>>\n\n\n\n\u7d50\u679c \u3092 \u5909\u6570 \u306b \u4ee3\u5165\uff08\u683c\u7d0d\uff09\n\n\nPython 3.5\n>>> df_1 = df_1.reset_index(drop=True)\n>>> df_1\n   b  c  d\n0  0  a  e\n1  0  b  f\n2  1  c  g\n3  1  c  h\n4  1  d  i\n>>>\n\n\n\nPython 3.5\n>>> df_1\n   b  c  d\n0  0  a  e\n1  0  b  f\n2  1  c  g\n3  1  c  h\n4  1  d  i\n>>>\n\n\n\n\u91cd\u8907\u3057\u305f\u5024 \u3092 \u6301\u3064'b'\u5217 \u3092 \u884c\u30e9\u30d9\u30eb\uff08index\uff09 \u306b \u3059\u308b\n\n\nRelational DB \u3068\u306f\u9055\u3044\u3001Index \u306f \u91cd\u8907\u3059\u308b\u5024 \u3092 \u6301\u3064\u5217 \u3067 \u826f\u3044\n\n\nPython 3.5\n>>> df_1 = df_1.set_index('b')\n>>> df_1\n   c  d\nb      \n0  a  e\n0  b  f\n1  c  g\n1  c  h\n1  d  i\n>>>\n\n\n\nPython 3.5\n>>> df_1.index\nInt64Index([0, 0, 1, 1, 1], dtype='int64', name='b')\n>>> \n>>> list(df_1.index)\n[0, 0, 1, 1, 1]\n>>> \n\n\n\n\u305d\u306e\u884c\u30e9\u30d9\u30eb \u3092 \u6301\u3064\u8907\u6570\u306e\u884c \u304c\u3001\u53d6\u308a\u51fa\u3055\u308c\u308b\u3002\n\n\nPython 3.5\n>>> df_1.loc[0]\n   c  d\nb      \n0  a  e\n0  b  f\n>>>\n\n\n\nPython 3.5\n>>> df_1.loc[1]\n   c  d\nb      \n1  c  g\n1  c  h\n1  d  i\n>>>\n\n\n\nPython 3.5\n>>> df_1 = df_1.reset_index(drop=True)\n>>> df_1\n   c  d\n0  a  e\n1  b  f\n2  c  g\n3  c  h\n4  d  i\n>>>\n\n\n\n\u5225\u306e\u91cd\u8907\u3059\u308b\u5024 \u3092 \u6301\u3064\u884c\u30e9\u30d9\u30eb\u306b\u3064\u3044\u3066 \u3082 \u78ba\u304b\u3081\u3066\u307f\u308b\u3002\n\n\nPython 3.5\n>>> df_1 = df_1.set_index('c')\n>>> df_1\n   d\nc   \na  e\nb  f\nc  g\nc  h\nd  i\n>>> \n>>> list(df_1.index)\n['a', 'b', 'c', 'c', 'd']\n>>> \n\n\n\n\u554f\u984c\u306a\u3057\n\n\nPython 3.5\n>>> df_1.loc['c']\n   d\nc   \nc  g\nc  h\n>>> \n\n\n\nPython 3.5\n>>> df_1.loc['a']\nd    e\nName: a, dtype: object\n>>> \n\n\n\nPython 3.5\n>>> df_1.loc['b']\nd    f\nName: b, dtype: object\n>>> \n\n\n\nNone \u3092 \u542b\u3080\u5217\u3000\u3082\u3001 \u884c\u540dIndex \u306b \u3067\u304d\u308b\n\n\nPython 3.5\n>>> df_1[\"null_contain_col\"] = ['A', 'B', 1, None, 2]\n>>> df_1\n   d null_contain_col\nc                    \na  e                A\nb  f                B\nc  g                1\nc  h             None\nd  i                2\n>>> \n\n\n\nPython 3.5\n>>> df_1.index\nIndex(['a', 'b', 'c', 'c', 'd'], dtype='object', name='c')\n>>>\n\n\n\nPython 3.5\n>>> df_1.columns\nIndex(['d', 'null_contain_col'], dtype='object')\n>>>\n\n\n\nPython 3.5\n>>> df_1 = df_1.reset_index(drop=True)\n\n\n\nPython 3.5\n>>> df_1\n   d null_contain_col\n0  e                A\n1  f                B\n2  g                1\n3  h             None\n4  i                2\n>>> \n\n\n\nPython 3.5\n>>> df_1 = df_1.set_index('null_contain_col')\n>>> df_1\n                  d\nnull_contain_col   \nA                 e\nB                 f\n1                 g\nNaN               h\n2                 i\n>>> \n\n\n\nPython 3.5\n>>> df_1.loc['A']\nd    e\nName: A, dtype: object\n>>>\n\n\n\n.loc['None'] \u3067 \u30a2\u30af\u30bb\u30b9\u3067\u304d\u308b\n\n\nPython 3.5\n>>> df_1.loc[None]\nd    h\ndtype: object\n>>> \n\n\n\n\u4ee5\u4e0b \u3067\u306f \u30a2\u30af\u30bb\u30b9\u3067\u304d\u306a\u3044\n\n\nPython 3.5\n>>> df_1.loc[NaN]\nTraceback (most recent call last):\n  File \"<stdin>\", line 1, in <module>\nNameError: name 'NaN' is not defined\n>>> \n\n\n\nPython 3.5\n>>> df_1.loc['NaN']\nTraceback (most recent call last):\n  File \"/Users/hirofumiyashima/.pyenv/versions/3.5.2/lib/python3.5/site-packages/pandas/core/indexing.py\", line 1395, in _has_valid_type\n    error()\n  File \"/Users/hirofumiyashima/.pyenv/versions/3.5.2/lib/python3.5/site-packages/pandas/core/indexing.py\", line 1390, in error\n    (key, self.obj._get_axis_name(axis)))\nKeyError: 'the label [NaN] is not in the [index]'\n\nDuring handling of the above exception, another exception occurred:\n\nTraceback (most recent call last):\n  File \"<stdin>\", line 1, in <module>\n  File \"/Users/hirofumiyashima/.pyenv/versions/3.5.2/lib/python3.5/site-packages/pandas/core/indexing.py\", line 1296, in __getitem__\n    return self._getitem_axis(key, axis=0)\n  File \"/Users/hirofumiyashima/.pyenv/versions/3.5.2/lib/python3.5/site-packages/pandas/core/indexing.py\", line 1466, in _getitem_axis\n    self._has_valid_type(key, axis)\n  File \"/Users/hirofumiyashima/.pyenv/versions/3.5.2/lib/python3.5/site-packages/pandas/core/indexing.py\", line 1403, in _has_valid_type\n    error()\n  File \"/Users/hirofumiyashima/.pyenv/versions/3.5.2/lib/python3.5/site-packages/pandas/core/indexing.py\", line 1390, in error\n    (key, self.obj._get_axis_name(axis)))\nKeyError: 'the label [NaN] is not in the [index]'\n>>>\n\n\n\n\u7a7a\u6587\u5b57\uff08\"\")\u3092\u542b\u3080 \u5217 \u3082 \u884c\u30e9\u30d9\u30eb\uff08index\uff09 \u306b \u3067\u304d\u308b\n\n\nPython 3.5\n>>> df_1[\"empty_string_containing_col\"] = [1, 2, \"\", 3, \"\"]\n>>> df_1\n                  d empty_string_containing_col\nnull_contain_col                               \nA                 e                           1\nB                 f                           2\n1                 g                            \nNaN               h                           3\n2                 i                            \n>>>\n\n\n\nPython 3.5\n>>> df_1 = df_1.reset_index(drop=True)\n>>> df_1\n   d empty_string_containing_col\n0  e                           1\n1  f                           2\n2  g                            \n3  h                           3\n4  i                            \n>>>\n\n\n\nPython 3.5\n>>> df_1.index\nRangeIndex(start=0, stop=5, step=1)\n>>> \n>>> list(df_1.index)\n[0, 1, 2, 3, 4]\n>>>\n\n\n\nPython 3.5\n>>> df_1 = df_1.set_index('empty_string_containing_col')\n>>> df_1\n                             d\nempty_string_containing_col   \n1                            e\n2                            f\n                             g\n3                            h\n                             i\n>>>\n\n\n\nPython 3.5\n>>> df_1.index\nIndex([1, 2, '', 3, ''], dtype='object', name='empty_string_containing_col')\n>>> \n>>> list(df_1.index)                 \n[1, 2, '', 3, '']\n>>>\n\n\n\nPython 3.5\n>>> df_1.loc[1]\nd    e\nName: 1, dtype: object\n>>>\n\n\n\n\u884c\u30e9\u30d9\u30eb \u304c \u7a7a\u6587\u5b57\u306e\u884c \u306b \u30a2\u30af\u30bb\u30b9\u3067\u304d\u305f\u3002\n\n\n\u4e00\u91cd\u5f15\u7528\u7b26\uff08\u30b7\u30f3\u30b0\u30eb\u30fb\u30af\u30a9\u30fc\u30c6\u30fc\u30b7\u30e7\u30f3\uff09 \u3067 \u56f2\u3093\u3060\u7a7a\u6587\u5b57 \u3067 \u30a2\u30af\u30bb\u30b9\n\n\nPython 3.5\n>>> df_1.loc['']\n                             d\nempty_string_containing_col   \n                             g\n                             i\n>>>\n\n\n\n\u4e8c\u91cd\u5f15\u7528\u7b26\uff08\u30c0\u30d6\u30eb\u30fb\u30af\u30a9\u30fc\u30c6\u30fc\u30b7\u30e7\u30f3\uff09 \u3067 \u56f2\u3093\u3060\u7a7a\u6587\u5b57 \u3067 \u30a2\u30af\u30bb\u30b9\n\n\nPython 3.5\n>>> df_1.loc[\"\"]\n                             d\nempty_string_containing_col   \n                             g\n                             i\n>>> \n\n\n\n\u4e00\u91cd\u5f15\u7528\u7b26\u306b\u56f2\u307e\u308c\u305f\u7a7a\u6587\u5b57 \u3082 OK\n\n\nPython 3.5\n>>> df_1['single_quotation_empty_str_col'] = ['', 'A', 1, 3, '']\n>>> df_1\n                             d single_quotation_empty_str_col\nempty_string_containing_col                                  \n1                            e                               \n2                            f                              A\n                             g                              1\n3                            h                              3\n                             i                               \n>>> \n\n\n\nPython 3.5\n>>> df_1 = df_1.reset_index(drop=True)\n>>> df_1\n   d single_quotation_empty_str_col\n0  e                               \n1  f                              A\n2  g                              1\n3  h                              3\n4  i                               \n>>> \n\n\n\n\u554f\u984c\u306a\u3057\n\n\nPython 3.5\n>>> df_1 = df_1.set_index('single_quotation_empty_str_col')\n>>> df_1\n                                d\nsingle_quotation_empty_str_col   \n                                e\nA                               f\n1                               g\n3                               h\n                                i\n>>>\n\n\n\nPython 3.5\n>>> df_1.index\nIndex(['', 'A', 1, 3, ''], dtype='object', name='single_quotation_empty_str_col')\n>>> \n>>> list(df_1.index)\n['', 'A', 1, 3, '']\n>>> \n\n\n\nPython 3.5\n>>> df_1.loc['A']\nd    f\nName: A, dtype: object\n>>>\n\n\n\nPython 3.5\n>>> df_1.loc[1]\nd    g\nName: 1, dtype: object\n>>> \n\n\n\n\u554f\u984c\u306a\u3057\n\n\nPython 3.5\n>>> df_1.loc['']\n                                d\nsingle_quotation_empty_str_col   \n                                e\n                                i\n>>>\n\n\n\n\u4e8c\u91cd\u5f15\u7528\u7b26 \u3067 \u56f2\u3093\u3060\u7a7a\u6587\u5b57 \u3067\u3082 \u30a2\u30af\u30bb\u30b9\u3067\u304d\u308b\u3002\n\n\nPython 3.5\n>>> df_1.loc[\"\"]\n                                d\nsingle_quotation_empty_str_col   \n                                e\n                                i\n>>> \n\n\n\n\u4e8c\u91cd\u5f15\u7528\u7b26 \u3067 \u56f2\u307e\u308c\u305f\u7a7a\u6587\u5b57 \u3068 \u4e00\u91cd\u5f15\u7528\u7b26 \u3067 \u56f2\u307e\u308c\u305f\u7a7a\u6587\u5b57 \u306f \u540c\u3058 \u6271\u3044\n\n\nPython 3.5\n>>> \"\" == ''\nTrue\n>>> \n>>> '' == \"\"\nTrue\n>>> \n\n\n##__\u3010 \u53c2\u8003 \u3011__\n\n* [Hatena Blog \u306d\u3053\u3086\u304d\u306e\u30e1\u30e2  \u300c<Python, pandas> \u30ab\u30e9\u30e0\u3092\u30a4\u30f3\u30c7\u30c3\u30af\u30b9\u306b\u5f15\u304d\u5f53\u3066\u308b\u300d](http://nekoyukimmm.hatenablog.com/entry/2016/02/25/094407)\n* [Hatena Blog \u306d\u3053\u3086\u304d\u306e\u30e1\u30e2 \u300c<Python, pandas> \u30a4\u30f3\u30c7\u30c3\u30af\u30b9\u3092\u4ed8\u3051\u76f4\u3059\u300d](http://nekoyukimmm.hatenablog.com/entry/2016/03/04/232625)\n* [\u30b3\u30fc\u30c9\uff17\u533a \u6a5f\u68b0\u5b66\u7fd2\u3068\u304bpython\u3068\u304b \u300cDataFrame \u306e\u30a4\u30f3\u30c7\u30c3\u30af\u30b9\u3092 reset_index \u3067\u632f\u308a\u76f4\u3059\uff0dpython\u300d](http://ailaby.com/reset_index/)\n\n___\n\n\n```{python:Python 3.5}\n>>> df = pd.DataFrame({\n... \t'a':[1,2,3,4,5], \n... \t'b':[0,0,1,1,1],\n... \t'c':['a','b','c','c','d'],\n... \t'd':['e','f','g','h','i']\n... \t})\n>>> \n```\n\n```{python:Python 3.5}\n>>> df\n   a  b  c  d\n0  1  0  a  e\n1  2  0  b  f\n2  3  1  c  g\n3  4  1  c  h\n4  5  1  d  i\n>>> \n```\n\n* __'a'\u5217 \u3092 \u884c\u30e9\u30d9\u30eb\uff08 *index* \uff09\u306b \u3057\u3066\u3001\u7d50\u679c \u3092 df_1 \u306b \u4ee3\u5165\uff08\u683c\u7d0d\uff09__\n\n```{python:Python 3.5}\n>>> df_1 = df.set_index('a')\n>>> df_1\n   b  c  d\na         \n1  0  a  e\n2  0  b  f\n3  1  c  g\n4  1  c  h\n5  1  d  i\n>>>\n```\n\n```{python:Python 3.5}\n>>> df_1.index\nInt64Index([1, 2, 3, 4, 5], dtype='int64', name='a')\n>>>\n```\n\n\n```{python:Python 3.5}\n>>> list(df_1.index)\n[1, 2, 3, 4, 5]\n>>>\n```\n\n####__*reset_index* \u3067\u3001index \u3092 \u30af\u30ea\u30a2\u3059\u308b__\n\n\n```{python:Python 3.5}\n>>> df_1.reset_index(drop=True)\n   b  c  d\n0  0  a  e\n1  0  b  f\n2  1  c  g\n3  1  c  h\n4  1  d  i\n>>>\n```\n\n####__df_1 \u306f \u66f4\u65b0\u3055\u308c\u3066\u3044\u306a\u3044__\n\n```{python:Python 3.5}\n>>> df_1\n   b  c  d\na         \n1  0  a  e\n2  0  b  f\n3  1  c  g\n4  1  c  h\n5  1  d  i\n>>>\n```\n\n####__\u7d50\u679c \u3092 \u5909\u6570 \u306b \u4ee3\u5165\uff08\u683c\u7d0d\uff09__\n\n```{python:Python 3.5} \n>>> df_1 = df_1.reset_index(drop=True)\n>>> df_1\n   b  c  d\n0  0  a  e\n1  0  b  f\n2  1  c  g\n3  1  c  h\n4  1  d  i\n>>>\n```\n\n```{python:Python 3.5} \n>>> df_1\n   b  c  d\n0  0  a  e\n1  0  b  f\n2  1  c  g\n3  1  c  h\n4  1  d  i\n>>>\n```\n\n###__\u91cd\u8907\u3057\u305f\u5024 \u3092 \u6301\u3064'b'\u5217 \u3092 \u884c\u30e9\u30d9\u30eb\uff08index\uff09 \u306b \u3059\u308b__\n\n####__Relational DB \u3068\u306f\u9055\u3044\u3001Index \u306f \u91cd\u8907\u3059\u308b\u5024 \u3092 \u6301\u3064\u5217 \u3067 \u826f\u3044__\n\n```{python:Python 3.5} \n>>> df_1 = df_1.set_index('b')\n>>> df_1\n   c  d\nb      \n0  a  e\n0  b  f\n1  c  g\n1  c  h\n1  d  i\n>>>\n```\n\n```{python:Python 3.5} \n>>> df_1.index\nInt64Index([0, 0, 1, 1, 1], dtype='int64', name='b')\n>>> \n>>> list(df_1.index)\n[0, 0, 1, 1, 1]\n>>> \n```\n\n####__\u305d\u306e\u884c\u30e9\u30d9\u30eb \u3092 \u6301\u3064\u8907\u6570\u306e\u884c \u304c\u3001\u53d6\u308a\u51fa\u3055\u308c\u308b\u3002__\n\n```{python:Python 3.5} \n>>> df_1.loc[0]\n   c  d\nb      \n0  a  e\n0  b  f\n>>>\n```\n\n```{python:Python 3.5}\n>>> df_1.loc[1]\n   c  d\nb      \n1  c  g\n1  c  h\n1  d  i\n>>>\n```\n\n\n```{python:Python 3.5}\n>>> df_1 = df_1.reset_index(drop=True)\n>>> df_1\n   c  d\n0  a  e\n1  b  f\n2  c  g\n3  c  h\n4  d  i\n>>>\n```\n\n####__\u5225\u306e\u91cd\u8907\u3059\u308b\u5024 \u3092 \u6301\u3064\u884c\u30e9\u30d9\u30eb\u306b\u3064\u3044\u3066 \u3082 \u78ba\u304b\u3081\u3066\u307f\u308b\u3002__\n\n```{python:Python 3.5}\n>>> df_1 = df_1.set_index('c')\n>>> df_1\n   d\nc   \na  e\nb  f\nc  g\nc  h\nd  i\n>>> \n>>> list(df_1.index)\n['a', 'b', 'c', 'c', 'd']\n>>> \n```\n\n####__\u554f\u984c\u306a\u3057__\n\n```{python:Python 3.5}\n>>> df_1.loc['c']\n   d\nc   \nc  g\nc  h\n>>> \n```\n\n```{python:Python 3.5}\n>>> df_1.loc['a']\nd    e\nName: a, dtype: object\n>>> \n```\n\n```{python:Python 3.5}\n>>> df_1.loc['b']\nd    f\nName: b, dtype: object\n>>> \n```\n\n###__None \u3092 \u542b\u3080\u5217\u3000\u3082\u3001 \u884c\u540dIndex \u306b \u3067\u304d\u308b__\n\n```{python:Python 3.5}\n>>> df_1[\"null_contain_col\"] = ['A', 'B', 1, None, 2]\n>>> df_1\n   d null_contain_col\nc                    \na  e                A\nb  f                B\nc  g                1\nc  h             None\nd  i                2\n>>> \n```\n\n```{python:Python 3.5}\n>>> df_1.index\nIndex(['a', 'b', 'c', 'c', 'd'], dtype='object', name='c')\n>>>\n```\n\n```{python:Python 3.5}\n>>> df_1.columns\nIndex(['d', 'null_contain_col'], dtype='object')\n>>>\n```\n\n```{python:Python 3.5}\n>>> df_1 = df_1.reset_index(drop=True)\n```\n\n```{python:Python 3.5}\n>>> df_1\n   d null_contain_col\n0  e                A\n1  f                B\n2  g                1\n3  h             None\n4  i                2\n>>> \n```\n\n```{python:Python 3.5}\n>>> df_1 = df_1.set_index('null_contain_col')\n>>> df_1\n                  d\nnull_contain_col   \nA                 e\nB                 f\n1                 g\nNaN               h\n2                 i\n>>> \n```\n\n```{python:Python 3.5}\n>>> df_1.loc['A']\nd    e\nName: A, dtype: object\n>>>\n```\n\n####__.loc['None'] \u3067 \u30a2\u30af\u30bb\u30b9\u3067\u304d\u308b__\n\n```{python:Python 3.5}\n>>> df_1.loc[None]\nd    h\ndtype: object\n>>> \n```\n\n####__\u4ee5\u4e0b \u3067\u306f \u30a2\u30af\u30bb\u30b9\u3067\u304d\u306a\u3044__\n\n```{python:Python 3.5} \n>>> df_1.loc[NaN]\nTraceback (most recent call last):\n  File \"<stdin>\", line 1, in <module>\nNameError: name 'NaN' is not defined\n>>> \n```\n\n```{python:Python 3.5}\n>>> df_1.loc['NaN']\nTraceback (most recent call last):\n  File \"/Users/hirofumiyashima/.pyenv/versions/3.5.2/lib/python3.5/site-packages/pandas/core/indexing.py\", line 1395, in _has_valid_type\n    error()\n  File \"/Users/hirofumiyashima/.pyenv/versions/3.5.2/lib/python3.5/site-packages/pandas/core/indexing.py\", line 1390, in error\n    (key, self.obj._get_axis_name(axis)))\nKeyError: 'the label [NaN] is not in the [index]'\n\nDuring handling of the above exception, another exception occurred:\n\nTraceback (most recent call last):\n  File \"<stdin>\", line 1, in <module>\n  File \"/Users/hirofumiyashima/.pyenv/versions/3.5.2/lib/python3.5/site-packages/pandas/core/indexing.py\", line 1296, in __getitem__\n    return self._getitem_axis(key, axis=0)\n  File \"/Users/hirofumiyashima/.pyenv/versions/3.5.2/lib/python3.5/site-packages/pandas/core/indexing.py\", line 1466, in _getitem_axis\n    self._has_valid_type(key, axis)\n  File \"/Users/hirofumiyashima/.pyenv/versions/3.5.2/lib/python3.5/site-packages/pandas/core/indexing.py\", line 1403, in _has_valid_type\n    error()\n  File \"/Users/hirofumiyashima/.pyenv/versions/3.5.2/lib/python3.5/site-packages/pandas/core/indexing.py\", line 1390, in error\n    (key, self.obj._get_axis_name(axis)))\nKeyError: 'the label [NaN] is not in the [index]'\n>>>\n```\n\n####__\u7a7a\u6587\u5b57\uff08\"\")\u3092\u542b\u3080 \u5217 \u3082 \u884c\u30e9\u30d9\u30eb\uff08index\uff09 \u306b \u3067\u304d\u308b__\n\n\n```{python:Python 3.5}\n>>> df_1[\"empty_string_containing_col\"] = [1, 2, \"\", 3, \"\"]\n>>> df_1\n                  d empty_string_containing_col\nnull_contain_col                               \nA                 e                           1\nB                 f                           2\n1                 g                            \nNaN               h                           3\n2                 i                            \n>>>\n```\n\n```{python:Python 3.5} \n>>> df_1 = df_1.reset_index(drop=True)\n>>> df_1\n   d empty_string_containing_col\n0  e                           1\n1  f                           2\n2  g                            \n3  h                           3\n4  i                            \n>>>\n```\n\n```{python:Python 3.5}\n>>> df_1.index\nRangeIndex(start=0, stop=5, step=1)\n>>> \n>>> list(df_1.index)\n[0, 1, 2, 3, 4]\n>>>\n```\n\n\n```{python:Python 3.5}\n>>> df_1 = df_1.set_index('empty_string_containing_col')\n>>> df_1\n                             d\nempty_string_containing_col   \n1                            e\n2                            f\n                             g\n3                            h\n                             i\n>>>\n```\n\n```{python:Python 3.5} \n>>> df_1.index\nIndex([1, 2, '', 3, ''], dtype='object', name='empty_string_containing_col')\n>>> \n>>> list(df_1.index)                 \n[1, 2, '', 3, '']\n>>>\n```\n\n\n```{python:Python 3.5}\n>>> df_1.loc[1]\nd    e\nName: 1, dtype: object\n>>>\n```\n\n\n####__\u884c\u30e9\u30d9\u30eb \u304c \u7a7a\u6587\u5b57\u306e\u884c \u306b \u30a2\u30af\u30bb\u30b9\u3067\u304d\u305f\u3002__\n\n* __\u4e00\u91cd\u5f15\u7528\u7b26\uff08\u30b7\u30f3\u30b0\u30eb\u30fb\u30af\u30a9\u30fc\u30c6\u30fc\u30b7\u30e7\u30f3\uff09 \u3067 \u56f2\u3093\u3060\u7a7a\u6587\u5b57 \u3067 \u30a2\u30af\u30bb\u30b9__\n\n```{python:Python 3.5}\n>>> df_1.loc['']\n                             d\nempty_string_containing_col   \n                             g\n                             i\n>>>\n```\n\n* __\u4e8c\u91cd\u5f15\u7528\u7b26\uff08\u30c0\u30d6\u30eb\u30fb\u30af\u30a9\u30fc\u30c6\u30fc\u30b7\u30e7\u30f3\uff09 \u3067 \u56f2\u3093\u3060\u7a7a\u6587\u5b57 \u3067 \u30a2\u30af\u30bb\u30b9__\n\n```{python:Python 3.5}\n>>> df_1.loc[\"\"]\n                             d\nempty_string_containing_col   \n                             g\n                             i\n>>> \n```\n\n\n####__\u4e00\u91cd\u5f15\u7528\u7b26\u306b\u56f2\u307e\u308c\u305f\u7a7a\u6587\u5b57 \u3082 OK__\n\n```{python:Python 3.5}\n>>> df_1['single_quotation_empty_str_col'] = ['', 'A', 1, 3, '']\n>>> df_1\n                             d single_quotation_empty_str_col\nempty_string_containing_col                                  \n1                            e                               \n2                            f                              A\n                             g                              1\n3                            h                              3\n                             i                               \n>>> \n```\n\n```{python:Python 3.5}\n>>> df_1 = df_1.reset_index(drop=True)\n>>> df_1\n   d single_quotation_empty_str_col\n0  e                               \n1  f                              A\n2  g                              1\n3  h                              3\n4  i                               \n>>> \n```\n\n####__\u554f\u984c\u306a\u3057__\n\n```{python:Python 3.5}\n>>> df_1 = df_1.set_index('single_quotation_empty_str_col')\n>>> df_1\n                                d\nsingle_quotation_empty_str_col   \n                                e\nA                               f\n1                               g\n3                               h\n                                i\n>>>\n```\n\n```{python:Python 3.5} \n>>> df_1.index\nIndex(['', 'A', 1, 3, ''], dtype='object', name='single_quotation_empty_str_col')\n>>> \n>>> list(df_1.index)\n['', 'A', 1, 3, '']\n>>> \n```\n\n\n```{python:Python 3.5}\n>>> df_1.loc['A']\nd    f\nName: A, dtype: object\n>>>\n```\n\n```{python:Python 3.5}\n>>> df_1.loc[1]\nd    g\nName: 1, dtype: object\n>>> \n```\n\n####__\u554f\u984c\u306a\u3057__\n\n```{python:Python 3.5}\n>>> df_1.loc['']\n                                d\nsingle_quotation_empty_str_col   \n                                e\n                                i\n>>>\n```\n\n####__\u4e8c\u91cd\u5f15\u7528\u7b26 \u3067 \u56f2\u3093\u3060\u7a7a\u6587\u5b57 \u3067\u3082 \u30a2\u30af\u30bb\u30b9\u3067\u304d\u308b\u3002__\n\n```{python:Python 3.5} \n>>> df_1.loc[\"\"]\n                                d\nsingle_quotation_empty_str_col   \n                                e\n                                i\n>>> \n```\n\n\n####__\u4e8c\u91cd\u5f15\u7528\u7b26 \u3067 \u56f2\u307e\u308c\u305f\u7a7a\u6587\u5b57 \u3068 \u4e00\u91cd\u5f15\u7528\u7b26 \u3067 \u56f2\u307e\u308c\u305f\u7a7a\u6587\u5b57 \u306f \u540c\u3058 \u6271\u3044__\n\n\n```{python:Python 3.5} \n>>> \"\" == ''\nTrue\n>>> \n>>> '' == \"\"\nTrue\n>>> \n```\n", "tags": ["Python", "Pzython3", "pandas", "DataFrame", "\u30c7\u30fc\u30bf\u5206\u6790"]}