{"context": "\n\n\u672c\u8a18\u4e8b\u306e\u6982\u8981\nPython\u3092\u7528\u3044\u305f\u958b\u767a\u306b\u304a\u3044\u3066\u3001\u30e6\u30cb\u30c3\u30c8\u30c6\u30b9\u30c8\u3092Jenkins\u3055\u3093\u306b\u3084\u3063\u3066\u3082\u3089\u3046\u65b9\u6cd5\u3092\u89e3\u8aac\u3059\u308b\u3002\nPython\u306e\u30e6\u30cb\u30c3\u30c8\u30c6\u30b9\u30c8\u30d5\u30ec\u30fc\u30e0\u30ef\u30fc\u30af\u3068\u3057\u3066\u306f\u3001nose\u304bpy.test\u304c\u5019\u88dc\u306b\u306a\u308a\u307e\u3059\u304c\n\u4eca\u56de\u306f\u3001py.test\u3092\u4f7f\u3044\u307e\u3059\u3002\nJenkins\u3055\u3093\u306b\u306f\u3001\n* \u30c6\u30b9\u30c8\u306e\u81ea\u52d5\u5b9f\u884c\n* \u30c6\u30b9\u30c8\u30ec\u30dd\u30fc\u30c8\u306e\u51fa\u529b\n* \u30ab\u30d0\u30ec\u30c3\u30b8\u306e\u51fa\u529b\u3068\u8996\u899a\u5316\n\u3092\u3084\u3063\u3066\u3082\u3089\u3044\u307e\u3059\u3002\n\u74b0\u5883\u306f\u4ee5\u4e0b\u306e\u901a\u308a\u3002\n\n\n\n\u9805\u76ee\n\u30d0\u30fc\u30b8\u30e7\u30f3\u306a\u3069\n\n\n\n\nPython\n3.5.1\n\n\nJenkins\n1.6...?\n\n\n\u30c6\u30b9\u30c8\u30d5\u30ec\u30fc\u30e0\u30ef\u30fc\u30af\npy.test\n\n\n\n\npy.test\npip install pytest\u3067\u30a4\u30f3\u30b9\u30c8\u30fc\u30eb\n\n\u30c6\u30b9\u30c8\u30b3\u30fc\u30c9\u306e\u4f8b\n\u30c6\u30b9\u30c8\u5bfe\u8c61\u30b3\u30fc\u30c9 - calculator.py\nclass Calculator():\n    def add(self, a, b):\n        return a + b\n\n    def sub(self, a, b):\n        return a - b\n\n    def mul(self, a, b):\n        return a * b\n\n    def div(self, a, b):\n        return a / b\n\n\u30c6\u30b9\u30c8\u30b3\u30fc\u30c9 - test_calculator.py\nimport pytest\nfrom calculator import Calculator\n\ndef pytest_funcarg__calc():\n    return Calculator()\n\n@pytest.mark.parametrize(\"a, b, r\", [(9, 8, 17), (7, 6, 13), (5, 4, 9), (3, 2, 5), (1, 0, 1)])\ndef test_add(calc, a, b, r):\n    assert calc.add(a, b) == r\n\n@pytest.mark.parametrize(\"a, b, r\", [(9, 8, 1), (7, 6, 1), (5, 4, 1), (3, 2, 1), (1, 0, 1)])\ndef test_sub(calc, a, b, r):\n    assert calc.sub(a, b) == r\n\n@pytest.mark.parametrize(\"a, b, r\", [(9, 8, 72), (7, 6, 42), (5, 4, 20), (3, 2, 6), (1, 0, 0)])\ndef test_mul(calc, a, b, r):\n    assert calc.mul(a, b) == r\n\n@pytest.mark.parametrize(\"a, b, r\", [(9, 3, 3), (8, 4, 2), (6, 2, 3), (4, 2, 2), (0, 1, 0)])\ndef test_div(calc, a, b, r):\n    assert calc.div(a, b) == r\n\ndef test_div_error(calc):\n    with pytest.raises(ZeroDivisionError):\n        calc.div(1, 0)\n\n\n\u30c6\u30b9\u30c8\u5b9f\u884c\npy.test\u3067\u5b9f\u884c\u53ef\u80fd\n\u5b9f\u884c\u3057\u305f\u30c7\u30a3\u30ec\u30af\u30c8\u30ea\u914d\u4e0b\u3092\u518d\u5e30\u7684\u306b\u63a2\u7d22\u3057\u3001\ntest\u3067\u59cb\u307e\u308bpy\u30d5\u30a1\u30a4\u30eb\u3092\u5b9f\u884c\u3057\u3066\u304f\u308c\u308b\u3002\n\u30c6\u30b9\u30c8\u7d50\u679c\n\u6210\u529f\u4f8b\n============================= test session starts ==============================\nplatform darwin -- Python 3.5.1, pytest-2.9.2, py-1.4.31, pluggy-0.3.1\nrootdir: /Users/rotasuke/git/python_test/others, inifile: \ncollected 21 items\n\ntest_calculator.py .....................\n\n========================== 21 passed in 0.03 seconds ===========================\n\n\u5931\u6557\u4f8b\n============================= test session starts ==============================\nplatform darwin -- Python 3.5.1, pytest-2.9.2, py-1.4.31, pluggy-0.3.1\nrootdir: /Users/rotasuke/git/python_test/others, inifile: \ncollected 21 items\n\ntest_calculator.py ...................F.\n\n=================================== FAILURES ===================================\n_______________________________ test_div[0-1-1] ________________________________\n\ncalc = <calculator.Calculator object at 0x10c9567f0>, a = 0, b = 1, r = 1\n\n    @pytest.mark.parametrize(\"a, b, r\", [(9, 3, 3), (8, 4, 2), (6, 2, 3), (4, 2, 2), (0, 1, 1)])\n    def test_div(calc, a, b, r):\n>       assert calc.div(a, b) == r\nE       assert 0.0 == 1\nE        +  where 0.0 = <bound method Calculator.div of <calculator.Calculator object at 0x10c9567f0>>(0, 1)\nE        +    where <bound method Calculator.div of <calculator.Calculator object at 0x10c9567f0>> = <calculator.Calculator object at 0x10c9567f0>.div\n\ntest_calculator.py:21: AssertionError\n===================== 1 failed, 20 passed in 0.04 seconds ======================\n\n\nJenkins\u30b8\u30e7\u30d6\u4f5c\u6210\nGit\u306e\u30c1\u30a7\u30c3\u30af\u30a2\u30a6\u30c8\u306a\u3069\u306e\u7d30\u304b\u3044\u8a2d\u5b9a\u306f\u5272\u611b\u3059\u308b\u3002\n[\u30d3\u30eb\u30c9]\u306e[\u30b7\u30a7\u30eb\u306e\u5b9f\u884c]\u306b\npy.test <\u5b9f\u884c\u3059\u308b\u30c7\u30a3\u30ec\u30af\u30c8\u30ea>\n\u3092\u6307\u5b9a\u3059\u308b\u3002\n\n\u30c6\u30b9\u30c8\u30ec\u30dd\u30fc\u30c8\u306e\u51fa\u529b\n\u5148\u307b\u3069\u5165\u529b\u3057\u305f\u3001\u5b9f\u884c\u3059\u308b\u30b7\u30a7\u30eb\u30b9\u30af\u30ea\u30d7\u30c8\u306b\n--junitxml=<\u51fa\u529b\u5148xml\u30d5\u30a1\u30a4\u30eb>\n\u3092\u6307\u5b9a\u3059\u308b\u3053\u3068\u3067\u3001JUnit\u5f62\u5f0f\u3067\u30c6\u30b9\u30c8\u30ec\u30dd\u30fc\u30c8\u3092\u51fa\u529b\u3059\u308b\u3053\u3068\u304c\u3067\u304d\u308b\u3002\n[\u30d3\u30eb\u30c9\u5f8c\u306e\u51e6\u7406]\u306b\u3001[JUnit \u30c6\u30b9\u30c8\u7d50\u679c\u306e\u96c6\u8a08]\u3092\u8ffd\u52a0\u3057\n\u5148\u307b\u3069\u51fa\u529b\u3057\u305fxml\u30d5\u30a1\u30a4\u30eb\u3092\u6307\u5b9a\u3059\u308b\u3002\n\n\u30ab\u30d0\u30ec\u30c3\u30b8\u306e\u51fa\u529b\npip install pytest-cov\u3067\u30ab\u30d0\u30ec\u30c3\u30b8\u51fa\u529b\u7528\u306e\u30e2\u30b8\u30e5\u30fc\u30eb\u3092\u30a4\u30f3\u30b9\u30c8\u30fc\u30eb\n\u5148\u307b\u3069\u5165\u529b\u3057\u305f\u3001\u5b9f\u884c\u3059\u308b\u30b7\u30a7\u30eb\u30b9\u30af\u30ea\u30d7\u30c8\u306b\n--cov-report=xml --cov\n\u3092\u6307\u5b9a\u3059\u308b\u3053\u3068\u3067\u3001\u30b3\u30de\u30f3\u30c9\u5b9f\u884c\u3057\u305f\u30c7\u30a3\u30ec\u30af\u30c8\u30ea\u914d\u4e0b\u306bcoverage.xml\u3092\u51fa\u529b\u3059\u308b\u3053\u3068\u304c\u3067\u304d\u308b\u3002\nJenkins\u306eCobertura Plugin\u306bcoverage.xml\u3092\u8aad\u307e\u305b\u308b\u3053\u3068\u3067\u53ef\u8996\u5316\u3067\u304d\u308b\u3002\n# \u672c\u8a18\u4e8b\u306e\u6982\u8981\nPython\u3092\u7528\u3044\u305f\u958b\u767a\u306b\u304a\u3044\u3066\u3001\u30e6\u30cb\u30c3\u30c8\u30c6\u30b9\u30c8\u3092Jenkins\u3055\u3093\u306b\u3084\u3063\u3066\u3082\u3089\u3046\u65b9\u6cd5\u3092\u89e3\u8aac\u3059\u308b\u3002\nPython\u306e\u30e6\u30cb\u30c3\u30c8\u30c6\u30b9\u30c8\u30d5\u30ec\u30fc\u30e0\u30ef\u30fc\u30af\u3068\u3057\u3066\u306f\u3001nose\u304bpy.test\u304c\u5019\u88dc\u306b\u306a\u308a\u307e\u3059\u304c\n\u4eca\u56de\u306f\u3001py.test\u3092\u4f7f\u3044\u307e\u3059\u3002\n\nJenkins\u3055\u3093\u306b\u306f\u3001\n* \u30c6\u30b9\u30c8\u306e\u81ea\u52d5\u5b9f\u884c\n* \u30c6\u30b9\u30c8\u30ec\u30dd\u30fc\u30c8\u306e\u51fa\u529b\n* \u30ab\u30d0\u30ec\u30c3\u30b8\u306e\u51fa\u529b\u3068\u8996\u899a\u5316\n\u3092\u3084\u3063\u3066\u3082\u3089\u3044\u307e\u3059\u3002\n\n\u74b0\u5883\u306f\u4ee5\u4e0b\u306e\u901a\u308a\u3002\n\n|\u9805\u76ee|\u30d0\u30fc\u30b8\u30e7\u30f3\u306a\u3069|\n|:--|:--|\n|Python|3.5.1|\n|Jenkins|1.6...?|\n|\u30c6\u30b9\u30c8\u30d5\u30ec\u30fc\u30e0\u30ef\u30fc\u30af|py.test|\n\n# py.test\n`pip install pytest`\u3067\u30a4\u30f3\u30b9\u30c8\u30fc\u30eb\n\n## \u30c6\u30b9\u30c8\u30b3\u30fc\u30c9\u306e\u4f8b\n\u30c6\u30b9\u30c8\u5bfe\u8c61\u30b3\u30fc\u30c9 - calculator.py\n\n```python\nclass Calculator():\n    def add(self, a, b):\n        return a + b\n\n    def sub(self, a, b):\n        return a - b\n\n    def mul(self, a, b):\n        return a * b\n\n    def div(self, a, b):\n        return a / b\n```\n\n\u30c6\u30b9\u30c8\u30b3\u30fc\u30c9 - test_calculator.py\n\n```python\nimport pytest\nfrom calculator import Calculator\n\ndef pytest_funcarg__calc():\n    return Calculator()\n\n@pytest.mark.parametrize(\"a, b, r\", [(9, 8, 17), (7, 6, 13), (5, 4, 9), (3, 2, 5), (1, 0, 1)])\ndef test_add(calc, a, b, r):\n    assert calc.add(a, b) == r\n\n@pytest.mark.parametrize(\"a, b, r\", [(9, 8, 1), (7, 6, 1), (5, 4, 1), (3, 2, 1), (1, 0, 1)])\ndef test_sub(calc, a, b, r):\n    assert calc.sub(a, b) == r\n\n@pytest.mark.parametrize(\"a, b, r\", [(9, 8, 72), (7, 6, 42), (5, 4, 20), (3, 2, 6), (1, 0, 0)])\ndef test_mul(calc, a, b, r):\n    assert calc.mul(a, b) == r\n\n@pytest.mark.parametrize(\"a, b, r\", [(9, 3, 3), (8, 4, 2), (6, 2, 3), (4, 2, 2), (0, 1, 0)])\ndef test_div(calc, a, b, r):\n    assert calc.div(a, b) == r\n\ndef test_div_error(calc):\n    with pytest.raises(ZeroDivisionError):\n        calc.div(1, 0)\n```\n\n## \u30c6\u30b9\u30c8\u5b9f\u884c\n`py.test`\u3067\u5b9f\u884c\u53ef\u80fd\n\u5b9f\u884c\u3057\u305f\u30c7\u30a3\u30ec\u30af\u30c8\u30ea\u914d\u4e0b\u3092\u518d\u5e30\u7684\u306b\u63a2\u7d22\u3057\u3001\ntest\u3067\u59cb\u307e\u308bpy\u30d5\u30a1\u30a4\u30eb\u3092\u5b9f\u884c\u3057\u3066\u304f\u308c\u308b\u3002\n\n\u30c6\u30b9\u30c8\u7d50\u679c\n\u6210\u529f\u4f8b\n\n```\n============================= test session starts ==============================\nplatform darwin -- Python 3.5.1, pytest-2.9.2, py-1.4.31, pluggy-0.3.1\nrootdir: /Users/rotasuke/git/python_test/others, inifile: \ncollected 21 items\n\ntest_calculator.py .....................\n\n========================== 21 passed in 0.03 seconds ===========================\n```\n\u5931\u6557\u4f8b\n\n```\n============================= test session starts ==============================\nplatform darwin -- Python 3.5.1, pytest-2.9.2, py-1.4.31, pluggy-0.3.1\nrootdir: /Users/rotasuke/git/python_test/others, inifile: \ncollected 21 items\n\ntest_calculator.py ...................F.\n\n=================================== FAILURES ===================================\n_______________________________ test_div[0-1-1] ________________________________\n\ncalc = <calculator.Calculator object at 0x10c9567f0>, a = 0, b = 1, r = 1\n\n    @pytest.mark.parametrize(\"a, b, r\", [(9, 3, 3), (8, 4, 2), (6, 2, 3), (4, 2, 2), (0, 1, 1)])\n    def test_div(calc, a, b, r):\n>       assert calc.div(a, b) == r\nE       assert 0.0 == 1\nE        +  where 0.0 = <bound method Calculator.div of <calculator.Calculator object at 0x10c9567f0>>(0, 1)\nE        +    where <bound method Calculator.div of <calculator.Calculator object at 0x10c9567f0>> = <calculator.Calculator object at 0x10c9567f0>.div\n\ntest_calculator.py:21: AssertionError\n===================== 1 failed, 20 passed in 0.04 seconds ======================\n```\n\n# Jenkins\u30b8\u30e7\u30d6\u4f5c\u6210\nGit\u306e\u30c1\u30a7\u30c3\u30af\u30a2\u30a6\u30c8\u306a\u3069\u306e\u7d30\u304b\u3044\u8a2d\u5b9a\u306f\u5272\u611b\u3059\u308b\u3002\n\n[\u30d3\u30eb\u30c9]\u306e[\u30b7\u30a7\u30eb\u306e\u5b9f\u884c]\u306b\n`py.test <\u5b9f\u884c\u3059\u308b\u30c7\u30a3\u30ec\u30af\u30c8\u30ea>`\n\u3092\u6307\u5b9a\u3059\u308b\u3002\n\n## \u30c6\u30b9\u30c8\u30ec\u30dd\u30fc\u30c8\u306e\u51fa\u529b\n\u5148\u307b\u3069\u5165\u529b\u3057\u305f\u3001\u5b9f\u884c\u3059\u308b\u30b7\u30a7\u30eb\u30b9\u30af\u30ea\u30d7\u30c8\u306b\n`--junitxml=<\u51fa\u529b\u5148xml\u30d5\u30a1\u30a4\u30eb>`\n\u3092\u6307\u5b9a\u3059\u308b\u3053\u3068\u3067\u3001JUnit\u5f62\u5f0f\u3067\u30c6\u30b9\u30c8\u30ec\u30dd\u30fc\u30c8\u3092\u51fa\u529b\u3059\u308b\u3053\u3068\u304c\u3067\u304d\u308b\u3002\n\n[\u30d3\u30eb\u30c9\u5f8c\u306e\u51e6\u7406]\u306b\u3001[JUnit \u30c6\u30b9\u30c8\u7d50\u679c\u306e\u96c6\u8a08]\u3092\u8ffd\u52a0\u3057\n\u5148\u307b\u3069\u51fa\u529b\u3057\u305fxml\u30d5\u30a1\u30a4\u30eb\u3092\u6307\u5b9a\u3059\u308b\u3002\n\n## \u30ab\u30d0\u30ec\u30c3\u30b8\u306e\u51fa\u529b\n`pip install pytest-cov`\u3067\u30ab\u30d0\u30ec\u30c3\u30b8\u51fa\u529b\u7528\u306e\u30e2\u30b8\u30e5\u30fc\u30eb\u3092\u30a4\u30f3\u30b9\u30c8\u30fc\u30eb\n\n\u5148\u307b\u3069\u5165\u529b\u3057\u305f\u3001\u5b9f\u884c\u3059\u308b\u30b7\u30a7\u30eb\u30b9\u30af\u30ea\u30d7\u30c8\u306b\n`--cov-report=xml --cov`\n\u3092\u6307\u5b9a\u3059\u308b\u3053\u3068\u3067\u3001\u30b3\u30de\u30f3\u30c9\u5b9f\u884c\u3057\u305f\u30c7\u30a3\u30ec\u30af\u30c8\u30ea\u914d\u4e0b\u306bcoverage.xml\u3092\u51fa\u529b\u3059\u308b\u3053\u3068\u304c\u3067\u304d\u308b\u3002\n\nJenkins\u306eCobertura Plugin\u306bcoverage.xml\u3092\u8aad\u307e\u305b\u308b\u3053\u3068\u3067\u53ef\u8996\u5316\u3067\u304d\u308b\u3002\n", "tags": ["Python", "Jenkins", "\u30c6\u30b9\u30c8", "\u30c6\u30b9\u30c8\u81ea\u52d5\u5316"]}