{"tags": ["CircleCI", "Python"], "context": " More than 1 year has passed since last update.mmh3\u30e2\u30b8\u30e5\u30fc\u30eb\u3092\u30b3\u30f3\u30d1\u30a4\u30eb\u3057\u305f\u3089\u30a8\u30e9\u30fc\u304c\u51fa\u305f\u306e\u3067\u89e3\u6c7a\u307e\u3067\u306e\u5099\u5fd8\u9332\u3002\n  Running setup.py install for murmurhash3\n    building 'mmh3' extension\n    gcc -pthread -Wno-unused-result -Werror=declaration-after-statement -DNDEBUG -g -fwrapv -O3 -Wall -Wstrict-prototypes -fPIC -I/home/ubuntu/virtualenvs/venv-3.4.1/include -I/home/ubuntu/.pyenv/versions/3.4.1/include/python3.4m -c mmh3module.c -o build/temp.linux-x86_64-3.4/mmh3module.o -std=c99\n    mmh3module.c: In function \u2018mmh3_hash64\u2019:\n    mmh3module.c:63:5: error: ISO C90 forbids mixed declarations and code [-Werror=declaration-after-statement]\n    mmh3module.c: In function \u2018mmh3_hash128\u2019:\n    mmh3module.c:90:5: error: ISO C90 forbids mixed declarations and code [-Werror=declaration-after-statement]\n    mmh3module.c: In function \u2018mmh3_hash_bytes\u2019:\n    mmh3module.c:115:5: error: ISO C90 forbids mixed declarations and code [-Werror=declaration-after-statement]\n    mmh3module.c: In function \u2018PyInit_mmh3\u2019:\n    mmh3module.c:184:5: error: ISO C90 forbids mixed declarations and code [-Werror=declaration-after-statement]\n    cc1: some warnings being treated as errors\n    error: command 'gcc' failed with exit status 1\n    Complete output from command /home/ubuntu/virtualenvs/venv-3.4.1/bin/python3.4 -c \"import setuptools, tokenize;__file__='/home/ubuntu/virtualenvs/venv-3.4.1/build/murmurhash3/setup.py';exec(compile(getattr(tokenize, 'open', open)(__file__).read().replace('\\r\\n', '\\n'), __file__, 'exec'))\" install --record /tmp/pip-qrmqve3d-record/install-record.txt --single-version-externally-managed --compile --install-headers /home/ubuntu/virtualenvs/venv-3.4.1/include/site/python3.4:\n    running install\n\nrunning build\n\nrunning build_ext\n\nbuilding 'mmh3' extension\n\ncreating build\n\ncreating build/temp.linux-x86_64-3.4\n\ngcc -pthread -Wno-unused-result -Werror=declaration-after-statement -DNDEBUG -g -fwrapv -O3 -Wall -Wstrict-prototypes -fPIC -I/home/ubuntu/virtualenvs/venv-3.4.1/include -I/home/ubuntu/.pyenv/versions/3.4.1/include/python3.4m -c mmh3module.c -o build/temp.linux-x86_64-3.4/mmh3module.o -std=c99\n\nmmh3module.c: In function \u2018mmh3_hash64\u2019:\n\nmmh3module.c:63:5: error: ISO C90 forbids mixed declarations and code [-Werror=declaration-after-statement]\n\nmmh3module.c: In function \u2018mmh3_hash128\u2019:\n\nmmh3module.c:90:5: error: ISO C90 forbids mixed declarations and code [-Werror=declaration-after-statement]\n\nmmh3module.c: In function \u2018mmh3_hash_bytes\u2019:\n\nmmh3module.c:115:5: error: ISO C90 forbids mixed declarations and code [-Werror=declaration-after-statement]\n\nmmh3module.c: In function \u2018PyInit_mmh3\u2019:\n\nmmh3module.c:184:5: error: ISO C90 forbids mixed declarations and code [-Werror=declaration-after-statement]\n\ncc1: some warnings being treated as errors\n\nerror: command 'gcc' failed with exit status 1\n\n----------------------------------------\nCleaning up...\nCommand /home/ubuntu/virtualenvs/venv-3.4.1/bin/python3.4 -c \"import setuptools, tokenize;__file__='/home/ubuntu/virtualenvs/venv-3.4.1/build/murmurhash3/setup.py';exec(compile(getattr(tokenize, 'open', open)(__file__).read().replace('\\r\\n', '\\n'), __file__, 'exec'))\" install --record /tmp/pip-qrmqve3d-record/install-record.txt --single-version-externally-managed --compile --install-headers /home/ubuntu/virtualenvs/venv-3.4.1/include/site/python3.4 failed with error code 1 in /home/ubuntu/virtualenvs/venv-3.4.1/build/murmurhash3\nStoring debug log for failure in /home/ubuntu/.pip/pip.log\n((pip install -r \"requirements.txt\")) returned exit code 1action pip install -r requirements.txt failed\n\n\u30b3\u30f3\u30d1\u30a4\u30eb\u6642\u306b -Werror=declaration-after-statement \u30aa\u30d7\u30b7\u30e7\u30f3\u304c\u4ed8\u3044\u3066\u3044\u308b\u306e\u3067\u30a8\u30e9\u30fc\u3067\u6b62\u307e\u3063\u3066\u3057\u307e\u3046\u3002\u30e9\u30a4\u30d6\u30e9\u30ea\u306e\u30bd\u30fc\u30b9\u30b3\u30fc\u30c9\u3082\u3044\u3058\u308a\u305f\u304f\u306a\u3044\u3057\u3001\u3061\u3087\u3063\u3068\u5f37\u5f15\u3060\u3051\u3069CFLAGS\u3092\u4e0a\u66f8\u304d\u3057\u3066\u89e3\u6c7a\u3057\u305f\u3002\nmachine:\n  environment:\n    CFLAGS: -Wno-error=declaration-after-statement\n\n\n\u53c2\u8003\n\nError compiling rpy2 on python3.4 due to -Werror=declaration-after-statement\n\n\nmmh3\u30e2\u30b8\u30e5\u30fc\u30eb\u3092\u30b3\u30f3\u30d1\u30a4\u30eb\u3057\u305f\u3089\u30a8\u30e9\u30fc\u304c\u51fa\u305f\u306e\u3067\u89e3\u6c7a\u307e\u3067\u306e\u5099\u5fd8\u9332\u3002\n\n```\n  Running setup.py install for murmurhash3\n    building 'mmh3' extension\n    gcc -pthread -Wno-unused-result -Werror=declaration-after-statement -DNDEBUG -g -fwrapv -O3 -Wall -Wstrict-prototypes -fPIC -I/home/ubuntu/virtualenvs/venv-3.4.1/include -I/home/ubuntu/.pyenv/versions/3.4.1/include/python3.4m -c mmh3module.c -o build/temp.linux-x86_64-3.4/mmh3module.o -std=c99\n    mmh3module.c: In function \u2018mmh3_hash64\u2019:\n    mmh3module.c:63:5: error: ISO C90 forbids mixed declarations and code [-Werror=declaration-after-statement]\n    mmh3module.c: In function \u2018mmh3_hash128\u2019:\n    mmh3module.c:90:5: error: ISO C90 forbids mixed declarations and code [-Werror=declaration-after-statement]\n    mmh3module.c: In function \u2018mmh3_hash_bytes\u2019:\n    mmh3module.c:115:5: error: ISO C90 forbids mixed declarations and code [-Werror=declaration-after-statement]\n    mmh3module.c: In function \u2018PyInit_mmh3\u2019:\n    mmh3module.c:184:5: error: ISO C90 forbids mixed declarations and code [-Werror=declaration-after-statement]\n    cc1: some warnings being treated as errors\n    error: command 'gcc' failed with exit status 1\n    Complete output from command /home/ubuntu/virtualenvs/venv-3.4.1/bin/python3.4 -c \"import setuptools, tokenize;__file__='/home/ubuntu/virtualenvs/venv-3.4.1/build/murmurhash3/setup.py';exec(compile(getattr(tokenize, 'open', open)(__file__).read().replace('\\r\\n', '\\n'), __file__, 'exec'))\" install --record /tmp/pip-qrmqve3d-record/install-record.txt --single-version-externally-managed --compile --install-headers /home/ubuntu/virtualenvs/venv-3.4.1/include/site/python3.4:\n    running install\n\nrunning build\n\nrunning build_ext\n\nbuilding 'mmh3' extension\n\ncreating build\n\ncreating build/temp.linux-x86_64-3.4\n\ngcc -pthread -Wno-unused-result -Werror=declaration-after-statement -DNDEBUG -g -fwrapv -O3 -Wall -Wstrict-prototypes -fPIC -I/home/ubuntu/virtualenvs/venv-3.4.1/include -I/home/ubuntu/.pyenv/versions/3.4.1/include/python3.4m -c mmh3module.c -o build/temp.linux-x86_64-3.4/mmh3module.o -std=c99\n\nmmh3module.c: In function \u2018mmh3_hash64\u2019:\n\nmmh3module.c:63:5: error: ISO C90 forbids mixed declarations and code [-Werror=declaration-after-statement]\n\nmmh3module.c: In function \u2018mmh3_hash128\u2019:\n\nmmh3module.c:90:5: error: ISO C90 forbids mixed declarations and code [-Werror=declaration-after-statement]\n\nmmh3module.c: In function \u2018mmh3_hash_bytes\u2019:\n\nmmh3module.c:115:5: error: ISO C90 forbids mixed declarations and code [-Werror=declaration-after-statement]\n\nmmh3module.c: In function \u2018PyInit_mmh3\u2019:\n\nmmh3module.c:184:5: error: ISO C90 forbids mixed declarations and code [-Werror=declaration-after-statement]\n\ncc1: some warnings being treated as errors\n\nerror: command 'gcc' failed with exit status 1\n\n----------------------------------------\nCleaning up...\nCommand /home/ubuntu/virtualenvs/venv-3.4.1/bin/python3.4 -c \"import setuptools, tokenize;__file__='/home/ubuntu/virtualenvs/venv-3.4.1/build/murmurhash3/setup.py';exec(compile(getattr(tokenize, 'open', open)(__file__).read().replace('\\r\\n', '\\n'), __file__, 'exec'))\" install --record /tmp/pip-qrmqve3d-record/install-record.txt --single-version-externally-managed --compile --install-headers /home/ubuntu/virtualenvs/venv-3.4.1/include/site/python3.4 failed with error code 1 in /home/ubuntu/virtualenvs/venv-3.4.1/build/murmurhash3\nStoring debug log for failure in /home/ubuntu/.pip/pip.log\n((pip install -r \"requirements.txt\")) returned exit code 1action pip install -r requirements.txt failed\n```\n\n\u30b3\u30f3\u30d1\u30a4\u30eb\u6642\u306b `-Werror=declaration-after-statement` \u30aa\u30d7\u30b7\u30e7\u30f3\u304c\u4ed8\u3044\u3066\u3044\u308b\u306e\u3067\u30a8\u30e9\u30fc\u3067\u6b62\u307e\u3063\u3066\u3057\u307e\u3046\u3002\u30e9\u30a4\u30d6\u30e9\u30ea\u306e\u30bd\u30fc\u30b9\u30b3\u30fc\u30c9\u3082\u3044\u3058\u308a\u305f\u304f\u306a\u3044\u3057\u3001\u3061\u3087\u3063\u3068\u5f37\u5f15\u3060\u3051\u3069CFLAGS\u3092\u4e0a\u66f8\u304d\u3057\u3066\u89e3\u6c7a\u3057\u305f\u3002\n\n```yaml\nmachine:\n  environment:\n    CFLAGS: -Wno-error=declaration-after-statement\n```\n\n\n# \u53c2\u8003\n* [Error compiling rpy2 on python3.4 due to -Werror=declaration-after-statement](http://stackoverflow.com/questions/25587039/error-compiling-rpy2-on-python3-4-due-to-werror-declaration-after-statement)\n"}