{"context": "\n\n\uff08\u8ffd\u8a182\uff09\u89e3\u6c7a\u3057\u3066\u3044\u307e\u305b\u3093\u3067\u3057\u305f\ngradlew :app:assembleDebug \u306f\u901a\u308b\u3088\u3046\u306b\u306a\u3063\u3066\u3044\u307e\u3057\u305f\uff0e\ngradlew :app:assembleRelease \u306f\u901a\u3089\u306a\u3044\u307e\u307e\u3067\u3057\u305f\uff0e\uff08app:transformClassesWithDexForRelease\u3067\u540c\u3058\u30a8\u30e9\u30fc\uff09\n\n\uff08\u8ffd\u8a18\uff09\u89e3\u6c7a\u3057\u307e\u3057\u305f\nWindows\u306e\u30b3\u30de\u30f3\u30c9\u30d7\u30ed\u30f3\u30d7\u30c8\u304c\u5acc\u3044\u3067 Cmder \u3068\u3044\u3046\u30b3\u30f3\u30bd\u30fc\u30eb\u30c4\u30fc\u30eb\u3092\u5165\u308c\u3066\u3044\u305f\u306e\u3067\u3059\u304c\uff0c\u305d\u306e\u5b9f\u884c\u30b3\u30f3\u30bd\u30fc\u30eb\u304c Bash \u3067\u3057\u305f\u2026\uff0e\n\u3061\u3083\u3093\u3068\u30b3\u30de\u30f3\u30c9\u30d7\u30ed\u30f3\u30d7\u30c8\u4e0a\u3067\u5b9f\u884c\u3055\u305b\u305f\u3089\u30d3\u30eb\u30c9\u901a\u308a\u307e\u3057\u305f\uff0e\n\u304a\u6065\u305a\u304b\u3057\u3044\u2026\n\uff08\u3068\u306f\u3044\u3048\uff0c\u524d\u306fBash\u547c\u3073\u51fa\u3057\u3067\u3082\u30d3\u30eb\u30c9\u3067\u304d\u3066\u3044\u305f\u6c17\u304c\u3059\u308b\u3093\u3067\u3059\u3051\u3069\u306d\u3047\u2026\uff09\n\n\u3053\u3068\u306e\u59cb\u307e\u308a\n\u4e45\u3057\u3076\u308a\u306b gradlew \u3067\u30a2\u30d7\u30ea\u3092\u30d3\u30eb\u30c9\u3057\u3088\u3046\u3068\u3057\u305f\u3068\u3053\u308d \nFAILURE: Build failed with an exception.\n\n* What went wrong:\nExecution failed for task ':app:transformClassesWithDexForDebug'.\n> com.android.build.api.transform.TransformException: com.android.ide.common.process.ProcessException: org.gradle.process.internal.ExecException: Process 'command 'C:\\Program Files\\Java\\jdk1.8.0_73\\bin\\java.exe'' finished with non-zero exit value -1073741819\n\n\u3068\u3067\u3066\u30d3\u30eb\u30c9\u306b\u5931\u6557\u3057\u307e\u3057\u305f\uff0e\n\u305a\u3063\u3068Android Studio 2.0 Beta4\u3067\u958b\u767a\u3057\u3066\u3066\uff0c\u7a81\u7136\u306e\u5931\u6557\u3060\u3063\u305f\u306e\u3067\u9762\u98df\u3089\u3044\u307e\u3057\u305f\uff0e\n\u30d3\u30eb\u30c9\u306e\u30b9\u30bf\u30c3\u30af\u30c8\u30ec\u30fc\u30b9\u306f\u9577\u3044\u306e\u3067\u8a18\u4e8b\u306e\u304a\u3057\u308a\u306b\u304f\u3063\u3064\u3051\u3066\u304a\u304d\u307e\u3059\uff0e\n\n\u89e3\u6c7a\u305b\u305a\n\u81ea\u529b\u3067\u4e00\u901a\u308a\u30c8\u30e9\u30d6\u30eb\u30b7\u30e5\u30fc\u30c6\u30a3\u30f3\u30b0\u3057\u3066\u89e3\u6c7a\u3057\u306a\u304b\u3063\u305f\u305f\u3081\uff0cAndroid Slack\u30c1\u30fc\u30e0\u306e\u7686\u69d8\u306b\u3082\u304a\u529b\u6dfb\u3048\u9802\u3044\u305f\u3082\u306e\u306e\uff0c\u7d50\u5c40\u89e3\u6c7a\u306b\u306f\u81f3\u3089\u305a\u3042\u304d\u3089\u3081\u307e\u3057\u305f\uff0e\n\u3053\u306e\u30de\u30b7\u30f3\u3067\u30b3\u30de\u30f3\u30c9\u30e9\u30a4\u30f3\u30d3\u30eb\u30c9\u304c\u5fc5\u9808\u3067\u7121\u304b\u3063\u305f\u306e\u304c\u5e78\u3044\u3067\u3057\u305f\uff0e\n\u305f\u3060\uff0c\u5099\u5fd8\u9332\u3068\u3044\u3046\u304b\uff0c\u8a18\u9332\u306b\u306f\u6b8b\u3057\u3066\u304a\u3053\u3046\u3068\u601d\u3063\u3066Qiita\u306b\u66f8\u304d\u51fa\u3057\u3066\u3044\u307e\u3059\uff0e\n\n\u74b0\u5883\n\nWindows7 64bit\ni7 4770\n16GB RAM\njava x64 8u71\n\n\n\uff08\u30c8\u30e9\u30d6\u30eb\u30b7\u30e5\u30fc\u30c6\u30a3\u30f3\u30b0\u4e2d\u30a2\u30c3\u30d7\u30c7\u30fc\u30c8\u3057\u3066 java x64 8u73\u3078\uff09\n\n\ngradle plugin 2.0 beta4, 1.5\n\n\u4ed6\u306eWindows\u30de\u30b7\u30f3\u3067\u306f\u30d3\u30eb\u30c9\u3067\u304d\u308b\uff0e\n\n\u3084\u3063\u305f\u3053\u3068\u3068\u7d50\u679c\n\n\ngradlew :app:asD\n\n\u5931\u6557\n\n\n\ngradle :app:build\n\n\u5931\u6557\n\n\n\ngradle :app:clean\n\n\u6210\u529f\n\n\n\u518d\u8d77\u52d5\n\n\n\u5931\u6557\n\n\nAndroid Studio\u4e0a\u3067\u30d3\u30eb\u30c9\n\n\n\u6210\u529f\n\n\n\njavac -version, java -version \u78ba\u8a8d\n\n\n\n\n\nJDK, JRE\u306e u71\u3092\u30a2\u30f3\u30a4\u30f3\u30b9\u30c8\u30fc\u30eb u73\u3092\u518d\u30a4\u30f3\u30b9\u30c8\u30fc\u30eb\n\n\n\u5931\u6557\n\n\n\n~/.gradle, {projectRoot}/.gradle \u306e\u524a\u9664\n\n\n\u5931\u6557\n\n\n\u5225\u30c7\u30a3\u30ec\u30af\u30c8\u30ea\u306b\u30af\u30ed\u30fc\u30f3\u3057\u76f4\u3057\u3066\u518d\u30d3\u30eb\u30c9\n\n\n\u5931\u6557\n\n\ngradle plugin\u306e\u30d0\u30fc\u30b8\u30e7\u30f3\u3092 2.0 beta4 -> 1.5\u3078\n\n\n\u5931\u6557\n\n\n\n\u304a\u624b\u4e0a\u3052\u3067\u3057\u305f\uff0e\n\u3082\u3046Windows\u3092\u518d\u30a4\u30f3\u30b9\u30c8\u30fc\u30eb\u3059\u308b\u3057\u304b\u306a\u3044\u306e\u3060\u308d\u3046\u304b\u2026\uff0e\n\n\u30b9\u30bf\u30c3\u30af\u30c8\u30ec\u30fc\u30b9\n$ ./gradlew :app:asD --stacktrace\n:app:preBuild UP-TO-DATE\n:app:preDebugBuild UP-TO-DATE\n:app:checkDebugManifest\n:app:prepareDebugDependencies\n:app:compileDebugAidl UP-TO-DATE\n:app:compileDebugRenderscript UP-TO-DATE\n:app:generateDebugBuildConfig UP-TO-DATE\n:app:generateDebugAssets UP-TO-DATE\n:app:mergeDebugAssets UP-TO-DATE\n:app:generateDebugResValues UP-TO-DATE\n:app:generateDebugResources UP-TO-DATE\n:app:mergeDebugResources UP-TO-DATE\n:app:processDebugManifest UP-TO-DATE\n:app:processDebugResources UP-TO-DATE\n:app:generateDebugSources UP-TO-DATE\n:app:compileDebugJavaWithJavac UP-TO-DATE\n:app:compileDebugNdk UP-TO-DATE\n:app:compileDebugSources UP-TO-DATE\n:app:transformClassesWithDexForDebug FAILED\n\nFAILURE: Build failed with an exception.\n\n* What went wrong:\nExecution failed for task ':app:transformClassesWithDexForDebug'.\n> com.android.build.api.transform.TransformException: com.android.ide.common.process.ProcessException: org.gradle.process.internal.ExecException: Process 'command 'C:\\Program Files\\Java\\jdk1.8.0_73\\bin\\java.exe'' finished with non-zero exit value -1073741819\n\n* Try:\nRun with --info or --debug option to get more log output.\n\n* Exception is:\norg.gradle.api.tasks.TaskExecutionException: Execution failed for task ':app:transformClassesWithDexForDebug'.\n        at org.gradle.api.internal.tasks.execution.ExecuteActionsTaskExecuter.executeActions(ExecuteActionsTaskExecuter.java:69)\n        at org.gradle.api.internal.tasks.execution.ExecuteActionsTaskExecuter.execute(ExecuteActionsTaskExecuter.java:46)\n        at org.gradle.api.internal.tasks.execution.PostExecutionAnalysisTaskExecuter.execute(PostExecutionAnalysisTaskExecuter.java:35)\n        at org.gradle.api.internal.tasks.execution.SkipUpToDateTaskExecuter.execute(SkipUpToDateTaskExecuter.java:64)\n        at org.gradle.api.internal.tasks.execution.ValidatingTaskExecuter.execute(ValidatingTaskExecuter.java:58)\n        at org.gradle.api.internal.tasks.execution.SkipEmptySourceFilesTaskExecuter.execute(SkipEmptySourceFilesTaskExecuter.java:52)\n        at org.gradle.api.internal.tasks.execution.SkipTaskWithNoActionsExecuter.execute(SkipTaskWithNoActionsExecuter.java:52)\n        at org.gradle.api.internal.tasks.execution.SkipOnlyIfTaskExecuter.execute(SkipOnlyIfTaskExecuter.java:53)\n        at org.gradle.api.internal.tasks.execution.ExecuteAtMostOnceTaskExecuter.execute(ExecuteAtMostOnceTaskExecuter.java:43)\n        at org.gradle.execution.taskgraph.DefaultTaskGraphExecuter$EventFiringTaskWorker.execute(DefaultTaskGraphExecuter.java:203)\n        at org.gradle.execution.taskgraph.DefaultTaskGraphExecuter$EventFiringTaskWorker.execute(DefaultTaskGraphExecuter.java:185)\n        at org.gradle.execution.taskgraph.AbstractTaskPlanExecutor$TaskExecutorWorker.processTask(AbstractTaskPlanExecutor.java:66)\n        at org.gradle.execution.taskgraph.AbstractTaskPlanExecutor$TaskExecutorWorker.run(AbstractTaskPlanExecutor.java:50)\n        at org.gradle.execution.taskgraph.DefaultTaskPlanExecutor.process(DefaultTaskPlanExecutor.java:25)\n        at org.gradle.execution.taskgraph.DefaultTaskGraphExecuter.execute(DefaultTaskGraphExecuter.java:110)\n        at org.gradle.execution.SelectedTaskExecutionAction.execute(SelectedTaskExecutionAction.java:37)\n        at org.gradle.execution.DefaultBuildExecuter.execute(DefaultBuildExecuter.java:37)\n        at org.gradle.execution.DefaultBuildExecuter.access$000(DefaultBuildExecuter.java:23)\n        at org.gradle.execution.DefaultBuildExecuter$1.proceed(DefaultBuildExecuter.java:43)\n        at org.gradle.execution.DryRunBuildExecutionAction.execute(DryRunBuildExecutionAction.java:32)\n        at org.gradle.execution.DefaultBuildExecuter.execute(DefaultBuildExecuter.java:37)\n        at org.gradle.execution.DefaultBuildExecuter.execute(DefaultBuildExecuter.java:30)\n        at org.gradle.initialization.DefaultGradleLauncher$4.run(DefaultGradleLauncher.java:154)\n        at org.gradle.internal.Factories$1.create(Factories.java:22)\n        at org.gradle.internal.progress.DefaultBuildOperationExecutor.run(DefaultBuildOperationExecutor.java:90)\n        at org.gradle.internal.progress.DefaultBuildOperationExecutor.run(DefaultBuildOperationExecutor.java:52)\n        at org.gradle.initialization.DefaultGradleLauncher.doBuildStages(DefaultGradleLauncher.java:151)\n        at org.gradle.initialization.DefaultGradleLauncher.access$200(DefaultGradleLauncher.java:32)\n        at org.gradle.initialization.DefaultGradleLauncher$1.create(DefaultGradleLauncher.java:99)\n        at org.gradle.initialization.DefaultGradleLauncher$1.create(DefaultGradleLauncher.java:93)\n        at org.gradle.internal.progress.DefaultBuildOperationExecutor.run(DefaultBuildOperationExecutor.java:90)\n        at org.gradle.internal.progress.DefaultBuildOperationExecutor.run(DefaultBuildOperationExecutor.java:62)\n        at org.gradle.initialization.DefaultGradleLauncher.doBuild(DefaultGradleLauncher.java:93)\n        at org.gradle.initialization.DefaultGradleLauncher.run(DefaultGradleLauncher.java:82)\n        at org.gradle.launcher.exec.InProcessBuildActionExecuter$DefaultBuildController.run(InProcessBuildActionExecuter.java:94)\n        at org.gradle.tooling.internal.provider.ExecuteBuildActionRunner.run(ExecuteBuildActionRunner.java:28)\n        at org.gradle.launcher.exec.ChainingBuildActionRunner.run(ChainingBuildActionRunner.java:35)\n        at org.gradle.launcher.exec.InProcessBuildActionExecuter.execute(InProcessBuildActionExecuter.java:43)\n        at org.gradle.launcher.exec.InProcessBuildActionExecuter.execute(InProcessBuildActionExecuter.java:28)\n        at org.gradle.launcher.exec.ContinuousBuildActionExecuter.execute(ContinuousBuildActionExecuter.java:78)\n        at org.gradle.launcher.exec.ContinuousBuildActionExecuter.execute(ContinuousBuildActionExecuter.java:48)\n        at org.gradle.launcher.exec.DaemonUsageSuggestingBuildActionExecuter.execute(DaemonUsageSuggestingBuildActionExecuter.java:51)\n        at org.gradle.launcher.exec.DaemonUsageSuggestingBuildActionExecuter.execute(DaemonUsageSuggestingBuildActionExecuter.java:28)\n        at org.gradle.launcher.cli.RunBuildAction.run(RunBuildAction.java:43)\n        at org.gradle.internal.Actions$RunnableActionAdapter.execute(Actions.java:170)\n        at org.gradle.launcher.cli.CommandLineActionFactory$ParseAndBuildAction.execute(CommandLineActionFactory.java:237)\n        at org.gradle.launcher.cli.CommandLineActionFactory$ParseAndBuildAction.execute(CommandLineActionFactory.java:210)\n        at org.gradle.launcher.cli.JavaRuntimeValidationAction.execute(JavaRuntimeValidationAction.java:35)\n        at org.gradle.launcher.cli.JavaRuntimeValidationAction.execute(JavaRuntimeValidationAction.java:24)\n        at org.gradle.launcher.cli.CommandLineActionFactory$WithLogging.execute(CommandLineActionFactory.java:206)\n        at org.gradle.launcher.cli.CommandLineActionFactory$WithLogging.execute(CommandLineActionFactory.java:169)\n        at org.gradle.launcher.cli.ExceptionReportingAction.execute(ExceptionReportingAction.java:33)\n        at org.gradle.launcher.cli.ExceptionReportingAction.execute(ExceptionReportingAction.java:22)\n        at org.gradle.launcher.Main.doAction(Main.java:33)\n        at org.gradle.launcher.bootstrap.EntryPoint.run(EntryPoint.java:45)\n        at org.gradle.launcher.bootstrap.ProcessBootstrap.runNoExit(ProcessBootstrap.java:54)\n        at org.gradle.launcher.bootstrap.ProcessBootstrap.run(ProcessBootstrap.java:35)\n        at org.gradle.launcher.GradleMain.main(GradleMain.java:23)\n        at org.gradle.wrapper.BootstrapMainStarter.start(BootstrapMainStarter.java:33)\n        at org.gradle.wrapper.WrapperExecutor.execute(WrapperExecutor.java:130)\n        at org.gradle.wrapper.GradleWrapperMain.main(GradleWrapperMain.java:48)\nCaused by: java.lang.RuntimeException: com.android.build.api.transform.TransformException: com.android.ide.common.process.ProcessException: org.gradle.process.internal.ExecException: Process 'command 'C:\\Program Files\\Java\\jdk1.8.0_73\\bin\\java.exe'' finished with non-zero exit value -1073741819\n        at com.android.builder.profile.Recorder$Block.handleException(Recorder.java:54)\n        at com.android.builder.profile.ThreadRecorder$1.record(ThreadRecorder.java:57)\n        at com.android.builder.profile.ThreadRecorder$1.record(ThreadRecorder.java:47)\n        at com.android.build.gradle.internal.pipeline.TransformTask.transform(TransformTask.java:147)\n        at org.gradle.internal.reflect.JavaMethod.invoke(JavaMethod.java:75)\n        at org.gradle.api.internal.project.taskfactory.AnnotationProcessingTaskFactory$IncrementalTaskAction.doExecute(AnnotationProcessingTaskFactory.java:244)\n\n        at org.gradle.api.internal.project.taskfactory.AnnotationProcessingTaskFactory$StandardTaskAction.execute(AnnotationProcessingTaskFactory.java:220)\n        at org.gradle.api.internal.project.taskfactory.AnnotationProcessingTaskFactory$IncrementalTaskAction.execute(AnnotationProcessingTaskFactory.java:231)\n        at org.gradle.api.internal.project.taskfactory.AnnotationProcessingTaskFactory$StandardTaskAction.execute(AnnotationProcessingTaskFactory.java:209)\n        at org.gradle.api.internal.tasks.execution.ExecuteActionsTaskExecuter.executeAction(ExecuteActionsTaskExecuter.java:80)\n        at org.gradle.api.internal.tasks.execution.ExecuteActionsTaskExecuter.executeActions(ExecuteActionsTaskExecuter.java:61)\n        ... 60 more\nCaused by: com.android.build.api.transform.TransformException: com.android.ide.common.process.ProcessException: org.gradle.process.internal.ExecException: Process 'command 'C:\\Program Files\\Java\\jdk1.8.0_73\\bin\\java.exe'' finished with non-zero exit value -1073741819\n        at com.android.build.gradle.internal.transforms.DexTransform.transform(DexTransform.java:406)\n        at com.android.build.gradle.internal.pipeline.TransformTask$2.call(TransformTask.java:151)\n        at com.android.build.gradle.internal.pipeline.TransformTask$2.call(TransformTask.java:148)\n        at com.android.builder.profile.ThreadRecorder$1.record(ThreadRecorder.java:55)\n        ... 69 more\nCaused by: com.android.ide.common.process.ProcessException: org.gradle.process.internal.ExecException: Process 'command 'C:\\Program Files\\Java\\jdk1.8.0_73\\bin\\java.exe'' finished with non-zero exit value -1073741819\n        at com.android.build.gradle.internal.process.GradleProcessResult.assertNormalExitValue(GradleProcessResult.java:42)\n        at com.android.builder.core.AndroidBuilder.convertByteCode(AndroidBuilder.java:1344)\n        at com.android.build.gradle.internal.transforms.DexTransform.transform(DexTransform.java:237)\n        ... 72 more\nCaused by: org.gradle.process.internal.ExecException: Process 'command 'C:\\Program Files\\Java\\jdk1.8.0_73\\bin\\java.exe'' finished with non-zero exit value -1073741819\n        at org.gradle.process.internal.DefaultExecHandle$ExecResultImpl.assertNormalExitValue(DefaultExecHandle.java:367)\n        at com.android.build.gradle.internal.process.GradleProcessResult.assertNormalExitValue(GradleProcessResult.java:40)\n        ... 74 more\n\n\nBUILD FAILED\n\nTotal time: 14.493 secs\n\n# \uff08\u8ffd\u8a182\uff09\u89e3\u6c7a\u3057\u3066\u3044\u307e\u305b\u3093\u3067\u3057\u305f\n\n`gradlew :app:assembleDebug` \u306f\u901a\u308b\u3088\u3046\u306b\u306a\u3063\u3066\u3044\u307e\u3057\u305f\uff0e\n`gradlew :app:assembleRelease` \u306f\u901a\u3089\u306a\u3044\u307e\u307e\u3067\u3057\u305f\uff0e\uff08app:transformClassesWithDexForRelease\u3067\u540c\u3058\u30a8\u30e9\u30fc\uff09\n\n# \uff08\u8ffd\u8a18\uff09\u89e3\u6c7a\u3057\u307e\u3057\u305f\n\nWindows\u306e\u30b3\u30de\u30f3\u30c9\u30d7\u30ed\u30f3\u30d7\u30c8\u304c\u5acc\u3044\u3067 Cmder \u3068\u3044\u3046\u30b3\u30f3\u30bd\u30fc\u30eb\u30c4\u30fc\u30eb\u3092\u5165\u308c\u3066\u3044\u305f\u306e\u3067\u3059\u304c\uff0c\u305d\u306e\u5b9f\u884c\u30b3\u30f3\u30bd\u30fc\u30eb\u304c Bash \u3067\u3057\u305f\u2026\uff0e\n\u3061\u3083\u3093\u3068\u30b3\u30de\u30f3\u30c9\u30d7\u30ed\u30f3\u30d7\u30c8\u4e0a\u3067\u5b9f\u884c\u3055\u305b\u305f\u3089\u30d3\u30eb\u30c9\u901a\u308a\u307e\u3057\u305f\uff0e\n\n\u304a\u6065\u305a\u304b\u3057\u3044\u2026\n\n\uff08\u3068\u306f\u3044\u3048\uff0c\u524d\u306fBash\u547c\u3073\u51fa\u3057\u3067\u3082\u30d3\u30eb\u30c9\u3067\u304d\u3066\u3044\u305f\u6c17\u304c\u3059\u308b\u3093\u3067\u3059\u3051\u3069\u306d\u3047\u2026\uff09\n\n# \u3053\u3068\u306e\u59cb\u307e\u308a\n\n\u4e45\u3057\u3076\u308a\u306b `gradlew` \u3067\u30a2\u30d7\u30ea\u3092\u30d3\u30eb\u30c9\u3057\u3088\u3046\u3068\u3057\u305f\u3068\u3053\u308d \n\n```\nFAILURE: Build failed with an exception.\n\n* What went wrong:\nExecution failed for task ':app:transformClassesWithDexForDebug'.\n> com.android.build.api.transform.TransformException: com.android.ide.common.process.ProcessException: org.gradle.process.internal.ExecException: Process 'command 'C:\\Program Files\\Java\\jdk1.8.0_73\\bin\\java.exe'' finished with non-zero exit value -1073741819\n```\n\n\u3068\u3067\u3066\u30d3\u30eb\u30c9\u306b\u5931\u6557\u3057\u307e\u3057\u305f\uff0e\n\u305a\u3063\u3068Android Studio 2.0 Beta4\u3067\u958b\u767a\u3057\u3066\u3066\uff0c\u7a81\u7136\u306e\u5931\u6557\u3060\u3063\u305f\u306e\u3067\u9762\u98df\u3089\u3044\u307e\u3057\u305f\uff0e\n\n\u30d3\u30eb\u30c9\u306e\u30b9\u30bf\u30c3\u30af\u30c8\u30ec\u30fc\u30b9\u306f\u9577\u3044\u306e\u3067\u8a18\u4e8b\u306e\u304a\u3057\u308a\u306b\u304f\u3063\u3064\u3051\u3066\u304a\u304d\u307e\u3059\uff0e\n\n## \u89e3\u6c7a\u305b\u305a\n\n\u81ea\u529b\u3067\u4e00\u901a\u308a\u30c8\u30e9\u30d6\u30eb\u30b7\u30e5\u30fc\u30c6\u30a3\u30f3\u30b0\u3057\u3066\u89e3\u6c7a\u3057\u306a\u304b\u3063\u305f\u305f\u3081\uff0cAndroid Slack\u30c1\u30fc\u30e0\u306e\u7686\u69d8\u306b\u3082\u304a\u529b\u6dfb\u3048\u9802\u3044\u305f\u3082\u306e\u306e\uff0c\u7d50\u5c40\u89e3\u6c7a\u306b\u306f\u81f3\u3089\u305a\u3042\u304d\u3089\u3081\u307e\u3057\u305f\uff0e\n\u3053\u306e\u30de\u30b7\u30f3\u3067\u30b3\u30de\u30f3\u30c9\u30e9\u30a4\u30f3\u30d3\u30eb\u30c9\u304c\u5fc5\u9808\u3067\u7121\u304b\u3063\u305f\u306e\u304c\u5e78\u3044\u3067\u3057\u305f\uff0e\n\n\u305f\u3060\uff0c\u5099\u5fd8\u9332\u3068\u3044\u3046\u304b\uff0c\u8a18\u9332\u306b\u306f\u6b8b\u3057\u3066\u304a\u3053\u3046\u3068\u601d\u3063\u3066Qiita\u306b\u66f8\u304d\u51fa\u3057\u3066\u3044\u307e\u3059\uff0e\n\n## \u74b0\u5883\n\n- Windows7 64bit\n- i7 4770\n- 16GB RAM\n- java x64 8u71\n    - \uff08\u30c8\u30e9\u30d6\u30eb\u30b7\u30e5\u30fc\u30c6\u30a3\u30f3\u30b0\u4e2d\u30a2\u30c3\u30d7\u30c7\u30fc\u30c8\u3057\u3066 java x64 8u73\u3078\uff09\n- gradle plugin 2.0 beta4, 1.5\n\n\u4ed6\u306eWindows\u30de\u30b7\u30f3\u3067\u306f\u30d3\u30eb\u30c9\u3067\u304d\u308b\uff0e\n\n## \u3084\u3063\u305f\u3053\u3068\u3068\u7d50\u679c\n\n- `gradlew :app:asD`\n    - \u5931\u6557\n- `gradle :app:build`\n    - \u5931\u6557\n- `gradle :app:clean`\n    - \u6210\u529f\n- \u518d\u8d77\u52d5\n    - \u5931\u6557\n- Android Studio\u4e0a\u3067\u30d3\u30eb\u30c9\n    - \u6210\u529f\n- `javac -version`, `java -version` \u78ba\u8a8d\n    - ![image](https://qiita-image-store.s3.amazonaws.com/0/20506/63fe4c56-d769-53ae-64ab-c82d2ef619c1.png)\n- JDK, JRE\u306e u71\u3092\u30a2\u30f3\u30a4\u30f3\u30b9\u30c8\u30fc\u30eb u73\u3092\u518d\u30a4\u30f3\u30b9\u30c8\u30fc\u30eb\n    - \u5931\u6557\n- `~/.gradle`, `{projectRoot}/.gradle` \u306e\u524a\u9664\n    - \u5931\u6557\n- \u5225\u30c7\u30a3\u30ec\u30af\u30c8\u30ea\u306b\u30af\u30ed\u30fc\u30f3\u3057\u76f4\u3057\u3066\u518d\u30d3\u30eb\u30c9\n    - \u5931\u6557\n- gradle plugin\u306e\u30d0\u30fc\u30b8\u30e7\u30f3\u3092 2.0 beta4 -> 1.5\u3078\n    - \u5931\u6557\n\n\u304a\u624b\u4e0a\u3052\u3067\u3057\u305f\uff0e\n\u3082\u3046Windows\u3092\u518d\u30a4\u30f3\u30b9\u30c8\u30fc\u30eb\u3059\u308b\u3057\u304b\u306a\u3044\u306e\u3060\u308d\u3046\u304b\u2026\uff0e\n\n## \u30b9\u30bf\u30c3\u30af\u30c8\u30ec\u30fc\u30b9\n\n```\n$ ./gradlew :app:asD --stacktrace\n:app:preBuild UP-TO-DATE\n:app:preDebugBuild UP-TO-DATE\n:app:checkDebugManifest\n:app:prepareDebugDependencies\n:app:compileDebugAidl UP-TO-DATE\n:app:compileDebugRenderscript UP-TO-DATE\n:app:generateDebugBuildConfig UP-TO-DATE\n:app:generateDebugAssets UP-TO-DATE\n:app:mergeDebugAssets UP-TO-DATE\n:app:generateDebugResValues UP-TO-DATE\n:app:generateDebugResources UP-TO-DATE\n:app:mergeDebugResources UP-TO-DATE\n:app:processDebugManifest UP-TO-DATE\n:app:processDebugResources UP-TO-DATE\n:app:generateDebugSources UP-TO-DATE\n:app:compileDebugJavaWithJavac UP-TO-DATE\n:app:compileDebugNdk UP-TO-DATE\n:app:compileDebugSources UP-TO-DATE\n:app:transformClassesWithDexForDebug FAILED\n\nFAILURE: Build failed with an exception.\n\n* What went wrong:\nExecution failed for task ':app:transformClassesWithDexForDebug'.\n> com.android.build.api.transform.TransformException: com.android.ide.common.process.ProcessException: org.gradle.process.internal.ExecException: Process 'command 'C:\\Program Files\\Java\\jdk1.8.0_73\\bin\\java.exe'' finished with non-zero exit value -1073741819\n\n* Try:\nRun with --info or --debug option to get more log output.\n\n* Exception is:\norg.gradle.api.tasks.TaskExecutionException: Execution failed for task ':app:transformClassesWithDexForDebug'.\n        at org.gradle.api.internal.tasks.execution.ExecuteActionsTaskExecuter.executeActions(ExecuteActionsTaskExecuter.java:69)\n        at org.gradle.api.internal.tasks.execution.ExecuteActionsTaskExecuter.execute(ExecuteActionsTaskExecuter.java:46)\n        at org.gradle.api.internal.tasks.execution.PostExecutionAnalysisTaskExecuter.execute(PostExecutionAnalysisTaskExecuter.java:35)\n        at org.gradle.api.internal.tasks.execution.SkipUpToDateTaskExecuter.execute(SkipUpToDateTaskExecuter.java:64)\n        at org.gradle.api.internal.tasks.execution.ValidatingTaskExecuter.execute(ValidatingTaskExecuter.java:58)\n        at org.gradle.api.internal.tasks.execution.SkipEmptySourceFilesTaskExecuter.execute(SkipEmptySourceFilesTaskExecuter.java:52)\n        at org.gradle.api.internal.tasks.execution.SkipTaskWithNoActionsExecuter.execute(SkipTaskWithNoActionsExecuter.java:52)\n        at org.gradle.api.internal.tasks.execution.SkipOnlyIfTaskExecuter.execute(SkipOnlyIfTaskExecuter.java:53)\n        at org.gradle.api.internal.tasks.execution.ExecuteAtMostOnceTaskExecuter.execute(ExecuteAtMostOnceTaskExecuter.java:43)\n        at org.gradle.execution.taskgraph.DefaultTaskGraphExecuter$EventFiringTaskWorker.execute(DefaultTaskGraphExecuter.java:203)\n        at org.gradle.execution.taskgraph.DefaultTaskGraphExecuter$EventFiringTaskWorker.execute(DefaultTaskGraphExecuter.java:185)\n        at org.gradle.execution.taskgraph.AbstractTaskPlanExecutor$TaskExecutorWorker.processTask(AbstractTaskPlanExecutor.java:66)\n        at org.gradle.execution.taskgraph.AbstractTaskPlanExecutor$TaskExecutorWorker.run(AbstractTaskPlanExecutor.java:50)\n        at org.gradle.execution.taskgraph.DefaultTaskPlanExecutor.process(DefaultTaskPlanExecutor.java:25)\n        at org.gradle.execution.taskgraph.DefaultTaskGraphExecuter.execute(DefaultTaskGraphExecuter.java:110)\n        at org.gradle.execution.SelectedTaskExecutionAction.execute(SelectedTaskExecutionAction.java:37)\n        at org.gradle.execution.DefaultBuildExecuter.execute(DefaultBuildExecuter.java:37)\n        at org.gradle.execution.DefaultBuildExecuter.access$000(DefaultBuildExecuter.java:23)\n        at org.gradle.execution.DefaultBuildExecuter$1.proceed(DefaultBuildExecuter.java:43)\n        at org.gradle.execution.DryRunBuildExecutionAction.execute(DryRunBuildExecutionAction.java:32)\n        at org.gradle.execution.DefaultBuildExecuter.execute(DefaultBuildExecuter.java:37)\n        at org.gradle.execution.DefaultBuildExecuter.execute(DefaultBuildExecuter.java:30)\n        at org.gradle.initialization.DefaultGradleLauncher$4.run(DefaultGradleLauncher.java:154)\n        at org.gradle.internal.Factories$1.create(Factories.java:22)\n        at org.gradle.internal.progress.DefaultBuildOperationExecutor.run(DefaultBuildOperationExecutor.java:90)\n        at org.gradle.internal.progress.DefaultBuildOperationExecutor.run(DefaultBuildOperationExecutor.java:52)\n        at org.gradle.initialization.DefaultGradleLauncher.doBuildStages(DefaultGradleLauncher.java:151)\n        at org.gradle.initialization.DefaultGradleLauncher.access$200(DefaultGradleLauncher.java:32)\n        at org.gradle.initialization.DefaultGradleLauncher$1.create(DefaultGradleLauncher.java:99)\n        at org.gradle.initialization.DefaultGradleLauncher$1.create(DefaultGradleLauncher.java:93)\n        at org.gradle.internal.progress.DefaultBuildOperationExecutor.run(DefaultBuildOperationExecutor.java:90)\n        at org.gradle.internal.progress.DefaultBuildOperationExecutor.run(DefaultBuildOperationExecutor.java:62)\n        at org.gradle.initialization.DefaultGradleLauncher.doBuild(DefaultGradleLauncher.java:93)\n        at org.gradle.initialization.DefaultGradleLauncher.run(DefaultGradleLauncher.java:82)\n        at org.gradle.launcher.exec.InProcessBuildActionExecuter$DefaultBuildController.run(InProcessBuildActionExecuter.java:94)\n        at org.gradle.tooling.internal.provider.ExecuteBuildActionRunner.run(ExecuteBuildActionRunner.java:28)\n        at org.gradle.launcher.exec.ChainingBuildActionRunner.run(ChainingBuildActionRunner.java:35)\n        at org.gradle.launcher.exec.InProcessBuildActionExecuter.execute(InProcessBuildActionExecuter.java:43)\n        at org.gradle.launcher.exec.InProcessBuildActionExecuter.execute(InProcessBuildActionExecuter.java:28)\n        at org.gradle.launcher.exec.ContinuousBuildActionExecuter.execute(ContinuousBuildActionExecuter.java:78)\n        at org.gradle.launcher.exec.ContinuousBuildActionExecuter.execute(ContinuousBuildActionExecuter.java:48)\n        at org.gradle.launcher.exec.DaemonUsageSuggestingBuildActionExecuter.execute(DaemonUsageSuggestingBuildActionExecuter.java:51)\n        at org.gradle.launcher.exec.DaemonUsageSuggestingBuildActionExecuter.execute(DaemonUsageSuggestingBuildActionExecuter.java:28)\n        at org.gradle.launcher.cli.RunBuildAction.run(RunBuildAction.java:43)\n        at org.gradle.internal.Actions$RunnableActionAdapter.execute(Actions.java:170)\n        at org.gradle.launcher.cli.CommandLineActionFactory$ParseAndBuildAction.execute(CommandLineActionFactory.java:237)\n        at org.gradle.launcher.cli.CommandLineActionFactory$ParseAndBuildAction.execute(CommandLineActionFactory.java:210)\n        at org.gradle.launcher.cli.JavaRuntimeValidationAction.execute(JavaRuntimeValidationAction.java:35)\n        at org.gradle.launcher.cli.JavaRuntimeValidationAction.execute(JavaRuntimeValidationAction.java:24)\n        at org.gradle.launcher.cli.CommandLineActionFactory$WithLogging.execute(CommandLineActionFactory.java:206)\n        at org.gradle.launcher.cli.CommandLineActionFactory$WithLogging.execute(CommandLineActionFactory.java:169)\n        at org.gradle.launcher.cli.ExceptionReportingAction.execute(ExceptionReportingAction.java:33)\n        at org.gradle.launcher.cli.ExceptionReportingAction.execute(ExceptionReportingAction.java:22)\n        at org.gradle.launcher.Main.doAction(Main.java:33)\n        at org.gradle.launcher.bootstrap.EntryPoint.run(EntryPoint.java:45)\n        at org.gradle.launcher.bootstrap.ProcessBootstrap.runNoExit(ProcessBootstrap.java:54)\n        at org.gradle.launcher.bootstrap.ProcessBootstrap.run(ProcessBootstrap.java:35)\n        at org.gradle.launcher.GradleMain.main(GradleMain.java:23)\n        at org.gradle.wrapper.BootstrapMainStarter.start(BootstrapMainStarter.java:33)\n        at org.gradle.wrapper.WrapperExecutor.execute(WrapperExecutor.java:130)\n        at org.gradle.wrapper.GradleWrapperMain.main(GradleWrapperMain.java:48)\nCaused by: java.lang.RuntimeException: com.android.build.api.transform.TransformException: com.android.ide.common.process.ProcessException: org.gradle.process.internal.ExecException: Process 'command 'C:\\Program Files\\Java\\jdk1.8.0_73\\bin\\java.exe'' finished with non-zero exit value -1073741819\n        at com.android.builder.profile.Recorder$Block.handleException(Recorder.java:54)\n        at com.android.builder.profile.ThreadRecorder$1.record(ThreadRecorder.java:57)\n        at com.android.builder.profile.ThreadRecorder$1.record(ThreadRecorder.java:47)\n        at com.android.build.gradle.internal.pipeline.TransformTask.transform(TransformTask.java:147)\n        at org.gradle.internal.reflect.JavaMethod.invoke(JavaMethod.java:75)\n        at org.gradle.api.internal.project.taskfactory.AnnotationProcessingTaskFactory$IncrementalTaskAction.doExecute(AnnotationProcessingTaskFactory.java:244)\n\n        at org.gradle.api.internal.project.taskfactory.AnnotationProcessingTaskFactory$StandardTaskAction.execute(AnnotationProcessingTaskFactory.java:220)\n        at org.gradle.api.internal.project.taskfactory.AnnotationProcessingTaskFactory$IncrementalTaskAction.execute(AnnotationProcessingTaskFactory.java:231)\n        at org.gradle.api.internal.project.taskfactory.AnnotationProcessingTaskFactory$StandardTaskAction.execute(AnnotationProcessingTaskFactory.java:209)\n        at org.gradle.api.internal.tasks.execution.ExecuteActionsTaskExecuter.executeAction(ExecuteActionsTaskExecuter.java:80)\n        at org.gradle.api.internal.tasks.execution.ExecuteActionsTaskExecuter.executeActions(ExecuteActionsTaskExecuter.java:61)\n        ... 60 more\nCaused by: com.android.build.api.transform.TransformException: com.android.ide.common.process.ProcessException: org.gradle.process.internal.ExecException: Process 'command 'C:\\Program Files\\Java\\jdk1.8.0_73\\bin\\java.exe'' finished with non-zero exit value -1073741819\n        at com.android.build.gradle.internal.transforms.DexTransform.transform(DexTransform.java:406)\n        at com.android.build.gradle.internal.pipeline.TransformTask$2.call(TransformTask.java:151)\n        at com.android.build.gradle.internal.pipeline.TransformTask$2.call(TransformTask.java:148)\n        at com.android.builder.profile.ThreadRecorder$1.record(ThreadRecorder.java:55)\n        ... 69 more\nCaused by: com.android.ide.common.process.ProcessException: org.gradle.process.internal.ExecException: Process 'command 'C:\\Program Files\\Java\\jdk1.8.0_73\\bin\\java.exe'' finished with non-zero exit value -1073741819\n        at com.android.build.gradle.internal.process.GradleProcessResult.assertNormalExitValue(GradleProcessResult.java:42)\n        at com.android.builder.core.AndroidBuilder.convertByteCode(AndroidBuilder.java:1344)\n        at com.android.build.gradle.internal.transforms.DexTransform.transform(DexTransform.java:237)\n        ... 72 more\nCaused by: org.gradle.process.internal.ExecException: Process 'command 'C:\\Program Files\\Java\\jdk1.8.0_73\\bin\\java.exe'' finished with non-zero exit value -1073741819\n        at org.gradle.process.internal.DefaultExecHandle$ExecResultImpl.assertNormalExitValue(DefaultExecHandle.java:367)\n        at com.android.build.gradle.internal.process.GradleProcessResult.assertNormalExitValue(GradleProcessResult.java:40)\n        ... 74 more\n\n\nBUILD FAILED\n\nTotal time: 14.493 secs\n```\n", "tags": ["Android", "Java", "windows7"]}