{"context": " More than 1 year has passed since last update.\n\n\u3084\u308a\u305f\u3044\u3053\u3068\nstylus\u3067\u753b\u50cfsprite\u81ea\u52d5\u4f5c\u6210\u3092\u3057\u305f\u3044\u306e\u3067\u3001node-sprite-generator\u3068\u3044\u3046\u30e9\u30a4\u30d6\u30e9\u30ea\u3092\u5c0e\u5165\u3057\u305f\u3089\u3001node-canvas\u304c\u5fc5\u8981\u3060\u3063\u305f\u3002\nnode-canvas\u306eOSX\u306e\u30a4\u30f3\u30b9\u30c8\u30fc\u30eb\u624b\u9806\u3092\u898b\u308b\u3068\u3001Cairo\u3092\u91ce\u826f\u30d3\u30eb\u30c9\u3057\u3066\u3044\u308b\u304c\u3001brew\u3067\u5165\u308c\u3088\u3046\u3068\u3057\u305f\u3068\u3053\u308d\u3001\u30a4\u30f3\u30b9\u30c8\u30fc\u30eb\u306b\u82e5\u5e72\u624b\u9593\u53d6\u3063\u305f\u306e\u3067\u624b\u9806\u3092\u307e\u3068\u3081\u307e\u3057\u305f\u3002\nhttps://github.com/LearnBoost/node-canvas/wiki/Installation---OSX\n\n\u74b0\u5883\n\nMac OS X 10.9.2\nbrew 0.9.5\nnode v0.9.12\n\n\nanyenv\u3067\u30a4\u30f3\u30b9\u30c8\u30fc\u30eb\u3057\u305f\n\n\nnode-canvas\n\n\nhttps://github.com/learnboost/node-canvas\n\n\n\n\n\u30a4\u30f3\u30b9\u30c8\u30fc\u30eb\u624b\u9806\n\nbrew\u3067 pkgconfig \u3092\u30a4\u30f3\u30b9\u30c8\u30fc\u30eb\n\n\nbrew install pkgconfig\n\n\npkg\u304b\u3089 XQuartz \u3092\u30a4\u30f3\u30b9\u30c8\u30fc\u30eb\n\n\n\nhttps://xquartz.macosforge.org/landing/\n\nXQuartz-2.7.5.dmg\n\n\n\n\nbrew\u3067 cairo \u3092\u30a4\u30f3\u30b9\u30c8\u30fc\u30eb\n\n\nbrew install cairo\n\n\n$PKG_CONFIG_PATH \u3092\u8a2d\u5b9a\n\n\nexport PKG_CONFIG_PATH=$PKG_CONFIG_PATH:/opt/X11/lib/pkgconfig\n\n\nnpm\u3067 canvas \u3092\u30a4\u30f3\u30b9\u30c8\u30fc\u30eb\n\n\nnpm install -g canvas\n\n\n\n\n\u3084\u3063\u305f\u3053\u3068\n\n\u307e\u305a\u30a4\u30f3\u30b9\u30c8\u30fc\u30eb\u3092\u5b9f\u884c\u3059\u308b\u3068\u3053\u3046\u306a\u308b\n$ npm install -g canvas\nnpm http GET https://registry.npmjs.org/canvas\nnpm http 200 https://registry.npmjs.org/canvas\nnpm http GET https://registry.npmjs.org/canvas/-/canvas-1.1.3.tgz\nnpm http 200 https://registry.npmjs.org/canvas/-/canvas-1.1.3.tgz\nnpm http GET https://registry.npmjs.org/nan\nnpm http 200 https://registry.npmjs.org/nan\nnpm http GET https://registry.npmjs.org/nan/-/nan-0.4.4.tgz\nnpm http 200 https://registry.npmjs.org/nan/-/nan-0.4.4.tgz\n\n> canvas@1.1.3 install /Users/maru/.anyenv/envs/ndenv/versions/v0.9.12/lib/node_modules/canvas\n> node-gyp rebuild\n\ngyp http GET http://nodejs.org/dist/v0.9.12/node-v0.9.12.tar.gz\ngyp http 200 http://nodejs.org/dist/v0.9.12/node-v0.9.12.tar.gz\n./util/has_cairo_freetype.sh: line 4: pkg-config: command not found\ngyp: Call to './util/has_cairo_freetype.sh' returned exit status 0. while trying to load binding.gyp\ngyp ERR! configure error\ngyp ERR! stack Error: `gyp` failed with exit code: 1\ngyp ERR! stack     at ChildProcess.onCpExit (/Users/maru/.anyenv/envs/ndenv/versions/v0.9.12/lib/node_modules/npm/node_modules/node-gyp/lib/configure.js:416:16)\ngyp ERR! stack     at ChildProcess.EventEmitter.emit (events.js:97:17)\ngyp ERR! stack     at Process.ChildProcess._handle.onexit (child_process.js:733:12)\ngyp ERR! System Darwin 13.1.0\ngyp ERR! command \"node\" \"/Users/maru/.anyenv/envs/ndenv/versions/v0.9.12/lib/node_modules/npm/node_modules/node-gyp/bin/node-gyp.js\" \"rebuild\"\ngyp ERR! cwd /Users/maru/.anyenv/envs/ndenv/versions/v0.9.12/lib/node_modules/canvas\ngyp ERR! node -v v0.9.12\ngyp ERR! node-gyp -v v0.8.4\ngyp ERR! not ok\nnpm ERR! canvas@1.1.3 install: `node-gyp rebuild`\nnpm ERR! `sh \"-c\" \"node-gyp rebuild\"` failed with 1\nnpm ERR!\nnpm ERR! Failed at the canvas@1.1.3 install script.\nnpm ERR! This is most likely a problem with the canvas package,\nnpm ERR! not with npm itself.\nnpm ERR! Tell the author that this fails on your system:\nnpm ERR!     node-gyp rebuild\nnpm ERR! You can get their info via:\nnpm ERR!     npm owner ls canvas\nnpm ERR! There is likely additional logging output above.\n\nnpm ERR! System Darwin 13.1.0\nnpm ERR! command \"/Users/maru/.anyenv/envs/ndenv/versions/v0.9.12/bin/node\" \"/Users/maru/.anyenv/envs/ndenv/versions/v0.9.12/bin/npm\" \"install\" \"-g\" \"canvas\"\nnpm ERR! cwd /Users/maru\nnpm ERR! node -v v0.9.12\nnpm ERR! npm -v 1.2.12\nnpm ERR! code ELIFECYCLE\nnpm ERR!\nnpm ERR! Additional logging details can be found in:\nnpm ERR!     /Users/maru/npm-debug.log\nnpm ERR! not ok code 0\n\n\npkgconfig \u30a4\u30f3\u30b9\u30c8\u30fc\u30eb\n$ brew install pkgconfig\n\n$ npm install -g canvas\nnpm http GET https://registry.npmjs.org/canvas\nnpm http 304 https://registry.npmjs.org/canvas\nnpm http GET https://registry.npmjs.org/nan\nnpm http 304 https://registry.npmjs.org/nan\n\n> canvas@1.1.3 install /Users/maru/.anyenv/envs/ndenv/versions/v0.9.12/lib/node_modules/canvas\n> node-gyp rebuild\n\nPackage cairo was not found in the pkg-config search path.\nPerhaps you should add the directory containing `cairo.pc'\nto the PKG_CONFIG_PATH environment variable\nNo package 'cairo' found\ngyp: Call to './util/has_cairo_freetype.sh' returned exit status 0. while trying to load binding.gyp\ngyp ERR! configure error\ngyp ERR! stack Error: `gyp` failed with exit code: 1\ngyp ERR! stack     at ChildProcess.onCpExit (/Users/maru/.anyenv/envs/ndenv/versions/v0.9.12/lib/node_modules/npm/node_modules/node-gyp/lib/configure.js:416:16)\ngyp ERR! stack     at ChildProcess.EventEmitter.emit (events.js:97:17)\ngyp ERR! stack     at Process.ChildProcess._handle.onexit (child_process.js:733:12)\ngyp ERR! System Darwin 13.1.0\ngyp ERR! command \"node\" \"/Users/maru/.anyenv/envs/ndenv/versions/v0.9.12/lib/node_modules/npm/node_modules/node-gyp/bin/node-gyp.js\" \"rebuild\"\ngyp ERR! cwd /Users/maru/.anyenv/envs/ndenv/versions/v0.9.12/lib/node_modules/canvas\ngyp ERR! node -v v0.9.12\ngyp ERR! node-gyp -v v0.8.4\ngyp ERR! not ok\nnpm ERR! canvas@1.1.3 install: `node-gyp rebuild`\nnpm ERR! `sh \"-c\" \"node-gyp rebuild\"` failed with 1\nnpm ERR!\nnpm ERR! Failed at the canvas@1.1.3 install script.\nnpm ERR! This is most likely a problem with the canvas package,\nnpm ERR! not with npm itself.\nnpm ERR! Tell the author that this fails on your system:\nnpm ERR!     node-gyp rebuild\nnpm ERR! You can get their info via:\nnpm ERR!     npm owner ls canvas\nnpm ERR! There is likely additional logging output above.\n\nnpm ERR! System Darwin 13.1.0\nnpm ERR! command \"/Users/maru/.anyenv/envs/ndenv/versions/v0.9.12/bin/node\" \"/Users/maru/.anyenv/envs/ndenv/versions/v0.9.12/bin/npm\" \"install\" \"-g\" \"canvas\"\nnpm ERR! cwd /Users/maru\nnpm ERR! node -v v0.9.12\nnpm ERR! npm -v 1.2.12\nnpm ERR! code ELIFECYCLE\nnpm ERR!\nnpm ERR! Additional logging details can be found in:\nnpm ERR!     /Users/maru/npm-debug.log\nnpm ERR! not ok code 0\n\ncairo \u304c\u7121\u3044\u3068\u8a00\u308f\u308c\u308b\n$ brew install cairo\ncairo: Unsatisfied dependency: XQuartz\nHomebrew does not package XQuartz. Installers may be found at:\n  https://xquartz.macosforge.org\nError: An unsatisfied requirement failed this build.\n\nXQuartz \u3092\u5165\u308c\u308d\u3068\u8a00\u308f\u308c\u308b\n\nXQuartz\u3092\u30a4\u30f3\u30b9\u30c8\u30fc\u30eb\n\u4e0b\u8a18\u304b\u3089\u30c0\u30a6\u30f3\u30ed\u30fc\u30c9\u3057\u3066\u30a4\u30f3\u30b9\u30c8\u30fc\u30eb\u3059\u308b\n\n\nhttps://xquartz.macosforge.org/landing/\n\nXQuartz-2.7.5.dmg\n\n\n\n\u3069\u3046\u3084\u3089\u3001\u4ee5\u524d\u306fOS\u306b\u542b\u307e\u308c\u3066\u3044\u305f\u3082\u306e\u304c\u5206\u96e2\u3057\u305f\u3089\u3057\u3044(?)\nhttp://support.apple.com/kb/HT5293?viewlocale=ja_JP\npkg\u3067\u4f55\u304c\u5165\u3063\u305f\u304b\u306f\u4e0b\u8a18\u3067\u78ba\u8a8d\u304c\u3067\u304d\u308b\n$ pkgutil --pkgs | grep xquartz\norg.macosforge.xquartz.pkg\n$ pkgutil --files org.macosforge.xquartz.pkg\n\n\ncairo\u3092\u30a4\u30f3\u30b9\u30c8\u30fc\u30eb\n$ brew install cairo\n\n\u3053\u306e\u307e\u307e\u3060\u3068\u540c\u3058\u304f\u898b\u3064\u304b\u3089\u306a\u3044\u3068\u8a00\u308f\u308c\u3066\u3057\u307e\u3046\u306e\u3067\u3001\u30d1\u30b9\u3092\u901a\u3059\u3002\n$ export PKG_CONFIG_PATH=$PKG_CONFIG_PATH:/opt/X11/lib/pkgconfig\n\n\nnode-canvas \u3092\u30a4\u30f3\u30b9\u30c8\u30fc\u30eb\n$ npm install -g canvas\n(\u7565)\n1 warning generated.\n  SOLINK_MODULE(target) Release/canvas.node\n  SOLINK_MODULE(target) Release/canvas.node: Finished\ncanvas@1.1.3 /Users/maru/.anyenv/envs/ndenv/versions/v0.9.12/lib/node_modules/canvas\n\u2514\u2500\u2500 nan@0.4.4\n\n\u7121\u4e8b\u306b\u91ce\u826f\u30d3\u30eb\u30c9\u305b\u305a\u306b\u5165\u308a\u307e\u3057\u305f\u3002\n\n## \u3084\u308a\u305f\u3044\u3053\u3068\n\nstylus\u3067\u753b\u50cfsprite\u81ea\u52d5\u4f5c\u6210\u3092\u3057\u305f\u3044\u306e\u3067\u3001node-sprite-generator\u3068\u3044\u3046\u30e9\u30a4\u30d6\u30e9\u30ea\u3092\u5c0e\u5165\u3057\u305f\u3089\u3001node-canvas\u304c\u5fc5\u8981\u3060\u3063\u305f\u3002\n\nnode-canvas\u306eOSX\u306e\u30a4\u30f3\u30b9\u30c8\u30fc\u30eb\u624b\u9806\u3092\u898b\u308b\u3068\u3001Cairo\u3092\u91ce\u826f\u30d3\u30eb\u30c9\u3057\u3066\u3044\u308b\u304c\u3001brew\u3067\u5165\u308c\u3088\u3046\u3068\u3057\u305f\u3068\u3053\u308d\u3001\u30a4\u30f3\u30b9\u30c8\u30fc\u30eb\u306b\u82e5\u5e72\u624b\u9593\u53d6\u3063\u305f\u306e\u3067\u624b\u9806\u3092\u307e\u3068\u3081\u307e\u3057\u305f\u3002\nhttps://github.com/LearnBoost/node-canvas/wiki/Installation---OSX\n\n\n## \u74b0\u5883\n\n- Mac OS X 10.9.2\n- brew 0.9.5\n- node v0.9.12\n\t- anyenv\u3067\u30a4\u30f3\u30b9\u30c8\u30fc\u30eb\u3057\u305f\n- node-canvas\n\t- https://github.com/learnboost/node-canvas\n\n\n\n## \u30a4\u30f3\u30b9\u30c8\u30fc\u30eb\u624b\u9806\n\n1. brew\u3067 pkgconfig \u3092\u30a4\u30f3\u30b9\u30c8\u30fc\u30eb\n\t- `brew install pkgconfig`\n1. pkg\u304b\u3089 XQuartz \u3092\u30a4\u30f3\u30b9\u30c8\u30fc\u30eb\n\t- https://xquartz.macosforge.org/landing/\n\t\t- XQuartz-2.7.5.dmg\n1. brew\u3067 cairo \u3092\u30a4\u30f3\u30b9\u30c8\u30fc\u30eb\n\t- `brew install cairo`\n1. $PKG_CONFIG_PATH \u3092\u8a2d\u5b9a\n\t- `export PKG_CONFIG_PATH=$PKG_CONFIG_PATH:/opt/X11/lib/pkgconfig`\n1. npm\u3067 canvas \u3092\u30a4\u30f3\u30b9\u30c8\u30fc\u30eb\n\t- `npm install -g canvas`\n\n## \u3084\u3063\u305f\u3053\u3068\n\n### \u307e\u305a\u30a4\u30f3\u30b9\u30c8\u30fc\u30eb\u3092\u5b9f\u884c\u3059\u308b\u3068\u3053\u3046\u306a\u308b\n\n```\n$ npm install -g canvas\nnpm http GET https://registry.npmjs.org/canvas\nnpm http 200 https://registry.npmjs.org/canvas\nnpm http GET https://registry.npmjs.org/canvas/-/canvas-1.1.3.tgz\nnpm http 200 https://registry.npmjs.org/canvas/-/canvas-1.1.3.tgz\nnpm http GET https://registry.npmjs.org/nan\nnpm http 200 https://registry.npmjs.org/nan\nnpm http GET https://registry.npmjs.org/nan/-/nan-0.4.4.tgz\nnpm http 200 https://registry.npmjs.org/nan/-/nan-0.4.4.tgz\n\n> canvas@1.1.3 install /Users/maru/.anyenv/envs/ndenv/versions/v0.9.12/lib/node_modules/canvas\n> node-gyp rebuild\n\ngyp http GET http://nodejs.org/dist/v0.9.12/node-v0.9.12.tar.gz\ngyp http 200 http://nodejs.org/dist/v0.9.12/node-v0.9.12.tar.gz\n./util/has_cairo_freetype.sh: line 4: pkg-config: command not found\ngyp: Call to './util/has_cairo_freetype.sh' returned exit status 0. while trying to load binding.gyp\ngyp ERR! configure error\ngyp ERR! stack Error: `gyp` failed with exit code: 1\ngyp ERR! stack     at ChildProcess.onCpExit (/Users/maru/.anyenv/envs/ndenv/versions/v0.9.12/lib/node_modules/npm/node_modules/node-gyp/lib/configure.js:416:16)\ngyp ERR! stack     at ChildProcess.EventEmitter.emit (events.js:97:17)\ngyp ERR! stack     at Process.ChildProcess._handle.onexit (child_process.js:733:12)\ngyp ERR! System Darwin 13.1.0\ngyp ERR! command \"node\" \"/Users/maru/.anyenv/envs/ndenv/versions/v0.9.12/lib/node_modules/npm/node_modules/node-gyp/bin/node-gyp.js\" \"rebuild\"\ngyp ERR! cwd /Users/maru/.anyenv/envs/ndenv/versions/v0.9.12/lib/node_modules/canvas\ngyp ERR! node -v v0.9.12\ngyp ERR! node-gyp -v v0.8.4\ngyp ERR! not ok\nnpm ERR! canvas@1.1.3 install: `node-gyp rebuild`\nnpm ERR! `sh \"-c\" \"node-gyp rebuild\"` failed with 1\nnpm ERR!\nnpm ERR! Failed at the canvas@1.1.3 install script.\nnpm ERR! This is most likely a problem with the canvas package,\nnpm ERR! not with npm itself.\nnpm ERR! Tell the author that this fails on your system:\nnpm ERR!     node-gyp rebuild\nnpm ERR! You can get their info via:\nnpm ERR!     npm owner ls canvas\nnpm ERR! There is likely additional logging output above.\n\nnpm ERR! System Darwin 13.1.0\nnpm ERR! command \"/Users/maru/.anyenv/envs/ndenv/versions/v0.9.12/bin/node\" \"/Users/maru/.anyenv/envs/ndenv/versions/v0.9.12/bin/npm\" \"install\" \"-g\" \"canvas\"\nnpm ERR! cwd /Users/maru\nnpm ERR! node -v v0.9.12\nnpm ERR! npm -v 1.2.12\nnpm ERR! code ELIFECYCLE\nnpm ERR!\nnpm ERR! Additional logging details can be found in:\nnpm ERR!     /Users/maru/npm-debug.log\nnpm ERR! not ok code 0\n```\n\n### pkgconfig \u30a4\u30f3\u30b9\u30c8\u30fc\u30eb\n```\n$ brew install pkgconfig\n```\n\n```\n$ npm install -g canvas\nnpm http GET https://registry.npmjs.org/canvas\nnpm http 304 https://registry.npmjs.org/canvas\nnpm http GET https://registry.npmjs.org/nan\nnpm http 304 https://registry.npmjs.org/nan\n\n> canvas@1.1.3 install /Users/maru/.anyenv/envs/ndenv/versions/v0.9.12/lib/node_modules/canvas\n> node-gyp rebuild\n\nPackage cairo was not found in the pkg-config search path.\nPerhaps you should add the directory containing `cairo.pc'\nto the PKG_CONFIG_PATH environment variable\nNo package 'cairo' found\ngyp: Call to './util/has_cairo_freetype.sh' returned exit status 0. while trying to load binding.gyp\ngyp ERR! configure error\ngyp ERR! stack Error: `gyp` failed with exit code: 1\ngyp ERR! stack     at ChildProcess.onCpExit (/Users/maru/.anyenv/envs/ndenv/versions/v0.9.12/lib/node_modules/npm/node_modules/node-gyp/lib/configure.js:416:16)\ngyp ERR! stack     at ChildProcess.EventEmitter.emit (events.js:97:17)\ngyp ERR! stack     at Process.ChildProcess._handle.onexit (child_process.js:733:12)\ngyp ERR! System Darwin 13.1.0\ngyp ERR! command \"node\" \"/Users/maru/.anyenv/envs/ndenv/versions/v0.9.12/lib/node_modules/npm/node_modules/node-gyp/bin/node-gyp.js\" \"rebuild\"\ngyp ERR! cwd /Users/maru/.anyenv/envs/ndenv/versions/v0.9.12/lib/node_modules/canvas\ngyp ERR! node -v v0.9.12\ngyp ERR! node-gyp -v v0.8.4\ngyp ERR! not ok\nnpm ERR! canvas@1.1.3 install: `node-gyp rebuild`\nnpm ERR! `sh \"-c\" \"node-gyp rebuild\"` failed with 1\nnpm ERR!\nnpm ERR! Failed at the canvas@1.1.3 install script.\nnpm ERR! This is most likely a problem with the canvas package,\nnpm ERR! not with npm itself.\nnpm ERR! Tell the author that this fails on your system:\nnpm ERR!     node-gyp rebuild\nnpm ERR! You can get their info via:\nnpm ERR!     npm owner ls canvas\nnpm ERR! There is likely additional logging output above.\n\nnpm ERR! System Darwin 13.1.0\nnpm ERR! command \"/Users/maru/.anyenv/envs/ndenv/versions/v0.9.12/bin/node\" \"/Users/maru/.anyenv/envs/ndenv/versions/v0.9.12/bin/npm\" \"install\" \"-g\" \"canvas\"\nnpm ERR! cwd /Users/maru\nnpm ERR! node -v v0.9.12\nnpm ERR! npm -v 1.2.12\nnpm ERR! code ELIFECYCLE\nnpm ERR!\nnpm ERR! Additional logging details can be found in:\nnpm ERR!     /Users/maru/npm-debug.log\nnpm ERR! not ok code 0\n```\n\ncairo \u304c\u7121\u3044\u3068\u8a00\u308f\u308c\u308b\n\n```\n$ brew install cairo\ncairo: Unsatisfied dependency: XQuartz\nHomebrew does not package XQuartz. Installers may be found at:\n  https://xquartz.macosforge.org\nError: An unsatisfied requirement failed this build.\n```\n\nXQuartz \u3092\u5165\u308c\u308d\u3068\u8a00\u308f\u308c\u308b\n\n### XQuartz\u3092\u30a4\u30f3\u30b9\u30c8\u30fc\u30eb\n\n\u4e0b\u8a18\u304b\u3089\u30c0\u30a6\u30f3\u30ed\u30fc\u30c9\u3057\u3066\u30a4\u30f3\u30b9\u30c8\u30fc\u30eb\u3059\u308b\n\n- https://xquartz.macosforge.org/landing/\n\t- XQuartz-2.7.5.dmg\n\n\u3069\u3046\u3084\u3089\u3001\u4ee5\u524d\u306fOS\u306b\u542b\u307e\u308c\u3066\u3044\u305f\u3082\u306e\u304c\u5206\u96e2\u3057\u305f\u3089\u3057\u3044(?)\nhttp://support.apple.com/kb/HT5293?viewlocale=ja_JP\n\n\npkg\u3067\u4f55\u304c\u5165\u3063\u305f\u304b\u306f\u4e0b\u8a18\u3067\u78ba\u8a8d\u304c\u3067\u304d\u308b\n\n```\n$ pkgutil --pkgs | grep xquartz\norg.macosforge.xquartz.pkg\n$ pkgutil --files org.macosforge.xquartz.pkg\n```\n\n### cairo\u3092\u30a4\u30f3\u30b9\u30c8\u30fc\u30eb\n\n```\n$ brew install cairo\n```\n\n\u3053\u306e\u307e\u307e\u3060\u3068\u540c\u3058\u304f\u898b\u3064\u304b\u3089\u306a\u3044\u3068\u8a00\u308f\u308c\u3066\u3057\u307e\u3046\u306e\u3067\u3001\u30d1\u30b9\u3092\u901a\u3059\u3002\n\n```\n$ export PKG_CONFIG_PATH=$PKG_CONFIG_PATH:/opt/X11/lib/pkgconfig\n```\n\n### node-canvas \u3092\u30a4\u30f3\u30b9\u30c8\u30fc\u30eb\n\n```\n$ npm install -g canvas\n(\u7565)\n1 warning generated.\n  SOLINK_MODULE(target) Release/canvas.node\n  SOLINK_MODULE(target) Release/canvas.node: Finished\ncanvas@1.1.3 /Users/maru/.anyenv/envs/ndenv/versions/v0.9.12/lib/node_modules/canvas\n\u2514\u2500\u2500 nan@0.4.4\n```\n\n\u7121\u4e8b\u306b\u91ce\u826f\u30d3\u30eb\u30c9\u305b\u305a\u306b\u5165\u308a\u307e\u3057\u305f\u3002", "tags": ["node-canvas", "nodejs"]}