{"context": " More than 1 year has passed since last update.\n\n\u80cc\u666f\ngem install berkshelf\u3067\u4ee5\u4e0b\u306e\u30e1\u30c3\u30bb\u30fc\u30b8\u3067\u30a4\u30f3\u30b9\u30c8\u30fc\u30eb\u3067\u304d\u305a\uff082014-08-18\uff09\u3002\n$ gem install berkshelf\nBuilding native extensions.  This could take a while...\nERROR:  Error installing berkshelf:\n        ERROR: Failed to build gem native extension.\n\n    /c/Users/xxx/.rbenv/versions/2.1.1/bin/ruby.exe extconf.rb\n-> sh /c/Users/xxx/.rbenv/versions/2.1.1/lib/ruby/gems/2.1.0/gems/dep-selector-libgecode-1.0.2/ext/libgecode3/vendor/gecode-3.7.3/configure\n--prefix=/c/Users/xxx/.rbenv/versions/2.1.1/lib/ruby/gems/2.1.0/gems/dep-selector-libgecode-1.0.2/lib/dep-selector-libgecode/vendored-gecode\n--disable-doc-dot --disable-doc-search --disable-doc-tagfile\n--disable-doc-chm --disable-doc-docset --disable-qt --disable-examples\n--disable-flatzinc\nchecking for the host operating system... Windows\nchecking whether the C++ compiler works... no\nconfigure: error: in\n`/c/Users/xxx/.rbenv/versions/2.1.1/lib/ruby/gems/2.1.0/gems/dep-selector-libgecode-1.0.2/ext/libgecode3/vendor/gecode-3.7.3':\nconfigure: error: C++ compiler cannot create executables\nSee `config.log' for more details\nextconf.rb:98:in `block in run': Failed to build gecode library.\n(GecodeBuild::BuildError)\n        from extconf.rb:97:in `chdir'\n        from extconf.rb:97:in `run'\n        from extconf.rb:104:in `<main>'\n\nextconf failed, exit code 1\n\nGem files will remain installed in\n/c/Users/xxx/.rbenv/versions/2.1.1/lib/ruby/gems/2.1.0/gems/dep-selector-libgecode-1.0.2\nfor inspection.\nResults logged to\n/c/Users/xxx/.rbenv/versions/2.1.1/lib/ruby/gems/2.1.0/extensions/x86_64-cygwin/2.1.0/dep-selector-libgecode-1.0.2/gem_make.out\n\ndep-selector-libgecode \u306e\u30d3\u30eb\u30c9\u306b\u5931\u6557\u3057\u3066\u308b\uff1f\nextconf.rb \u304c\u304a\u304b\u3057\u3044\u3089\u3057\u3044\u3002\n\nBerkshelf\u30a4\u30f3\u30b9\u30c8\u30fc\u30eb\u624b\u9806\ngem\u3092\u4fee\u6b63\u3057\u3066\u7121\u7406\u3084\u308a\u30a4\u30f3\u30b9\u30c8\u30fc\u30eb\u3057\u3066\u307f\u308b\u3002\n\u4ee5\u4e0b\u306e\u624b\u9806\u3067dep-selector-libgecode\u3092\u7121\u7406\u3084\u308a\u30a4\u30f3\u30b9\u30c8\u30fc\u30eb\u3067\u304d\u305f\u3002\n$ gem fetch dep-selector-libgecode\nFetching: dep-selector-libgecode-1.0.2.gem (100%)\nDownloaded dep-selector-libgecode-1.0.2\n\n$ gem unpack dep-selector-libgecode-1.0.2.gem\nUnpacked gem: '/c/Users/xxx/Workspaces/Sandbox/dep-selector-libgecode-1.0.2'\n\n$ cd dep-selector-libgecode-1.0.2\n$ vim ext/libgecode3/extconf.rb\n\u4fee\u6b63...\n\n$ gem spec --ruby ../dep-selector-libgecode-1.0.2.gem > dep-selector-libgecode.gemspec\n\n$ gem build dep-selector-libgecode.gemspec\nWARNING:  no homepage specified\nWARNING:  description and summary are identical\nWARNING:  open-ended dependency on rake (>= 0, development) is not recommended\n  if rake is semantically versioned, use:\n    add_development_dependency 'rake', '~> 0'\nWARNING:  See http://guides.rubygems.org/specification-reference/ for help\n  Successfully built RubyGem\n  Name: dep-selector-libgecode\n  Version: 1.0.2m\n  File: dep-selector-libgecode-1.0.2m.gem\n\n$ gem install ./dep-selector-libgecode-1.0.2m.gem\nBuilding native extensions.  This could take a while...\nSuccessfully installed dep-selector-libgecode-1.0.2m\nParsing documentation for dep-selector-libgecode-1.0.2m\nunable to convert \"\\xED\" from ASCII-8BIT to UTF-8 for\nlib/dep-selector-libgecode/vendored-gecode/include/gecode/int.hh,\nskipping\nunable to convert \"\\xED\" from ASCII-8BIT to UTF-8 for\nlib/dep-selector-libgecode/vendored-gecode/include/gecode/int/cumulative.hh,\nskipping\nunable to convert \"\\xE9\" from ASCII-8BIT to UTF-8 for\nlib/dep-selector-libgecode/vendored-gecode/include/gecode/int/distinct.hh,\nskipping\nunable to convert \"\\xF3\" from ASCII-8BIT to UTF-8 for\nlib/dep-selector-libgecode/vendored-gecode/include/gecode/int/gcc.hh,\nskipping\nunable to convert \"\\xE4\" from ASCII-8BIT to UTF-8 for\nlib/dep-selector-libgecode/vendored-gecode/include/gecode/int/sorted.hh,\nskipping\nunable to convert \"\\xED\" from ASCII-8BIT to UTF-8 for\nlib/dep-selector-libgecode/vendored-gecode/include/gecode/int/unary.hh,\nskipping\nInstalling ri documentation for dep-selector-libgecode-1.0.2m\nDone installing documentation for dep-selector-libgecode after 1 seconds\n1 gem installed\n\n\u4fee\u6b63\u5185\u5bb9\u306f\u3001\u4ee5\u4e0b\ndiff -r dep-selector-libgecode-1.0.2/ext/libgecode3/extconf.rb dep-selector-libgecode-1.0.2m/ext/libgecode3/extconf.rb\n13c13\n<    !!(RUBY_PLATFORM =~ /mswin|mingw|windows/)\n---\n>    !!(RUBY_PLATFORM =~ /cygwin|mswin|mingw|windows/)\n\n\u3053\u306e\u3042\u3068 gem install berkshelf \u3067\u30a4\u30f3\u30b9\u30c8\u30fc\u30eb\u3067\u304d\u305f\u7b48\u3001\u305f\u3076\u3093\u3002\n## \u80cc\u666f\n\n`gem install berkshelf`\u3067\u4ee5\u4e0b\u306e\u30e1\u30c3\u30bb\u30fc\u30b8\u3067\u30a4\u30f3\u30b9\u30c8\u30fc\u30eb\u3067\u304d\u305a\uff082014-08-18\uff09\u3002\n\n```gem:\n$ gem install berkshelf\nBuilding native extensions.  This could take a while...\nERROR:  Error installing berkshelf:\n        ERROR: Failed to build gem native extension.\n\n    /c/Users/xxx/.rbenv/versions/2.1.1/bin/ruby.exe extconf.rb\n-> sh /c/Users/xxx/.rbenv/versions/2.1.1/lib/ruby/gems/2.1.0/gems/dep-selector-libgecode-1.0.2/ext/libgecode3/vendor/gecode-3.7.3/configure\n--prefix=/c/Users/xxx/.rbenv/versions/2.1.1/lib/ruby/gems/2.1.0/gems/dep-selector-libgecode-1.0.2/lib/dep-selector-libgecode/vendored-gecode\n--disable-doc-dot --disable-doc-search --disable-doc-tagfile\n--disable-doc-chm --disable-doc-docset --disable-qt --disable-examples\n--disable-flatzinc\nchecking for the host operating system... Windows\nchecking whether the C++ compiler works... no\nconfigure: error: in\n`/c/Users/xxx/.rbenv/versions/2.1.1/lib/ruby/gems/2.1.0/gems/dep-selector-libgecode-1.0.2/ext/libgecode3/vendor/gecode-3.7.3':\nconfigure: error: C++ compiler cannot create executables\nSee `config.log' for more details\nextconf.rb:98:in `block in run': Failed to build gecode library.\n(GecodeBuild::BuildError)\n        from extconf.rb:97:in `chdir'\n        from extconf.rb:97:in `run'\n        from extconf.rb:104:in `<main>'\n\nextconf failed, exit code 1\n\nGem files will remain installed in\n/c/Users/xxx/.rbenv/versions/2.1.1/lib/ruby/gems/2.1.0/gems/dep-selector-libgecode-1.0.2\nfor inspection.\nResults logged to\n/c/Users/xxx/.rbenv/versions/2.1.1/lib/ruby/gems/2.1.0/extensions/x86_64-cygwin/2.1.0/dep-selector-libgecode-1.0.2/gem_make.out\n```\n\ndep-selector-libgecode \u306e\u30d3\u30eb\u30c9\u306b\u5931\u6557\u3057\u3066\u308b\uff1f\nextconf.rb \u304c\u304a\u304b\u3057\u3044\u3089\u3057\u3044\u3002\n\n## Berkshelf\u30a4\u30f3\u30b9\u30c8\u30fc\u30eb\u624b\u9806\n\ngem\u3092\u4fee\u6b63\u3057\u3066\u7121\u7406\u3084\u308a\u30a4\u30f3\u30b9\u30c8\u30fc\u30eb\u3057\u3066\u307f\u308b\u3002\n\u4ee5\u4e0b\u306e\u624b\u9806\u3067dep-selector-libgecode\u3092\u7121\u7406\u3084\u308a\u30a4\u30f3\u30b9\u30c8\u30fc\u30eb\u3067\u304d\u305f\u3002\n\n```\n$ gem fetch dep-selector-libgecode\nFetching: dep-selector-libgecode-1.0.2.gem (100%)\nDownloaded dep-selector-libgecode-1.0.2\n\n$ gem unpack dep-selector-libgecode-1.0.2.gem\nUnpacked gem: '/c/Users/xxx/Workspaces/Sandbox/dep-selector-libgecode-1.0.2'\n\n$ cd dep-selector-libgecode-1.0.2\n$ vim ext/libgecode3/extconf.rb\n\u4fee\u6b63...\n\n$ gem spec --ruby ../dep-selector-libgecode-1.0.2.gem > dep-selector-libgecode.gemspec\n\n$ gem build dep-selector-libgecode.gemspec\nWARNING:  no homepage specified\nWARNING:  description and summary are identical\nWARNING:  open-ended dependency on rake (>= 0, development) is not recommended\n  if rake is semantically versioned, use:\n    add_development_dependency 'rake', '~> 0'\nWARNING:  See http://guides.rubygems.org/specification-reference/ for help\n  Successfully built RubyGem\n  Name: dep-selector-libgecode\n  Version: 1.0.2m\n  File: dep-selector-libgecode-1.0.2m.gem\n\n$ gem install ./dep-selector-libgecode-1.0.2m.gem\nBuilding native extensions.  This could take a while...\nSuccessfully installed dep-selector-libgecode-1.0.2m\nParsing documentation for dep-selector-libgecode-1.0.2m\nunable to convert \"\\xED\" from ASCII-8BIT to UTF-8 for\nlib/dep-selector-libgecode/vendored-gecode/include/gecode/int.hh,\nskipping\nunable to convert \"\\xED\" from ASCII-8BIT to UTF-8 for\nlib/dep-selector-libgecode/vendored-gecode/include/gecode/int/cumulative.hh,\nskipping\nunable to convert \"\\xE9\" from ASCII-8BIT to UTF-8 for\nlib/dep-selector-libgecode/vendored-gecode/include/gecode/int/distinct.hh,\nskipping\nunable to convert \"\\xF3\" from ASCII-8BIT to UTF-8 for\nlib/dep-selector-libgecode/vendored-gecode/include/gecode/int/gcc.hh,\nskipping\nunable to convert \"\\xE4\" from ASCII-8BIT to UTF-8 for\nlib/dep-selector-libgecode/vendored-gecode/include/gecode/int/sorted.hh,\nskipping\nunable to convert \"\\xED\" from ASCII-8BIT to UTF-8 for\nlib/dep-selector-libgecode/vendored-gecode/include/gecode/int/unary.hh,\nskipping\nInstalling ri documentation for dep-selector-libgecode-1.0.2m\nDone installing documentation for dep-selector-libgecode after 1 seconds\n1 gem installed\n```\n\n\u4fee\u6b63\u5185\u5bb9\u306f\u3001\u4ee5\u4e0b\n\n```\ndiff -r dep-selector-libgecode-1.0.2/ext/libgecode3/extconf.rb dep-selector-libgecode-1.0.2m/ext/libgecode3/extconf.rb\n13c13\n<    !!(RUBY_PLATFORM =~ /mswin|mingw|windows/)\n---\n>    !!(RUBY_PLATFORM =~ /cygwin|mswin|mingw|windows/)\n```\n\n\u3053\u306e\u3042\u3068 `gem install berkshelf` \u3067\u30a4\u30f3\u30b9\u30c8\u30fc\u30eb\u3067\u304d\u305f\u7b48\u3001\u305f\u3076\u3093\u3002\n", "tags": ["Cygwin", "Berkshelf"]}