{"context": " More than 1 year has passed since last update.\nXcode: 6.3.1(6D1002)\nCarthage: 0.7.1\n\nXcode 6.3\u3067\u3082\u767a\u751f\u3059\u308b\u3088\u3046\u3067\u3059\u3002carthage update\u3068\u304bcarthage build --no-skip-current\u3068\u304b\u3084\u308b\u3068\u304d\u306b\u767a\u751f\u3057\u3066\u56f0\u308a\u307e\u3057\u305f\u3002\n\u3053\u3093\u306a\u30a8\u30e9\u30fc\u3067\u3059\u3002\u30b5\u30f3\u30d7\u30eb\u30d7\u30ed\u30b8\u30a7\u30af\u30c8\u3092\u30c6\u30b9\u30c8\u3057\u305f\u6642\u306e\u30ed\u30b0\u3067\u3059\u3002\n$ carthage build --no-skip-current\n*** xcodebuild output can be found in /var/folders/j9/s8z2l0l93jb3xz9y4_jx934h0000gn/T/carthage-xcodebuild.z1A534.log\n*** Building scheme \"CarthageSample\" in CarthageSample.xcworkspace\nA shell task failed with exit code 65:\n2015-05-10 21:24:02.422 xcodebuild[72041:3409756] [MT] iPhoneSimulator: SimVerifier returned: Error Domain=NSPOSIXErrorDomain Code=53 \"Simulator verification failed.\" UserInfo=0x7f8c15a7af50 {NSLocalizedFailureReason=A connection to the simulator verification service could not be established., NSLocalizedRecoverySuggestion=Ensure that Xcode.app is installed on a volume with ownership enabled., NSLocalizedDescription=Simulator verification failed.}\n** BUILD FAILED **\n\n\nThe following build commands failed:\n    CompileSwift normal arm64 /Users/***/Desktop/CarthageSample/CarthageSample/Sample.swift\n    CompileSwiftSources normal arm64 com.apple.xcode.tools.swift.compiler\n(2 failures)\n\nSegmentation fault: 11\n\n\nIssue\nSimVerifier returned error: Simulator verification failed. \u00b7 Issue #424 \u00b7 Carthage/Carthage\n\u3092\u53c2\u8003\u306b\u3059\u308b\u3068\u3053\u308d\u3001\u3069\u3046\u3084\u3089Carthage\u306e\u30a8\u30e9\u30fc\u3068\u3044\u3046\u3088\u308a\u306f\u3001Xcode\u5074\u306e\u30d0\u30b0\u306e\u3088\u3046\u3067\u3059\u3002\n\n\uff08\u73fe\u6642\u70b9\u3067\u63a8\u5b9a\u3055\u308c\u308b\uff09\u539f\u56e0\n#issuecomment-97094714\u306e\u65b9\u304c\u8a00\u3046\u3088\u3046\u306b\u3069\u3046\u3084\u3089\u3001\u53e4\u3044\u30d0\u30fc\u30b8\u30e7\u30f3\u306e\u30b7\u30df\u30e5\u30ec\u30fc\u30bf\u306e\u30d5\u30a1\u30a4\u30eb\u306e\u6240\u6709\u6a29\u306e\u554f\u984c\u306e\u3088\u3046\u3067\u3059\u3002\n\n\uff08\u3068\u308a\u3042\u3048\u305a\u306e\uff09\u89e3\u6c7a\u6cd5\n\u50d5\u306e\u5834\u5408\u306f\u3001\nsudo chown :wheel /Library/Developer/CoreSimulator/Profiles/Runtimes/iOS\\ *.simruntime/Contents/Resources/RuntimeRoot/usr/lib/dyld_sim\n\n\u3092\u3059\u308b\u3053\u3068\u3067\u3001carthage \u30b3\u30de\u30f3\u30c9\u3092\u4e00\u901a\u308a\u30a8\u30e9\u30fc\u306a\u304f\u4f7f\u3046\u3053\u3068\u304c\u51fa\u6765\u307e\u3057\u305f\u3002\n\n- Xcode: 6.3.1(6D1002)\n- Carthage: 0.7.1\n\nXcode 6.3\u3067\u3082\u767a\u751f\u3059\u308b\u3088\u3046\u3067\u3059\u3002`carthage update`\u3068\u304b`carthage build --no-skip-current`\u3068\u304b\u3084\u308b\u3068\u304d\u306b\u767a\u751f\u3057\u3066\u56f0\u308a\u307e\u3057\u305f\u3002\n\n\u3053\u3093\u306a\u30a8\u30e9\u30fc\u3067\u3059\u3002\u30b5\u30f3\u30d7\u30eb\u30d7\u30ed\u30b8\u30a7\u30af\u30c8\u3092\u30c6\u30b9\u30c8\u3057\u305f\u6642\u306e\u30ed\u30b0\u3067\u3059\u3002\n\n```bash\n$ carthage build --no-skip-current\n*** xcodebuild output can be found in /var/folders/j9/s8z2l0l93jb3xz9y4_jx934h0000gn/T/carthage-xcodebuild.z1A534.log\n*** Building scheme \"CarthageSample\" in CarthageSample.xcworkspace\nA shell task failed with exit code 65:\n2015-05-10 21:24:02.422 xcodebuild[72041:3409756] [MT] iPhoneSimulator: SimVerifier returned: Error Domain=NSPOSIXErrorDomain Code=53 \"Simulator verification failed.\" UserInfo=0x7f8c15a7af50 {NSLocalizedFailureReason=A connection to the simulator verification service could not be established., NSLocalizedRecoverySuggestion=Ensure that Xcode.app is installed on a volume with ownership enabled., NSLocalizedDescription=Simulator verification failed.}\n** BUILD FAILED **\n\n\nThe following build commands failed:\n\tCompileSwift normal arm64 /Users/***/Desktop/CarthageSample/CarthageSample/Sample.swift\n\tCompileSwiftSources normal arm64 com.apple.xcode.tools.swift.compiler\n(2 failures)\n\nSegmentation fault: 11\n```\n\n## Issue\n\n[SimVerifier returned error: Simulator verification failed. \u00b7 Issue #424 \u00b7 Carthage/Carthage](https://github.com/Carthage/Carthage/issues/424#issuecomment-95812898)\n\n\u3092\u53c2\u8003\u306b\u3059\u308b\u3068\u3053\u308d\u3001\u3069\u3046\u3084\u3089Carthage\u306e\u30a8\u30e9\u30fc\u3068\u3044\u3046\u3088\u308a\u306f\u3001Xcode\u5074\u306e\u30d0\u30b0\u306e\u3088\u3046\u3067\u3059\u3002\n\n## \uff08\u73fe\u6642\u70b9\u3067\u63a8\u5b9a\u3055\u308c\u308b\uff09\u539f\u56e0\n\n[#issuecomment-97094714](https://github.com/Carthage/Carthage/issues/424#issuecomment-97094714)\u306e\u65b9\u304c\u8a00\u3046\u3088\u3046\u306b\u3069\u3046\u3084\u3089\u3001\u53e4\u3044\u30d0\u30fc\u30b8\u30e7\u30f3\u306e\u30b7\u30df\u30e5\u30ec\u30fc\u30bf\u306e\u30d5\u30a1\u30a4\u30eb\u306e\u6240\u6709\u6a29\u306e\u554f\u984c\u306e\u3088\u3046\u3067\u3059\u3002\n\n## \uff08\u3068\u308a\u3042\u3048\u305a\u306e\uff09\u89e3\u6c7a\u6cd5\n\n\u50d5\u306e\u5834\u5408\u306f\u3001\n\n```bash\nsudo chown :wheel /Library/Developer/CoreSimulator/Profiles/Runtimes/iOS\\ *.simruntime/Contents/Resources/RuntimeRoot/usr/lib/dyld_sim\n```\n\n\u3092\u3059\u308b\u3053\u3068\u3067\u3001`carthage` \u30b3\u30de\u30f3\u30c9\u3092\u4e00\u901a\u308a\u30a8\u30e9\u30fc\u306a\u304f\u4f7f\u3046\u3053\u3068\u304c\u51fa\u6765\u307e\u3057\u305f\u3002\n", "tags": ["Xcode", "Carthage"]}