{"tags": ["Swift", "iOS", "Xcode", "iPhone", "CocoaPods"], "context": "\n\n\u6982\u8981\nSwift 3.0\u5bfe\u5fdc\u3057\u305f\u30e9\u30a4\u30d6\u30e9\u30ea ALRT\u3092Cocoapods\u306b\u4e0a\u3052\u3088\u3046\u3068\u3057\u305f\u3089\u3001\u56f0\u3063\u305f\u73fe\u8c61\u306b\u906d\u9047\u3057\u307e\u3057\u305f\u3002\n\n\u73fe\u8c61\nPush\u524d\u306b\u3001\npod spec lint ALRT.podspec\n\n\u3067\u5185\u5bb9\u3092\u78ba\u8a8d\u3057\u305f\u3068\u3053\u308d\u3001\u4e0b\u8a18\u306e\u30a8\u30e9\u30fc\u30ed\u30b0\u304c\u51fa\u529b\u3055\u308c\u307e\u3057\u305f\u3002\n\u3081\u3061\u3083\u304f\u3061\u3083\u9577\u3044\u306e\u3067\u3001\u8aad\u307f\u98db\u3070\u3057\u3066OK\u3067\u3059\u3002\n -> ALRT (0.4)\n    - ERROR | [iOS] xcodebuild: Returned an unsuccessful exit code. You can use `--verbose` for more information.\n    - ERROR | [iOS] xcodebuild:  ALRT/ALRT/ALRT.swift:17:25: error: expected '{' in enum\n    - ERROR | [iOS] xcodebuild:  ALRT/ALRT/ALRT.swift:17:41: error: statement cannot begin with a closure expression\n    - NOTE  | [iOS] xcodebuild:  ALRT/ALRT/ALRT.swift:17:41: note: explicitly discard the result of the closure by assigning to '_'\n    - ERROR | [iOS] xcodebuild:  ALRT/ALRT/ALRT.swift:18:5: error: enum 'case' is not allowed outside of an enum\n    - ERROR | [iOS] xcodebuild:  ALRT/ALRT/ALRT.swift:19:5: error: enum 'case' is not allowed outside of an enum\n    - ERROR | [iOS] xcodebuild:  ALRT/ALRT/ALRT.swift:17:41: error: expressions are not allowed at the top level\n    - ERROR | [iOS] xcodebuild:  ALRT/ALRT/ALRT.swift:17:41: error: braced block of statements is an unused closure\n    - ERROR | [iOS] xcodebuild:  ALRT/ALRT/ALRT.swift:38:1: error: expressions are not allowed at the top level\n    - ERROR | [iOS] xcodebuild:  ALRT/ALRT/ALRT.swift:38:5: error: consecutive statements on a line must be separated by ';'\n    - ERROR | [iOS] xcodebuild:  ALRT/ALRT/ALRT.swift:40:5: error: expected declaration\n    - ERROR | [iOS] xcodebuild:  ALRT/ALRT/ALRT.swift:40:16: error: consecutive declarations on a line must be separated by ';'\n    - ERROR | [iOS] xcodebuild:  ALRT/ALRT/ALRT.swift:42:5: error: expected declaration\n    - ERROR | [iOS] xcodebuild:  ALRT/ALRT/ALRT.swift:42:16: error: consecutive declarations on a line must be separated by ';'\n    - ERROR | [iOS] xcodebuild:  ALRT/ALRT/ALRT.swift:44:5: error: expected declaration\n    - ERROR | [iOS] xcodebuild:  ALRT/ALRT/ALRT.swift:44:16: error: consecutive declarations on a line must be separated by ';'\n    - ERROR | [iOS] xcodebuild:  ALRT/ALRT/ALRT.swift:62:5: error: expected declaration\n    - ERROR | [iOS] xcodebuild:  ALRT/ALRT/ALRT.swift:62:9: error: consecutive declarations on a line must be separated by ';'\n    - WARN  | [iOS] xcodebuild:  ALRT/ALRT/ALRT.swift:62:28: warning: extraneous '_' in parameter: 'style' has no keyword argument name\n    - ERROR | [iOS] xcodebuild:  ALRT/ALRT/ALRT.swift:79:5: error: expected declaration\n    - ERROR | [iOS] xcodebuild:  ALRT/ALRT/ALRT.swift:79:9: error: consecutive declarations on a line must be separated by ';'\n    - ERROR | [iOS] xcodebuild:  ALRT/ALRT/ALRT.swift:79:34: error: expected type\n    - ERROR | [iOS] xcodebuild:  ALRT/ALRT/ALRT.swift:79:34: error: expected ',' separator\n    - WARN  | [iOS] xcodebuild:  ALRT/ALRT/ALRT.swift:79:21: warning: extraneous '_' in parameter: 'handler' has no keyword argument name\n    - ERROR | [iOS] xcodebuild:  ALRT/ALRT/ALRT.swift:94:5: error: expected declaration\n    - ERROR | [iOS] xcodebuild:  ALRT/ALRT/ALRT.swift:94:9: error: consecutive declarations on a line must be separated by ';'\n    - ERROR | [iOS] xcodebuild:  ALRT/ALRT/ALRT.swift:94:54: error: expected type\n    - ERROR | [iOS] xcodebuild:  ALRT/ALRT/ALRT.swift:94:54: error: expected ',' separator\n    - WARN  | [iOS] xcodebuild:  ALRT/ALRT/ALRT.swift:94:28: warning: extraneous '_' in parameter: 'configurationHandler' has no keyword argument name\n    - ERROR | [iOS] xcodebuild:  ALRT/ALRT/ALRT.swift:122:5: error: expected declaration\n    - ERROR | [iOS] xcodebuild:  ALRT/ALRT/ALRT.swift:122:9: error: consecutive declarations on a line must be separated by ';'\n    - ERROR | [iOS] xcodebuild:  ALRT/ALRT/ALRT.swift:123:56: error: expected identifier after '.' expression\n    - ERROR | xcodebuild:  ALRT/ALRT/ALRT.swift:123:56: error: expected ',' separator\n    - ERROR | [iOS] xcodebuild:  ALRT/ALRT/ALRT.swift:123:56: error: expected parameter type following ':'\n    - ERROR | [iOS] xcodebuild:  ALRT/ALRT/ALRT.swift:125:38: error: expected type\n    - ERROR | [iOS] xcodebuild:  ALRT/ALRT/ALRT.swift:125:38: error: expected ',' separator\n    - ERROR | [iOS] xcodebuild:  ALRT/ALRT/ALRT.swift:125:63: error: expected type\n    - ERROR | [iOS] xcodebuild:  ALRT/ALRT/ALRT.swift:125:63: error: expected ',' separator\n    - WARN  | [iOS] xcodebuild:  ALRT/ALRT/ALRT.swift:122:25: warning: extraneous '_' in parameter: 'title' has no keyword argument name\n    - ERROR | [iOS] xcodebuild:  ALRT/ALRT/ALRT.swift:156:5: error: expected declaration\n    - ERROR | [iOS] xcodebuild:  ALRT/ALRT/ALRT.swift:156:9: error: consecutive declarations on a line must be separated by ';'\n    - ERROR | [iOS] xcodebuild:  ALRT/ALRT/ALRT.swift:157:52: error: expected identifier after '.' expression\n    - ERROR | xcodebuild:  ALRT/ALRT/ALRT.swift:157:52: error: expected ',' separator\n    - ERROR | [iOS] xcodebuild:  ALRT/ALRT/ALRT.swift:157:52: error: expected parameter type following ':'\n    - ERROR | [iOS] xcodebuild:  ALRT/ALRT/ALRT.swift:159:33: error: expected type\n    - ERROR | [iOS] xcodebuild:  ALRT/ALRT/ALRT.swift:159:33: error: expected ',' separator\n    - ERROR | [iOS] xcodebuild:  ALRT/ALRT/ALRT.swift:159:58: error: expected type\n    - ERROR | [iOS] xcodebuild:  ALRT/ALRT/ALRT.swift:159:58: error: expected ',' separator\n    - WARN  | [iOS] xcodebuild:  ALRT/ALRT/ALRT.swift:156:21: warning: extraneous '_' in parameter: 'title' has no keyword argument name\n    - ERROR | [iOS] xcodebuild:  ALRT/ALRT/ALRT.swift:175:5: error: expected declaration\n    - ERROR | [iOS] xcodebuild:  ALRT/ALRT/ALRT.swift:175:9: error: consecutive declarations on a line must be separated by ';'\n    - ERROR | [iOS] xcodebuild:  ALRT/ALRT/ALRT.swift:178:38: error: expected type\n    - ERROR | [iOS] xcodebuild:  ALRT/ALRT/ALRT.swift:178:38: error: expected ',' separator\n    - ERROR | [iOS] xcodebuild:  ALRT/ALRT/ALRT.swift:178:63: error: expected type\n    - ERROR | [iOS] xcodebuild:  ALRT/ALRT/ALRT.swift:178:63: error: expected ',' separator\n    - WARN  | [iOS] xcodebuild:  ALRT/ALRT/ALRT.swift:175:25: warning: extraneous '_' in parameter: 'title' has no keyword argument name\n    - ERROR | [iOS] xcodebuild:  ALRT/ALRT/ALRT.swift:194:5: error: expected declaration\n    - ERROR | [iOS] xcodebuild:  ALRT/ALRT/ALRT.swift:194:9: error: consecutive declarations on a line must be separated by ';'\n    - ERROR | [iOS] xcodebuild:  ALRT/ALRT/ALRT.swift:197:43: error: expected type\n    - ERROR | [iOS] xcodebuild:  ALRT/ALRT/ALRT.swift:197:43: error: expected ',' separator\n    - ERROR | [iOS] xcodebuild:  ALRT/ALRT/ALRT.swift:197:68: error: expected type\n    - ERROR | [iOS] xcodebuild:  ALRT/ALRT/ALRT.swift:197:68: error: expected ',' separator\n    - WARN  | [iOS] xcodebuild:  ALRT/ALRT/ALRT.swift:194:30: warning: extraneous '_' in parameter: 'title' has no keyword argument name\n    - ERROR | [iOS] xcodebuild:  ALRT/ALRT/ALRT.swift:212:5: error: expected declaration\n    - ERROR | [iOS] xcodebuild:  ALRT/ALRT/ALRT.swift:212:9: error: consecutive declarations on a line must be separated by ';'\n    - ERROR | [iOS] xcodebuild:  ALRT/ALRT/ALRT.swift:212:69: error: expected type\n    - ERROR | [iOS] xcodebuild:  ALRT/ALRT/ALRT.swift:212:69: error: expected ',' separator\n    - WARN  | [iOS] xcodebuild:  ALRT/ALRT/ALRT.swift:212:44: warning: extraneous '_' in parameter: 'configurationHandler' has no keyword argument name\n    - ERROR | [iOS] xcodebuild:  ALRT/ALRT/ALRT.swift:229:5: error: expected declaration\n    - ERROR | [iOS] xcodebuild:  ALRT/ALRT/ALRT.swift:229:9: error: consecutive declarations on a line must be separated by ';'\n    - ERROR | [iOS] xcodebuild:  ALRT/ALRT/ALRT.swift:231:36: error: expected type\n    - ERROR | [iOS] xcodebuild:  ALRT/ALRT/ALRT.swift:231:36: error: expected ',' separator\n    - WARN  | [iOS] xcodebuild:  ALRT/ALRT/ALRT.swift:229:20: warning: extraneous '_' in parameter: 'viewControllerToPresent' has no keyword argument name\n    - ERROR | [iOS] xcodebuild:  ALRT/ALRT/ALRT.swift:247:5: error: expected declaration\n    - ERROR | [iOS] xcodebuild:  ALRT/ALRT/ALRT.swift:247:16: error: consecutive declarations on a line must be separated by ';'\n    - ERROR | [iOS] xcodebuild:  ALRT/ALRT/ALRT.swift:249:44: error: expected type\n    - ERROR | [iOS] xcodebuild:  ALRT/ALRT/ALRT.swift:249:44: error: expected ',' separator\n    - WARN  | [iOS] xcodebuild:  ALRT/ALRT/ALRT.swift:247:34: warning: extraneous '_' in parameter: 'viewControllerToPresent' has no keyword argument name\n    - ERROR | [iOS] xcodebuild:  ALRT/ALRT/ALRT.swift:30:24: error: use of undeclared type 'Error'\n    - ERROR | [iOS] xcodebuild:  ALRT/ALRT/ALRT.swift:17:41: error: expression resolves to an unused function\n    - ERROR | [iOS] xcodebuild:  ALRT/ALRT/ALRT.swift:30:13: error: type 'ALRTError' does not conform to protocol 'RawRepresentable'\n    - NOTE  | [iOS] xcodebuild:  Swift.RawRepresentable:9:20: note: protocol requires nested type 'RawValue'\n    - ERROR | [iOS] xcodebuild:  ALRT/ALRT/ALRT.swift:38:1: error: ambiguous use of 'open'\n    - NOTE  | xcodebuild:  Darwin.open:2:13: note: found this candidate\n    - ERROR | [iOS] xcodebuild:  ALRT/ALRT/ALRT.swift:80:22: error: argument passed to call that takes no arguments\n    - ERROR | [iOS] xcodebuild:  ALRT/ALRT/ALRT.swift:95:37: error: binary operator '==' cannot be applied to operands of type 'UIAlertControllerStyle?' and '_'\n    - NOTE  | [iOS] xcodebuild:  ALRT/ALRT/ALRT.swift:95:37: note: overloads for '==' exist with these partially matching parameter lists: (ALRTError, ALRTError), (UIEdgeInsets, UIEdgeInsets), (UIOffset, UIOffset), (_GenericObjCError, _GenericObjCError), (DarwinBoolean, DarwinBoolean), (Selector, Selector), (NSObject, NSObject), (CGPoint, CGPoint), (CGSize, CGSize), (CGVector, CGVector), (CGRect, CGRect), (CGFloat, CGFloat), (FloatingPointClassification, FloatingPointClassification), (_MirrorDisposition, _MirrorDisposition), (Mirror.DisplayStyle, Mirror.DisplayStyle), (Bool, Bool), (Any.Type?, Any.Type?), (COpaquePointer, COpaquePointer), (Character, Character), (UInt8, UInt8), (Int8, Int8), (UInt16, UInt16), (Int16, Int16), (UInt32, UInt32), (Int32, Int32), (UInt64, UInt64), (Int64, Int64), (UInt, UInt), (Int, Int), (Float, Float), (Double, Double), (Float80, Float80), (ObjectIdentifier, ObjectIdentifier), (String, String), (Index, Index), (String.UnicodeScalarView.Index, String.UnicodeScalarView.Index), (String.UTF16View.Index, String.UTF16View.Index), (String.UTF8View.Index, String.UTF8View.Index), (UnicodeScalar, UnicodeScalar), (_SwiftNSOperatingSystemVersion, _SwiftNSOperatingSystemVersion), (Bit, Bit), (AnyForwardIndex, AnyForwardIndex), (AnyBidirectionalIndex, AnyBidirectionalIndex), (AnyRandomAccessIndex, AnyRandomAccessIndex), (T, T), (ContiguousArray<Element>, ContiguousArray<Element>), (\n\n\n3.0\nArraySlice<Element>, ArraySlice<Element>), (Array<Element>, Array<Element>), (AutoreleasingUnsafeMutablePointer<Memory>, AutoreleasingUnsafeMutablePointer<Memory>), (LazyFilterIndex<Base>, LazyFilterIndex<Base>), (FlattenCollectionIndex<BaseElements>, FlattenCollectionIndex<BaseElements>), (FlattenBidirectionalCollectionIndex<BaseElements>, FlattenBidirectionalCollectionIndex<BaseElements>), (Set<Element>, Set<Element>), ([Key : Value], [Key : Value]), (SetIndex<Element>, SetIndex<Element>), (DictionaryIndex<Key, Value>, DictionaryIndex<Key, Value>), (_HeapBuffer<Value, Element>, _HeapBuffer<Value, Element>), (HalfOpenInterval<Bound>, HalfOpenInterval<Bound>), (ClosedInterval<Bound>, ClosedInterval<Bound>), (ManagedBufferPointer<Value, Element>, ManagedBufferPointer<Value, Element>), (T?, T?), (T?, _OptionalNilComparisonType), (_OptionalNilComparisonType, T?), (Range<Element>, Range<Element>), (ReverseIndex<Base>, ReverseIndex<Base>), (UnsafeMutablePointer<Memory>, UnsafeMutablePointer<Memory>), (UnsafePointer<Memory>, UnsafePointer<Memory>), ((A, B), (A, B)), ((A, B, C), (A, B, C)), ((A, B, C, D), (A, B, C, D)), ((A, B, C, D, E), (A, B, C, D, E)), ((A, B, C, D, E, F), (A, B, C, D, E, F)), (Self, Self)\n    - ERROR | [iOS] xcodebuild:  ALRT/ALRT/ALRT.swift:99:14: error: value of type 'UIAlertController' has no member 'addTextField'\n    - ERROR | [iOS] xcodebuild:  ALRT/ALRT/ALRT.swift:128:57: error: binary operator '==' cannot be applied to operands of type 'UIAlertControllerStyle?' and '_'\n    - NOTE  | [iOS] xcodebuild:  ALRT/ALRT/ALRT.swift:128:57: note: overloads for '==' exist with these partially matching parameter lists: (ALRTError, ALRTError), (UIEdgeInsets, UIEdgeInsets), (UIOffset, UIOffset), (_GenericObjCError, _GenericObjCError), (DarwinBoolean, DarwinBoolean), (Selector, Selector), (NSObject, NSObject), (CGPoint, CGPoint), (CGSize, CGSize), (CGVector, CGVector), (CGRect, CGRect), (CGFloat, CGFloat), (FloatingPointClassification, FloatingPointClassification), (_MirrorDisposition, _MirrorDisposition), (Mirror.DisplayStyle, Mirror.DisplayStyle), (Bool, Bool), (Any.Type?, Any.Type?), (COpaquePointer, COpaquePointer), (Character, Character), (UInt8, UInt8), (Int8, Int8), (UInt16, UInt16), (Int16, Int16), (UInt32, UInt32), (Int32, Int32), (UInt64, UInt64), (Int64, Int64), (UInt, UInt), (Int, Int), (Float, Float), (Double, Double), (Float80, Float80), (ObjectIdentifier, ObjectIdentifier), (String, String), (Index, Index), (String.UnicodeScalarView.Index, String.UnicodeScalarView.Index), (String.UTF16View.Index, String.UTF16View.Index), (String.UTF8View.Index, String.UTF8View.Index), (UnicodeScalar, UnicodeScalar), (_SwiftNSOperatingSystemVersion, _SwiftNSOperatingSystemVersion), (Bit, Bit), (AnyForwardIndex, AnyForwardIndex), (AnyBidirectionalIndex, AnyBidirectionalIndex), (AnyRandomAccessIndex, AnyRandomAccessIndex), (T, T), (ContiguousArray<Element>, ContiguousArray<Element>), (ArraySlice<Element>, ArraySlice<Element>), (Array<Element>, Array<Element>), (AutoreleasingUnsafeMutablePointer<Memory>, AutoreleasingUnsafeMutablePointer<Memory>), (LazyFilterIndex<Base>, LazyFilterIndex<Base>), (FlattenCollectionIndex<BaseElements>, FlattenCollectionIndex<BaseElements>), (FlattenBidirectionalCollectionIndex<BaseElements>, FlattenBidirectionalCollectionIndex<BaseElements>), (Set<Element>, Set<Element>), ([Key : Value], [Key : Value]), (SetIndex<Element>, SetIndex<Element>), (DictionaryIndex<Key, Value>, DictionaryIndex<Key, Value>), (_HeapBuffer<Value, Element>, _HeapBuffer<Value, Element>), (HalfOpenInterval<Bound>, HalfOpenInterval<Bound>), (ClosedInterval<Bound>, ClosedInterval<Bound>), (ManagedBufferPointer<Value, Element>, ManagedBufferPointer<Value, Element>), (T?, T?), (T?, _OptionalNilComparisonType), (_OptionalNilComparisonType, T?), (Range<Element>, Range<Element>), (ReverseIndex<Base>, ReverseIndex<Base>), (UnsafeMutablePointer<Memory>, UnsafeMutablePointer<Memory>), (UnsafePointer<Memory>, UnsafePointer<Memory>), ((A, B), (A, B)), ((A, B, C), (A, B, C)), ((A, B, C, D), (A, B, C, D)), ((A, B, C, D, E), (A, B, C, D, E)), ((A, B, C, D, E, F), (A, B, C, D, E, F)), (Self, Self)\n    - ERROR | [iOS] xcodebuild:  ALRT/ALRT/ALRT.swift:176:56: error: type 'UIAlertActionStyle' has no member 'cancel'\n    - ERROR | [iOS] xcodebuild:  ALRT/ALRT/ALRT.swift:195:61: error: type 'UIAlertActionStyle' has no member 'destructive'\n    - ERROR | [iOS] xcodebuild:  ALRT/ALRT/ALRT.swift:214:38: error: argument passed to call that takes no arguments\n    - ERROR | [iOS] xcodebuild:  ALRT/ALRT/ALRT.swift:237:26: error: type '()' has no member 'failure'\n    - ERROR | [iOS] xcodebuild:  ALRT/ALRT/ALRT.swift:240:26: error: type '()' has no member 'failure'\n    - ERROR | [iOS] xcodebuild:  ALRT/ALRT/ALRT.swift:243:26: error: type '()' has no member 'failure'\n    - ERROR | [iOS] xcodebuild:  ALRT/ALRT/ALRT.swift:252:29: error: thrown expression type 'ALRTError' does not conform to 'ErrorType'\n    - ERROR | [iOS] xcodebuild:  ALRT/ALRT/ALRT.swift:255:12: error: type 'UIDevice' has no member 'current'\n    - ERROR | [iOS] xcodebuild:  ALRT/ALRT/ALRT.swift:259:29: error: thrown expression type 'ALRTError' does not conform to 'ErrorType'\n    - ERROR | [iOS] xcodebuild:  ALRT/ALRT/ALRT.swift:263:61: error: type 'UIApplication' has no member 'shared'\n    - ERROR | [iOS] xcodebuild:  ALRT/ALRT/ALRT.swift:270:29: error: value of type 'UIViewController' has no member 'present'\n\nAnalyzed 1 podspec.\n\n[!] The spec did not pass validation, due to 86 errors and 10 warnings.\n\n\n\u30ed\u30b0\u3092\u8aad\u3080\n\u3088\u30fc\u304f\u898b\u308b\u3068\u3001Swift 2.x\u7cfb\u3067inspect\u3057\u3066\u3044\u308b\u3088\u3046\u306b\u898b\u3048\u307e\u3059\u3002\n\u4f8b\u3048\u3070\u3001\u3053\u3053\u3002\n- ERROR | [iOS] xcodebuild:  ALRT/ALRT/ALRT.swift:176:56: error: type 'UIAlertActionStyle' has no member 'cancel'\n\n\"cancel\"\u304c\u5c0f\u6587\u5b57\u3067\u30a8\u30e9\u30fc\u3092\u5410\u3044\u3066\u307e\u3059\u306d\uff08Swift 2\u7cfb\u307e\u3067\u982d\u6587\u5b57\u304c\u5927\u6587\u5b57\u3060\u3063\u305f\uff09\u3002\n\n\u89e3\u6c7a\u7b56\n\n1. cocoapods --pre\u3092\u30a4\u30f3\u30b9\u30c8\u30fc\u30eb\n# major ver.\u306fXcode 8.0\u3067\u4f7f\u3048\u306a\u3044\nsudo gem uninstall cocoapods\n\n# Xcode8.0\u5bfe\u5fdc\u7248 cocoapods 1.1.0.rc.2\nsudo gem install cocoapods --pre \n\n\n2. .swift-version\u30d5\u30a1\u30a4\u30eb\u3092\u8ffd\u52a0\n\u4eca\u56de\u306e\u809d\u3002.podspec\u3068\u540c\u3058\u30c7\u30a3\u30ec\u30af\u30c8\u30ea\u306b.swift-version\u30d5\u30a1\u30a4\u30eb\u3092\u8ffd\u52a0\u3059\u308b\u3002\nSwift\u30d0\u30fc\u30b8\u30e7\u30f3\u3092\u6307\u5b9a\u3059\u308b\u3002\n\n.swift-version\n3.0\n\n\n\n3. PodSpec\u30d5\u30a1\u30a4\u30eb\u3092\u78ba\u8a8d\npod spec lint ALRT.podspect\n\n\n4. Cocoapods Repo\u3078Push\npod trunk push ALRT.podspec\n\n\u4ee5\u4e0a\u3067\u3001\u3081\u3067\u305f\u304fspec lint\u3082trunk push\u3082\u3067\u304d\u307e\u3057\u305f\ud83d\ude01\n\n\n# \u6982\u8981\nSwift 3.0\u5bfe\u5fdc\u3057\u305f\u30e9\u30a4\u30d6\u30e9\u30ea [ALRT](https://github.com/mshrwtnb/ALRT)\u3092Cocoapods\u306b\u4e0a\u3052\u3088\u3046\u3068\u3057\u305f\u3089\u3001\u56f0\u3063\u305f\u73fe\u8c61\u306b\u906d\u9047\u3057\u307e\u3057\u305f\u3002\n\n# \u73fe\u8c61\nPush\u524d\u306b\u3001\n\n```\npod spec lint ALRT.podspec\n```\n\n\u3067\u5185\u5bb9\u3092\u78ba\u8a8d\u3057\u305f\u3068\u3053\u308d\u3001\u4e0b\u8a18\u306e\u30a8\u30e9\u30fc\u30ed\u30b0\u304c\u51fa\u529b\u3055\u308c\u307e\u3057\u305f\u3002\n\n\u3081\u3061\u3083\u304f\u3061\u3083\u9577\u3044\u306e\u3067\u3001\u8aad\u307f\u98db\u3070\u3057\u3066OK\u3067\u3059\u3002\n\n```\n -> ALRT (0.4)\n    - ERROR | [iOS] xcodebuild: Returned an unsuccessful exit code. You can use `--verbose` for more information.\n    - ERROR | [iOS] xcodebuild:  ALRT/ALRT/ALRT.swift:17:25: error: expected '{' in enum\n    - ERROR | [iOS] xcodebuild:  ALRT/ALRT/ALRT.swift:17:41: error: statement cannot begin with a closure expression\n    - NOTE  | [iOS] xcodebuild:  ALRT/ALRT/ALRT.swift:17:41: note: explicitly discard the result of the closure by assigning to '_'\n    - ERROR | [iOS] xcodebuild:  ALRT/ALRT/ALRT.swift:18:5: error: enum 'case' is not allowed outside of an enum\n    - ERROR | [iOS] xcodebuild:  ALRT/ALRT/ALRT.swift:19:5: error: enum 'case' is not allowed outside of an enum\n    - ERROR | [iOS] xcodebuild:  ALRT/ALRT/ALRT.swift:17:41: error: expressions are not allowed at the top level\n    - ERROR | [iOS] xcodebuild:  ALRT/ALRT/ALRT.swift:17:41: error: braced block of statements is an unused closure\n    - ERROR | [iOS] xcodebuild:  ALRT/ALRT/ALRT.swift:38:1: error: expressions are not allowed at the top level\n    - ERROR | [iOS] xcodebuild:  ALRT/ALRT/ALRT.swift:38:5: error: consecutive statements on a line must be separated by ';'\n    - ERROR | [iOS] xcodebuild:  ALRT/ALRT/ALRT.swift:40:5: error: expected declaration\n    - ERROR | [iOS] xcodebuild:  ALRT/ALRT/ALRT.swift:40:16: error: consecutive declarations on a line must be separated by ';'\n    - ERROR | [iOS] xcodebuild:  ALRT/ALRT/ALRT.swift:42:5: error: expected declaration\n    - ERROR | [iOS] xcodebuild:  ALRT/ALRT/ALRT.swift:42:16: error: consecutive declarations on a line must be separated by ';'\n    - ERROR | [iOS] xcodebuild:  ALRT/ALRT/ALRT.swift:44:5: error: expected declaration\n    - ERROR | [iOS] xcodebuild:  ALRT/ALRT/ALRT.swift:44:16: error: consecutive declarations on a line must be separated by ';'\n    - ERROR | [iOS] xcodebuild:  ALRT/ALRT/ALRT.swift:62:5: error: expected declaration\n    - ERROR | [iOS] xcodebuild:  ALRT/ALRT/ALRT.swift:62:9: error: consecutive declarations on a line must be separated by ';'\n    - WARN  | [iOS] xcodebuild:  ALRT/ALRT/ALRT.swift:62:28: warning: extraneous '_' in parameter: 'style' has no keyword argument name\n    - ERROR | [iOS] xcodebuild:  ALRT/ALRT/ALRT.swift:79:5: error: expected declaration\n    - ERROR | [iOS] xcodebuild:  ALRT/ALRT/ALRT.swift:79:9: error: consecutive declarations on a line must be separated by ';'\n    - ERROR | [iOS] xcodebuild:  ALRT/ALRT/ALRT.swift:79:34: error: expected type\n    - ERROR | [iOS] xcodebuild:  ALRT/ALRT/ALRT.swift:79:34: error: expected ',' separator\n    - WARN  | [iOS] xcodebuild:  ALRT/ALRT/ALRT.swift:79:21: warning: extraneous '_' in parameter: 'handler' has no keyword argument name\n    - ERROR | [iOS] xcodebuild:  ALRT/ALRT/ALRT.swift:94:5: error: expected declaration\n    - ERROR | [iOS] xcodebuild:  ALRT/ALRT/ALRT.swift:94:9: error: consecutive declarations on a line must be separated by ';'\n    - ERROR | [iOS] xcodebuild:  ALRT/ALRT/ALRT.swift:94:54: error: expected type\n    - ERROR | [iOS] xcodebuild:  ALRT/ALRT/ALRT.swift:94:54: error: expected ',' separator\n    - WARN  | [iOS] xcodebuild:  ALRT/ALRT/ALRT.swift:94:28: warning: extraneous '_' in parameter: 'configurationHandler' has no keyword argument name\n    - ERROR | [iOS] xcodebuild:  ALRT/ALRT/ALRT.swift:122:5: error: expected declaration\n    - ERROR | [iOS] xcodebuild:  ALRT/ALRT/ALRT.swift:122:9: error: consecutive declarations on a line must be separated by ';'\n    - ERROR | [iOS] xcodebuild:  ALRT/ALRT/ALRT.swift:123:56: error: expected identifier after '.' expression\n    - ERROR | xcodebuild:  ALRT/ALRT/ALRT.swift:123:56: error: expected ',' separator\n    - ERROR | [iOS] xcodebuild:  ALRT/ALRT/ALRT.swift:123:56: error: expected parameter type following ':'\n    - ERROR | [iOS] xcodebuild:  ALRT/ALRT/ALRT.swift:125:38: error: expected type\n    - ERROR | [iOS] xcodebuild:  ALRT/ALRT/ALRT.swift:125:38: error: expected ',' separator\n    - ERROR | [iOS] xcodebuild:  ALRT/ALRT/ALRT.swift:125:63: error: expected type\n    - ERROR | [iOS] xcodebuild:  ALRT/ALRT/ALRT.swift:125:63: error: expected ',' separator\n    - WARN  | [iOS] xcodebuild:  ALRT/ALRT/ALRT.swift:122:25: warning: extraneous '_' in parameter: 'title' has no keyword argument name\n    - ERROR | [iOS] xcodebuild:  ALRT/ALRT/ALRT.swift:156:5: error: expected declaration\n    - ERROR | [iOS] xcodebuild:  ALRT/ALRT/ALRT.swift:156:9: error: consecutive declarations on a line must be separated by ';'\n    - ERROR | [iOS] xcodebuild:  ALRT/ALRT/ALRT.swift:157:52: error: expected identifier after '.' expression\n    - ERROR | xcodebuild:  ALRT/ALRT/ALRT.swift:157:52: error: expected ',' separator\n    - ERROR | [iOS] xcodebuild:  ALRT/ALRT/ALRT.swift:157:52: error: expected parameter type following ':'\n    - ERROR | [iOS] xcodebuild:  ALRT/ALRT/ALRT.swift:159:33: error: expected type\n    - ERROR | [iOS] xcodebuild:  ALRT/ALRT/ALRT.swift:159:33: error: expected ',' separator\n    - ERROR | [iOS] xcodebuild:  ALRT/ALRT/ALRT.swift:159:58: error: expected type\n    - ERROR | [iOS] xcodebuild:  ALRT/ALRT/ALRT.swift:159:58: error: expected ',' separator\n    - WARN  | [iOS] xcodebuild:  ALRT/ALRT/ALRT.swift:156:21: warning: extraneous '_' in parameter: 'title' has no keyword argument name\n    - ERROR | [iOS] xcodebuild:  ALRT/ALRT/ALRT.swift:175:5: error: expected declaration\n    - ERROR | [iOS] xcodebuild:  ALRT/ALRT/ALRT.swift:175:9: error: consecutive declarations on a line must be separated by ';'\n    - ERROR | [iOS] xcodebuild:  ALRT/ALRT/ALRT.swift:178:38: error: expected type\n    - ERROR | [iOS] xcodebuild:  ALRT/ALRT/ALRT.swift:178:38: error: expected ',' separator\n    - ERROR | [iOS] xcodebuild:  ALRT/ALRT/ALRT.swift:178:63: error: expected type\n    - ERROR | [iOS] xcodebuild:  ALRT/ALRT/ALRT.swift:178:63: error: expected ',' separator\n    - WARN  | [iOS] xcodebuild:  ALRT/ALRT/ALRT.swift:175:25: warning: extraneous '_' in parameter: 'title' has no keyword argument name\n    - ERROR | [iOS] xcodebuild:  ALRT/ALRT/ALRT.swift:194:5: error: expected declaration\n    - ERROR | [iOS] xcodebuild:  ALRT/ALRT/ALRT.swift:194:9: error: consecutive declarations on a line must be separated by ';'\n    - ERROR | [iOS] xcodebuild:  ALRT/ALRT/ALRT.swift:197:43: error: expected type\n    - ERROR | [iOS] xcodebuild:  ALRT/ALRT/ALRT.swift:197:43: error: expected ',' separator\n    - ERROR | [iOS] xcodebuild:  ALRT/ALRT/ALRT.swift:197:68: error: expected type\n    - ERROR | [iOS] xcodebuild:  ALRT/ALRT/ALRT.swift:197:68: error: expected ',' separator\n    - WARN  | [iOS] xcodebuild:  ALRT/ALRT/ALRT.swift:194:30: warning: extraneous '_' in parameter: 'title' has no keyword argument name\n    - ERROR | [iOS] xcodebuild:  ALRT/ALRT/ALRT.swift:212:5: error: expected declaration\n    - ERROR | [iOS] xcodebuild:  ALRT/ALRT/ALRT.swift:212:9: error: consecutive declarations on a line must be separated by ';'\n    - ERROR | [iOS] xcodebuild:  ALRT/ALRT/ALRT.swift:212:69: error: expected type\n    - ERROR | [iOS] xcodebuild:  ALRT/ALRT/ALRT.swift:212:69: error: expected ',' separator\n    - WARN  | [iOS] xcodebuild:  ALRT/ALRT/ALRT.swift:212:44: warning: extraneous '_' in parameter: 'configurationHandler' has no keyword argument name\n    - ERROR | [iOS] xcodebuild:  ALRT/ALRT/ALRT.swift:229:5: error: expected declaration\n    - ERROR | [iOS] xcodebuild:  ALRT/ALRT/ALRT.swift:229:9: error: consecutive declarations on a line must be separated by ';'\n    - ERROR | [iOS] xcodebuild:  ALRT/ALRT/ALRT.swift:231:36: error: expected type\n    - ERROR | [iOS] xcodebuild:  ALRT/ALRT/ALRT.swift:231:36: error: expected ',' separator\n    - WARN  | [iOS] xcodebuild:  ALRT/ALRT/ALRT.swift:229:20: warning: extraneous '_' in parameter: 'viewControllerToPresent' has no keyword argument name\n    - ERROR | [iOS] xcodebuild:  ALRT/ALRT/ALRT.swift:247:5: error: expected declaration\n    - ERROR | [iOS] xcodebuild:  ALRT/ALRT/ALRT.swift:247:16: error: consecutive declarations on a line must be separated by ';'\n    - ERROR | [iOS] xcodebuild:  ALRT/ALRT/ALRT.swift:249:44: error: expected type\n    - ERROR | [iOS] xcodebuild:  ALRT/ALRT/ALRT.swift:249:44: error: expected ',' separator\n    - WARN  | [iOS] xcodebuild:  ALRT/ALRT/ALRT.swift:247:34: warning: extraneous '_' in parameter: 'viewControllerToPresent' has no keyword argument name\n    - ERROR | [iOS] xcodebuild:  ALRT/ALRT/ALRT.swift:30:24: error: use of undeclared type 'Error'\n    - ERROR | [iOS] xcodebuild:  ALRT/ALRT/ALRT.swift:17:41: error: expression resolves to an unused function\n    - ERROR | [iOS] xcodebuild:  ALRT/ALRT/ALRT.swift:30:13: error: type 'ALRTError' does not conform to protocol 'RawRepresentable'\n    - NOTE  | [iOS] xcodebuild:  Swift.RawRepresentable:9:20: note: protocol requires nested type 'RawValue'\n    - ERROR | [iOS] xcodebuild:  ALRT/ALRT/ALRT.swift:38:1: error: ambiguous use of 'open'\n    - NOTE  | xcodebuild:  Darwin.open:2:13: note: found this candidate\n    - ERROR | [iOS] xcodebuild:  ALRT/ALRT/ALRT.swift:80:22: error: argument passed to call that takes no arguments\n    - ERROR | [iOS] xcodebuild:  ALRT/ALRT/ALRT.swift:95:37: error: binary operator '==' cannot be applied to operands of type 'UIAlertControllerStyle?' and '_'\n    - NOTE  | [iOS] xcodebuild:  ALRT/ALRT/ALRT.swift:95:37: note: overloads for '==' exist with these partially matching parameter lists: (ALRTError, ALRTError), (UIEdgeInsets, UIEdgeInsets), (UIOffset, UIOffset), (_GenericObjCError, _GenericObjCError), (DarwinBoolean, DarwinBoolean), (Selector, Selector), (NSObject, NSObject), (CGPoint, CGPoint), (CGSize, CGSize), (CGVector, CGVector), (CGRect, CGRect), (CGFloat, CGFloat), (FloatingPointClassification, FloatingPointClassification), (_MirrorDisposition, _MirrorDisposition), (Mirror.DisplayStyle, Mirror.DisplayStyle), (Bool, Bool), (Any.Type?, Any.Type?), (COpaquePointer, COpaquePointer), (Character, Character), (UInt8, UInt8), (Int8, Int8), (UInt16, UInt16), (Int16, Int16), (UInt32, UInt32), (Int32, Int32), (UInt64, UInt64), (Int64, Int64), (UInt, UInt), (Int, Int), (Float, Float), (Double, Double), (Float80, Float80), (ObjectIdentifier, ObjectIdentifier), (String, String), (Index, Index), (String.UnicodeScalarView.Index, String.UnicodeScalarView.Index), (String.UTF16View.Index, String.UTF16View.Index), (String.UTF8View.Index, String.UTF8View.Index), (UnicodeScalar, UnicodeScalar), (_SwiftNSOperatingSystemVersion, _SwiftNSOperatingSystemVersion), (Bit, Bit), (AnyForwardIndex, AnyForwardIndex), (AnyBidirectionalIndex, AnyBidirectionalIndex), (AnyRandomAccessIndex, AnyRandomAccessIndex), (T, T), (ContiguousArray<Element>, ContiguousArray<Element>), (\n\n\n3.0\nArraySlice<Element>, ArraySlice<Element>), (Array<Element>, Array<Element>), (AutoreleasingUnsafeMutablePointer<Memory>, AutoreleasingUnsafeMutablePointer<Memory>), (LazyFilterIndex<Base>, LazyFilterIndex<Base>), (FlattenCollectionIndex<BaseElements>, FlattenCollectionIndex<BaseElements>), (FlattenBidirectionalCollectionIndex<BaseElements>, FlattenBidirectionalCollectionIndex<BaseElements>), (Set<Element>, Set<Element>), ([Key : Value], [Key : Value]), (SetIndex<Element>, SetIndex<Element>), (DictionaryIndex<Key, Value>, DictionaryIndex<Key, Value>), (_HeapBuffer<Value, Element>, _HeapBuffer<Value, Element>), (HalfOpenInterval<Bound>, HalfOpenInterval<Bound>), (ClosedInterval<Bound>, ClosedInterval<Bound>), (ManagedBufferPointer<Value, Element>, ManagedBufferPointer<Value, Element>), (T?, T?), (T?, _OptionalNilComparisonType), (_OptionalNilComparisonType, T?), (Range<Element>, Range<Element>), (ReverseIndex<Base>, ReverseIndex<Base>), (UnsafeMutablePointer<Memory>, UnsafeMutablePointer<Memory>), (UnsafePointer<Memory>, UnsafePointer<Memory>), ((A, B), (A, B)), ((A, B, C), (A, B, C)), ((A, B, C, D), (A, B, C, D)), ((A, B, C, D, E), (A, B, C, D, E)), ((A, B, C, D, E, F), (A, B, C, D, E, F)), (Self, Self)\n    - ERROR | [iOS] xcodebuild:  ALRT/ALRT/ALRT.swift:99:14: error: value of type 'UIAlertController' has no member 'addTextField'\n    - ERROR | [iOS] xcodebuild:  ALRT/ALRT/ALRT.swift:128:57: error: binary operator '==' cannot be applied to operands of type 'UIAlertControllerStyle?' and '_'\n    - NOTE  | [iOS] xcodebuild:  ALRT/ALRT/ALRT.swift:128:57: note: overloads for '==' exist with these partially matching parameter lists: (ALRTError, ALRTError), (UIEdgeInsets, UIEdgeInsets), (UIOffset, UIOffset), (_GenericObjCError, _GenericObjCError), (DarwinBoolean, DarwinBoolean), (Selector, Selector), (NSObject, NSObject), (CGPoint, CGPoint), (CGSize, CGSize), (CGVector, CGVector), (CGRect, CGRect), (CGFloat, CGFloat), (FloatingPointClassification, FloatingPointClassification), (_MirrorDisposition, _MirrorDisposition), (Mirror.DisplayStyle, Mirror.DisplayStyle), (Bool, Bool), (Any.Type?, Any.Type?), (COpaquePointer, COpaquePointer), (Character, Character), (UInt8, UInt8), (Int8, Int8), (UInt16, UInt16), (Int16, Int16), (UInt32, UInt32), (Int32, Int32), (UInt64, UInt64), (Int64, Int64), (UInt, UInt), (Int, Int), (Float, Float), (Double, Double), (Float80, Float80), (ObjectIdentifier, ObjectIdentifier), (String, String), (Index, Index), (String.UnicodeScalarView.Index, String.UnicodeScalarView.Index), (String.UTF16View.Index, String.UTF16View.Index), (String.UTF8View.Index, String.UTF8View.Index), (UnicodeScalar, UnicodeScalar), (_SwiftNSOperatingSystemVersion, _SwiftNSOperatingSystemVersion), (Bit, Bit), (AnyForwardIndex, AnyForwardIndex), (AnyBidirectionalIndex, AnyBidirectionalIndex), (AnyRandomAccessIndex, AnyRandomAccessIndex), (T, T), (ContiguousArray<Element>, ContiguousArray<Element>), (ArraySlice<Element>, ArraySlice<Element>), (Array<Element>, Array<Element>), (AutoreleasingUnsafeMutablePointer<Memory>, AutoreleasingUnsafeMutablePointer<Memory>), (LazyFilterIndex<Base>, LazyFilterIndex<Base>), (FlattenCollectionIndex<BaseElements>, FlattenCollectionIndex<BaseElements>), (FlattenBidirectionalCollectionIndex<BaseElements>, FlattenBidirectionalCollectionIndex<BaseElements>), (Set<Element>, Set<Element>), ([Key : Value], [Key : Value]), (SetIndex<Element>, SetIndex<Element>), (DictionaryIndex<Key, Value>, DictionaryIndex<Key, Value>), (_HeapBuffer<Value, Element>, _HeapBuffer<Value, Element>), (HalfOpenInterval<Bound>, HalfOpenInterval<Bound>), (ClosedInterval<Bound>, ClosedInterval<Bound>), (ManagedBufferPointer<Value, Element>, ManagedBufferPointer<Value, Element>), (T?, T?), (T?, _OptionalNilComparisonType), (_OptionalNilComparisonType, T?), (Range<Element>, Range<Element>), (ReverseIndex<Base>, ReverseIndex<Base>), (UnsafeMutablePointer<Memory>, UnsafeMutablePointer<Memory>), (UnsafePointer<Memory>, UnsafePointer<Memory>), ((A, B), (A, B)), ((A, B, C), (A, B, C)), ((A, B, C, D), (A, B, C, D)), ((A, B, C, D, E), (A, B, C, D, E)), ((A, B, C, D, E, F), (A, B, C, D, E, F)), (Self, Self)\n    - ERROR | [iOS] xcodebuild:  ALRT/ALRT/ALRT.swift:176:56: error: type 'UIAlertActionStyle' has no member 'cancel'\n    - ERROR | [iOS] xcodebuild:  ALRT/ALRT/ALRT.swift:195:61: error: type 'UIAlertActionStyle' has no member 'destructive'\n    - ERROR | [iOS] xcodebuild:  ALRT/ALRT/ALRT.swift:214:38: error: argument passed to call that takes no arguments\n    - ERROR | [iOS] xcodebuild:  ALRT/ALRT/ALRT.swift:237:26: error: type '()' has no member 'failure'\n    - ERROR | [iOS] xcodebuild:  ALRT/ALRT/ALRT.swift:240:26: error: type '()' has no member 'failure'\n    - ERROR | [iOS] xcodebuild:  ALRT/ALRT/ALRT.swift:243:26: error: type '()' has no member 'failure'\n    - ERROR | [iOS] xcodebuild:  ALRT/ALRT/ALRT.swift:252:29: error: thrown expression type 'ALRTError' does not conform to 'ErrorType'\n    - ERROR | [iOS] xcodebuild:  ALRT/ALRT/ALRT.swift:255:12: error: type 'UIDevice' has no member 'current'\n    - ERROR | [iOS] xcodebuild:  ALRT/ALRT/ALRT.swift:259:29: error: thrown expression type 'ALRTError' does not conform to 'ErrorType'\n    - ERROR | [iOS] xcodebuild:  ALRT/ALRT/ALRT.swift:263:61: error: type 'UIApplication' has no member 'shared'\n    - ERROR | [iOS] xcodebuild:  ALRT/ALRT/ALRT.swift:270:29: error: value of type 'UIViewController' has no member 'present'\n\nAnalyzed 1 podspec.\n\n[!] The spec did not pass validation, due to 86 errors and 10 warnings.\n```\n\n# \u30ed\u30b0\u3092\u8aad\u3080\n\u3088\u30fc\u304f\u898b\u308b\u3068\u3001Swift 2.x\u7cfb\u3067inspect\u3057\u3066\u3044\u308b\u3088\u3046\u306b\u898b\u3048\u307e\u3059\u3002\n\u4f8b\u3048\u3070\u3001\u3053\u3053\u3002\n\n```\n- ERROR | [iOS] xcodebuild:  ALRT/ALRT/ALRT.swift:176:56: error: type 'UIAlertActionStyle' has no member 'cancel'\n```\n\n\"cancel\"\u304c\u5c0f\u6587\u5b57\u3067\u30a8\u30e9\u30fc\u3092\u5410\u3044\u3066\u307e\u3059\u306d\uff08Swift 2\u7cfb\u307e\u3067\u982d\u6587\u5b57\u304c\u5927\u6587\u5b57\u3060\u3063\u305f\uff09\u3002\n\n\n# \u89e3\u6c7a\u7b56\n## 1. cocoapods --pre\u3092\u30a4\u30f3\u30b9\u30c8\u30fc\u30eb\n\n```ruby\n# major ver.\u306fXcode 8.0\u3067\u4f7f\u3048\u306a\u3044\nsudo gem uninstall cocoapods\n\n# Xcode8.0\u5bfe\u5fdc\u7248 cocoapods 1.1.0.rc.2\nsudo gem install cocoapods --pre \n```\n\n## 2. .swift-version\u30d5\u30a1\u30a4\u30eb\u3092\u8ffd\u52a0\n\u4eca\u56de\u306e\u809d\u3002.podspec\u3068\u540c\u3058\u30c7\u30a3\u30ec\u30af\u30c8\u30ea\u306b.swift-version\u30d5\u30a1\u30a4\u30eb\u3092\u8ffd\u52a0\u3059\u308b\u3002\nSwift\u30d0\u30fc\u30b8\u30e7\u30f3\u3092\u6307\u5b9a\u3059\u308b\u3002\n\n```swift:.swift-version\n3.0\n```\n\n## 3. PodSpec\u30d5\u30a1\u30a4\u30eb\u3092\u78ba\u8a8d\n\n```\npod spec lint ALRT.podspect\n```\n\n## 4. Cocoapods Repo\u3078Push\n```\npod trunk push ALRT.podspec\n```\n\n\u4ee5\u4e0a\u3067\u3001\u3081\u3067\u305f\u304f`spec lint`\u3082`trunk push`\u3082\u3067\u304d\u307e\u3057\u305f\ud83d\ude01\n"}