{"tags": ["npm", "CentOS6.7"], "context": " More than 1 year has passed since last update.\u4ee5\u4e0b\u306e\u30b3\u30de\u30f3\u30c9\u3092\u5b9f\u884c\u3057\u305f\u6240\u3001\u30a8\u30e9\u30c3\u30bf\u3002\n$ npm install .\n\nmake: *** [Release/obj.target/validation/src/validation.o] \u30a8\u30e9\u30fc 1\nmake: \u30c7\u30a3\u30ec\u30af\u30c8\u30ea `/usr/lib/node_modules/node-inspector/node_modules/ws/node_modules/utf-8-validate/build' \u304b\u3089\u51fa\u307e\u3059\ngyp ERR! build error\ngyp ERR! stack Error: `make` failed with exit code: 2\ngyp ERR! stack     at ChildProcess.onExit (/usr/lib/node_modules/node-gyp/lib/build.js:267:23)\ngyp ERR! stack     at ChildProcess.emit (events.js:98:17)\ngyp ERR! stack     at Process.ChildProcess._handle.onexit (child_process.js:820:12)\ngyp ERR! System Linux 2.6.32-573.12.1.el6.x86_64\ngyp ERR! command \"node\" \"/usr/lib/node_modules/npm/node_modules/node-gyp/bin/node-gyp.js\" \"rebuild\"\ngyp ERR! cwd /usr/lib/node_modules/node-inspector/node_modules/ws/node_modules/utf-8-validate\ngyp ERR! node -v v0.10.36\ngyp ERR! node-gyp -v v0.10.6\ngyp ERR! not ok\n\n\u30b3\u30b3\u3089\u3078\u3093\u3092\u53c2\u7167\u3059\u308b\u3068\nhttps://github.com/nodejs/nan/issues/414#issuecomment-131756213\n$ npm -g install npm\n\n\u3092\u5165\u308c\u308d\u3068\u306e\u3053\u3068\u3002\n$ npm install .\n\n\u3088\u3057\u3088\u3057\u5165\u3063\u305f\u3002\nnpm\u306f\u8a73\u3057\u304f\u7121\u3044\u3051\u3069\u3001\n\u30b7\u30b9\u30c6\u30e0\u306b\u5165\u308c\u306a\u304d\u3083\u3044\u3051\u306a\u3044\u306e\u304b\u30fc\u3068\u3044\u3046\u611f\u60f3\u3067\u3057\u305f\u3002\n\u4eca\u5e74\u306b\u5165\u3063\u3066\u304b\u3089\u5730\u5473\u306b\u30a8\u30e9\u30fc\u3092\u3072\u304f\u306a\u3002\u3002\u3002\n\u4ee5\u4e0b\u306e\u30b3\u30de\u30f3\u30c9\u3092\u5b9f\u884c\u3057\u305f\u6240\u3001\u30a8\u30e9\u30c3\u30bf\u3002\n\n```bash\n$ npm install .\n\nmake: *** [Release/obj.target/validation/src/validation.o] \u30a8\u30e9\u30fc 1\nmake: \u30c7\u30a3\u30ec\u30af\u30c8\u30ea `/usr/lib/node_modules/node-inspector/node_modules/ws/node_modules/utf-8-validate/build' \u304b\u3089\u51fa\u307e\u3059\ngyp ERR! build error\ngyp ERR! stack Error: `make` failed with exit code: 2\ngyp ERR! stack     at ChildProcess.onExit (/usr/lib/node_modules/node-gyp/lib/build.js:267:23)\ngyp ERR! stack     at ChildProcess.emit (events.js:98:17)\ngyp ERR! stack     at Process.ChildProcess._handle.onexit (child_process.js:820:12)\ngyp ERR! System Linux 2.6.32-573.12.1.el6.x86_64\ngyp ERR! command \"node\" \"/usr/lib/node_modules/npm/node_modules/node-gyp/bin/node-gyp.js\" \"rebuild\"\ngyp ERR! cwd /usr/lib/node_modules/node-inspector/node_modules/ws/node_modules/utf-8-validate\ngyp ERR! node -v v0.10.36\ngyp ERR! node-gyp -v v0.10.6\ngyp ERR! not ok\n```\n\n\u30b3\u30b3\u3089\u3078\u3093\u3092\u53c2\u7167\u3059\u308b\u3068\nhttps://github.com/nodejs/nan/issues/414#issuecomment-131756213\n\n```bash\n$ npm -g install npm\n```\n\u3092\u5165\u308c\u308d\u3068\u306e\u3053\u3068\u3002\n\n```bash\n$ npm install .\n```\n\n\u3088\u3057\u3088\u3057\u5165\u3063\u305f\u3002\nnpm\u306f\u8a73\u3057\u304f\u7121\u3044\u3051\u3069\u3001\n\u30b7\u30b9\u30c6\u30e0\u306b\u5165\u308c\u306a\u304d\u3083\u3044\u3051\u306a\u3044\u306e\u304b\u30fc\u3068\u3044\u3046\u611f\u60f3\u3067\u3057\u305f\u3002\n\u4eca\u5e74\u306b\u5165\u3063\u3066\u304b\u3089\u5730\u5473\u306b\u30a8\u30e9\u30fc\u3092\u3072\u304f\u306a\u3002\u3002\u3002\n\n\n\n\n"}