{"context": " More than 1 year has passed since last update.\n\n\u8d77\u3053\u3063\u305f\u3053\u3068\ntherubyracer\u3092\u5165\u308c\u3066\u3044\u308b\u3068\u3001g++\u304c\u7121\u3044\u3068\u6012\u3089\u308c\u308b\u3002\nDEBUG [2263cd48]    Gem::Ext::BuildError: ERROR: Failed to build gem native extension.\nDEBUG [2263cd48]\nDEBUG [2263cd48]        /home/username/.rbenv/versions/2.1.1/bin/ruby extconf.rb\nDEBUG [2263cd48]    checking for main() in -lpthread... yes\nDEBUG [2263cd48]    creating Makefile\nDEBUG [2263cd48]\nDEBUG [2263cd48]    make \"DESTDIR=\" clean\nDEBUG [2263cd48]\nDEBUG [2263cd48]    make \"DESTDIR=\"\nDEBUG [2263cd48]    compiling handles.cc\nDEBUG [2263cd48]    make: g++: Command not found\nDEBUG [2263cd48]    make: *** [handles.o] Error 127\nDEBUG [2263cd48]\nDEBUG [2263cd48]    make failed, exit code 2\nDEBUG [2263cd48]\nDEBUG [2263cd48]    Gem files will remain installed in /home/username/production/shared/bundle/ruby/2.1.0/gems/therubyracer-0.12.0 for inspection.\nDEBUG [2263cd48]    Results logged to /home/username/production/shared/bundle/ruby/2.1.0/extensions/x86_64-linux/2.1.0-static/therubyracer-0.12.0/gem_make.out\nDEBUG [2263cd48]    An error occurred while installing therubyracer (0.12.0), and Bundler cannot\nDEBUG [2263cd48]    continue.\nDEBUG [2263cd48]    Make sure that `gem install therubyracer -v '0.12.0'` succeeds before bundling.\n\n\n\u89e3\u6c7a\u6cd5\n$ sudo yum install gcc-g++\n\n### \u8d77\u3053\u3063\u305f\u3053\u3068\n\n`therubyracer`\u3092\u5165\u308c\u3066\u3044\u308b\u3068\u3001g++\u304c\u7121\u3044\u3068\u6012\u3089\u308c\u308b\u3002\n\n```shell-session\nDEBUG [2263cd48] \tGem::Ext::BuildError: ERROR: Failed to build gem native extension.\nDEBUG [2263cd48]\nDEBUG [2263cd48] \t    /home/username/.rbenv/versions/2.1.1/bin/ruby extconf.rb\nDEBUG [2263cd48] \tchecking for main() in -lpthread... yes\nDEBUG [2263cd48] \tcreating Makefile\nDEBUG [2263cd48]\nDEBUG [2263cd48] \tmake \"DESTDIR=\" clean\nDEBUG [2263cd48]\nDEBUG [2263cd48] \tmake \"DESTDIR=\"\nDEBUG [2263cd48] \tcompiling handles.cc\nDEBUG [2263cd48] \tmake: g++: Command not found\nDEBUG [2263cd48] \tmake: *** [handles.o] Error 127\nDEBUG [2263cd48]\nDEBUG [2263cd48] \tmake failed, exit code 2\nDEBUG [2263cd48]\nDEBUG [2263cd48] \tGem files will remain installed in /home/username/production/shared/bundle/ruby/2.1.0/gems/therubyracer-0.12.0 for inspection.\nDEBUG [2263cd48] \tResults logged to /home/username/production/shared/bundle/ruby/2.1.0/extensions/x86_64-linux/2.1.0-static/therubyracer-0.12.0/gem_make.out\nDEBUG [2263cd48] \tAn error occurred while installing therubyracer (0.12.0), and Bundler cannot\nDEBUG [2263cd48] \tcontinue.\nDEBUG [2263cd48] \tMake sure that `gem install therubyracer -v '0.12.0'` succeeds before bundling.\n```\n\n### \u89e3\u6c7a\u6cd5\n\n```shell-session\n$ sudo yum install gcc-g++\n```", "tags": ["AmazonLinux", "g++"]}