{"context": " More than 1 year has passed since last update.PDO\u3092\u7d99\u627f\u3057\u305f\u81ea\u524d\u306ePDO\u30af\u30e9\u30b9\u306e\u30b3\u30f3\u30b9\u30c8\u30e9\u30af\u30bf\u306e\u30c6\u30b9\u30c8\u3063\u3066\u3069\u3046\u3084\u3063\u305f\u3089\u3044\u3044\u3093\u3067\u3057\u3087\u3046\u304b\uff1f\n\u3084\u308a\u305f\u3044\u306e\u306fPHPUnit\u306e\u30e2\u30c3\u30af\u3092\u4f7f\u3063\u3066 _getDefaultAttributes() \u304c1\u56de\u547c\u3070\u308c\u3066\u3044\u308b\u304b\u3092\u30c6\u30b9\u30c8\u3059\u308b\u3053\u3068\u3067\u3059\u3002\n\nPDOTest.php\n<?php\n\nnamespace Suin;\n\nclass PDO extends \\PDO\n{\n    /**\n     * Return new PDO object.\n     * @param string $dsn\n     * @param string $username\n     * @param string $password\n     * @param array $options\n     */\n    public function __construct($dsn, $username, $password, array $options = array())\n    {\n        $options = array_merge($this->_getDefaultAttributes(), $options);\n        parent::__construct($dsn, $username, $password, $options);\n    }\n\n    /**\n     * Return default attributes.\n     * @return array\n     */\n    protected function _getDefaultAttributes()\n    {\n        return array(\n            static::ATTR_STATEMENT_CLASS    => array(static::STATEMENT_NORMAL_CLASS),\n            static::ATTR_ORACLE_NULLS       => static::NULL_NATURAL, // NULL is available\n            static::ATTR_DEFAULT_FETCH_MODE => static::FETCH_ASSOC,\n            static::ATTR_ERRMODE            => static::ERRMODE_EXCEPTION,\n            static::ATTR_AUTOCOMMIT         => true,\n        );\n    }\n}\n\nclass PDOTest extends \\PHPUnit_Framework_TestCase\n{\n    public function test__construct()\n    {\n        $pdo = $this\n            ->getMockBuilder('\\Suin\\PDO')\n            ->setConstructorArgs(array('mysql:host=127.0.0.1;dbname=testdb;charset=utf8;', 'root', 'root'))\n            ->setMethods(array('_getDefaultAttributes'))\n            ->getMock();\n        $pdo\n            ->expects($this->once())\n            ->method('_getDefaultAttributes')\n            ->will($this->returnValue(array()));\n    }\n}\n\n\ngetMock() \u3057\u305f\u6642\u70b9\u3067\u3059\u3067\u306b\u30b3\u30f3\u30b9\u30c8\u30e9\u30af\u30bf\u304c\u547c\u3070\u308c\u3066\u3044\u308b\u306e\u3067\u3001\u3046\u307e\u304f\u3044\u304d\u307e\u305b\u3093\u3002\n\n\u30b3\u30de\u30f3\u30c9\u30e9\u30a4\u30f3\n$ phpunit PDOTest.php \nPHPUnit 3.6.10 by Sebastian Bergmann.\n\nE\n\nTime: 0 seconds, Memory: 3.25Mb\n\nThere was 1 error:\n\n1) Suin\\PDOTest::test__construct\narray_merge(): Argument #1 is not an array\n\n/Users/suin/Desktop/PDOTest.php:16\n/Users/suin/Desktop/PDOTest.php:44\n/Users/suin/.phpenv/versions/5.4.0pear/bin/phpunit:46\n\nFAILURES!\nTests: 1, Assertions: 0, Errors: 1.\n\n\n\u305f\u3081\u3057\u306b\u3001\u3082\u3068\u3082\u3068\u306e\u30b3\u30f3\u30b9\u30c8\u30e9\u30af\u30bf\u3092OFF\u3063\u3066\u307f\u307e\u3057\u305f\u304c\u3001\n\nPDOTest.php\n<?php\nclass PDOTest extends \\PHPUnit_Framework_TestCase\n{\n    public function test__construct()\n    {\n        $pdo = $this\n            ->getMockBuilder('\\Suin\\PDO')\n            ->setMethods(array('_getDefaultAttributes'))\n            ->disableOriginalConstructor()\n            ->getMock();\n        $pdo\n            ->expects($this->once())\n            ->method('_getDefaultAttributes')\n            ->will($this->returnValue(array()));\n\n        $pdo->__construct('mysql:host=127.0.0.1;dbname=testdb;charset=utf8;', 'root', 'root');\n    }\n}\n\n\n\nPDO\u3067\u306f\u3046\u307e\u3044\u3088\u3046\u306b\u884c\u304b\u306a\u3044\u3088\u3046\u3067\u3059\u2026\u3002\n\n\u30b3\u30de\u30f3\u30c9\u30e9\u30a4\u30f3\n$ phpunit PDOTest.php \nPHPUnit 3.6.10 by Sebastian Bergmann.\n\nE\n\nTime: 0 seconds, Memory: 3.00Mb\n\nThere was 1 error:\n\n1) Suin\\PDOTest::test__construct\nPDOException: You cannot serialize or unserialize PDO instances\n\n/Users/suin/Desktop/PDOTest.php:44\n/Users/suin/.phpenv/versions/5.4.0pear/bin/phpunit:46\n\nFAILURES!\nTests: 1, Assertions: 0, Errors: 1.\n\n\nPDO\u3092\u7d99\u627f\u3057\u305f\u81ea\u524d\u306ePDO\u30af\u30e9\u30b9\u306e\u30b3\u30f3\u30b9\u30c8\u30e9\u30af\u30bf\u306e\u30c6\u30b9\u30c8\u3063\u3066\u3069\u3046\u3084\u3063\u305f\u3089\u3044\u3044\u3093\u3067\u3057\u3087\u3046\u304b\uff1f\n\u3084\u308a\u305f\u3044\u306e\u306fPHPUnit\u306e\u30e2\u30c3\u30af\u3092\u4f7f\u3063\u3066 ```_getDefaultAttributes()``` \u304c1\u56de\u547c\u3070\u308c\u3066\u3044\u308b\u304b\u3092\u30c6\u30b9\u30c8\u3059\u308b\u3053\u3068\u3067\u3059\u3002\n\n```php:PDOTest.php\n<?php\n\nnamespace Suin;\n\nclass PDO extends \\PDO\n{\n\t/**\n\t * Return new PDO object.\n\t * @param string $dsn\n\t * @param string $username\n\t * @param string $password\n\t * @param array $options\n\t */\n\tpublic function __construct($dsn, $username, $password, array $options = array())\n\t{\n\t\t$options = array_merge($this->_getDefaultAttributes(), $options);\n\t\tparent::__construct($dsn, $username, $password, $options);\n\t}\n\n\t/**\n\t * Return default attributes.\n\t * @return array\n\t */\n\tprotected function _getDefaultAttributes()\n\t{\n\t\treturn array(\n\t\t\tstatic::ATTR_STATEMENT_CLASS    => array(static::STATEMENT_NORMAL_CLASS),\n\t\t\tstatic::ATTR_ORACLE_NULLS       => static::NULL_NATURAL, // NULL is available\n\t\t\tstatic::ATTR_DEFAULT_FETCH_MODE => static::FETCH_ASSOC,\n\t\t\tstatic::ATTR_ERRMODE            => static::ERRMODE_EXCEPTION,\n\t\t\tstatic::ATTR_AUTOCOMMIT         => true,\n\t\t);\n\t}\n}\n\nclass PDOTest extends \\PHPUnit_Framework_TestCase\n{\n\tpublic function test__construct()\n\t{\n\t\t$pdo = $this\n\t\t\t->getMockBuilder('\\Suin\\PDO')\n\t\t\t->setConstructorArgs(array('mysql:host=127.0.0.1;dbname=testdb;charset=utf8;', 'root', 'root'))\n\t\t\t->setMethods(array('_getDefaultAttributes'))\n\t\t\t->getMock();\n\t\t$pdo\n\t\t\t->expects($this->once())\n\t\t\t->method('_getDefaultAttributes')\n\t\t\t->will($this->returnValue(array()));\n\t}\n}\n```\n\ngetMock() \u3057\u305f\u6642\u70b9\u3067\u3059\u3067\u306b\u30b3\u30f3\u30b9\u30c8\u30e9\u30af\u30bf\u304c\u547c\u3070\u308c\u3066\u3044\u308b\u306e\u3067\u3001\u3046\u307e\u304f\u3044\u304d\u307e\u305b\u3093\u3002\n\n```text:\u30b3\u30de\u30f3\u30c9\u30e9\u30a4\u30f3\n$ phpunit PDOTest.php \nPHPUnit 3.6.10 by Sebastian Bergmann.\n\nE\n\nTime: 0 seconds, Memory: 3.25Mb\n\nThere was 1 error:\n\n1) Suin\\PDOTest::test__construct\narray_merge(): Argument #1 is not an array\n\n/Users/suin/Desktop/PDOTest.php:16\n/Users/suin/Desktop/PDOTest.php:44\n/Users/suin/.phpenv/versions/5.4.0pear/bin/phpunit:46\n\nFAILURES!\nTests: 1, Assertions: 0, Errors: 1.\n```\n\n\u305f\u3081\u3057\u306b\u3001\u3082\u3068\u3082\u3068\u306e\u30b3\u30f3\u30b9\u30c8\u30e9\u30af\u30bf\u3092OFF\u3063\u3066\u307f\u307e\u3057\u305f\u304c\u3001\n\n```php:PDOTest.php\n<?php\nclass PDOTest extends \\PHPUnit_Framework_TestCase\n{\n\tpublic function test__construct()\n\t{\n\t\t$pdo = $this\n\t\t\t->getMockBuilder('\\Suin\\PDO')\n\t\t\t->setMethods(array('_getDefaultAttributes'))\n\t\t\t->disableOriginalConstructor()\n\t\t\t->getMock();\n\t\t$pdo\n\t\t\t->expects($this->once())\n\t\t\t->method('_getDefaultAttributes')\n\t\t\t->will($this->returnValue(array()));\n\n\t\t$pdo->__construct('mysql:host=127.0.0.1;dbname=testdb;charset=utf8;', 'root', 'root');\n\t}\n}\n\n```\n\nPDO\u3067\u306f\u3046\u307e\u3044\u3088\u3046\u306b\u884c\u304b\u306a\u3044\u3088\u3046\u3067\u3059\u2026\u3002\n\n```text:\u30b3\u30de\u30f3\u30c9\u30e9\u30a4\u30f3\n$ phpunit PDOTest.php \nPHPUnit 3.6.10 by Sebastian Bergmann.\n\nE\n\nTime: 0 seconds, Memory: 3.00Mb\n\nThere was 1 error:\n\n1) Suin\\PDOTest::test__construct\nPDOException: You cannot serialize or unserialize PDO instances\n\n/Users/suin/Desktop/PDOTest.php:44\n/Users/suin/.phpenv/versions/5.4.0pear/bin/phpunit:46\n\nFAILURES!\nTests: 1, Assertions: 0, Errors: 1.\n```", "tags": ["PHP", "PHPUnit"]}