{"context": " More than 1 year has passed since last update.casperjs\u306e\u30a4\u30f3\u30b9\u30c8\u30fc\u30eb\nsudo su \ncd /usr/local/src\ngit clone https://github.com/n1k0/casperjs.git\ncd casperjs\nln -sf `pwd`/bin/casperjs /usr/local/bin/casperjs\n\nphantomjs\u306e\u30a4\u30f3\u30b9\u30c8\u30fc\u30eb\ncd /usr/local/src\ngit clone https://github.com/ariya/phantomjs.git\ncd phantomjs\n./build.sh\n\n\u306a\u3093\u304b\u30a8\u30e9\u30fc\u304c\u51fa\u308b\u3002\nTIQUE -O2 -Wall -W -fPIE  -I../../../mkspecs/linux-g++ -I. -o icu.o icu.cpp\nicu.cpp:42:28: error: unicode/utypes.h: No such file or directory\nicu.cpp:43:26: error: unicode/ucol.h: No such file or directory\nicu.cpp:44:29: error: unicode/ustring.h: No such file or directory\nicu.cpp: In function \u2018int main(int, char**)\u2019:\nicu.cpp:48: error: \u2018UErrorCode\u2019 was not declared in this scope\nicu.cpp:48: error: expected \u2018;\u2019 before \u2018status\u2019\nicu.cpp:49: error: \u2018UCollator\u2019 was not declared in this scope\nicu.cpp:49: error: \u2018collator\u2019 was not declared in this scope\nicu.cpp:49: error: \u2018status\u2019 was not declared in this scope\nicu.cpp:49: error: \u2018ucol_open\u2019 was not declared in this scope\nicu.cpp:50: error: \u2018U_FAILURE\u2019 was not declared in this scope\nicu.cpp:52: error: \u2018ucol_close\u2019 was not declared in this scope\ngmake: *** [icu.o] Error 1\nICU disabled.\nThe ICU library support cannot be enabled.\n Turn on verbose messaging (-v) to /usr/local/src/phantomjs/src/qt/qtbase/configure to see the final report.\n If you believe this message is in error you may use the continue\n switch (-continue) to /usr/local/src/phantomjs/src/qt/qtbase/configure to continue.\n\n\u8efd\u304f\u8abf\u3079\u305f\u611f\u3058\u3060\u3068\u3001\n\nyum install gcc gcc-c++ make git openssl-devel freetype-devel fontconfig-devel\n\n\u3092\u5165\u308c\u305f\u5f8c\u306b1.9\u306bcheckout\u3059\u308b\u3068\u3044\u3044\u3089\u3057\u3044\u3002\ngit checkout 1.9\n./build.sh\nbin/phantomjs -v\nln -sf `pwd`/bin/phantomjs /usr/local/bin/phantomjs\n\n\u3053\u308c\u3067\u3001\n[root@localhost]/usr/local/src/phantomjs# phantomjs -v\n1.9.7\n[root@localhost]/usr/local/src/phantomjs# casperjs --version\n1.1.0-beta3\n\n\u3053\u3046\u306a\u3063\u305f\u3002casperjs\u304c\u52d5\u304f\u304b\u3069\u3046\u304b\u3001\u30b5\u30f3\u30d7\u30eb\u3092\u5b9f\u884c\u3059\u308b\u3002\nvar casper = require('casper').create();\n\ncasper.start('http://casperjs.org/', function() {\n    this.echo(this.getTitle());\n});\n\ncasper.thenOpen('http://phantomjs.org', function() {\n    this.echo(this.getTitle());\n});\n\ncasper.run();\n\n$ casperjs sample.js\nCasperJS, a navigation scripting and testing utility for PhantomJS and SlimerJS\nPhantomJS | PhantomJS\n\n\u52d5\u3044\u3066\u3044\u308b\u3063\u307d\u3044\ncasperjs\u306e\u30a4\u30f3\u30b9\u30c8\u30fc\u30eb\n\n```\nsudo su \ncd /usr/local/src\ngit clone https://github.com/n1k0/casperjs.git\ncd casperjs\nln -sf `pwd`/bin/casperjs /usr/local/bin/casperjs\n```\n\nphantomjs\u306e\u30a4\u30f3\u30b9\u30c8\u30fc\u30eb\n\n```\ncd /usr/local/src\ngit clone https://github.com/ariya/phantomjs.git\ncd phantomjs\n./build.sh\n```\n\n\u306a\u3093\u304b\u30a8\u30e9\u30fc\u304c\u51fa\u308b\u3002\n\n```\nTIQUE -O2 -Wall -W -fPIE  -I../../../mkspecs/linux-g++ -I. -o icu.o icu.cpp\nicu.cpp:42:28: error: unicode/utypes.h: No such file or directory\nicu.cpp:43:26: error: unicode/ucol.h: No such file or directory\nicu.cpp:44:29: error: unicode/ustring.h: No such file or directory\nicu.cpp: In function \u2018int main(int, char**)\u2019:\nicu.cpp:48: error: \u2018UErrorCode\u2019 was not declared in this scope\nicu.cpp:48: error: expected \u2018;\u2019 before \u2018status\u2019\nicu.cpp:49: error: \u2018UCollator\u2019 was not declared in this scope\nicu.cpp:49: error: \u2018collator\u2019 was not declared in this scope\nicu.cpp:49: error: \u2018status\u2019 was not declared in this scope\nicu.cpp:49: error: \u2018ucol_open\u2019 was not declared in this scope\nicu.cpp:50: error: \u2018U_FAILURE\u2019 was not declared in this scope\nicu.cpp:52: error: \u2018ucol_close\u2019 was not declared in this scope\ngmake: *** [icu.o] Error 1\nICU disabled.\nThe ICU library support cannot be enabled.\n Turn on verbose messaging (-v) to /usr/local/src/phantomjs/src/qt/qtbase/configure to see the final report.\n If you believe this message is in error you may use the continue\n switch (-continue) to /usr/local/src/phantomjs/src/qt/qtbase/configure to continue.\n```\n\n\u8efd\u304f\u8abf\u3079\u305f\u611f\u3058\u3060\u3068\u3001\n```\nyum install gcc gcc-c++ make git openssl-devel freetype-devel fontconfig-devel\n```\n\u3092\u5165\u308c\u305f\u5f8c\u306b1.9\u306bcheckout\u3059\u308b\u3068\u3044\u3044\u3089\u3057\u3044\u3002\n\n```\ngit checkout 1.9\n./build.sh\nbin/phantomjs -v\nln -sf `pwd`/bin/phantomjs /usr/local/bin/phantomjs\n```\n\n\u3053\u308c\u3067\u3001\n\n```\n[root@localhost]/usr/local/src/phantomjs# phantomjs -v\n1.9.7\n[root@localhost]/usr/local/src/phantomjs# casperjs --version\n1.1.0-beta3\n```\n\n\u3053\u3046\u306a\u3063\u305f\u3002casperjs\u304c\u52d5\u304f\u304b\u3069\u3046\u304b\u3001\u30b5\u30f3\u30d7\u30eb\u3092\u5b9f\u884c\u3059\u308b\u3002\n\n```\nvar casper = require('casper').create();\n\ncasper.start('http://casperjs.org/', function() {\n    this.echo(this.getTitle());\n});\n\ncasper.thenOpen('http://phantomjs.org', function() {\n    this.echo(this.getTitle());\n});\n\ncasper.run();\n```\n\n```\n$ casperjs sample.js\nCasperJS, a navigation scripting and testing utility for PhantomJS and SlimerJS\nPhantomJS | PhantomJS\n```\n\n\u52d5\u3044\u3066\u3044\u308b\u3063\u307d\u3044\n", "tags": ["CentOS6.4", "PhantomJS", "casperJs"]}