{"context": " More than 1 year has passed since last update.C:\\...\\...\\...\\>gradlew installApp\n:generateQueryDSL UP-TO-DATE\n:compileJava\n\nFAILURE: Build failed with an exception.\n\n* What went wrong:\nCould not resolve all dependencies for configuration ':compile'.\n> Artifact 'org.springframework:spring-orm:3.2.1.RELEASE@jar' not found.\n\n* Try:\nRun with --stacktrace option to get the stack trace. Run with --info or\n--debug option to get more log output.\n\nBUILD FAILED\n\nTotal time: 5.646 secs\n\n\u4f8b\u3048\u3070\u4e0a\u8a18\u306e\u5834\u5408\u3001local\u306emaven repository\nC:\\...\\.m2\\repository\\org\\springframework\\spring-orm\\3.2.1.RELEASE\u306bjar\u304c\u306a\u3044\u306f\u305a\u306a\u306e\u3067\u30013.2.1.RELEASE\u30c7\u30a3\u30ec\u30af\u30c8\u30ea\u3054\u3068\u524a\u9664\u3057\u3066installApp\u3092\u518d\u5b9f\u884c\u3059\u308b\u3068\u3001jar\u30d5\u30a1\u30a4\u30eb\u3092\u843d\u3068\u3057\u306b\u3044\u3063\u3066\u304f\u308c\u308b\n```\nC:\\...\\...\\...\\>gradlew installApp\n:generateQueryDSL UP-TO-DATE\n:compileJava\n\nFAILURE: Build failed with an exception.\n\n* What went wrong:\nCould not resolve all dependencies for configuration ':compile'.\n> Artifact 'org.springframework:spring-orm:3.2.1.RELEASE@jar' not found.\n\n* Try:\nRun with --stacktrace option to get the stack trace. Run with --info or\n--debug option to get more log output.\n\nBUILD FAILED\n\nTotal time: 5.646 secs\n```\n\n\u4f8b\u3048\u3070\u4e0a\u8a18\u306e\u5834\u5408\u3001local\u306emaven repository\n`C:\\...\\.m2\\repository\\org\\springframework\\spring-orm\\3.2.1.RELEASE`\u306bjar\u304c\u306a\u3044\u306f\u305a\u306a\u306e\u3067\u3001`3.2.1.RELEASE`\u30c7\u30a3\u30ec\u30af\u30c8\u30ea\u3054\u3068\u524a\u9664\u3057\u3066`installApp`\u3092\u518d\u5b9f\u884c\u3059\u308b\u3068\u3001jar\u30d5\u30a1\u30a4\u30eb\u3092\u843d\u3068\u3057\u306b\u3044\u3063\u3066\u304f\u308c\u308b", "tags": ["gradle"]}