{"context": "\n\n\u52d5\u6a5f\n\u3044\u307e\u3069\u304d\u306eIDE\u306a\u3089\u6a19\u6e96\u3067\u5099\u3048\u3066\u3044\u308b\u30c6\u30b9\u30c8\u30b3\u30fc\u30c9\u5b9f\u884c\u3068\u7d50\u679c\u306e\u53ef\u8996\u5316\u3092CLion\u3067\u3082\u3084\u308a\u305f\u3044\n\n\u7d50\u679c\n\u3067\u304d\u305f\n\n\u30ea\u30dd\u30b8\u30c8\u30ea\n\n\u86c7\u8db3\nCUI\u3067ctest \u3092\u52d5\u304b\u3059\u5834\u5408\u3001\u305d\u306e\u307e\u307e\u3060\u3068\u753b\u9762\u51fa\u529b\u304c\u3042\u3063\u3055\u308a\u3057\u3059\u304e\u3066\u30c6\u30b9\u30c8\u7d50\u679c\u304c\u3088\u304f\u308f\u304b\u3089\u306a\u3044\n(googletest\u306e\u666e\u6bb5\u306e\u51fa\u529b\u304c\u3067\u306a\u304b\u3063\u305f\u306e\u3067\u3046\u307e\u304f\u52d5\u3044\u3066\u306a\u3044\u3068\u601d\u3063\u305f)\n$ ctest\nTest project /Users/usadamasa/workspace/cpp/sandbox\n    Start 1: awesome\n1/1 Test #1: awesome ..........................***Failed    0.01 sec\n\n0% tests passed, 1 tests failed out of 1\n\nLabel Time Summary:\nawesome    =   0.01 sec (1 test)\nlib        =   0.01 sec (1 test)\n\nTotal Test time (real) =   0.02 sec\n\nThe following tests FAILED:\n      1 - awesome (Failed)\nErrors while running CTest\n\n\u306a\u306e\u3067\u5b9f\u884c\u6642\u306b\u306f-V\u30aa\u30d7\u30b7\u30e7\u30f3\u3092\u3064\u3051\u308b\u3068\u3088\u3044\u3002\n$ ctest -V\nUpdateCTestConfiguration  from :/Users/usadamasa/workspace/cpp/sandbox/DartConfiguration.tcl\nUpdateCTestConfiguration  from :/Users/usadamasa/workspace/cpp/sandbox/DartConfiguration.tcl\nTest project /Users/usadamasa/workspace/cpp/sandbox\nConstructing a list of tests\nDone constructing a list of tests\nChecking test dependency graph...\nChecking test dependency graph end\ntest 1\n    Start 1: awesome\n\n1: Test command: /Users/usadamasa/workspace/cpp/sandbox/bin/Debug/awesome-test\n1: Test timeout computed to be: 9.99988e+06\n1: [==========] Running 2 tests from 1 test case.\n1: [----------] Global test environment set-up.\n1: [----------] 2 tests from SqrtTest\n1: [ RUN      ] SqrtTest._25_to_5\n1: [       OK ] SqrtTest._25_to_5 (0 ms)\n1: [ RUN      ] SqrtTest._100_to_10\n1: /Users/usadamasa/workspace/cpp/sandbox/test/MathFunctionsTest/main.cpp:13: Failure\n1: Value of: sandbox::Sqrt(100).GetSqrt()\n1:   Actual: 10\n1: Expected: 11.0\n1: Which is: 11\n1: [  FAILED  ] SqrtTest._100_to_10 (0 ms)\n1: [----------] 2 tests from SqrtTest (0 ms total)\n1: \n1: [----------] Global test environment tear-down\n1: [==========] 2 tests from 1 test case ran. (0 ms total)\n1: [  PASSED  ] 1 test.\n1: [  FAILED  ] 1 test, listed below:\n1: [  FAILED  ] SqrtTest._100_to_10\n1: \n1:  1 FAILED TEST\n1/1 Test #1: awesome ..........................***Failed    0.00 sec\n\n0% tests passed, 1 tests failed out of 1\n\nLabel Time Summary:\nawesome    =   0.00 sec (1 test)\nlib        =   0.00 sec (1 test)\n\nTotal Test time (real) =   0.01 sec\n\nThe following tests FAILED:\n      1 - awesome (Failed)\nErrors while running CTest\n\n\n\u86c7\u8db3\u306e\u86c7\u8db3\n--output-on-failure \u306e\u307b\u3046\u304c\u898b\u3084\u3059\u3044\u3002\n$ ctest --output-on-failure\nTest project /Users/usadamasa/workspace/cpp/sandbox\n    Start 1: awesome\n1/1 Test #1: awesome ..........................***Failed    0.01 sec\n[==========] Running 2 tests from 1 test case.\n[----------] Global test environment set-up.\n[----------] 2 tests from SqrtTest\n[ RUN      ] SqrtTest._25_to_5\n[       OK ] SqrtTest._25_to_5 (0 ms)\n[ RUN      ] SqrtTest._100_to_10\n/Users/usadamasa/workspace/cpp/sandbox/test/MathFunctionsTest/main.cpp:13: Failure\nValue of: sandbox::Sqrt(100).GetSqrt()\n  Actual: 10\nExpected: 11.0\nWhich is: 11\n[  FAILED  ] SqrtTest._100_to_10 (0 ms)\n[----------] 2 tests from SqrtTest (0 ms total)\n\n[----------] Global test environment tear-down\n[==========] 2 tests from 1 test case ran. (0 ms total)\n[  PASSED  ] 1 test.\n[  FAILED  ] 1 test, listed below:\n[  FAILED  ] SqrtTest._100_to_10\n\n 1 FAILED TEST\n\n\n0% tests passed, 1 tests failed out of 1\n\nLabel Time Summary:\nawesome    =   0.01 sec (1 test)\nlib        =   0.01 sec (1 test)\n\nTotal Test time (real) =   0.01 sec\n\nThe following tests FAILED:\n      1 - awesome (Failed)\nErrors while running CTest\n\n\n\u5bbf\u984c\n\u30c7\u30d0\u30c3\u30b0\u30d3\u30eb\u30c9\u3068\u30ea\u30ea\u30fc\u30b9\u30d3\u30eb\u30c9\u3067\u30d0\u30a4\u30ca\u30ea\u306e\u51fa\u529b\u5148\u3092\u5206\u3051\u305f\u304b\u3063\u305f\u3002\n\u4e0b\u8a18\u306e\u8a2d\u5b9a\u3092\u3059\u308b\u3053\u3068\u3067\u3001\nset(CMAKE_RUNTIME_OUTPUT_DIRECTORY\n    ${CMAKE_SOURCE_DIR}/bin/${CMAKE_BUILD_TYPE}\n)\n\ncmake -DCMAKE_BUILD_TYPE=Debug .\n\n\u306a\u3069\u3068\u3059\u308c\u3070\u53ef\u80fd\u3060\u304c\u3001\u4f55\u3082\u6307\u5b9a\u3057\u3066\u3044\u306a\u3044\u3068 ${CMAKE_BUILD_TYPE} \u304c\u7a7a\u767d\u306b\u306a\u308b\u305f\u3081\n${CMAKE_SOURCE_DIR}/bin \u76f4\u4e0b\u306b\u51fa\u529b\u3055\u308c\u3066\u3057\u307e\u3044\u3001\u3044\u307e\u3044\u3061\u3002\n\u30c7\u30d5\u30a9\u30eb\u30c8\u5024\u306e\u3088\u3046\u306a\u3082\u306e\u304c\u4f7f\u3048\u308c\u3070\u3088\u304b\u3063\u305f\u306e\u3060\u304c\u3046\u307e\u304f\u3044\u304b\u306a\u304b\u3063\u305f\u2026\u3002\n\n\u8ffd\u8a18\n\u3053\u308c\u3067\u3044\u3051\u305f\n\ncmake/cxx_build.cmake\nset(CMAKE_RUNTIME_OUTPUT_DIRECTORY_DEBUG\n    ${CMAKE_SOURCE_DIR}/bin/debug\n)\n\nset(CMAKE_RUNTIME_OUTPUT_DIRECTORY_RELEASE\n    ${CMAKE_SOURCE_DIR}/bin/release\n)\n\n\n\n\u53c2\u8003\u6587\u732e\u30ea\u30b9\u30c8\n\nGoogle Test support in CLion - YouTube\nC++ \u306e\u30e6\u30cb\u30c3\u30c8\u30c6\u30b9\u30c8\u3092\u3044\u3044\u611f\u3058\u306b\u3059\u308b - Qiita\nCMake \u30c1\u30e5\u30fc\u30c8\u30ea\u30a2\u30eb \u2014 Cmake-Tutorial\nCMake\u3092\u4f7f\u3063\u3066\u307f\u305f\uff082\uff09\u3082\u3046\u5c11\u3057\u307e\u3068\u3082\u306a\u30d7\u30ed\u30b8\u30a7\u30af\u30c8 - wagavulin's blog\nCMake: CTest - Qiita\n\n\u52d5\u6a5f\n---\n\u3044\u307e\u3069\u304d\u306eIDE\u306a\u3089\u6a19\u6e96\u3067\u5099\u3048\u3066\u3044\u308b\u30c6\u30b9\u30c8\u30b3\u30fc\u30c9\u5b9f\u884c\u3068\u7d50\u679c\u306e\u53ef\u8996\u5316\u3092CLion\u3067\u3082\u3084\u308a\u305f\u3044\n\n\u7d50\u679c\n---\n\u3067\u304d\u305f\n![image](https://qiita-image-store.s3.amazonaws.com/0/2625/0d9f160a-d0ba-e1bb-77ce-f3b49fa56960.png)\n[\u30ea\u30dd\u30b8\u30c8\u30ea](https://github.com/usadamasa/cmaketest)\n\n\u86c7\u8db3\n---\nCUI\u3067`ctest` \u3092\u52d5\u304b\u3059\u5834\u5408\u3001\u305d\u306e\u307e\u307e\u3060\u3068\u753b\u9762\u51fa\u529b\u304c\u3042\u3063\u3055\u308a\u3057\u3059\u304e\u3066\u30c6\u30b9\u30c8\u7d50\u679c\u304c\u3088\u304f\u308f\u304b\u3089\u306a\u3044\n(googletest\u306e\u666e\u6bb5\u306e\u51fa\u529b\u304c\u3067\u306a\u304b\u3063\u305f\u306e\u3067\u3046\u307e\u304f\u52d5\u3044\u3066\u306a\u3044\u3068\u601d\u3063\u305f)\n\n``` bash\n$ ctest\nTest project /Users/usadamasa/workspace/cpp/sandbox\n    Start 1: awesome\n1/1 Test #1: awesome ..........................***Failed    0.01 sec\n\n0% tests passed, 1 tests failed out of 1\n\nLabel Time Summary:\nawesome    =   0.01 sec (1 test)\nlib        =   0.01 sec (1 test)\n\nTotal Test time (real) =   0.02 sec\n\nThe following tests FAILED:\n\t  1 - awesome (Failed)\nErrors while running CTest\n```\n\u306a\u306e\u3067\u5b9f\u884c\u6642\u306b\u306f`-V`\u30aa\u30d7\u30b7\u30e7\u30f3\u3092\u3064\u3051\u308b\u3068\u3088\u3044\u3002\n\n``` bash\n$ ctest -V\nUpdateCTestConfiguration  from :/Users/usadamasa/workspace/cpp/sandbox/DartConfiguration.tcl\nUpdateCTestConfiguration  from :/Users/usadamasa/workspace/cpp/sandbox/DartConfiguration.tcl\nTest project /Users/usadamasa/workspace/cpp/sandbox\nConstructing a list of tests\nDone constructing a list of tests\nChecking test dependency graph...\nChecking test dependency graph end\ntest 1\n    Start 1: awesome\n\n1: Test command: /Users/usadamasa/workspace/cpp/sandbox/bin/Debug/awesome-test\n1: Test timeout computed to be: 9.99988e+06\n1: [==========] Running 2 tests from 1 test case.\n1: [----------] Global test environment set-up.\n1: [----------] 2 tests from SqrtTest\n1: [ RUN      ] SqrtTest._25_to_5\n1: [       OK ] SqrtTest._25_to_5 (0 ms)\n1: [ RUN      ] SqrtTest._100_to_10\n1: /Users/usadamasa/workspace/cpp/sandbox/test/MathFunctionsTest/main.cpp:13: Failure\n1: Value of: sandbox::Sqrt(100).GetSqrt()\n1:   Actual: 10\n1: Expected: 11.0\n1: Which is: 11\n1: [  FAILED  ] SqrtTest._100_to_10 (0 ms)\n1: [----------] 2 tests from SqrtTest (0 ms total)\n1: \n1: [----------] Global test environment tear-down\n1: [==========] 2 tests from 1 test case ran. (0 ms total)\n1: [  PASSED  ] 1 test.\n1: [  FAILED  ] 1 test, listed below:\n1: [  FAILED  ] SqrtTest._100_to_10\n1: \n1:  1 FAILED TEST\n1/1 Test #1: awesome ..........................***Failed    0.00 sec\n\n0% tests passed, 1 tests failed out of 1\n\nLabel Time Summary:\nawesome    =   0.00 sec (1 test)\nlib        =   0.00 sec (1 test)\n\nTotal Test time (real) =   0.01 sec\n\nThe following tests FAILED:\n\t  1 - awesome (Failed)\nErrors while running CTest\n```\n\n\u86c7\u8db3\u306e\u86c7\u8db3\n---\n`--output-on-failure` \u306e\u307b\u3046\u304c\u898b\u3084\u3059\u3044\u3002\n\n``` bash\n$ ctest --output-on-failure\nTest project /Users/usadamasa/workspace/cpp/sandbox\n    Start 1: awesome\n1/1 Test #1: awesome ..........................***Failed    0.01 sec\n[==========] Running 2 tests from 1 test case.\n[----------] Global test environment set-up.\n[----------] 2 tests from SqrtTest\n[ RUN      ] SqrtTest._25_to_5\n[       OK ] SqrtTest._25_to_5 (0 ms)\n[ RUN      ] SqrtTest._100_to_10\n/Users/usadamasa/workspace/cpp/sandbox/test/MathFunctionsTest/main.cpp:13: Failure\nValue of: sandbox::Sqrt(100).GetSqrt()\n  Actual: 10\nExpected: 11.0\nWhich is: 11\n[  FAILED  ] SqrtTest._100_to_10 (0 ms)\n[----------] 2 tests from SqrtTest (0 ms total)\n\n[----------] Global test environment tear-down\n[==========] 2 tests from 1 test case ran. (0 ms total)\n[  PASSED  ] 1 test.\n[  FAILED  ] 1 test, listed below:\n[  FAILED  ] SqrtTest._100_to_10\n\n 1 FAILED TEST\n\n\n0% tests passed, 1 tests failed out of 1\n\nLabel Time Summary:\nawesome    =   0.01 sec (1 test)\nlib        =   0.01 sec (1 test)\n\nTotal Test time (real) =   0.01 sec\n\nThe following tests FAILED:\n\t  1 - awesome (Failed)\nErrors while running CTest\n```\n\n\u5bbf\u984c\n---\n\u30c7\u30d0\u30c3\u30b0\u30d3\u30eb\u30c9\u3068\u30ea\u30ea\u30fc\u30b9\u30d3\u30eb\u30c9\u3067\u30d0\u30a4\u30ca\u30ea\u306e\u51fa\u529b\u5148\u3092\u5206\u3051\u305f\u304b\u3063\u305f\u3002\n\u4e0b\u8a18\u306e\u8a2d\u5b9a\u3092\u3059\u308b\u3053\u3068\u3067\u3001\n\n``` cmake\nset(CMAKE_RUNTIME_OUTPUT_DIRECTORY\n    ${CMAKE_SOURCE_DIR}/bin/${CMAKE_BUILD_TYPE}\n)\n```\n\n``` bash\ncmake -DCMAKE_BUILD_TYPE=Debug .\n```\n\n\u306a\u3069\u3068\u3059\u308c\u3070\u53ef\u80fd\u3060\u304c\u3001\u4f55\u3082\u6307\u5b9a\u3057\u3066\u3044\u306a\u3044\u3068 `${CMAKE_BUILD_TYPE}` \u304c\u7a7a\u767d\u306b\u306a\u308b\u305f\u3081\n`${CMAKE_SOURCE_DIR}/bin` \u76f4\u4e0b\u306b\u51fa\u529b\u3055\u308c\u3066\u3057\u307e\u3044\u3001\u3044\u307e\u3044\u3061\u3002\n\u30c7\u30d5\u30a9\u30eb\u30c8\u5024\u306e\u3088\u3046\u306a\u3082\u306e\u304c\u4f7f\u3048\u308c\u3070\u3088\u304b\u3063\u305f\u306e\u3060\u304c\u3046\u307e\u304f\u3044\u304b\u306a\u304b\u3063\u305f\u2026\u3002\n\n## \u8ffd\u8a18\n\u3053\u308c\u3067\u3044\u3051\u305f\n\n``` cmake:cmake/cxx_build.cmake\nset(CMAKE_RUNTIME_OUTPUT_DIRECTORY_DEBUG\n    ${CMAKE_SOURCE_DIR}/bin/debug\n)\n\nset(CMAKE_RUNTIME_OUTPUT_DIRECTORY_RELEASE\n    ${CMAKE_SOURCE_DIR}/bin/release\n)\n```\n\n\u53c2\u8003\u6587\u732e\u30ea\u30b9\u30c8\n---\n* [Google Test support in CLion \\- YouTube](https://www.youtube.com/watch?v=8Up5eNZ0FLw)\n* [C\\+\\+ \u306e\u30e6\u30cb\u30c3\u30c8\u30c6\u30b9\u30c8\u3092\u3044\u3044\u611f\u3058\u306b\u3059\u308b \\- Qiita](http://qiita.com/janus_wel/items/4e6c12f9104f501104c7)\n* [CMake \u30c1\u30e5\u30fc\u30c8\u30ea\u30a2\u30eb \u2014 Cmake\\-Tutorial](http://opencv.jp/cmake/cmake_tutorial.html)\n* [CMake\u3092\u4f7f\u3063\u3066\u307f\u305f\uff082\uff09\u3082\u3046\u5c11\u3057\u307e\u3068\u3082\u306a\u30d7\u30ed\u30b8\u30a7\u30af\u30c8 \\- wagavulin's blog](http://wagavulin.hatenablog.com/entry/2011/11/27/222642)\n* [CMake: CTest \\- Qiita](http://qiita.com/mrk_21/items/25ee7f00cebb9934b472)\n", "tags": ["C++", "CLion", "googletest", "CMake"]}