{"tags": ["elcapitan", "Mac", "Rails"], "context": " More than 1 year has passed since last update.OSX 10.11 El Capitan\u306b\u30a2\u30c3\u30d7\u30b0\u30ec\u30fc\u30c9\u3057\u305f\u969b\u306b\u3001Ruby on Rails\u306e\u74b0\u5883\u69cb\u7bc9\u3067\u5931\u6557\u3057\u305f\u306e\u3067\u500b\u4eba\u7684\u306a\u30e1\u30e2\u3002\n\nbundle install\u3067\u5931\u6557\u3057\u305fgem\n\nlibv8\ntherubyracer\n\n\nlibv8\u306e\u30a8\u30e9\u30fc\n\u3053\u3093\u306a\u611f\u3058\u306e\u30a8\u30e9\u30fc\u304c\u51fa\u305f\nGem::Ext::BuildError: ERROR: Failed to build gem native extension.\n\n    /usr/local/var/rbenv/versions/2.1.7/bin/ruby extconf.rb\ncreating Makefile\nCompiling v8 for x64\nUsing python 2.7.10\nUsing compiler: /usr/bin/c++ (clang version 7.0.0)\nIn file included from ../src/conversions.cc:32:\nIn file included from ../src/conversions-inl.h:43:\n../src/scanner.h:444:5: error: unused typedef '__StaticAssertTypedef__444' [-Werror,-Wunused-local-typedef]\n    STATIC_ASSERT(kCharacterLookaheadBufferSize == 1);\n    ^\n../src/checks.h:283:30: note: expanded from macro 'STATIC_ASSERT'\n#define STATIC_ASSERT(test)  STATIC_CHECK(test)\n                             ^\n../src/checks.h:251:5: note: expanded from macro 'STATIC_CHECK'\n    SEMI_STATIC_JOIN(__StaticAssertTypedef__, __LINE__)\n    ^\n../src/checks.h:240:32: note: expanded from macro 'SEMI_STATIC_JOIN'\n#define SEMI_STATIC_JOIN(a, b) SEMI_STATIC_JOIN_HELPER(a, b)\n                               ^\n../src/checks.h:241:39: note: expanded from macro 'SEMI_STATIC_JOIN_HELPER'\n#define SEMI_STATIC_JOIN_HELPER(a, b) a##b\n                                      ^\n<scratch space>:63:1: note: expanded from here\n__StaticAssertTypedef__444\n\n...\n\n\napple-gcc42\u306e\u30a4\u30f3\u30b9\u30c8\u30fc\u30eb\napple-gcc42\u3092\u30a4\u30f3\u30b9\u30c8\u30fc\u30eb\u3059\u308b\u3053\u3068\u3067\u56de\u907f\u3067\u304d\u305f\u3002\n$ brew tap homebrew/dupes\n$ brew install apple-gcc42\n\n$ export CC=/usr/local/Cellar/apple-gcc42/4.2.1-5666.3/bin/gcc-4.2\n$ export CXX=/usr/local/Cellar/apple-gcc42/4.2.1-5666.3/bin/g++-4.2\n$ export CPP=/usr/local/Cellar/apple-gcc42/4.2.1-5666.3/bin/cpp-4.2\n\n$ gem install therubyracer\n\n\n\u30a4\u30f3\u30b9\u30c8\u30fc\u30eb\u3055\u308c\u305fgem\u306e\u30d0\u30fc\u30b8\u30e7\u30f3\n$ gem list --local\n\nlibv8 (3.16.14.11 x86_64-darwin-15)\ntherubyracer (0.12.2)\n\n\u3042\u3068\u306f\u3044\u3064\u3082\u901a\u308a\u3001bundle install\u3059\u308c\u3070OK\n\n\u53c2\u8003\nhttps://www.snip2code.com/Snippet/674372/Fix-libv8-in-El-Capitan\nOSX 10.11 El Capitan\u306b\u30a2\u30c3\u30d7\u30b0\u30ec\u30fc\u30c9\u3057\u305f\u969b\u306b\u3001Ruby on Rails\u306e\u74b0\u5883\u69cb\u7bc9\u3067\u5931\u6557\u3057\u305f\u306e\u3067\u500b\u4eba\u7684\u306a\u30e1\u30e2\u3002\n\n## bundle install\u3067\u5931\u6557\u3057\u305fgem\n- libv8\n- therubyracer\n\n## libv8\u306e\u30a8\u30e9\u30fc\n\u3053\u3093\u306a\u611f\u3058\u306e\u30a8\u30e9\u30fc\u304c\u51fa\u305f\n\n```\nGem::Ext::BuildError: ERROR: Failed to build gem native extension.\n\n    /usr/local/var/rbenv/versions/2.1.7/bin/ruby extconf.rb\ncreating Makefile\nCompiling v8 for x64\nUsing python 2.7.10\nUsing compiler: /usr/bin/c++ (clang version 7.0.0)\nIn file included from ../src/conversions.cc:32:\nIn file included from ../src/conversions-inl.h:43:\n../src/scanner.h:444:5: error: unused typedef '__StaticAssertTypedef__444' [-Werror,-Wunused-local-typedef]\n    STATIC_ASSERT(kCharacterLookaheadBufferSize == 1);\n    ^\n../src/checks.h:283:30: note: expanded from macro 'STATIC_ASSERT'\n#define STATIC_ASSERT(test)  STATIC_CHECK(test)\n                             ^\n../src/checks.h:251:5: note: expanded from macro 'STATIC_CHECK'\n    SEMI_STATIC_JOIN(__StaticAssertTypedef__, __LINE__)\n    ^\n../src/checks.h:240:32: note: expanded from macro 'SEMI_STATIC_JOIN'\n#define SEMI_STATIC_JOIN(a, b) SEMI_STATIC_JOIN_HELPER(a, b)\n                               ^\n../src/checks.h:241:39: note: expanded from macro 'SEMI_STATIC_JOIN_HELPER'\n#define SEMI_STATIC_JOIN_HELPER(a, b) a##b\n                                      ^\n<scratch space>:63:1: note: expanded from here\n__StaticAssertTypedef__444\n\n...\n```\n\n## apple-gcc42\u306e\u30a4\u30f3\u30b9\u30c8\u30fc\u30eb\n`apple-gcc42`\u3092\u30a4\u30f3\u30b9\u30c8\u30fc\u30eb\u3059\u308b\u3053\u3068\u3067\u56de\u907f\u3067\u304d\u305f\u3002\n\n```\n$ brew tap homebrew/dupes\n$ brew install apple-gcc42\n\n$ export CC=/usr/local/Cellar/apple-gcc42/4.2.1-5666.3/bin/gcc-4.2\n$ export CXX=/usr/local/Cellar/apple-gcc42/4.2.1-5666.3/bin/g++-4.2\n$ export CPP=/usr/local/Cellar/apple-gcc42/4.2.1-5666.3/bin/cpp-4.2\n\n$ gem install therubyracer\n```\n\n## \u30a4\u30f3\u30b9\u30c8\u30fc\u30eb\u3055\u308c\u305fgem\u306e\u30d0\u30fc\u30b8\u30e7\u30f3\n\n```\n$ gem list --local\n\nlibv8 (3.16.14.11 x86_64-darwin-15)\ntherubyracer (0.12.2)\n```\n\n\u3042\u3068\u306f\u3044\u3064\u3082\u901a\u308a\u3001`bundle install`\u3059\u308c\u3070OK\n\n## \u53c2\u8003\nhttps://www.snip2code.com/Snippet/674372/Fix-libv8-in-El-Capitan\n"}