{"context": " More than 1 year has passed since last update.\n\n\u74b0\u5883\n\n\n\n\u9805\u76ee\n\u30d0\u30fc\u30b8\u30e7\u30f3\n\n\n\n\nOS\nCentOS 6.5\n\n\nRuby\nruby 2.1.0p0 (2013-12-25 revision 44422) [i686-linux]\n\n\nRails\n4.1.0\n\n\nxml2-config\n2.7.6\n\n\nxslt-config\n1.1.26\n\n\nQMake\nQMake version 2.01a\n\n\nQt\nUsing Qt version 4.8.6\n\n\n\n\n\u72b6\u6cc1\n\n\nrails new \u3067\u65b0\u898f\u30d7\u30ed\u30b8\u30a7\u30af\u30c8\u4f5c\u6210\nGemfile\u306b capybara \u3068 capybara-webkit \u3092\u8ffd\u52a0\n\nbundle install \u3092\u5b9f\u884c\n\u6b21\u306e\u30a8\u30e9\u30fc\u304c\u767a\u751f\n\n\n\u30a8\u30e9\u30fc\u629c\u7c8b\n# --- \u7701\u7565 ---\nstable.h:23:23: error: QWebElement: No such file or directory\nstable.h:24:24: error: QWebSettings: No such file or directory\nstable.h:34:20: error: QtWebKit: No such file or directory\n# --- \u7701\u7565 ---\n\n\n\n\u5bfe\u51e6\ncapybara-webkit \u306e\u30d3\u30eb\u30c9\u306b\u5fc5\u8981\u306a Qt \u306e\u30e2\u30b8\u30e5\u30fc\u30eb\u304c\u30a4\u30f3\u30b9\u30c8\u30fc\u30eb\u3055\u308c\u3066\u3044\u306a\u3044\u3053\u3068\u304c\u539f\u56e0\u3002\nQt \u3092\u518d\u30a4\u30f3\u30b9\u30c8\u30fc\u30eb\u3059\u308b\u3002\n$ sudo yum install libxcb libxcb-devel xcb-util xcb-util-devel\n$ sudo yum install flex bison gperf libicu-devel libxslt-devel ruby\n$ sudo yum install libXrender-devel\n$ ./configure -opensource -nomake examples -nomake tests\n$ sudo gmake -j4 # -j \u30aa\u30d7\u30b7\u30e7\u30f3\u306f\u3001PC \u306e\u30b3\u30a2\u6570\u3068\u540c\u3058\u6570\u5024\u306b\u8abf\u6574\u3059\u308b\n$ sudo gmake install\n\n\n\u53c2\u7167URL\ncapybara-webkit \u304c\u30a4\u30f3\u30b9\u30c8\u30fc\u30eb\u51fa\u6765\u306a\u3044 \u3082\u3046\u304b\u308c\u3053\u308c\uff11\u30f6\u6708\u8fd1\u2026 - \u4eba\u529b\u691c\u7d22\u306f\u3066\u306a\n\n\u30a8\u30e9\u30fc\u5168\u6587\n[vagrant@vagrant-centos65 foo]$ bundle\nFetching gem metadata from https://rubygems.org/..........\nResolving dependencies...\nUsing rake 10.4.2\nUsing i18n 0.7.0\nUsing json 1.8.1\nUsing minitest 5.5.0\nUsing thread_safe 0.3.4\nUsing tzinfo 1.2.2\nUsing activesupport 4.1.6\nUsing builder 3.2.2\nUsing erubis 2.7.0\nUsing actionview 4.1.6\nUsing rack 1.5.2\nUsing rack-test 0.6.2\nUsing actionpack 4.1.6\nUsing mime-types 2.4.3\nUsing mail 2.6.3\nUsing actionmailer 4.1.6\nUsing activemodel 4.1.6\nUsing arel 5.0.1.20140414130214\nUsing activerecord 4.1.6\nUsing bundler 1.7.9\nUsing mini_portile 0.6.1\nUsing nokogiri 1.6.5\nUsing xpath 2.0.0\nUsing capybara 2.4.4\n\nGem::Ext::BuildError: ERROR: Failed to build gem native extension.\n\n    /home/vagrant/.rbenv/versions/2.1.3/bin/ruby extconf.rb \ncd src/ && /usr/bin/qmake /home/vagrant/.rbenv/versions/2.1.3/lib/ruby/gems/2.1.0/gems/capybara-webkit-1.3.1/src/webkit_server.pro -spec /usr/local/Trolltech/Qt-4.8.6/mkspecs/linux-g++ -o Makefile.webkit_server\ncd src/ && make -f Makefile.webkit_server \nmake[1]: Entering directory `/home/vagrant/.rbenv/versions/2.1.3/lib/ruby/gems/2.1.0/gems/capybara-webkit-1.3.1/src'\ng++ -pipe -O2 -Wall -W -D_REENTRANT -DQT_NO_DEBUG -DQT_WEBKIT_LIB -DQT_GUI_LIB -DQT_NETWORK_LIB -DQT_CORE_LIB -DQT_SHARED -I/usr/local/Trolltech/Qt-4.8.6/mkspecs/linux-g++ -I. -I/usr/local/Trolltech/Qt-4.8.6/include/QtCore -I/usr/local/Trolltech/Qt-4.8.6/include/QtNetwork -I/usr/local/Trolltech/Qt-4.8.6/include/QtGui -I/usr/local/Trolltech/Qt-4.8.6/include/QtWebKit -I/usr/local/Trolltech/Qt-4.8.6/include -Ibuild -x c++-header -c stable.h -o build/webkit_server.gch/c++\nstable.h:23:23: error: QWebElement: No such file or directory\nstable.h:24:24: error: QWebSettings: No such file or directory\nstable.h:34:20: error: QtWebKit: No such file or directory\nmake[1]: *** [build/webkit_server.gch/c++] Error 1\nmake[1]: Leaving directory `/home/vagrant/.rbenv/versions/2.1.3/lib/ruby/gems/2.1.0/gems/capybara-webkit-1.3.1/src'\nmake: *** [sub-src-webkit_server-pro-make_default-ordered] Error 2\nCommand 'make' failed\n\nmake \"DESTDIR=\" clean\ncd src/ && make -f Makefile.webkit_server clean\nmake[1]: Entering directory `/home/vagrant/.rbenv/versions/2.1.3/lib/ruby/gems/2.1.0/gems/capybara-webkit-1.3.1/src'\nrm -f build/moc_FindModal.cpp build/moc_AcceptAlert.cpp build/moc_GoForward.cpp build/moc_GoBack.cpp build/moc_WindowMaximize.cpp build/moc_WindowSize.cpp build/moc_WindowCommand.cpp build/moc_WindowOpen.cpp build/moc_WindowClose.cpp build/moc_Version.cpp build/moc_EnableLogging.cpp build/moc_Authenticate.cpp build/moc_SetConfirmAction.cpp build/moc_SetPromptAction.cpp build/moc_SetPromptText.cpp build/moc_ClearPromptText.cpp build/moc_JavascriptAlertMessages.cpp build/moc_JavascriptConfirmMessages.cpp build/moc_JavascriptPromptMessages.cpp build/moc_IgnoreSslErrors.cpp build/moc_WindowResize.cpp build/moc_CurrentUrl.cpp build/moc_ConsoleMessages.cpp build/moc_WebPage.cpp build/moc_Server.cpp build/moc_Connection.cpp build/moc_Command.cpp build/moc_SocketCommand.cpp build/moc_Visit.cpp build/moc_Reset.cpp build/moc_Node.cpp build/moc_JavascriptInvocation.cpp build/moc_Evaluate.cpp build/moc_Execute.cpp build/moc_FrameFocus.cpp build/moc_Response.cpp build/moc_NetworkAccessManager.cpp build/moc_NetworkCookieJar.cpp build/moc_Header.cpp build/moc_Render.cpp build/moc_Body.cpp build/moc_Status.cpp build/moc_Headers.cpp build/moc_UnsupportedContentHandler.cpp build/moc_SetCookie.cpp build/moc_ClearCookies.cpp build/moc_GetCookies.cpp build/moc_CommandParser.cpp build/moc_CommandFactory.cpp build/moc_SetProxy.cpp build/moc_NullCommand.cpp build/moc_PageLoadingCommand.cpp build/moc_SetSkipImageLoading.cpp build/moc_WebPageManager.cpp build/moc_WindowFocus.cpp build/moc_GetWindowHandles.cpp build/moc_GetWindowHandle.cpp build/moc_GetTimeout.cpp build/moc_SetTimeout.cpp build/moc_TimeoutCommand.cpp build/moc_SetUrlBlacklist.cpp build/moc_NoOpReply.cpp build/moc_JsonSerializer.cpp build/moc_ErrorMessage.cpp build/moc_Title.cpp build/moc_FindCss.cpp build/moc_JavascriptCommand.cpp build/moc_FindXpath.cpp build/moc_NetworkReplyProxy.cpp build/moc_StdinNotifier.cpp\nrm -f qrc_webkit_server.cpp\nrm -f build/FindModal.o build/AcceptAlert.o build/GoForward.o build/GoBack.o build/WindowMaximize.o build/WindowSize.o build/WindowCommand.o build/WindowOpen.o build/WindowClose.o build/Version.o build/EnableLogging.o build/Authenticate.o build/SetConfirmAction.o build/SetPromptAction.o build/SetPromptText.o build/ClearPromptText.o build/JavascriptAlertMessages.o build/JavascriptConfirmMessages.o build/JavascriptPromptMessages.o build/IgnoreSslErrors.o build/WindowResize.o build/CurrentUrl.o build/ConsoleMessages.o build/main.o build/WebPage.o build/Server.o build/Connection.o build/Command.o build/SocketCommand.o build/Visit.o build/Reset.o build/Node.o build/JavascriptInvocation.o build/Evaluate.o build/Execute.o build/FrameFocus.o build/Response.o build/NetworkAccessManager.o build/NetworkCookieJar.o build/Header.o build/Render.o build/body.o build/Status.o build/Headers.o build/UnsupportedContentHandler.o build/SetCookie.o build/ClearCookies.o build/GetCookies.o build/CommandParser.o build/CommandFactory.o build/SetProxy.o build/NullCommand.o build/PageLoadingCommand.o build/SetTimeout.o build/GetTimeout.o build/SetSkipImageLoading.o build/WebPageManager.o build/WindowFocus.o build/GetWindowHandles.o build/GetWindowHandle.o build/TimeoutCommand.o build/SetUrlBlacklist.o build/NoOpReply.o build/JsonSerializer.o build/InvocationResult.o build/ErrorMessage.o build/Title.o build/FindCss.o build/JavascriptCommand.o build/FindXpath.o build/NetworkReplyProxy.o build/IgnoreDebugOutput.o build/StdinNotifier.o build/moc_FindModal.o build/moc_AcceptAlert.o build/moc_GoForward.o build/moc_GoBack.o build/moc_WindowMaximize.o build/moc_WindowSize.o build/moc_WindowCommand.o build/moc_WindowOpen.o build/moc_WindowClose.o build/moc_Version.o build/moc_EnableLogging.o build/moc_Authenticate.o build/moc_SetConfirmAction.o build/moc_SetPromptAction.o build/moc_SetPromptText.o build/moc_ClearPromptText.o build/moc_JavascriptAlertMessages.o build/moc_JavascriptConfirmMessages.o build/moc_JavascriptPromptMessages.o build/moc_IgnoreSslErrors.o build/moc_WindowResize.o build/moc_CurrentUrl.o build/moc_ConsoleMessages.o build/moc_WebPage.o build/moc_Server.o build/moc_Connection.o build/moc_Command.o build/moc_SocketCommand.o build/moc_Visit.o build/moc_Reset.o build/moc_Node.o build/moc_JavascriptInvocation.o build/moc_Evaluate.o build/moc_Execute.o build/moc_FrameFocus.o build/moc_Response.o build/moc_NetworkAccessManager.o build/moc_NetworkCookieJar.o build/moc_Header.o build/moc_Render.o build/moc_Body.o build/moc_Status.o build/moc_Headers.o build/moc_UnsupportedContentHandler.o build/moc_SetCookie.o build/moc_ClearCookies.o build/moc_GetCookies.o build/moc_CommandParser.o build/moc_CommandFactory.o build/moc_SetProxy.o build/moc_NullCommand.o build/moc_PageLoadingCommand.o build/moc_SetSkipImageLoading.o build/moc_WebPageManager.o build/moc_WindowFocus.o build/moc_GetWindowHandles.o build/moc_GetWindowHandle.o build/moc_GetTimeout.o build/moc_SetTimeout.o build/moc_TimeoutCommand.o build/moc_SetUrlBlacklist.o build/moc_NoOpReply.o build/moc_JsonSerializer.o build/moc_ErrorMessage.o build/moc_Title.o build/moc_FindCss.o build/moc_JavascriptCommand.o build/moc_FindXpath.o build/moc_NetworkReplyProxy.o build/moc_StdinNotifier.o build/qrc_webkit_server.o\nrm -f build/webkit_server.gch/c build/webkit_server.gch/c++\nrm -f *~ core *.core\nmake[1]: Leaving directory `/home/vagrant/.rbenv/versions/2.1.3/lib/ruby/gems/2.1.0/gems/capybara-webkit-1.3.1/src'\n\nmake \"DESTDIR=\"\ncd src/ && make -f Makefile.webkit_server \nmake[1]: Entering directory `/home/vagrant/.rbenv/versions/2.1.3/lib/ruby/gems/2.1.0/gems/capybara-webkit-1.3.1/src'\ng++ -pipe -O2 -Wall -W -D_REENTRANT -DQT_NO_DEBUG -DQT_WEBKIT_LIB -DQT_GUI_LIB -DQT_NETWORK_LIB -DQT_CORE_LIB -DQT_SHARED -I/usr/local/Trolltech/Qt-4.8.6/mkspecs/linux-g++ -I. -I/usr/local/Trolltech/Qt-4.8.6/include/QtCore -I/usr/local/Trolltech/Qt-4.8.6/include/QtNetwork -I/usr/local/Trolltech/Qt-4.8.6/include/QtGui -I/usr/local/Trolltech/Qt-4.8.6/include/QtWebKit -I/usr/local/Trolltech/Qt-4.8.6/include -Ibuild -x c++-header -c stable.h -o build/webkit_server.gch/c++\nstable.h:23:23: error: QWebElement: No such file or directory\nstable.h:24:24: error: QWebSettings: No such file or directory\nstable.h:34:20: error: QtWebKit: No such file or directory\nmake[1]: *** [build/webkit_server.gch/c++] Error 1\nmake[1]: Leaving directory `/home/vagrant/.rbenv/versions/2.1.3/lib/ruby/gems/2.1.0/gems/capybara-webkit-1.3.1/src'\nmake: *** [sub-src-webkit_server-pro-make_default-ordered] Error 2\n\nmake failed, exit code 2\n\nGem files will remain installed in /home/vagrant/.rbenv/versions/2.1.3/lib/ruby/gems/2.1.0/gems/capybara-webkit-1.3.1 for inspection.\nResults logged to /home/vagrant/.rbenv/versions/2.1.3/lib/ruby/gems/2.1.0/extensions/x86_64-linux/2.1.0-static/capybara-webkit-1.3.1/gem_make.out\nAn error occurred while installing capybara-webkit (1.3.1), and Bundler cannot continue.\nMake sure that `gem install capybara-webkit -v '1.3.1'` succeeds before bundling.\n\n\n# \u74b0\u5883\n\n| \u9805\u76ee         | \u30d0\u30fc\u30b8\u30e7\u30f3 |\n|:------------|:----|\n| OS          | CentOS 6.5 |\n| Ruby        | ruby 2.1.0p0 (2013-12-25 revision 44422) [i686-linux] |\n| Rails       | 4.1.0 |\n| xml2-config | 2.7.6 |\n| xslt-config | 1.1.26 |\n| QMake       | QMake version 2.01a |\n| Qt          | Using Qt version 4.8.6 |\n\n\n# \u72b6\u6cc1\n\n1. `rails new` \u3067\u65b0\u898f\u30d7\u30ed\u30b8\u30a7\u30af\u30c8\u4f5c\u6210\n2. Gemfile\u306b `capybara` \u3068 `capybara-webkit` \u3092\u8ffd\u52a0\n3. `bundle install` \u3092\u5b9f\u884c\n4. \u6b21\u306e\u30a8\u30e9\u30fc\u304c\u767a\u751f\n\n```bash:\u30a8\u30e9\u30fc\u629c\u7c8b\n# --- \u7701\u7565 ---\nstable.h:23:23: error: QWebElement: No such file or directory\nstable.h:24:24: error: QWebSettings: No such file or directory\nstable.h:34:20: error: QtWebKit: No such file or directory\n# --- \u7701\u7565 ---\n```\n\n# \u5bfe\u51e6\n\ncapybara-webkit \u306e\u30d3\u30eb\u30c9\u306b\u5fc5\u8981\u306a Qt \u306e\u30e2\u30b8\u30e5\u30fc\u30eb\u304c\u30a4\u30f3\u30b9\u30c8\u30fc\u30eb\u3055\u308c\u3066\u3044\u306a\u3044\u3053\u3068\u304c\u539f\u56e0\u3002\nQt \u3092\u518d\u30a4\u30f3\u30b9\u30c8\u30fc\u30eb\u3059\u308b\u3002\n\n```bash\n$ sudo yum install libxcb libxcb-devel xcb-util xcb-util-devel\n$ sudo yum install flex bison gperf libicu-devel libxslt-devel ruby\n$ sudo yum install libXrender-devel\n$ ./configure -opensource -nomake examples -nomake tests\n$ sudo gmake -j4 # -j \u30aa\u30d7\u30b7\u30e7\u30f3\u306f\u3001PC \u306e\u30b3\u30a2\u6570\u3068\u540c\u3058\u6570\u5024\u306b\u8abf\u6574\u3059\u308b\n$ sudo gmake install\n```\n\n# \u53c2\u7167URL\n\n[capybara-webkit \u304c\u30a4\u30f3\u30b9\u30c8\u30fc\u30eb\u51fa\u6765\u306a\u3044 \u3082\u3046\u304b\u308c\u3053\u308c\uff11\u30f6\u6708\u8fd1\u2026 - \u4eba\u529b\u691c\u7d22\u306f\u3066\u306a](http://q.hatena.ne.jp/1419669926)\n\n# \u30a8\u30e9\u30fc\u5168\u6587\n\n```\n[vagrant@vagrant-centos65 foo]$ bundle\nFetching gem metadata from https://rubygems.org/..........\nResolving dependencies...\nUsing rake 10.4.2\nUsing i18n 0.7.0\nUsing json 1.8.1\nUsing minitest 5.5.0\nUsing thread_safe 0.3.4\nUsing tzinfo 1.2.2\nUsing activesupport 4.1.6\nUsing builder 3.2.2\nUsing erubis 2.7.0\nUsing actionview 4.1.6\nUsing rack 1.5.2\nUsing rack-test 0.6.2\nUsing actionpack 4.1.6\nUsing mime-types 2.4.3\nUsing mail 2.6.3\nUsing actionmailer 4.1.6\nUsing activemodel 4.1.6\nUsing arel 5.0.1.20140414130214\nUsing activerecord 4.1.6\nUsing bundler 1.7.9\nUsing mini_portile 0.6.1\nUsing nokogiri 1.6.5\nUsing xpath 2.0.0\nUsing capybara 2.4.4\n\nGem::Ext::BuildError: ERROR: Failed to build gem native extension.\n\n    /home/vagrant/.rbenv/versions/2.1.3/bin/ruby extconf.rb \ncd src/ && /usr/bin/qmake /home/vagrant/.rbenv/versions/2.1.3/lib/ruby/gems/2.1.0/gems/capybara-webkit-1.3.1/src/webkit_server.pro -spec /usr/local/Trolltech/Qt-4.8.6/mkspecs/linux-g++ -o Makefile.webkit_server\ncd src/ && make -f Makefile.webkit_server \nmake[1]: Entering directory `/home/vagrant/.rbenv/versions/2.1.3/lib/ruby/gems/2.1.0/gems/capybara-webkit-1.3.1/src'\ng++ -pipe -O2 -Wall -W -D_REENTRANT -DQT_NO_DEBUG -DQT_WEBKIT_LIB -DQT_GUI_LIB -DQT_NETWORK_LIB -DQT_CORE_LIB -DQT_SHARED -I/usr/local/Trolltech/Qt-4.8.6/mkspecs/linux-g++ -I. -I/usr/local/Trolltech/Qt-4.8.6/include/QtCore -I/usr/local/Trolltech/Qt-4.8.6/include/QtNetwork -I/usr/local/Trolltech/Qt-4.8.6/include/QtGui -I/usr/local/Trolltech/Qt-4.8.6/include/QtWebKit -I/usr/local/Trolltech/Qt-4.8.6/include -Ibuild -x c++-header -c stable.h -o build/webkit_server.gch/c++\nstable.h:23:23: error: QWebElement: No such file or directory\nstable.h:24:24: error: QWebSettings: No such file or directory\nstable.h:34:20: error: QtWebKit: No such file or directory\nmake[1]: *** [build/webkit_server.gch/c++] Error 1\nmake[1]: Leaving directory `/home/vagrant/.rbenv/versions/2.1.3/lib/ruby/gems/2.1.0/gems/capybara-webkit-1.3.1/src'\nmake: *** [sub-src-webkit_server-pro-make_default-ordered] Error 2\nCommand 'make' failed\n\nmake \"DESTDIR=\" clean\ncd src/ && make -f Makefile.webkit_server clean\nmake[1]: Entering directory `/home/vagrant/.rbenv/versions/2.1.3/lib/ruby/gems/2.1.0/gems/capybara-webkit-1.3.1/src'\nrm -f build/moc_FindModal.cpp build/moc_AcceptAlert.cpp build/moc_GoForward.cpp build/moc_GoBack.cpp build/moc_WindowMaximize.cpp build/moc_WindowSize.cpp build/moc_WindowCommand.cpp build/moc_WindowOpen.cpp build/moc_WindowClose.cpp build/moc_Version.cpp build/moc_EnableLogging.cpp build/moc_Authenticate.cpp build/moc_SetConfirmAction.cpp build/moc_SetPromptAction.cpp build/moc_SetPromptText.cpp build/moc_ClearPromptText.cpp build/moc_JavascriptAlertMessages.cpp build/moc_JavascriptConfirmMessages.cpp build/moc_JavascriptPromptMessages.cpp build/moc_IgnoreSslErrors.cpp build/moc_WindowResize.cpp build/moc_CurrentUrl.cpp build/moc_ConsoleMessages.cpp build/moc_WebPage.cpp build/moc_Server.cpp build/moc_Connection.cpp build/moc_Command.cpp build/moc_SocketCommand.cpp build/moc_Visit.cpp build/moc_Reset.cpp build/moc_Node.cpp build/moc_JavascriptInvocation.cpp build/moc_Evaluate.cpp build/moc_Execute.cpp build/moc_FrameFocus.cpp build/moc_Response.cpp build/moc_NetworkAccessManager.cpp build/moc_NetworkCookieJar.cpp build/moc_Header.cpp build/moc_Render.cpp build/moc_Body.cpp build/moc_Status.cpp build/moc_Headers.cpp build/moc_UnsupportedContentHandler.cpp build/moc_SetCookie.cpp build/moc_ClearCookies.cpp build/moc_GetCookies.cpp build/moc_CommandParser.cpp build/moc_CommandFactory.cpp build/moc_SetProxy.cpp build/moc_NullCommand.cpp build/moc_PageLoadingCommand.cpp build/moc_SetSkipImageLoading.cpp build/moc_WebPageManager.cpp build/moc_WindowFocus.cpp build/moc_GetWindowHandles.cpp build/moc_GetWindowHandle.cpp build/moc_GetTimeout.cpp build/moc_SetTimeout.cpp build/moc_TimeoutCommand.cpp build/moc_SetUrlBlacklist.cpp build/moc_NoOpReply.cpp build/moc_JsonSerializer.cpp build/moc_ErrorMessage.cpp build/moc_Title.cpp build/moc_FindCss.cpp build/moc_JavascriptCommand.cpp build/moc_FindXpath.cpp build/moc_NetworkReplyProxy.cpp build/moc_StdinNotifier.cpp\nrm -f qrc_webkit_server.cpp\nrm -f build/FindModal.o build/AcceptAlert.o build/GoForward.o build/GoBack.o build/WindowMaximize.o build/WindowSize.o build/WindowCommand.o build/WindowOpen.o build/WindowClose.o build/Version.o build/EnableLogging.o build/Authenticate.o build/SetConfirmAction.o build/SetPromptAction.o build/SetPromptText.o build/ClearPromptText.o build/JavascriptAlertMessages.o build/JavascriptConfirmMessages.o build/JavascriptPromptMessages.o build/IgnoreSslErrors.o build/WindowResize.o build/CurrentUrl.o build/ConsoleMessages.o build/main.o build/WebPage.o build/Server.o build/Connection.o build/Command.o build/SocketCommand.o build/Visit.o build/Reset.o build/Node.o build/JavascriptInvocation.o build/Evaluate.o build/Execute.o build/FrameFocus.o build/Response.o build/NetworkAccessManager.o build/NetworkCookieJar.o build/Header.o build/Render.o build/body.o build/Status.o build/Headers.o build/UnsupportedContentHandler.o build/SetCookie.o build/ClearCookies.o build/GetCookies.o build/CommandParser.o build/CommandFactory.o build/SetProxy.o build/NullCommand.o build/PageLoadingCommand.o build/SetTimeout.o build/GetTimeout.o build/SetSkipImageLoading.o build/WebPageManager.o build/WindowFocus.o build/GetWindowHandles.o build/GetWindowHandle.o build/TimeoutCommand.o build/SetUrlBlacklist.o build/NoOpReply.o build/JsonSerializer.o build/InvocationResult.o build/ErrorMessage.o build/Title.o build/FindCss.o build/JavascriptCommand.o build/FindXpath.o build/NetworkReplyProxy.o build/IgnoreDebugOutput.o build/StdinNotifier.o build/moc_FindModal.o build/moc_AcceptAlert.o build/moc_GoForward.o build/moc_GoBack.o build/moc_WindowMaximize.o build/moc_WindowSize.o build/moc_WindowCommand.o build/moc_WindowOpen.o build/moc_WindowClose.o build/moc_Version.o build/moc_EnableLogging.o build/moc_Authenticate.o build/moc_SetConfirmAction.o build/moc_SetPromptAction.o build/moc_SetPromptText.o build/moc_ClearPromptText.o build/moc_JavascriptAlertMessages.o build/moc_JavascriptConfirmMessages.o build/moc_JavascriptPromptMessages.o build/moc_IgnoreSslErrors.o build/moc_WindowResize.o build/moc_CurrentUrl.o build/moc_ConsoleMessages.o build/moc_WebPage.o build/moc_Server.o build/moc_Connection.o build/moc_Command.o build/moc_SocketCommand.o build/moc_Visit.o build/moc_Reset.o build/moc_Node.o build/moc_JavascriptInvocation.o build/moc_Evaluate.o build/moc_Execute.o build/moc_FrameFocus.o build/moc_Response.o build/moc_NetworkAccessManager.o build/moc_NetworkCookieJar.o build/moc_Header.o build/moc_Render.o build/moc_Body.o build/moc_Status.o build/moc_Headers.o build/moc_UnsupportedContentHandler.o build/moc_SetCookie.o build/moc_ClearCookies.o build/moc_GetCookies.o build/moc_CommandParser.o build/moc_CommandFactory.o build/moc_SetProxy.o build/moc_NullCommand.o build/moc_PageLoadingCommand.o build/moc_SetSkipImageLoading.o build/moc_WebPageManager.o build/moc_WindowFocus.o build/moc_GetWindowHandles.o build/moc_GetWindowHandle.o build/moc_GetTimeout.o build/moc_SetTimeout.o build/moc_TimeoutCommand.o build/moc_SetUrlBlacklist.o build/moc_NoOpReply.o build/moc_JsonSerializer.o build/moc_ErrorMessage.o build/moc_Title.o build/moc_FindCss.o build/moc_JavascriptCommand.o build/moc_FindXpath.o build/moc_NetworkReplyProxy.o build/moc_StdinNotifier.o build/qrc_webkit_server.o\nrm -f build/webkit_server.gch/c build/webkit_server.gch/c++\nrm -f *~ core *.core\nmake[1]: Leaving directory `/home/vagrant/.rbenv/versions/2.1.3/lib/ruby/gems/2.1.0/gems/capybara-webkit-1.3.1/src'\n\nmake \"DESTDIR=\"\ncd src/ && make -f Makefile.webkit_server \nmake[1]: Entering directory `/home/vagrant/.rbenv/versions/2.1.3/lib/ruby/gems/2.1.0/gems/capybara-webkit-1.3.1/src'\ng++ -pipe -O2 -Wall -W -D_REENTRANT -DQT_NO_DEBUG -DQT_WEBKIT_LIB -DQT_GUI_LIB -DQT_NETWORK_LIB -DQT_CORE_LIB -DQT_SHARED -I/usr/local/Trolltech/Qt-4.8.6/mkspecs/linux-g++ -I. -I/usr/local/Trolltech/Qt-4.8.6/include/QtCore -I/usr/local/Trolltech/Qt-4.8.6/include/QtNetwork -I/usr/local/Trolltech/Qt-4.8.6/include/QtGui -I/usr/local/Trolltech/Qt-4.8.6/include/QtWebKit -I/usr/local/Trolltech/Qt-4.8.6/include -Ibuild -x c++-header -c stable.h -o build/webkit_server.gch/c++\nstable.h:23:23: error: QWebElement: No such file or directory\nstable.h:24:24: error: QWebSettings: No such file or directory\nstable.h:34:20: error: QtWebKit: No such file or directory\nmake[1]: *** [build/webkit_server.gch/c++] Error 1\nmake[1]: Leaving directory `/home/vagrant/.rbenv/versions/2.1.3/lib/ruby/gems/2.1.0/gems/capybara-webkit-1.3.1/src'\nmake: *** [sub-src-webkit_server-pro-make_default-ordered] Error 2\n\nmake failed, exit code 2\n\nGem files will remain installed in /home/vagrant/.rbenv/versions/2.1.3/lib/ruby/gems/2.1.0/gems/capybara-webkit-1.3.1 for inspection.\nResults logged to /home/vagrant/.rbenv/versions/2.1.3/lib/ruby/gems/2.1.0/extensions/x86_64-linux/2.1.0-static/capybara-webkit-1.3.1/gem_make.out\nAn error occurred while installing capybara-webkit (1.3.1), and Bundler cannot continue.\nMake sure that `gem install capybara-webkit -v '1.3.1'` succeeds before bundling.\n```\n", "tags": ["Capybara", "Rails"]}