{"context": " More than 1 year has passed since last update.\n\n\u306f\u3058\u3081\u306b\nMac OS X Yosemite \uff08 10.10 \u4ee5\u964d\uff09\u3067 pyenv \u3092\u4f7f\u3063\u3066\u3044\u308b\u3068\u3001 pip install \u3067\u304d\u306a\u3044\u30e9\u30a4\u30d6\u30e9\u30ea\u306b\u51fa\u304f\u308f\u3057\u307e\u3057\u305f\u3002\n\u554f\u984c\u3068\u89e3\u6c7a\u65b9\u6cd5\u306f https://github.com/yyuu/pyenv/issues/273 \u306b\u65e2\u306b\u3042\u308a\u307e\u3059\u3002\n\u82f1\u8a9e\u306a\u306e\u3067\u3001\u7126\u3063\u3066\u3044\u308b\u3068\u5168\u304f\u982d\u306b\u5165\u3063\u3066\u3053\u305a\u3001\u6ce5\u6cbc\u306b\u30cf\u30de\u3063\u3066\u3057\u307e\u3046\u3053\u3068\u304c\u3042\u3063\u305f\u306e\u3067\u3001\u3053\u3053\u306b\u65e5\u672c\u8a9e\u3067\u66f8\u3044\u3066\u304a\u304d\u307e\u3059\u3002\n\n\u65b9\u6cd5\n\n\u554f\u984c\nMySQL-python \u3092\u5165\u308c\u3088\u3046\u3068\u3059\u308b\u3068\u3001\u4ee5\u4e0b\u306e\u3088\u3046\u306a\u30a8\u30e9\u30fc\u306b\u306a\u308a\u307e\u3059\u3002\n$ pip install MySQL-python==1.2.5\nCollecting MySQL-python==1.2.5\n/Users/nii/.pyenv/versions/project_name/lib/python2.7/site-packages/pip/_vendor/requests/packages/urllib3/util/ssl_.py:90: InsecurePlatformWarning: A true SSLContext object is not available. This prevents urllib3 from configuring SSL appropriately and may cause certain SSL connections to fail. For more information, see https://urllib3.readthedocs.org/en/latest/security.html#insecureplatformwarning.\n  InsecurePlatformWarning\n  Using cached MySQL-python-1.2.5.zip\nBuilding wheels for collected packages: MySQL-python\n  Running setup.py bdist_wheel for MySQL-python\n  Complete output from command /Users/nii/.pyenv/versions/project_name/bin/python -c \"import setuptools;__file__='/private/var/folders/kp/c6tk2jws71xcncdjhsj7ww8r_shv_8/T/pip-build-w4jYAD/MySQL-python/setup.py';exec(compile(open(__file__).read().replace('\\r\\n', '\\n'), __file__, 'exec'))\" bdist_wheel -d /var/folders/kp/c6tk2jws71xcncdjhsj7ww8r_shv_8/T/tmpMQMhmppip-wheel-:\n  running bdist_wheel\n  running build\n  running build_py\n  creating build\n  creating build/lib.macosx-10.10-x86_64-2.7\n  copying _mysql_exceptions.py -> build/lib.macosx-10.10-x86_64-2.7\n  creating build/lib.macosx-10.10-x86_64-2.7/MySQLdb\n  copying MySQLdb/__init__.py -> build/lib.macosx-10.10-x86_64-2.7/MySQLdb\n  copying MySQLdb/converters.py -> build/lib.macosx-10.10-x86_64-2.7/MySQLdb\n  copying MySQLdb/connections.py -> build/lib.macosx-10.10-x86_64-2.7/MySQLdb\n  copying MySQLdb/cursors.py -> build/lib.macosx-10.10-x86_64-2.7/MySQLdb\n  copying MySQLdb/release.py -> build/lib.macosx-10.10-x86_64-2.7/MySQLdb\n  copying MySQLdb/times.py -> build/lib.macosx-10.10-x86_64-2.7/MySQLdb\n  creating build/lib.macosx-10.10-x86_64-2.7/MySQLdb/constants\n  copying MySQLdb/constants/__init__.py -> build/lib.macosx-10.10-x86_64-2.7/MySQLdb/constants\n  copying MySQLdb/constants/CR.py -> build/lib.macosx-10.10-x86_64-2.7/MySQLdb/constants\n  copying MySQLdb/constants/FIELD_TYPE.py -> build/lib.macosx-10.10-x86_64-2.7/MySQLdb/constants\n  copying MySQLdb/constants/ER.py -> build/lib.macosx-10.10-x86_64-2.7/MySQLdb/constants\n  copying MySQLdb/constants/FLAG.py -> build/lib.macosx-10.10-x86_64-2.7/MySQLdb/constants\n  copying MySQLdb/constants/REFRESH.py -> build/lib.macosx-10.10-x86_64-2.7/MySQLdb/constants\n  copying MySQLdb/constants/CLIENT.py -> build/lib.macosx-10.10-x86_64-2.7/MySQLdb/constants\n  running build_ext\n  building '_mysql' extension\n  creating build/temp.macosx-10.10-x86_64-2.7\n  clang -fno-strict-aliasing -g -O2 -DNDEBUG -g -fwrapv -O3 -Wall -Wstrict-prototypes -Dversion_info=(1,2,5,'final',1) -D__version__=1.2.5 -I/usr/local/Cellar/mysql/5.6.23/include/mysql -I/Users/nii/.pyenv/versions/2.7.6/include/python2.7 -c _mysql.c -o build/temp.macosx-10.10-x86_64-2.7/_mysql.o -g -fno-omit-frame-pointer -fno-strict-aliasing\n  In file included from _mysql.c:44:\n  /usr/local/Cellar/mysql/5.6.23/include/mysql/my_config.h:348:11: warning: 'SIZEOF_SIZE_T' macro redefined [-Wmacro-redefined]\n    #define SIZEOF_SIZE_T  SIZEOF_LONG\n            ^\n  /Users/nii/.pyenv/versions/2.7.6/include/python2.7/pymacconfig.h:43:17: note: previous definition is here\n  #        define SIZEOF_SIZE_T          8\n                  ^\n  In file included from _mysql.c:44:\n  /usr/local/Cellar/mysql/5.6.23/include/mysql/my_config.h:442:9: warning: 'HAVE_WCSCOLL' macro redefined [-Wmacro-redefined]\n  #define HAVE_WCSCOLL\n          ^\n  /Users/nii/.pyenv/versions/2.7.6/include/python2.7/pyconfig.h:908:9: note: previous definition is here\n  #define HAVE_WCSCOLL 1\n          ^\n  _mysql.c:1589:10: warning: comparison of unsigned expression < 0 is always false [-Wtautological-compare]\n          if (how < 0 || how >= sizeof(row_converters)) {\n              ~~~ ^ ~\n  3 warnings generated.\n  clang -bundle -bundle_loader python.exe -L/usr/local/opt/readline/lib -L/usr/local/opt/readline/lib -L/Users/nii/.pyenv/versions/2.7.6/lib build/temp.macosx-10.10-x86_64-2.7/_mysql.o -L/usr/local/Cellar/mysql/5.6.23/lib -lmysqlclient -lssl -lcrypto -o build/lib.macosx-10.10-x86_64-2.7/_mysql.so\n  ld: file not found: python.exe\n  clang: error: linker command failed with exit code 1 (use -v to see invocation)\n  error: command 'clang' failed with exit status 1\n\n  ----------------------------------------\n  Failed building wheel for MySQL-python\nFailed to build MySQL-python\nInstalling collected packages: MySQL-python\n  Running setup.py install for MySQL-python\n    Complete output from command /Users/nii/.pyenv/versions/project_name/bin/python -c \"import setuptools, tokenize;__file__='/private/var/folders/kp/c6tk2jws71xcncdjhsj7ww8r_shv_8/T/pip-build-w4jYAD/MySQL-python/setup.py';exec(compile(getattr(tokenize, 'open', open)(__file__).read().replace('\\r\\n', '\\n'), __file__, 'exec'))\" install --record /var/folders/kp/c6tk2jws71xcncdjhsj7ww8r_shv_8/T/pip-TU73Hn-record/install-record.txt --single-version-externally-managed --compile --install-headers /Users/nii/.pyenv/versions/project_name/include/site/python2.7/MySQL-python:\n    running install\n    running build\n    running build_py\n    copying MySQLdb/release.py -> build/lib.macosx-10.10-x86_64-2.7/MySQLdb\n    running build_ext\n    building '_mysql' extension\n    clang -fno-strict-aliasing -g -O2 -DNDEBUG -g -fwrapv -O3 -Wall -Wstrict-prototypes -Dversion_info=(1,2,5,'final',1) -D__version__=1.2.5 -I/usr/local/Cellar/mysql/5.6.23/include/mysql -I/Users/nii/.pyenv/versions/2.7.6/include/python2.7 -c _mysql.c -o build/temp.macosx-10.10-x86_64-2.7/_mysql.o -g -fno-omit-frame-pointer -fno-strict-aliasing\n    In file included from _mysql.c:44:\n    /usr/local/Cellar/mysql/5.6.23/include/mysql/my_config.h:348:11: warning: 'SIZEOF_SIZE_T' macro redefined [-Wmacro-redefined]\n      #define SIZEOF_SIZE_T  SIZEOF_LONG\n              ^\n    /Users/nii/.pyenv/versions/2.7.6/include/python2.7/pymacconfig.h:43:17: note: previous definition is here\n    #        define SIZEOF_SIZE_T          8\n                    ^\n    In file included from _mysql.c:44:\n    /usr/local/Cellar/mysql/5.6.23/include/mysql/my_config.h:442:9: warning: 'HAVE_WCSCOLL' macro redefined [-Wmacro-redefined]\n    #define HAVE_WCSCOLL\n            ^\n    /Users/nii/.pyenv/versions/2.7.6/include/python2.7/pyconfig.h:908:9: note: previous definition is here\n    #define HAVE_WCSCOLL 1\n            ^\n    _mysql.c:1589:10: warning: comparison of unsigned expression < 0 is always false [-Wtautological-compare]\n            if (how < 0 || how >= sizeof(row_converters)) {\n                ~~~ ^ ~\n    3 warnings generated.\n    clang -bundle -bundle_loader python.exe -L/usr/local/opt/readline/lib -L/usr/local/opt/readline/lib -L/Users/nii/.pyenv/versions/2.7.6/lib build/temp.macosx-10.10-x86_64-2.7/_mysql.o -L/usr/local/Cellar/mysql/5.6.23/lib -lmysqlclient -lssl -lcrypto -o build/lib.macosx-10.10-x86_64-2.7/_mysql.so\n    ld: file not found: python.exe\n    clang: error: linker command failed with exit code 1 (use -v to see invocation)\n    error: command 'clang' failed with exit status 1\n\n    ----------------------------------------\nCommand \"/Users/nii/.pyenv/versions/project_name/bin/python -c \"import setuptools, tokenize;__file__='/private/var/folders/kp/c6tk2jws71xcncdjhsj7ww8r_shv_8/T/pip-build-w4jYAD/MySQL-python/setup.py';exec(compile(getattr(tokenize, 'open', open)(__file__).read().replace('\\r\\n', '\\n'), __file__, 'exec'))\" install --record /var/folders/kp/c6tk2jws71xcncdjhsj7ww8r_shv_8/T/pip-TU73Hn-record/install-record.txt --single-version-externally-managed --compile --install-headers /Users/nii/.pyenv/versions/project_name/include/site/python2.7/MySQL-python\" failed with error code 1 in /private/var/folders/kp/c6tk2jws71xcncdjhsj7ww8r_shv_8/T/pip-build-w4jYAD/MySQL-python\n\n\u30ea\u30f3\u30af\u5148\u306e issues \u3067\u306f paramiko \u304c\u5165\u3089\u306a\u304b\u3063\u305f\u3088\u3046\u3067\u3059\u306d\u3002\n\u3053\u3053\u3067\u306f\u6319\u3052\u307e\u305b\u3093\u304c\u3001\u4ed6\u306b\u3082\u30a4\u30f3\u30b9\u30c8\u30fc\u30eb\u3067\u304d\u306a\u3044\u30e9\u30a4\u30d6\u30e9\u30ea\u304c\u4f55\u500b\u304b\u3042\u308a\u307e\u3057\u305f\u3002\n\n\u89e3\u6c7a\u65b9\u6cd5\n\u554f\u984c\u306f python \u306e\u30d0\u30fc\u30b8\u30e7\u30f3\u306b\u554f\u984c\u304c\u3042\u308a\u307e\u3059\u3002\n\u3053\u306e\u30a8\u30e9\u30fc\u304c\u51fa\u305f\u74b0\u5883\u306e python \u306e\u30d0\u30fc\u30b8\u30e7\u30f3\u306f 2.7.6 \u3067\u3057\u305f\u3002\n2.7.8 \u4ee5\u4e0a\u306b\u30d0\u30fc\u30b8\u30e7\u30f3\u3092\u4e0a\u3052\u308b\u3068\u3001\u30e9\u30a4\u30d6\u30e9\u30ea\u3092\u5165\u308c\u308b\u3053\u3068\u304c\u3067\u304d\u307e\u3059\u3002\n\nI confirmed same happens on my OS X 10.10.1, at least, with CPython 2.7.6 and 2.7.7. This might be a build issue of paramiko package itself, though, I couldn't find any related issues on the project. Upgrading to CPython 2.7.8 will fix the issue.\n\n\u30ea\u30f3\u30af\u5148\u3067\u306f\u82f1\u8a9e\u3067\u89e3\u6c7a\u65b9\u6cd5\u304c\u66f8\u304b\u308c\u3066\u3042\u308a\u307e\u3059\u306e\u3067\u3001\u843d\u3061\u7740\u3044\u3066\u8aad\u3093\u3067\u3044\u3051\u3070\u89e3\u6c7a\u307e\u3067\u8fbf\u308a\u7740\u3051\u307e\u3059\u3002\n\n## \u306f\u3058\u3081\u306b\nMac OS X Yosemite \uff08 10.10 \u4ee5\u964d\uff09\u3067 pyenv \u3092\u4f7f\u3063\u3066\u3044\u308b\u3068\u3001 pip install \u3067\u304d\u306a\u3044\u30e9\u30a4\u30d6\u30e9\u30ea\u306b\u51fa\u304f\u308f\u3057\u307e\u3057\u305f\u3002\n\n\u554f\u984c\u3068\u89e3\u6c7a\u65b9\u6cd5\u306f https://github.com/yyuu/pyenv/issues/273 \u306b\u65e2\u306b\u3042\u308a\u307e\u3059\u3002\n\n\u82f1\u8a9e\u306a\u306e\u3067\u3001\u7126\u3063\u3066\u3044\u308b\u3068\u5168\u304f\u982d\u306b\u5165\u3063\u3066\u3053\u305a\u3001\u6ce5\u6cbc\u306b\u30cf\u30de\u3063\u3066\u3057\u307e\u3046\u3053\u3068\u304c\u3042\u3063\u305f\u306e\u3067\u3001\u3053\u3053\u306b\u65e5\u672c\u8a9e\u3067\u66f8\u3044\u3066\u304a\u304d\u307e\u3059\u3002\n\n## \u65b9\u6cd5\n### \u554f\u984c\nMySQL-python \u3092\u5165\u308c\u3088\u3046\u3068\u3059\u308b\u3068\u3001\u4ee5\u4e0b\u306e\u3088\u3046\u306a\u30a8\u30e9\u30fc\u306b\u306a\u308a\u307e\u3059\u3002\n\n```\n$ pip install MySQL-python==1.2.5\nCollecting MySQL-python==1.2.5\n/Users/nii/.pyenv/versions/project_name/lib/python2.7/site-packages/pip/_vendor/requests/packages/urllib3/util/ssl_.py:90: InsecurePlatformWarning: A true SSLContext object is not available. This prevents urllib3 from configuring SSL appropriately and may cause certain SSL connections to fail. For more information, see https://urllib3.readthedocs.org/en/latest/security.html#insecureplatformwarning.\n  InsecurePlatformWarning\n  Using cached MySQL-python-1.2.5.zip\nBuilding wheels for collected packages: MySQL-python\n  Running setup.py bdist_wheel for MySQL-python\n  Complete output from command /Users/nii/.pyenv/versions/project_name/bin/python -c \"import setuptools;__file__='/private/var/folders/kp/c6tk2jws71xcncdjhsj7ww8r_shv_8/T/pip-build-w4jYAD/MySQL-python/setup.py';exec(compile(open(__file__).read().replace('\\r\\n', '\\n'), __file__, 'exec'))\" bdist_wheel -d /var/folders/kp/c6tk2jws71xcncdjhsj7ww8r_shv_8/T/tmpMQMhmppip-wheel-:\n  running bdist_wheel\n  running build\n  running build_py\n  creating build\n  creating build/lib.macosx-10.10-x86_64-2.7\n  copying _mysql_exceptions.py -> build/lib.macosx-10.10-x86_64-2.7\n  creating build/lib.macosx-10.10-x86_64-2.7/MySQLdb\n  copying MySQLdb/__init__.py -> build/lib.macosx-10.10-x86_64-2.7/MySQLdb\n  copying MySQLdb/converters.py -> build/lib.macosx-10.10-x86_64-2.7/MySQLdb\n  copying MySQLdb/connections.py -> build/lib.macosx-10.10-x86_64-2.7/MySQLdb\n  copying MySQLdb/cursors.py -> build/lib.macosx-10.10-x86_64-2.7/MySQLdb\n  copying MySQLdb/release.py -> build/lib.macosx-10.10-x86_64-2.7/MySQLdb\n  copying MySQLdb/times.py -> build/lib.macosx-10.10-x86_64-2.7/MySQLdb\n  creating build/lib.macosx-10.10-x86_64-2.7/MySQLdb/constants\n  copying MySQLdb/constants/__init__.py -> build/lib.macosx-10.10-x86_64-2.7/MySQLdb/constants\n  copying MySQLdb/constants/CR.py -> build/lib.macosx-10.10-x86_64-2.7/MySQLdb/constants\n  copying MySQLdb/constants/FIELD_TYPE.py -> build/lib.macosx-10.10-x86_64-2.7/MySQLdb/constants\n  copying MySQLdb/constants/ER.py -> build/lib.macosx-10.10-x86_64-2.7/MySQLdb/constants\n  copying MySQLdb/constants/FLAG.py -> build/lib.macosx-10.10-x86_64-2.7/MySQLdb/constants\n  copying MySQLdb/constants/REFRESH.py -> build/lib.macosx-10.10-x86_64-2.7/MySQLdb/constants\n  copying MySQLdb/constants/CLIENT.py -> build/lib.macosx-10.10-x86_64-2.7/MySQLdb/constants\n  running build_ext\n  building '_mysql' extension\n  creating build/temp.macosx-10.10-x86_64-2.7\n  clang -fno-strict-aliasing -g -O2 -DNDEBUG -g -fwrapv -O3 -Wall -Wstrict-prototypes -Dversion_info=(1,2,5,'final',1) -D__version__=1.2.5 -I/usr/local/Cellar/mysql/5.6.23/include/mysql -I/Users/nii/.pyenv/versions/2.7.6/include/python2.7 -c _mysql.c -o build/temp.macosx-10.10-x86_64-2.7/_mysql.o -g -fno-omit-frame-pointer -fno-strict-aliasing\n  In file included from _mysql.c:44:\n  /usr/local/Cellar/mysql/5.6.23/include/mysql/my_config.h:348:11: warning: 'SIZEOF_SIZE_T' macro redefined [-Wmacro-redefined]\n    #define SIZEOF_SIZE_T  SIZEOF_LONG\n            ^\n  /Users/nii/.pyenv/versions/2.7.6/include/python2.7/pymacconfig.h:43:17: note: previous definition is here\n  #        define SIZEOF_SIZE_T          8\n                  ^\n  In file included from _mysql.c:44:\n  /usr/local/Cellar/mysql/5.6.23/include/mysql/my_config.h:442:9: warning: 'HAVE_WCSCOLL' macro redefined [-Wmacro-redefined]\n  #define HAVE_WCSCOLL\n          ^\n  /Users/nii/.pyenv/versions/2.7.6/include/python2.7/pyconfig.h:908:9: note: previous definition is here\n  #define HAVE_WCSCOLL 1\n          ^\n  _mysql.c:1589:10: warning: comparison of unsigned expression < 0 is always false [-Wtautological-compare]\n          if (how < 0 || how >= sizeof(row_converters)) {\n              ~~~ ^ ~\n  3 warnings generated.\n  clang -bundle -bundle_loader python.exe -L/usr/local/opt/readline/lib -L/usr/local/opt/readline/lib -L/Users/nii/.pyenv/versions/2.7.6/lib build/temp.macosx-10.10-x86_64-2.7/_mysql.o -L/usr/local/Cellar/mysql/5.6.23/lib -lmysqlclient -lssl -lcrypto -o build/lib.macosx-10.10-x86_64-2.7/_mysql.so\n  ld: file not found: python.exe\n  clang: error: linker command failed with exit code 1 (use -v to see invocation)\n  error: command 'clang' failed with exit status 1\n\n  ----------------------------------------\n  Failed building wheel for MySQL-python\nFailed to build MySQL-python\nInstalling collected packages: MySQL-python\n  Running setup.py install for MySQL-python\n    Complete output from command /Users/nii/.pyenv/versions/project_name/bin/python -c \"import setuptools, tokenize;__file__='/private/var/folders/kp/c6tk2jws71xcncdjhsj7ww8r_shv_8/T/pip-build-w4jYAD/MySQL-python/setup.py';exec(compile(getattr(tokenize, 'open', open)(__file__).read().replace('\\r\\n', '\\n'), __file__, 'exec'))\" install --record /var/folders/kp/c6tk2jws71xcncdjhsj7ww8r_shv_8/T/pip-TU73Hn-record/install-record.txt --single-version-externally-managed --compile --install-headers /Users/nii/.pyenv/versions/project_name/include/site/python2.7/MySQL-python:\n    running install\n    running build\n    running build_py\n    copying MySQLdb/release.py -> build/lib.macosx-10.10-x86_64-2.7/MySQLdb\n    running build_ext\n    building '_mysql' extension\n    clang -fno-strict-aliasing -g -O2 -DNDEBUG -g -fwrapv -O3 -Wall -Wstrict-prototypes -Dversion_info=(1,2,5,'final',1) -D__version__=1.2.5 -I/usr/local/Cellar/mysql/5.6.23/include/mysql -I/Users/nii/.pyenv/versions/2.7.6/include/python2.7 -c _mysql.c -o build/temp.macosx-10.10-x86_64-2.7/_mysql.o -g -fno-omit-frame-pointer -fno-strict-aliasing\n    In file included from _mysql.c:44:\n    /usr/local/Cellar/mysql/5.6.23/include/mysql/my_config.h:348:11: warning: 'SIZEOF_SIZE_T' macro redefined [-Wmacro-redefined]\n      #define SIZEOF_SIZE_T  SIZEOF_LONG\n              ^\n    /Users/nii/.pyenv/versions/2.7.6/include/python2.7/pymacconfig.h:43:17: note: previous definition is here\n    #        define SIZEOF_SIZE_T          8\n                    ^\n    In file included from _mysql.c:44:\n    /usr/local/Cellar/mysql/5.6.23/include/mysql/my_config.h:442:9: warning: 'HAVE_WCSCOLL' macro redefined [-Wmacro-redefined]\n    #define HAVE_WCSCOLL\n            ^\n    /Users/nii/.pyenv/versions/2.7.6/include/python2.7/pyconfig.h:908:9: note: previous definition is here\n    #define HAVE_WCSCOLL 1\n            ^\n    _mysql.c:1589:10: warning: comparison of unsigned expression < 0 is always false [-Wtautological-compare]\n            if (how < 0 || how >= sizeof(row_converters)) {\n                ~~~ ^ ~\n    3 warnings generated.\n    clang -bundle -bundle_loader python.exe -L/usr/local/opt/readline/lib -L/usr/local/opt/readline/lib -L/Users/nii/.pyenv/versions/2.7.6/lib build/temp.macosx-10.10-x86_64-2.7/_mysql.o -L/usr/local/Cellar/mysql/5.6.23/lib -lmysqlclient -lssl -lcrypto -o build/lib.macosx-10.10-x86_64-2.7/_mysql.so\n    ld: file not found: python.exe\n    clang: error: linker command failed with exit code 1 (use -v to see invocation)\n    error: command 'clang' failed with exit status 1\n\n    ----------------------------------------\nCommand \"/Users/nii/.pyenv/versions/project_name/bin/python -c \"import setuptools, tokenize;__file__='/private/var/folders/kp/c6tk2jws71xcncdjhsj7ww8r_shv_8/T/pip-build-w4jYAD/MySQL-python/setup.py';exec(compile(getattr(tokenize, 'open', open)(__file__).read().replace('\\r\\n', '\\n'), __file__, 'exec'))\" install --record /var/folders/kp/c6tk2jws71xcncdjhsj7ww8r_shv_8/T/pip-TU73Hn-record/install-record.txt --single-version-externally-managed --compile --install-headers /Users/nii/.pyenv/versions/project_name/include/site/python2.7/MySQL-python\" failed with error code 1 in /private/var/folders/kp/c6tk2jws71xcncdjhsj7ww8r_shv_8/T/pip-build-w4jYAD/MySQL-python\n```\n\u30ea\u30f3\u30af\u5148\u306e issues \u3067\u306f paramiko \u304c\u5165\u3089\u306a\u304b\u3063\u305f\u3088\u3046\u3067\u3059\u306d\u3002\n\u3053\u3053\u3067\u306f\u6319\u3052\u307e\u305b\u3093\u304c\u3001\u4ed6\u306b\u3082\u30a4\u30f3\u30b9\u30c8\u30fc\u30eb\u3067\u304d\u306a\u3044\u30e9\u30a4\u30d6\u30e9\u30ea\u304c\u4f55\u500b\u304b\u3042\u308a\u307e\u3057\u305f\u3002\n\n### \u89e3\u6c7a\u65b9\u6cd5\n\u554f\u984c\u306f python \u306e\u30d0\u30fc\u30b8\u30e7\u30f3\u306b\u554f\u984c\u304c\u3042\u308a\u307e\u3059\u3002\n\u3053\u306e\u30a8\u30e9\u30fc\u304c\u51fa\u305f\u74b0\u5883\u306e python \u306e\u30d0\u30fc\u30b8\u30e7\u30f3\u306f 2.7.6 \u3067\u3057\u305f\u3002\n2.7.8 \u4ee5\u4e0a\u306b\u30d0\u30fc\u30b8\u30e7\u30f3\u3092\u4e0a\u3052\u308b\u3068\u3001\u30e9\u30a4\u30d6\u30e9\u30ea\u3092\u5165\u308c\u308b\u3053\u3068\u304c\u3067\u304d\u307e\u3059\u3002\n\n> I confirmed same happens on my OS X 10.10.1, at least, with CPython 2.7.6 and 2.7.7. This might be a build issue of paramiko package itself, though, I couldn't find any related issues on the project. Upgrading to CPython 2.7.8 will fix the issue.\n\n\u30ea\u30f3\u30af\u5148\u3067\u306f\u82f1\u8a9e\u3067\u89e3\u6c7a\u65b9\u6cd5\u304c\u66f8\u304b\u308c\u3066\u3042\u308a\u307e\u3059\u306e\u3067\u3001\u843d\u3061\u7740\u3044\u3066\u8aad\u3093\u3067\u3044\u3051\u3070\u89e3\u6c7a\u307e\u3067\u8fbf\u308a\u7740\u3051\u307e\u3059\u3002\n", "tags": ["Mac", "pyenv", "Python"]}