{"context": " More than 1 year has passed since last update.\n\n\u554f\u984c\norg.hamcrest.Matchers\u306e\u30e1\u30bd\u30c3\u30c9\u3092\u5229\u7528\u3059\u308b\u3068\u3001java.lang.SecurityException\u304c\u767a\u751f\u3059\u308b\u3002\n\u30c6\u30b9\u30c8\u30b3\u30fc\u30c9\n\nSampleTest.java\nimport static org.hamcrest.CoreMatchers.is;\nimport static org.hamcrest.Matchers.closeTo;\nimport static org.junit.Assert.assertThat;\nimport org.junit.Test;\n\npublic class SampleTest {   \n    @Test\n    public void test() {\n        assertThat(1d, is(closeTo(1d, 1E-6)));\n    }\n}\n\n\n\u30a8\u30e9\u30fc\u5185\u5bb9\njava.lang.SecurityException: class \"org.hamcrest.Matchers\"'s signer information does not match signer information of other classes in the same package\n    at java.lang.ClassLoader.checkCerts(ClassLoader.java:895)\n    at java.lang.ClassLoader.preDefineClass(ClassLoader.java:665)\n    at java.lang.ClassLoader.defineClass(ClassLoader.java:758)\n    at java.security.SecureClassLoader.defineClass(SecureClassLoader.java:142)\n    at java.net.URLClassLoader.defineClass(URLClassLoader.java:455)\n    at java.net.URLClassLoader.access$100(URLClassLoader.java:73)\n    at java.net.URLClassLoader$1.run(URLClassLoader.java:367)\n    at java.net.URLClassLoader$1.run(URLClassLoader.java:361)\n    at java.security.AccessController.doPrivileged(Native Method)\n    at java.net.URLClassLoader.findClass(URLClassLoader.java:360)\n    at java.lang.ClassLoader.loadClass(ClassLoader.java:424)\n    at sun.misc.Launcher$AppClassLoader.loadClass(Launcher.java:308)\n    at java.lang.ClassLoader.loadClass(ClassLoader.java:357)\n    at junit.sample.ItemStockTest.test(ItemStockTest.java:15)\n    at sun.reflect.NativeMethodAccessorImpl.invoke0(Native Method)\n    at sun.reflect.NativeMethodAccessorImpl.invoke(NativeMethodAccessorImpl.java:62)\n    at sun.reflect.DelegatingMethodAccessorImpl.invoke(DelegatingMethodAccessorImpl.java:43)\n    at java.lang.reflect.Method.invoke(Method.java:483)\n    at org.junit.runners.model.FrameworkMethod$1.runReflectiveCall(FrameworkMethod.java:47)\n    at org.junit.internal.runners.model.ReflectiveCallable.run(ReflectiveCallable.java:12)\n    at org.junit.runners.model.FrameworkMethod.invokeExplosively(FrameworkMethod.java:44)\n    at org.junit.internal.runners.statements.InvokeMethod.evaluate(InvokeMethod.java:17)\n    at org.junit.runners.ParentRunner.runLeaf(ParentRunner.java:271)\n    at org.junit.runners.BlockJUnit4ClassRunner.runChild(BlockJUnit4ClassRunner.java:70)\n    at org.junit.runners.BlockJUnit4ClassRunner.runChild(BlockJUnit4ClassRunner.java:50)\n    at org.junit.runners.ParentRunner$3.run(ParentRunner.java:238)\n    at org.junit.runners.ParentRunner$1.schedule(ParentRunner.java:63)\n    at org.junit.runners.ParentRunner.runChildren(ParentRunner.java:236)\n    at org.junit.runners.ParentRunner.access$000(ParentRunner.java:53)\n    at org.junit.runners.ParentRunner$2.evaluate(ParentRunner.java:229)\n    at org.junit.runners.ParentRunner.run(ParentRunner.java:309)\n    at org.eclipse.jdt.internal.junit4.runner.JUnit4TestReference.run(JUnit4TestReference.java:50)\n    at org.eclipse.jdt.internal.junit.runner.TestExecution.run(TestExecution.java:38)\n    at org.eclipse.jdt.internal.junit.runner.RemoteTestRunner.runTests(RemoteTestRunner.java:459)\n    at org.eclipse.jdt.internal.junit.runner.RemoteTestRunner.runTests(RemoteTestRunner.java:675)\n    at org.eclipse.jdt.internal.junit.runner.RemoteTestRunner.run(RemoteTestRunner.java:382)\n    at org.eclipse.jdt.internal.junit.runner.RemoteTestRunner.main(RemoteTestRunner.java:192)\n\n\n\n\n\u74b0\u5883\nEclipse 4.4\nJava 1.8\nJUnit4\nhamcrest-1.3-all.jar\n\n\u89e3\u6c7a\u65b9\u6cd5\nhamcrest-1.3-all.jar\u306e\u30d3\u30eb\u30c9\u30d1\u30b9\u3092\u3001JUnit\u30e9\u30a4\u30d6\u30e9\u30ea\u3088\u308a\u4e0a\u306e\u9806\u5e8f\u306b\u3059\u308b\u3002\n\u4ee5\u4e0b\u3001\u53c2\u8003\u306b\u3057\u305f\u30b5\u30a4\u30c8\nhttp://stackoverflow.com/questions/9651784/hamcrest-tests-always-fail\nhttps://code.google.com/p/hamcrest/issues/detail?id=128\n\n\u539f\u56e0\nJunit4\u30e9\u30a4\u30d6\u30e9\u30ea\u306b\u542b\u307e\u308c\u308b org.hamcrest.core_xxx.jar \u3068\u3001hamcrest-1.3-all.jar\u304c\u7af6\u5408\u3057\u305f\u305f\u3081\u3002\n\u3001JUnit\u30e9\u30a4\u30d6\u30e9\u30ea\u306eorg.hamcrest.core.jar\u3068\u7af6\u5408\u3059\u308b\uff1f\n# \u554f\u984c\n\norg.hamcrest.Matchers\u306e\u30e1\u30bd\u30c3\u30c9\u3092\u5229\u7528\u3059\u308b\u3068\u3001`java.lang.SecurityException`\u304c\u767a\u751f\u3059\u308b\u3002\n\n\u30c6\u30b9\u30c8\u30b3\u30fc\u30c9\n\n```java:SampleTest.java\nimport static org.hamcrest.CoreMatchers.is;\nimport static org.hamcrest.Matchers.closeTo;\nimport static org.junit.Assert.assertThat;\nimport org.junit.Test;\n\npublic class SampleTest {\t\n\t@Test\n\tpublic void test() {\n\t\tassertThat(1d, is(closeTo(1d, 1E-6)));\n\t}\n}\n```\n\n\u30a8\u30e9\u30fc\u5185\u5bb9\n\n```text\njava.lang.SecurityException: class \"org.hamcrest.Matchers\"'s signer information does not match signer information of other classes in the same package\n\tat java.lang.ClassLoader.checkCerts(ClassLoader.java:895)\n\tat java.lang.ClassLoader.preDefineClass(ClassLoader.java:665)\n\tat java.lang.ClassLoader.defineClass(ClassLoader.java:758)\n\tat java.security.SecureClassLoader.defineClass(SecureClassLoader.java:142)\n\tat java.net.URLClassLoader.defineClass(URLClassLoader.java:455)\n\tat java.net.URLClassLoader.access$100(URLClassLoader.java:73)\n\tat java.net.URLClassLoader$1.run(URLClassLoader.java:367)\n\tat java.net.URLClassLoader$1.run(URLClassLoader.java:361)\n\tat java.security.AccessController.doPrivileged(Native Method)\n\tat java.net.URLClassLoader.findClass(URLClassLoader.java:360)\n\tat java.lang.ClassLoader.loadClass(ClassLoader.java:424)\n\tat sun.misc.Launcher$AppClassLoader.loadClass(Launcher.java:308)\n\tat java.lang.ClassLoader.loadClass(ClassLoader.java:357)\n\tat junit.sample.ItemStockTest.test(ItemStockTest.java:15)\n\tat sun.reflect.NativeMethodAccessorImpl.invoke0(Native Method)\n\tat sun.reflect.NativeMethodAccessorImpl.invoke(NativeMethodAccessorImpl.java:62)\n\tat sun.reflect.DelegatingMethodAccessorImpl.invoke(DelegatingMethodAccessorImpl.java:43)\n\tat java.lang.reflect.Method.invoke(Method.java:483)\n\tat org.junit.runners.model.FrameworkMethod$1.runReflectiveCall(FrameworkMethod.java:47)\n\tat org.junit.internal.runners.model.ReflectiveCallable.run(ReflectiveCallable.java:12)\n\tat org.junit.runners.model.FrameworkMethod.invokeExplosively(FrameworkMethod.java:44)\n\tat org.junit.internal.runners.statements.InvokeMethod.evaluate(InvokeMethod.java:17)\n\tat org.junit.runners.ParentRunner.runLeaf(ParentRunner.java:271)\n\tat org.junit.runners.BlockJUnit4ClassRunner.runChild(BlockJUnit4ClassRunner.java:70)\n\tat org.junit.runners.BlockJUnit4ClassRunner.runChild(BlockJUnit4ClassRunner.java:50)\n\tat org.junit.runners.ParentRunner$3.run(ParentRunner.java:238)\n\tat org.junit.runners.ParentRunner$1.schedule(ParentRunner.java:63)\n\tat org.junit.runners.ParentRunner.runChildren(ParentRunner.java:236)\n\tat org.junit.runners.ParentRunner.access$000(ParentRunner.java:53)\n\tat org.junit.runners.ParentRunner$2.evaluate(ParentRunner.java:229)\n\tat org.junit.runners.ParentRunner.run(ParentRunner.java:309)\n\tat org.eclipse.jdt.internal.junit4.runner.JUnit4TestReference.run(JUnit4TestReference.java:50)\n\tat org.eclipse.jdt.internal.junit.runner.TestExecution.run(TestExecution.java:38)\n\tat org.eclipse.jdt.internal.junit.runner.RemoteTestRunner.runTests(RemoteTestRunner.java:459)\n\tat org.eclipse.jdt.internal.junit.runner.RemoteTestRunner.runTests(RemoteTestRunner.java:675)\n\tat org.eclipse.jdt.internal.junit.runner.RemoteTestRunner.run(RemoteTestRunner.java:382)\n\tat org.eclipse.jdt.internal.junit.runner.RemoteTestRunner.main(RemoteTestRunner.java:192)\n\n\n```\n\n## \u74b0\u5883\nEclipse 4.4\nJava 1.8\nJUnit4\nhamcrest-1.3-all.jar\n\n\n# \u89e3\u6c7a\u65b9\u6cd5\nhamcrest-1.3-all.jar\u306e\u30d3\u30eb\u30c9\u30d1\u30b9\u3092\u3001JUnit\u30e9\u30a4\u30d6\u30e9\u30ea\u3088\u308a\u4e0a\u306e\u9806\u5e8f\u306b\u3059\u308b\u3002\n\n\u4ee5\u4e0b\u3001\u53c2\u8003\u306b\u3057\u305f\u30b5\u30a4\u30c8\nhttp://stackoverflow.com/questions/9651784/hamcrest-tests-always-fail\nhttps://code.google.com/p/hamcrest/issues/detail?id=128\n\n# \u539f\u56e0\nJunit4\u30e9\u30a4\u30d6\u30e9\u30ea\u306b\u542b\u307e\u308c\u308b org.hamcrest.core_xxx.jar \u3068\u3001hamcrest-1.3-all.jar\u304c\u7af6\u5408\u3057\u305f\u305f\u3081\u3002\n\n\u3001JUnit\u30e9\u30a4\u30d6\u30e9\u30ea\u306eorg.hamcrest.core.jar\u3068\u7af6\u5408\u3059\u308b\uff1f\n\n\n\n", "tags": ["JUnit4.11", "hamcrest1.3"]}