{"tags": ["Android", "robolectric"], "context": " More than 1 year has passed since last update.\n\nRobolectric 3.0\n\nSetup\nAndroid Studio 1.2 \u3067 Robolectric3.0\u3092\u6e96\u5099\u3059\u308b.\n\nbuild.gradle\n\u30e2\u30b8\u30e5\u30fc\u30eb\u306ebuild.gradle\u306b\u4e0b\u8a18\u30e9\u30a4\u30d6\u30e9\u30ea\u3092\u8ffd\u52a0.\n    // UnitTest\u7528.\n    testCompile 'junit:junit:4.12'\n    testCompile \"org.mockito:mockito-core:1.9.5\"\n\n    // Robolectric\u7528\n    testCompile 'org.robolectric:robolectric:3.0-rc2'\n\nAndroid gradle 1.1\u4ee5\u964d, AndroidStudio\u304b\u3089\u306eUnitTest\u5b9f\u884c\u304c\u30b5\u30dd\u30fc\u30c8\u3055\u308c\u305f.\nhttp://tools.android.com/tech-docs/unit-testing-support\nbuild.gradle\u306e\u5168\u5bb9\u306f\u4e0b\u8a18.\napp/build.gradle \nBuild Variants\u306eTest Artifact\u3092Unit Tests\u306b\u8a2d\u5b9a\u3057, test/java\u3067\u30e6\u30cb\u30c3\u30c8\u30c6\u30b9\u30c8\u7528\u306e\u30d5\u30a9\u30eb\u30c0\u3092\u4f5c\u6210\u3057\u3066\u304a\u304f.\n\n\u30c6\u30b9\u30c8\u30b1\u30fc\u30b9\u3092\u66f8\u304f\n\u30c6\u30b9\u30c8\u30b1\u30fc\u30b9\u306eRunner\u306b\u306fRobolectricGradleTestRunner.class\u3092\u6307\u5b9a.\nConfig\u30a2\u30ce\u30c6\u30fc\u30b7\u30e7\u30f3\u3067Gradle\u306e\u51fa\u529b\u30d1\u30b9\u3092Robolectric\u306b\u4f1d\u3048\u308b\u305f\u3081BuildConfig.class\u3092\u6307\u5b9a\u3059\u308b.\n@RunWith(RobolectricGradleTestRunner.class)\n@Config(constants = BuildConfig.class, emulateSdk = 21)\npublic class MyTest {\n\n\u30c6\u30b9\u30c8\u30b1\u30fc\u30b9\u306e\u5168\u5bb9\u306f\u4e0b\u8a18.\nMainActivityTest.java \n\n\u30c6\u30b9\u30c8\u5b9f\u884c\n\u73fe\u72b6\u3060\u3068\u30c6\u30b9\u30c8\u3092\u5b9f\u884c\u3059\u308b\u306b\u306f\u4e00\u624b\u9593\u5fc5\u8981\u3067\u3042\u308b. \u305d\u306e\u307e\u307eJUnit\u3092\u5b9f\u884c\u3059\u308b\u3068\u6b21\u306e\u30a8\u30e9\u30fc\u304c\u767a\u751f\u3059\u308b.\n  java.io.FileNotFoundException: build/intermediates/bundles/debug/AndroidManifest.xml (No such file or directory)\n  java.lang.UnsupportedOperationException: Robolectric does not support API level 1.\n\n\u3053\u308c\u3092\u89e3\u6c7a\u3059\u308b\u305f\u3081\u306bRun configurations\u304b\u3089Robolectric\u3092\u5b9f\u884c\u3059\u308b\u30d7\u30ed\u30d5\u30a1\u30a4\u30eb\u306eworking directory\u306b$MODULE_DIR$\u3092\u6307\u5b9a\u3059\u308b.\n\u53c2\u8003\uff1a\nhttps://github.com/robolectric/robolectric/issues/1648\nhttp://robolectric.org/getting-started/ #Note for Mac Users\n\nPoint\ndependencies {\n    compile fileTree(dir: 'libs', include: ['*.jar'])\n    compile 'com.android.support:appcompat-v7:22.1.1'\n\n    // Unit test support on AndroidStudio. Android gradle version 1.1 or later Required.\n    //  - see. http://tools.android.com/tech-docs/unit-testing-support\n    testCompile 'junit:junit:4.12'\n    testCompile \"org.mockito:mockito-core:1.9.5\"\n\n    // If you are on a Mac, you will probably need to configure the default JUnit test runner configuration\n    // in order to work around a bug where Android Studio does not set the working directory to the module being tested.\n    // This can be accomplished by editing the run configurations, Defaults -> JUnit and changing the working directory value to $MODULE_DIR$.\n    //  - Resolved java.io.FileNotFoundException: build/intermediates/bundles/debug/AndroidManifest.xml (No such file or directory)\n    //  - Resolved java.lang.UnsupportedOperationException: Robolectric does not support API level 1.\n    //  - see. https://github.com/robolectric/robolectric/issues/1648\n    //  - see. http://robolectric.org/getting-started/#Note for Mac Users\n    testCompile 'org.robolectric:robolectric:3.0-rc2'\n}\n\n@RunWith(RobolectricGradleTestRunner.class)\n@Config(constants = BuildConfig.class, emulateSdk = 21)\npublic class MainActivityTest {\n    @Before\n    public void setUp() throws Exception {\n        ShadowLog.stream = System.out;\n    }\n\n    @Test\n    public void HelloRobolectric() throws Exception {\n        final MainActivity activity = Robolectric.setupActivity(MainActivity.class);\n        activity.onCreate(null);\n        Log.d(\"yuki\", \"Hello Robolectric\");\n    }\n}\n\n\u4ee5\u4e0a.\n# Robolectric 3.0\n\n## Setup\n\nAndroid Studio 1.2 \u3067 [Robolectric3.0](http://robolectric.org/)\u3092\u6e96\u5099\u3059\u308b.\n\n### build.gradle\n\u30e2\u30b8\u30e5\u30fc\u30eb\u306ebuild.gradle\u306b\u4e0b\u8a18\u30e9\u30a4\u30d6\u30e9\u30ea\u3092\u8ffd\u52a0.\n\n```gradle\n    // UnitTest\u7528.\n    testCompile 'junit:junit:4.12'\n    testCompile \"org.mockito:mockito-core:1.9.5\"\n\n    // Robolectric\u7528\n    testCompile 'org.robolectric:robolectric:3.0-rc2'\n```\n\nAndroid gradle 1.1\u4ee5\u964d, AndroidStudio\u304b\u3089\u306eUnitTest\u5b9f\u884c\u304c\u30b5\u30dd\u30fc\u30c8\u3055\u308c\u305f.\n[http://tools.android.com/tech-docs/unit-testing-support](http://tools.android.com/tech-docs/unit-testing-support)\n\nbuild.gradle\u306e\u5168\u5bb9\u306f\u4e0b\u8a18.\n[app/build.gradle](https://github.com/YukiMatsumura/RobolectricSample/blob/master/app/build.gradle) \n\nBuild Variants\u306eTest Artifact\u3092`Unit Tests`\u306b\u8a2d\u5b9a\u3057, `test/java`\u3067\u30e6\u30cb\u30c3\u30c8\u30c6\u30b9\u30c8\u7528\u306e\u30d5\u30a9\u30eb\u30c0\u3092\u4f5c\u6210\u3057\u3066\u304a\u304f.\n\n### \u30c6\u30b9\u30c8\u30b1\u30fc\u30b9\u3092\u66f8\u304f\n\n\u30c6\u30b9\u30c8\u30b1\u30fc\u30b9\u306eRunner\u306b\u306f`RobolectricGradleTestRunner.class`\u3092\u6307\u5b9a.\nConfig\u30a2\u30ce\u30c6\u30fc\u30b7\u30e7\u30f3\u3067Gradle\u306e\u51fa\u529b\u30d1\u30b9\u3092Robolectric\u306b\u4f1d\u3048\u308b\u305f\u3081`BuildConfig.class`\u3092\u6307\u5b9a\u3059\u308b.\n\n```java\n@RunWith(RobolectricGradleTestRunner.class)\n@Config(constants = BuildConfig.class, emulateSdk = 21)\npublic class MyTest {\n```\n\n\u30c6\u30b9\u30c8\u30b1\u30fc\u30b9\u306e\u5168\u5bb9\u306f\u4e0b\u8a18.\n[MainActivityTest.java](https://github.com/YukiMatsumura/RobolectricSample/blob/master/app/src/test/java/yuki/m/android/robolectricsample/MainActivityTest.java) \n\n\n### \u30c6\u30b9\u30c8\u5b9f\u884c\n\n\u73fe\u72b6\u3060\u3068\u30c6\u30b9\u30c8\u3092\u5b9f\u884c\u3059\u308b\u306b\u306f\u4e00\u624b\u9593\u5fc5\u8981\u3067\u3042\u308b. \u305d\u306e\u307e\u307eJUnit\u3092\u5b9f\u884c\u3059\u308b\u3068\u6b21\u306e\u30a8\u30e9\u30fc\u304c\u767a\u751f\u3059\u308b.\n\n```text\n  java.io.FileNotFoundException: build/intermediates/bundles/debug/AndroidManifest.xml (No such file or directory)\n  java.lang.UnsupportedOperationException: Robolectric does not support API level 1.\n```\n\n\u3053\u308c\u3092\u89e3\u6c7a\u3059\u308b\u305f\u3081\u306bRun configurations\u304b\u3089Robolectric\u3092\u5b9f\u884c\u3059\u308b\u30d7\u30ed\u30d5\u30a1\u30a4\u30eb\u306e`working directory`\u306b`$MODULE_DIR$`\u3092\u6307\u5b9a\u3059\u308b.\n\n\u53c2\u8003\uff1a\n[https://github.com/robolectric/robolectric/issues/1648](https://github.com/robolectric/robolectric/issues/1648)\n[http://robolectric.org/getting-started/ #Note for Mac Users](http://robolectric.org/getting-started/)\n\n\n### Point\n\n```gradle\ndependencies {\n    compile fileTree(dir: 'libs', include: ['*.jar'])\n    compile 'com.android.support:appcompat-v7:22.1.1'\n\n    // Unit test support on AndroidStudio. Android gradle version 1.1 or later Required.\n    //  - see. http://tools.android.com/tech-docs/unit-testing-support\n    testCompile 'junit:junit:4.12'\n    testCompile \"org.mockito:mockito-core:1.9.5\"\n\n    // If you are on a Mac, you will probably need to configure the default JUnit test runner configuration\n    // in order to work around a bug where Android Studio does not set the working directory to the module being tested.\n    // This can be accomplished by editing the run configurations, Defaults -> JUnit and changing the working directory value to $MODULE_DIR$.\n    //  - Resolved java.io.FileNotFoundException: build/intermediates/bundles/debug/AndroidManifest.xml (No such file or directory)\n    //  - Resolved java.lang.UnsupportedOperationException: Robolectric does not support API level 1.\n    //  - see. https://github.com/robolectric/robolectric/issues/1648\n    //  - see. http://robolectric.org/getting-started/#Note for Mac Users\n    testCompile 'org.robolectric:robolectric:3.0-rc2'\n}\n```\n\n```java\n@RunWith(RobolectricGradleTestRunner.class)\n@Config(constants = BuildConfig.class, emulateSdk = 21)\npublic class MainActivityTest {\n    @Before\n    public void setUp() throws Exception {\n        ShadowLog.stream = System.out;\n    }\n\n    @Test\n    public void HelloRobolectric() throws Exception {\n        final MainActivity activity = Robolectric.setupActivity(MainActivity.class);\n        activity.onCreate(null);\n        Log.d(\"yuki\", \"Hello Robolectric\");\n    }\n}\n```\n\n\u4ee5\u4e0a.\n"}