{"context": " More than 1 year has passed since last update.El Capitan\u3067middleman\u306e\u74b0\u5883\u69cb\u7bc9\u3057\u3088\u3046\u3068\u3057\u305f\u3089gem\u306einstall\u304c\u3046\u307e\u304f\u3044\u304b\u306a\u304b\u3063\u305f\u306e\u3067\u30e1\u30e2\u3002\nbundle install\u3057\u305f\u3089\u4e0b\u306e\u3088\u3046\u306a\u30a8\u30e9\u30fc\u304c\u51fa\u305f\u3002\nUsing compass 1.0.3\nInstalling eventmachine 1.0.8 with native extensions\n\nGem::Ext::BuildError: ERROR: Failed to build gem native extension.\n\n    /Users/USERNAME/.rbenv/versions/2.2.1/bin/ruby -r ./siteconf20151227-26756-loa7l0.rb extconf.rb\nchecking for rb_trap_immediate in ruby.h,rubysig.h... no\nchecking for rb_thread_blocking_region()... no\nchecking for ruby/thread.h... yes\nchecking for rb_thread_call_without_gvl() in ruby/thread.h... yes\nchecking for inotify_init() in sys/inotify.h... no\nchecking for __NR_inotify_init in sys/syscall.h... no\nchecking for writev() in sys/uio.h... yes\nchecking for rb_thread_fd_select()... yes\nchecking for rb_fdset_t in ruby/intern.h... yes\nchecking for pipe2() in unistd.h... no\nchecking for accept4() in sys/socket.h... no\nchecking for SOCK_CLOEXEC in sys/socket.h... no\nchecking for rb_wait_for_single_fd()... yes\nchecking for rb_enable_interrupt()... no\nchecking for rb_time_new()... yes\nchecking for sys/event.h... yes\nchecking for sys/queue.h... yes\nCFLAGS= -O3 -Wno-error=shorten-64-to-32  -pipe  -Wall -Wextra -Wno-deprecated-declarations -Wno-ignored-qualifiers -Wno-unused-result\nCPPFLAGS=-I/Users/yulily100/.rbenv/versions/2.2.1/include  -D_XOPEN_SOURCE -D_DARWIN_C_SOURCE -D_DARWIN_UNLIMITED_SELECT -D_REENTRANT $(DEFS) $(cppflags) -Wall -Wextra -Wno-deprecated-declarations -Wno-ignored-qualifiers -Wno-unused-result\nchecking for clock_gettime()... no\nchecking for gethrtime()... no\ncreating Makefile\n\nmake \"DESTDIR=\" clean\n\nmake \"DESTDIR=\"\ncompiling binder.cpp\nIn file included from binder.cpp:20:\n./project.h:116:10: fatal error: 'openssl/ssl.h' file not found\n#include <openssl/ssl.h>\n         ^\n1 error generated.\nmake: *** [binder.o] Error 1\n\nmake failed, exit code 2\n\nGem files will remain installed in /Users/yulily100/.rbenv/versions/2.2.1/lib/ruby/gems/2.2.0/gems/eventmachine-1.0.8 for inspection.\nResults logged to /Users/yulily100/.rbenv/versions/2.2.1/lib/ruby/gems/2.2.0/extensions/x86_64-darwin-14/2.2.0-static/eventmachine-1.0.8/gem_make.out\nAn error occurred while installing eventmachine (1.0.8), and Bundler cannot\ncontinue.\nMake sure that `gem install eventmachine -v '1.0.8'` succeeds before bundling.\n\nopenssl\u304c\u304a\u304b\u3057\u3044\uff1f\u306e\u3067homebrew\u3067openssl\u3092\u5165\u308c\u308b\n$ brew update\n$ brew install openssl\n\n\u3053\u308c\u3060\u3051\u3067\u306f\u30c0\u30e1\u3067\u3001homebrew\u3067\u30a4\u30f3\u30b9\u30c8\u30fc\u30eb\u3057\u305fOpenSSL\u3092\u4f7f\u3046\u3088\u3046\u306b\u30ea\u30f3\u30af\u3055\u305b\u308b\u5fc5\u8981\u304c\u3042\u308a\u307e\u3059\u3002\n$ brew link openssl --force\n\nbundle install\u3067\u304d\u308b\u3088\u3046\u306b\u306a\u308a\u307e\u3057\u305f\u3002\n\u4ee5\u4e0b\u3092\u53c2\u8003\u306b\u3057\u307e\u3057\u305f\u3002\nhttps://github.com/eventmachine/eventmachine/issues/643\nEl Capitan\u3067middleman\u306e\u74b0\u5883\u69cb\u7bc9\u3057\u3088\u3046\u3068\u3057\u305f\u3089gem\u306einstall\u304c\u3046\u307e\u304f\u3044\u304b\u306a\u304b\u3063\u305f\u306e\u3067\u30e1\u30e2\u3002\nbundle install\u3057\u305f\u3089\u4e0b\u306e\u3088\u3046\u306a\u30a8\u30e9\u30fc\u304c\u51fa\u305f\u3002\n\n```\nUsing compass 1.0.3\nInstalling eventmachine 1.0.8 with native extensions\n\nGem::Ext::BuildError: ERROR: Failed to build gem native extension.\n\n    /Users/USERNAME/.rbenv/versions/2.2.1/bin/ruby -r ./siteconf20151227-26756-loa7l0.rb extconf.rb\nchecking for rb_trap_immediate in ruby.h,rubysig.h... no\nchecking for rb_thread_blocking_region()... no\nchecking for ruby/thread.h... yes\nchecking for rb_thread_call_without_gvl() in ruby/thread.h... yes\nchecking for inotify_init() in sys/inotify.h... no\nchecking for __NR_inotify_init in sys/syscall.h... no\nchecking for writev() in sys/uio.h... yes\nchecking for rb_thread_fd_select()... yes\nchecking for rb_fdset_t in ruby/intern.h... yes\nchecking for pipe2() in unistd.h... no\nchecking for accept4() in sys/socket.h... no\nchecking for SOCK_CLOEXEC in sys/socket.h... no\nchecking for rb_wait_for_single_fd()... yes\nchecking for rb_enable_interrupt()... no\nchecking for rb_time_new()... yes\nchecking for sys/event.h... yes\nchecking for sys/queue.h... yes\nCFLAGS= -O3 -Wno-error=shorten-64-to-32  -pipe  -Wall -Wextra -Wno-deprecated-declarations -Wno-ignored-qualifiers -Wno-unused-result\nCPPFLAGS=-I/Users/yulily100/.rbenv/versions/2.2.1/include  -D_XOPEN_SOURCE -D_DARWIN_C_SOURCE -D_DARWIN_UNLIMITED_SELECT -D_REENTRANT $(DEFS) $(cppflags) -Wall -Wextra -Wno-deprecated-declarations -Wno-ignored-qualifiers -Wno-unused-result\nchecking for clock_gettime()... no\nchecking for gethrtime()... no\ncreating Makefile\n\nmake \"DESTDIR=\" clean\n\nmake \"DESTDIR=\"\ncompiling binder.cpp\nIn file included from binder.cpp:20:\n./project.h:116:10: fatal error: 'openssl/ssl.h' file not found\n#include <openssl/ssl.h>\n         ^\n1 error generated.\nmake: *** [binder.o] Error 1\n\nmake failed, exit code 2\n\nGem files will remain installed in /Users/yulily100/.rbenv/versions/2.2.1/lib/ruby/gems/2.2.0/gems/eventmachine-1.0.8 for inspection.\nResults logged to /Users/yulily100/.rbenv/versions/2.2.1/lib/ruby/gems/2.2.0/extensions/x86_64-darwin-14/2.2.0-static/eventmachine-1.0.8/gem_make.out\nAn error occurred while installing eventmachine (1.0.8), and Bundler cannot\ncontinue.\nMake sure that `gem install eventmachine -v '1.0.8'` succeeds before bundling.\n```\nopenssl\u304c\u304a\u304b\u3057\u3044\uff1f\u306e\u3067homebrew\u3067openssl\u3092\u5165\u308c\u308b\n\n```\n$ brew update\n$ brew install openssl\n```\n\n\u3053\u308c\u3060\u3051\u3067\u306f\u30c0\u30e1\u3067\u3001homebrew\u3067\u30a4\u30f3\u30b9\u30c8\u30fc\u30eb\u3057\u305fOpenSSL\u3092\u4f7f\u3046\u3088\u3046\u306b\u30ea\u30f3\u30af\u3055\u305b\u308b\u5fc5\u8981\u304c\u3042\u308a\u307e\u3059\u3002\n\n```\n$ brew link openssl --force\n```\n\nbundle install\u3067\u304d\u308b\u3088\u3046\u306b\u306a\u308a\u307e\u3057\u305f\u3002\n\n\n\n\u4ee5\u4e0b\u3092\u53c2\u8003\u306b\u3057\u307e\u3057\u305f\u3002\nhttps://github.com/eventmachine/eventmachine/issues/643\n", "tags": ["middleman"]}